#
# There is insufficient memory for the Java Runtime Environment to continue.
# Native memory allocation (malloc) failed to allocate 1368336 bytes for Chunk::new
# Possible reasons:
#   The system is out of physical RAM or swap space
#   The process is running with CompressedOops enabled, and the Java Heap may be blocking the growth of the native heap
# Possible solutions:
#   Reduce memory load on the system
#   Increase physical memory or swap space
#   Check if swap backing store is full
#   Decrease Java heap size (-Xmx/-Xms)
#   Decrease number of Java threads
#   Decrease Java thread stack sizes (-Xss)
#   Set larger code cache with -XX:ReservedCodeCacheSize=
#   JVM is running with Unscaled Compressed Oops mode in which the Java heap is
#     placed in the first 4GB address space. The Java Heap base address is the
#     maximum limit for the native heap growth. Please use -XX:HeapBaseMinAddress
#     to set the Java Heap base and to place the Java Heap above 4GB virtual address.
# This output file may be truncated or incomplete.
#
#  Out of Memory Error (./open/src/hotspot/share/memory/arena.cpp:197), pid=21112, tid=33720
#
# JRE version: Java(TM) SE Runtime Environment 18.9 (11.0.16.1+1) (build 11.0.16.1+1-LTS-1)
# Java VM: Java HotSpot(TM) 64-Bit Server VM 18.9 (11.0.16.1+1-LTS-1, mixed mode, tiered, compressed oops, g1 gc, windows-amd64)
# No core dump will be written. Minidumps are not enabled by default on client versions of Windows
#

---------------  S U M M A R Y ------------

Command Line: -XX:MaxMetaspaceSize=512m --add-opens=java.base/java.util=ALL-UNNAMED --add-opens=java.base/java.lang=ALL-UNNAMED --add-opens=java.base/java.lang.invoke=ALL-UNNAMED --add-opens=java.prefs/java.util.prefs=ALL-UNNAMED --add-opens=java.base/java.nio.charset=ALL-UNNAMED --add-opens=java.base/java.net=ALL-UNNAMED --add-opens=java.base/java.util.concurrent.atomic=ALL-UNNAMED -Xmx2048m -Dfile.encoding=windows-1252 -Duser.country=IN -Duser.language=en -Duser.variant org.gradle.launcher.daemon.bootstrap.GradleDaemon 8.0.1

Host: Intel(R) Core(TM) i3-10110U CPU @ 2.10GHz, 4 cores, 7G,  Windows 11 , 64 bit Build 22621 (10.0.22621.2215)
Time: Tue Oct  3 12:42:42 2023 India Standard Time elapsed time: 503.612493 seconds (0d 0h 8m 23s)

---------------  T H R E A D  ---------------

Current thread (0x00000119a5b03800):  JavaThread "C2 CompilerThread0" daemon [_thread_in_native, id=33720, stack(0x0000001258700000,0x0000001258800000)]


Current CompileTask:
C2: 503612 2885   !   4       java.net.URL::<init> (543 bytes)

Stack: [0x0000001258700000,0x0000001258800000]
Native frames: (J=compiled Java code, j=interpreted, Vv=VM code, C=native code)
V  [jvm.dll+0x62a3da]
V  [jvm.dll+0x76407f]
V  [jvm.dll+0x765729]
V  [jvm.dll+0x765db3]
V  [jvm.dll+0x23dc18]
V  [jvm.dll+0xb2a1c]
V  [jvm.dll+0xb2fdc]
V  [jvm.dll+0x341452]
V  [jvm.dll+0x30ee03]
V  [jvm.dll+0x30e14a]
V  [jvm.dll+0x1f8685]
V  [jvm.dll+0x1f786d]
V  [jvm.dll+0x177c81]
V  [jvm.dll+0x207186]
V  [jvm.dll+0x20531b]
V  [jvm.dll+0x729f60]
V  [jvm.dll+0x722b34]
V  [jvm.dll+0x629276]
C  [ucrtbase.dll+0x29363]
C  [KERNEL32.DLL+0x1257d]
C  [ntdll.dll+0x5aa68]


---------------  P R O C E S S  ---------------

Threads class SMR info:
_java_thread_list=0x00000119a8db1fb0, length=24, elements={
0x0000011987a2f000, 0x00000119a51aa800, 0x00000119a51b4000, 0x00000119a51a2000,
0x00000119a51a4000, 0x00000119a51a5000, 0x00000119a5b03800, 0x00000119a5b05000,
0x00000119a5b65800, 0x00000119a5bdd000, 0x00000119a6653800, 0x00000119a6c97800,
0x00000119a6f31800, 0x00000119a83ca800, 0x00000119a68c5000, 0x00000119a5e15800,
0x00000119a6814800, 0x00000119a6bec000, 0x00000119a68a5800, 0x00000119a68a9800,
0x00000119a68a5000, 0x00000119a68a8000, 0x00000119a68ab800, 0x00000119a68a6800
}

Java Threads: ( => current thread )
  0x0000011987a2f000 JavaThread "main" [_thread_blocked, id=20512, stack(0x0000001257b00000,0x0000001257c00000)]
  0x00000119a51aa800 JavaThread "Reference Handler" daemon [_thread_blocked, id=38884, stack(0x0000001258200000,0x0000001258300000)]
  0x00000119a51b4000 JavaThread "Finalizer" daemon [_thread_blocked, id=20004, stack(0x0000001258300000,0x0000001258400000)]
  0x00000119a51a2000 JavaThread "Signal Dispatcher" daemon [_thread_blocked, id=28652, stack(0x0000001258400000,0x0000001258500000)]
  0x00000119a51a4000 JavaThread "Attach Listener" daemon [_thread_blocked, id=36880, stack(0x0000001258500000,0x0000001258600000)]
  0x00000119a51a5000 JavaThread "Service Thread" daemon [_thread_blocked, id=23572, stack(0x0000001258600000,0x0000001258700000)]
=>0x00000119a5b03800 JavaThread "C2 CompilerThread0" daemon [_thread_in_native, id=33720, stack(0x0000001258700000,0x0000001258800000)]
  0x00000119a5b05000 JavaThread "C1 CompilerThread0" daemon [_thread_blocked, id=29096, stack(0x0000001258800000,0x0000001258900000)]
  0x00000119a5b65800 JavaThread "Sweeper thread" daemon [_thread_blocked, id=38248, stack(0x0000001258900000,0x0000001258a00000)]
  0x00000119a5bdd000 JavaThread "Common-Cleaner" daemon [_thread_blocked, id=35748, stack(0x0000001258a00000,0x0000001258b00000)]
  0x00000119a6653800 JavaThread "Daemon health stats" [_thread_blocked, id=2716, stack(0x0000001257a00000,0x0000001257b00000)]
  0x00000119a6c97800 JavaThread "Incoming local TCP Connector on port 56546" [_thread_in_native, id=29540, stack(0x0000001258c00000,0x0000001258d00000)]
  0x00000119a6f31800 JavaThread "Daemon periodic checks" [_thread_blocked, id=31112, stack(0x0000001259200000,0x0000001259300000)]
  0x00000119a83ca800 JavaThread "Daemon" [_thread_blocked, id=24828, stack(0x0000001259300000,0x0000001259400000)]
  0x00000119a68c5000 JavaThread "Handler for socket connection from /127.0.0.1:56546 to /127.0.0.1:56582" [_thread_in_native, id=24336, stack(0x0000001259400000,0x0000001259500000)]
  0x00000119a5e15800 JavaThread "Cancel handler" [_thread_blocked, id=32716, stack(0x0000001259500000,0x0000001259600000)]
  0x00000119a6814800 JavaThread "Daemon worker" [_thread_in_vm, id=11908, stack(0x0000001259600000,0x0000001259700000)]
  0x00000119a6bec000 JavaThread "Asynchronous log dispatcher for DefaultDaemonConnection: socket connection from /127.0.0.1:56546 to /127.0.0.1:56582" [_thread_blocked, id=12832, stack(0x0000001259700000,0x0000001259800000)]
  0x00000119a68a5800 JavaThread "Daemon client event forwarder" [_thread_blocked, id=25088, stack(0x0000001259800000,0x0000001259900000)]
  0x00000119a68a9800 JavaThread "Cache worker for journal cache (C:\Users\Office Laptop2\.gradle\caches\journal-1)" [_thread_blocked, id=20260, stack(0x0000001258f00000,0x0000001259000000)]
  0x00000119a68a5000 JavaThread "File lock request listener" [_thread_in_native, id=38152, stack(0x0000001259000000,0x0000001259100000)]
  0x00000119a68a8000 JavaThread "Cache worker for file hash cache (C:\Users\Office Laptop2\.gradle\caches\8.0.1\fileHashes)" [_thread_blocked, id=16280, stack(0x0000001259a00000,0x0000001259b00000)]
  0x00000119a68ab800 JavaThread "File watcher server" daemon [_thread_in_native, id=14084, stack(0x0000001259900000,0x0000001259a00000)]
  0x00000119a68a6800 JavaThread "File watcher consumer" daemon [_thread_blocked, id=31276, stack(0x0000001259b00000,0x0000001259c00000)]

Other Threads:
  0x00000119a5193800 VMThread "VM Thread" [stack: 0x0000001258100000,0x0000001258200000] [id=38776]
  0x00000119a5cb9800 WatcherThread [stack: 0x0000001258b00000,0x0000001258c00000] [id=33560]
  0x0000011987a41800 GCTaskThread "GC Thread#0" [stack: 0x0000001257c00000,0x0000001257d00000] [id=38596]
  0x00000119a5f8b800 GCTaskThread "GC Thread#1" [stack: 0x0000001258d00000,0x0000001258e00000] [id=23756]
  0x00000119a5f8c000 GCTaskThread "GC Thread#2" [stack: 0x0000001258e00000,0x0000001258f00000] [id=25392]
  0x00000119a66cb000 GCTaskThread "GC Thread#3" [stack: 0x0000001259100000,0x0000001259200000] [id=33708]
  0x0000011987a70800 ConcurrentGCThread "G1 Main Marker" [stack: 0x0000001257d00000,0x0000001257e00000] [id=38656]
  0x0000011987a72000 ConcurrentGCThread "G1 Conc#0" [stack: 0x0000001257e00000,0x0000001257f00000] [id=38352]
  0x00000119a5010800 ConcurrentGCThread "G1 Refine#0" [stack: 0x0000001257f00000,0x0000001258000000] [id=33052]
  0x00000119a6de0800 ConcurrentGCThread "G1 Refine#1" [stack: 0x0000001257900000,0x0000001257a00000] [id=36432]
  0x0000011987af3800 ConcurrentGCThread "G1 Young RemSet Sampling" [stack: 0x0000001258000000,0x0000001258100000] [id=38708]

Threads with active compile tasks:
C2 CompilerThread0   504222 2885   !   4       java.net.URL::<init> (543 bytes)

VM state:not at safepoint (normal execution)

VM Mutex/Monitor currently owned by a thread: None

Heap address: 0x0000000080000000, size: 2048 MB, Compressed Oops mode: 32-bit
Narrow klass base: 0x0000000000000000, Narrow klass shift: 3
Compressed class space size: 528482304 Address: 0x0000000100000000

Heap:
 garbage-first heap   total 129024K, used 23974K [0x0000000080000000, 0x0000000100000000)
  region size 1024K, 7 young (7168K), 3 survivors (3072K)
 Metaspace       used 27560K, capacity 28195K, committed 28464K, reserved 540672K
  class space    used 3590K, capacity 3844K, committed 3968K, reserved 516096K
Heap Regions: E=young(eden), S=young(survivor), O=old, HS=humongous(starts), HC=humongous(continues), CS=collection set, F=free, A=archive, TAMS=top-at-mark-start (previous, next)
|   0|0x0000000080000000, 0x0000000080100000, 0x0000000080100000|100%| O|  |TAMS 0x0000000080100000, 0x0000000080000000| Untracked 
|   1|0x0000000080100000, 0x0000000080200000, 0x0000000080200000|100%| O|  |TAMS 0x0000000080200000, 0x0000000080100000| Untracked 
|   2|0x0000000080200000, 0x0000000080300000, 0x0000000080300000|100%|HS|  |TAMS 0x0000000080300000, 0x0000000080200000| Complete 
|   3|0x0000000080300000, 0x0000000080400000, 0x0000000080400000|100%|HC|  |TAMS 0x0000000080400000, 0x0000000080300000| Complete 
|   4|0x0000000080400000, 0x0000000080500000, 0x0000000080500000|100%|HC|  |TAMS 0x0000000080500000, 0x0000000080400000| Complete 
|   5|0x0000000080500000, 0x0000000080600000, 0x0000000080600000|100%|HC|  |TAMS 0x0000000080600000, 0x0000000080500000| Complete 
|   6|0x0000000080600000, 0x0000000080700000, 0x0000000080700000|100%| O|  |TAMS 0x0000000080700000, 0x0000000080600000| Untracked 
|   7|0x0000000080700000, 0x0000000080800000, 0x0000000080800000|100%| O|  |TAMS 0x0000000080800000, 0x0000000080700000| Untracked 
|   8|0x0000000080800000, 0x0000000080900000, 0x0000000080900000|100%| O|  |TAMS 0x0000000080900000, 0x0000000080800000| Untracked 
|   9|0x0000000080900000, 0x0000000080a00000, 0x0000000080a00000|100%| O|  |TAMS 0x0000000080a00000, 0x0000000080900000| Untracked 
|  10|0x0000000080a00000, 0x0000000080b00000, 0x0000000080b00000|100%| O|  |TAMS 0x0000000080b00000, 0x0000000080a00000| Untracked 
|  11|0x0000000080b00000, 0x0000000080c00000, 0x0000000080c00000|100%| O|  |TAMS 0x0000000080c00000, 0x0000000080b00000| Untracked 
|  12|0x0000000080c00000, 0x0000000080d00000, 0x0000000080d00000|100%| O|  |TAMS 0x0000000080d00000, 0x0000000080c00000| Untracked 
|  13|0x0000000080d00000, 0x0000000080e00000, 0x0000000080e00000|100%| O|  |TAMS 0x0000000080e00000, 0x0000000080d00000| Untracked 
|  14|0x0000000080e00000, 0x0000000080f00000, 0x0000000080f00000|100%| O|  |TAMS 0x0000000080f00000, 0x0000000080e00000| Untracked 
|  15|0x0000000080f00000, 0x0000000081000000, 0x0000000081000000|100%| O|  |TAMS 0x0000000081000000, 0x0000000080f00000| Untracked 
|  16|0x0000000081000000, 0x0000000081100000, 0x0000000081100000|100%| O|  |TAMS 0x0000000081076000, 0x0000000081000000| Untracked 
|  17|0x0000000081100000, 0x000000008117f600, 0x0000000081200000| 49%| O|  |TAMS 0x0000000081100000, 0x0000000081100000| Untracked 
|  18|0x0000000081200000, 0x0000000081200000, 0x0000000081300000|  0%| F|  |TAMS 0x0000000081200000, 0x0000000081200000| Untracked 
|  19|0x0000000081300000, 0x0000000081300000, 0x0000000081400000|  0%| F|  |TAMS 0x0000000081300000, 0x0000000081300000| Untracked 
|  20|0x0000000081400000, 0x0000000081400000, 0x0000000081500000|  0%| F|  |TAMS 0x0000000081400000, 0x0000000081400000| Untracked 
|  21|0x0000000081500000, 0x0000000081500000, 0x0000000081600000|  0%| F|  |TAMS 0x0000000081500000, 0x0000000081500000| Untracked 
|  22|0x0000000081600000, 0x0000000081600000, 0x0000000081700000|  0%| F|  |TAMS 0x0000000081600000, 0x0000000081600000| Untracked 
|  23|0x0000000081700000, 0x0000000081700000, 0x0000000081800000|  0%| F|  |TAMS 0x0000000081700000, 0x0000000081700000| Untracked 
|  24|0x0000000081800000, 0x0000000081800000, 0x0000000081900000|  0%| F|  |TAMS 0x0000000081800000, 0x0000000081800000| Untracked 
|  25|0x0000000081900000, 0x0000000081900000, 0x0000000081a00000|  0%| F|  |TAMS 0x0000000081900000, 0x0000000081900000| Untracked 
|  26|0x0000000081a00000, 0x0000000081a00000, 0x0000000081b00000|  0%| F|  |TAMS 0x0000000081a00000, 0x0000000081a00000| Untracked 
|  27|0x0000000081b00000, 0x0000000081b00000, 0x0000000081c00000|  0%| F|  |TAMS 0x0000000081b00000, 0x0000000081b00000| Untracked 
|  28|0x0000000081c00000, 0x0000000081c00000, 0x0000000081d00000|  0%| F|  |TAMS 0x0000000081c00000, 0x0000000081c00000| Untracked 
|  29|0x0000000081d00000, 0x0000000081d00000, 0x0000000081e00000|  0%| F|  |TAMS 0x0000000081d00000, 0x0000000081d00000| Untracked 
|  30|0x0000000081e00000, 0x0000000081e00000, 0x0000000081f00000|  0%| F|  |TAMS 0x0000000081e00000, 0x0000000081e00000| Untracked 
|  31|0x0000000081f00000, 0x0000000081f00000, 0x0000000082000000|  0%| F|  |TAMS 0x0000000081f00000, 0x0000000081f00000| Untracked 
|  32|0x0000000082000000, 0x0000000082000000, 0x0000000082100000|  0%| F|  |TAMS 0x0000000082000000, 0x0000000082000000| Untracked 
|  33|0x0000000082100000, 0x0000000082100000, 0x0000000082200000|  0%| F|  |TAMS 0x0000000082100000, 0x0000000082100000| Untracked 
|  34|0x0000000082200000, 0x0000000082200000, 0x0000000082300000|  0%| F|  |TAMS 0x0000000082200000, 0x0000000082200000| Untracked 
|  35|0x0000000082300000, 0x0000000082300000, 0x0000000082400000|  0%| F|  |TAMS 0x0000000082300000, 0x0000000082300000| Untracked 
|  36|0x0000000082400000, 0x0000000082400000, 0x0000000082500000|  0%| F|  |TAMS 0x0000000082400000, 0x0000000082400000| Untracked 
|  37|0x0000000082500000, 0x0000000082500000, 0x0000000082600000|  0%| F|  |TAMS 0x0000000082500000, 0x0000000082500000| Untracked 
|  38|0x0000000082600000, 0x0000000082600000, 0x0000000082700000|  0%| F|  |TAMS 0x0000000082600000, 0x0000000082600000| Untracked 
|  39|0x0000000082700000, 0x0000000082700000, 0x0000000082800000|  0%| F|  |TAMS 0x0000000082700000, 0x0000000082700000| Untracked 
|  40|0x0000000082800000, 0x0000000082800000, 0x0000000082900000|  0%| F|  |TAMS 0x0000000082800000, 0x0000000082800000| Untracked 
|  41|0x0000000082900000, 0x0000000082900000, 0x0000000082a00000|  0%| F|  |TAMS 0x0000000082900000, 0x0000000082900000| Untracked 
|  42|0x0000000082a00000, 0x0000000082a00000, 0x0000000082b00000|  0%| F|  |TAMS 0x0000000082a00000, 0x0000000082a00000| Untracked 
|  43|0x0000000082b00000, 0x0000000082b00000, 0x0000000082c00000|  0%| F|  |TAMS 0x0000000082b00000, 0x0000000082b00000| Untracked 
|  44|0x0000000082c00000, 0x0000000082c00000, 0x0000000082d00000|  0%| F|  |TAMS 0x0000000082c00000, 0x0000000082c00000| Untracked 
|  45|0x0000000082d00000, 0x0000000082d00000, 0x0000000082e00000|  0%| F|  |TAMS 0x0000000082d00000, 0x0000000082d00000| Untracked 
|  46|0x0000000082e00000, 0x0000000082e00000, 0x0000000082f00000|  0%| F|  |TAMS 0x0000000082e00000, 0x0000000082e00000| Untracked 
|  47|0x0000000082f00000, 0x0000000082f00000, 0x0000000083000000|  0%| F|  |TAMS 0x0000000082f00000, 0x0000000082f00000| Untracked 
|  48|0x0000000083000000, 0x0000000083000000, 0x0000000083100000|  0%| F|  |TAMS 0x0000000083000000, 0x0000000083000000| Untracked 
|  49|0x0000000083100000, 0x0000000083100000, 0x0000000083200000|  0%| F|  |TAMS 0x0000000083100000, 0x0000000083100000| Untracked 
|  50|0x0000000083200000, 0x0000000083200000, 0x0000000083300000|  0%| F|  |TAMS 0x0000000083200000, 0x0000000083200000| Untracked 
|  51|0x0000000083300000, 0x0000000083300000, 0x0000000083400000|  0%| F|  |TAMS 0x0000000083300000, 0x0000000083300000| Untracked 
|  52|0x0000000083400000, 0x0000000083400000, 0x0000000083500000|  0%| F|  |TAMS 0x0000000083400000, 0x0000000083400000| Untracked 
|  53|0x0000000083500000, 0x0000000083500000, 0x0000000083600000|  0%| F|  |TAMS 0x0000000083500000, 0x0000000083500000| Untracked 
|  54|0x0000000083600000, 0x0000000083600000, 0x0000000083700000|  0%| F|  |TAMS 0x0000000083600000, 0x0000000083600000| Untracked 
|  55|0x0000000083700000, 0x0000000083700000, 0x0000000083800000|  0%| F|  |TAMS 0x0000000083700000, 0x0000000083700000| Untracked 
|  56|0x0000000083800000, 0x0000000083800000, 0x0000000083900000|  0%| F|  |TAMS 0x0000000083800000, 0x0000000083800000| Untracked 
|  57|0x0000000083900000, 0x0000000083900000, 0x0000000083a00000|  0%| F|  |TAMS 0x0000000083900000, 0x0000000083900000| Untracked 
|  58|0x0000000083a00000, 0x0000000083a00000, 0x0000000083b00000|  0%| F|  |TAMS 0x0000000083a00000, 0x0000000083a00000| Untracked 
|  59|0x0000000083b00000, 0x0000000083b00000, 0x0000000083c00000|  0%| F|  |TAMS 0x0000000083b00000, 0x0000000083b00000| Untracked 
|  60|0x0000000083c00000, 0x0000000083c00000, 0x0000000083d00000|  0%| F|  |TAMS 0x0000000083c00000, 0x0000000083c00000| Untracked 
|  61|0x0000000083d00000, 0x0000000083d00000, 0x0000000083e00000|  0%| F|  |TAMS 0x0000000083d00000, 0x0000000083d00000| Untracked 
|  62|0x0000000083e00000, 0x0000000083e00000, 0x0000000083f00000|  0%| F|  |TAMS 0x0000000083e00000, 0x0000000083e00000| Untracked 
|  63|0x0000000083f00000, 0x0000000083f00000, 0x0000000084000000|  0%| F|  |TAMS 0x0000000083f00000, 0x0000000083f00000| Untracked 
|  64|0x0000000084000000, 0x0000000084000000, 0x0000000084100000|  0%| F|  |TAMS 0x0000000084000000, 0x0000000084000000| Untracked 
|  65|0x0000000084100000, 0x0000000084100000, 0x0000000084200000|  0%| F|  |TAMS 0x0000000084100000, 0x0000000084100000| Untracked 
|  66|0x0000000084200000, 0x0000000084200000, 0x0000000084300000|  0%| F|  |TAMS 0x0000000084200000, 0x0000000084200000| Untracked 
|  67|0x0000000084300000, 0x0000000084300000, 0x0000000084400000|  0%| F|  |TAMS 0x0000000084300000, 0x0000000084300000| Untracked 
|  68|0x0000000084400000, 0x0000000084400000, 0x0000000084500000|  0%| F|  |TAMS 0x0000000084400000, 0x0000000084400000| Untracked 
|  69|0x0000000084500000, 0x0000000084500000, 0x0000000084600000|  0%| F|  |TAMS 0x0000000084500000, 0x0000000084500000| Untracked 
|  70|0x0000000084600000, 0x0000000084600000, 0x0000000084700000|  0%| F|  |TAMS 0x0000000084600000, 0x0000000084600000| Untracked 
|  71|0x0000000084700000, 0x0000000084700000, 0x0000000084800000|  0%| F|  |TAMS 0x0000000084700000, 0x0000000084700000| Untracked 
|  72|0x0000000084800000, 0x0000000084800000, 0x0000000084900000|  0%| F|  |TAMS 0x0000000084800000, 0x0000000084800000| Untracked 
|  73|0x0000000084900000, 0x0000000084900000, 0x0000000084a00000|  0%| F|  |TAMS 0x0000000084900000, 0x0000000084900000| Untracked 
|  74|0x0000000084a00000, 0x0000000084a00000, 0x0000000084b00000|  0%| F|  |TAMS 0x0000000084a00000, 0x0000000084a00000| Untracked 
|  75|0x0000000084b00000, 0x0000000084b00000, 0x0000000084c00000|  0%| F|  |TAMS 0x0000000084b00000, 0x0000000084b00000| Untracked 
|  76|0x0000000084c00000, 0x0000000084c00000, 0x0000000084d00000|  0%| F|  |TAMS 0x0000000084c00000, 0x0000000084c00000| Untracked 
|  77|0x0000000084d00000, 0x0000000084d00000, 0x0000000084e00000|  0%| F|  |TAMS 0x0000000084d00000, 0x0000000084d00000| Untracked 
|  78|0x0000000084e00000, 0x0000000084e00000, 0x0000000084f00000|  0%| F|  |TAMS 0x0000000084e00000, 0x0000000084e00000| Untracked 
|  79|0x0000000084f00000, 0x0000000084f00000, 0x0000000085000000|  0%| F|  |TAMS 0x0000000084f00000, 0x0000000084f00000| Untracked 
|  80|0x0000000085000000, 0x0000000085000000, 0x0000000085100000|  0%| F|  |TAMS 0x0000000085000000, 0x0000000085000000| Untracked 
|  81|0x0000000085100000, 0x0000000085100000, 0x0000000085200000|  0%| F|  |TAMS 0x0000000085100000, 0x0000000085100000| Untracked 
|  82|0x0000000085200000, 0x0000000085200000, 0x0000000085300000|  0%| F|  |TAMS 0x0000000085200000, 0x0000000085200000| Untracked 
|  83|0x0000000085300000, 0x0000000085300000, 0x0000000085400000|  0%| F|  |TAMS 0x0000000085300000, 0x0000000085300000| Untracked 
|  84|0x0000000085400000, 0x0000000085400000, 0x0000000085500000|  0%| F|  |TAMS 0x0000000085400000, 0x0000000085400000| Untracked 
|  85|0x0000000085500000, 0x0000000085500000, 0x0000000085600000|  0%| F|  |TAMS 0x0000000085500000, 0x0000000085500000| Untracked 
|  86|0x0000000085600000, 0x0000000085600000, 0x0000000085700000|  0%| F|  |TAMS 0x0000000085600000, 0x0000000085600000| Untracked 
|  87|0x0000000085700000, 0x0000000085700000, 0x0000000085800000|  0%| F|  |TAMS 0x0000000085700000, 0x0000000085700000| Untracked 
|  88|0x0000000085800000, 0x0000000085800000, 0x0000000085900000|  0%| F|  |TAMS 0x0000000085800000, 0x0000000085800000| Untracked 
|  89|0x0000000085900000, 0x0000000085900000, 0x0000000085a00000|  0%| F|  |TAMS 0x0000000085900000, 0x0000000085900000| Untracked 
|  90|0x0000000085a00000, 0x0000000085a00000, 0x0000000085b00000|  0%| F|  |TAMS 0x0000000085a00000, 0x0000000085a00000| Untracked 
|  91|0x0000000085b00000, 0x0000000085b00000, 0x0000000085c00000|  0%| F|  |TAMS 0x0000000085b00000, 0x0000000085b00000| Untracked 
|  92|0x0000000085c00000, 0x0000000085c00000, 0x0000000085d00000|  0%| F|  |TAMS 0x0000000085c00000, 0x0000000085c00000| Untracked 
|  93|0x0000000085d00000, 0x0000000085d00000, 0x0000000085e00000|  0%| F|  |TAMS 0x0000000085d00000, 0x0000000085d00000| Untracked 
|  94|0x0000000085e00000, 0x0000000085e00000, 0x0000000085f00000|  0%| F|  |TAMS 0x0000000085e00000, 0x0000000085e00000| Untracked 
|  95|0x0000000085f00000, 0x0000000085fea5e8, 0x0000000086000000| 91%| S|CS|TAMS 0x0000000085f00000, 0x0000000085f00000| Complete 
|  96|0x0000000086000000, 0x0000000086100000, 0x0000000086100000|100%| S|CS|TAMS 0x0000000086000000, 0x0000000086000000| Complete 
|  97|0x0000000086100000, 0x0000000086200000, 0x0000000086200000|100%| S|CS|TAMS 0x0000000086100000, 0x0000000086100000| Complete 
|  98|0x0000000086200000, 0x0000000086200000, 0x0000000086300000|  0%| F|  |TAMS 0x0000000086200000, 0x0000000086200000| Untracked 
|  99|0x0000000086300000, 0x0000000086300000, 0x0000000086400000|  0%| F|  |TAMS 0x0000000086300000, 0x0000000086300000| Untracked 
| 100|0x0000000086400000, 0x0000000086400000, 0x0000000086500000|  0%| F|  |TAMS 0x0000000086400000, 0x0000000086400000| Untracked 
| 101|0x0000000086500000, 0x0000000086500000, 0x0000000086600000|  0%| F|  |TAMS 0x0000000086500000, 0x0000000086500000| Untracked 
| 102|0x0000000086600000, 0x0000000086600000, 0x0000000086700000|  0%| F|  |TAMS 0x0000000086600000, 0x0000000086600000| Untracked 
| 103|0x0000000086700000, 0x0000000086700000, 0x0000000086800000|  0%| F|  |TAMS 0x0000000086700000, 0x0000000086700000| Untracked 
| 104|0x0000000086800000, 0x0000000086800000, 0x0000000086900000|  0%| F|  |TAMS 0x0000000086800000, 0x0000000086800000| Untracked 
| 105|0x0000000086900000, 0x0000000086900000, 0x0000000086a00000|  0%| F|  |TAMS 0x0000000086900000, 0x0000000086900000| Untracked 
| 106|0x0000000086a00000, 0x0000000086a00000, 0x0000000086b00000|  0%| F|  |TAMS 0x0000000086a00000, 0x0000000086a00000| Untracked 
| 107|0x0000000086b00000, 0x0000000086b00000, 0x0000000086c00000|  0%| F|  |TAMS 0x0000000086b00000, 0x0000000086b00000| Untracked 
| 108|0x0000000086c00000, 0x0000000086c00000, 0x0000000086d00000|  0%| F|  |TAMS 0x0000000086c00000, 0x0000000086c00000| Untracked 
| 109|0x0000000086d00000, 0x0000000086d00000, 0x0000000086e00000|  0%| F|  |TAMS 0x0000000086d00000, 0x0000000086d00000| Untracked 
| 110|0x0000000086e00000, 0x0000000086e00000, 0x0000000086f00000|  0%| F|  |TAMS 0x0000000086e00000, 0x0000000086e00000| Untracked 
| 111|0x0000000086f00000, 0x0000000086f00000, 0x0000000087000000|  0%| F|  |TAMS 0x0000000086f00000, 0x0000000086f00000| Untracked 
| 112|0x0000000087000000, 0x0000000087000000, 0x0000000087100000|  0%| F|  |TAMS 0x0000000087000000, 0x0000000087000000| Untracked 
| 113|0x0000000087100000, 0x0000000087100000, 0x0000000087200000|  0%| F|  |TAMS 0x0000000087100000, 0x0000000087100000| Untracked 
| 114|0x0000000087200000, 0x0000000087200000, 0x0000000087300000|  0%| F|  |TAMS 0x0000000087200000, 0x0000000087200000| Untracked 
| 115|0x0000000087300000, 0x0000000087300000, 0x0000000087400000|  0%| F|  |TAMS 0x0000000087300000, 0x0000000087300000| Untracked 
| 116|0x0000000087400000, 0x0000000087400000, 0x0000000087500000|  0%| F|  |TAMS 0x0000000087400000, 0x0000000087400000| Untracked 
| 117|0x0000000087500000, 0x0000000087500000, 0x0000000087600000|  0%| F|  |TAMS 0x0000000087500000, 0x0000000087500000| Untracked 
| 118|0x0000000087600000, 0x0000000087600000, 0x0000000087700000|  0%| F|  |TAMS 0x0000000087600000, 0x0000000087600000| Untracked 
| 119|0x0000000087700000, 0x0000000087700000, 0x0000000087800000|  0%| F|  |TAMS 0x0000000087700000, 0x0000000087700000| Untracked 
| 120|0x0000000087800000, 0x0000000087800000, 0x0000000087900000|  0%| F|  |TAMS 0x0000000087800000, 0x0000000087800000| Untracked 
| 121|0x0000000087900000, 0x0000000087900000, 0x0000000087a00000|  0%| F|  |TAMS 0x0000000087900000, 0x0000000087900000| Untracked 
| 122|0x0000000087a00000, 0x0000000087aee108, 0x0000000087b00000| 92%| E|  |TAMS 0x0000000087a00000, 0x0000000087a00000| Complete 
| 123|0x0000000087b00000, 0x0000000087c00000, 0x0000000087c00000|100%| E|CS|TAMS 0x0000000087b00000, 0x0000000087b00000| Complete 
| 124|0x0000000087c00000, 0x0000000087d00000, 0x0000000087d00000|100%| E|CS|TAMS 0x0000000087c00000, 0x0000000087c00000| Complete 
| 125|0x0000000087d00000, 0x0000000087e00000, 0x0000000087e00000|100%| E|CS|TAMS 0x0000000087d00000, 0x0000000087d00000| Complete 

Card table byte_map: [0x000001199e4d0000,0x000001199e8d0000] _byte_map_base: 0x000001199e0d0000

Marking Bits (Prev, Next): (CMBitMap*) 0x0000011987a67bb0, (CMBitMap*) 0x0000011987a67b78
 Prev Bits: [0x00000119a0cd0000, 0x00000119a2cd0000)
 Next Bits: [0x000001199ecd0000, 0x00000119a0cd0000)

Polling page: 0x00000119859b0000

Metaspace:

Usage:
  Non-class:     23.78 MB capacity,    23.42 MB ( 98%) used,   310.88 KB (  1%) free+waste,    60.00 KB ( <1%) overhead. 
      Class:      3.75 MB capacity,     3.51 MB ( 93%) used,   220.28 KB (  6%) free+waste,    30.88 KB ( <1%) overhead. 
       Both:     27.53 MB capacity,    26.93 MB ( 98%) used,   531.16 KB (  2%) free+waste,    90.88 KB ( <1%) overhead. 

Virtual space:
  Non-class space:       24.00 MB reserved,      23.92 MB (>99%) committed 
      Class space:      504.00 MB reserved,       3.88 MB ( <1%) committed 
             Both:      528.00 MB reserved,      27.80 MB (  5%) committed 

Chunk freelists:
   Non-Class:  2.13 KB
       Class:  0 bytes
        Both:  2.13 KB

CodeHeap 'non-profiled nmethods': size=120064Kb used=1556Kb max_used=1556Kb free=118507Kb
 bounds [0x0000011996b90000, 0x0000011996e00000, 0x000001199e0d0000]
CodeHeap 'profiled nmethods': size=120000Kb used=6092Kb max_used=6092Kb free=113908Kb
 bounds [0x000001198f660000, 0x000001198fc60000, 0x0000011996b90000]
CodeHeap 'non-nmethods': size=5696Kb used=1165Kb max_used=1199Kb free=4530Kb
 bounds [0x000001198f0d0000, 0x000001198f340000, 0x000001198f660000]
 total_blobs=3383 nmethods=2872 adapters=422
 compilation: enabled
              stopped_count=0, restarted_count=0
 full_count=0

Compilation events (10 events):
Event: 502.573 Thread 0x00000119a5b05000 nmethod 2880 0x000001198fc4ab90 code [0x000001198fc4ad20, 0x000001198fc4aef8]
Event: 502.731 Thread 0x00000119a5b05000 2881  s    1       java.net.DatagramPacket::getPort (5 bytes)
Event: 502.732 Thread 0x00000119a5b05000 nmethod 2881 0x0000011996d14d10 code [0x0000011996d14ea0, 0x0000011996d150b8]
Event: 502.749 Thread 0x00000119a5b05000 2882       3       java.lang.invoke.InfoFromMemberName::getName (8 bytes)
Event: 502.750 Thread 0x00000119a5b05000 nmethod 2882 0x000001198fc4b010 code [0x000001198fc4b1e0, 0x000001198fc4b5a8]
Event: 502.750 Thread 0x00000119a5b05000 2883       3       java.lang.invoke.InfoFromMemberName::getMethodType (8 bytes)
Event: 502.750 Thread 0x00000119a5b05000 nmethod 2883 0x000001198fc4b710 code [0x000001198fc4b8c0, 0x000001198fc4b9e8]
Event: 502.750 Thread 0x00000119a5b05000 2884       3       java.lang.invoke.TypeConvertingMethodAdapter::<init> (8 bytes)
Event: 502.750 Thread 0x00000119a5b05000 nmethod 2884 0x000001198fc4ba90 code [0x000001198fc4bc40, 0x000001198fc4be78]
Event: 502.876 Thread 0x00000119a5b03800 2885   !   4       java.net.URL::<init> (543 bytes)

GC Heap History (10 events):
Event: 405.010 GC heap before
{Heap before GC invocations=4 (full 0):
 garbage-first heap   total 129024K, used 29827K [0x0000000080000000, 0x0000000100000000)
  region size 1024K, 16 young (16384K), 3 survivors (3072K)
 Metaspace       used 20301K, capacity 20728K, committed 20864K, reserved 534528K
  class space    used 2435K, capacity 2641K, committed 2688K, reserved 516096K
}
Event: 405.034 GC heap after
{Heap after GC invocations=5 (full 0):
 garbage-first heap   total 129024K, used 18255K [0x0000000080000000, 0x0000000100000000)
  region size 1024K, 2 young (2048K), 2 survivors (2048K)
 Metaspace       used 20301K, capacity 20728K, committed 20864K, reserved 534528K
  class space    used 2435K, capacity 2641K, committed 2688K, reserved 516096K
}
Event: 409.095 GC heap before
{Heap before GC invocations=5 (full 0):
 garbage-first heap   total 129024K, used 22351K [0x0000000080000000, 0x0000000100000000)
  region size 1024K, 7 young (7168K), 2 survivors (2048K)
 Metaspace       used 20819K, capacity 21242K, committed 21296K, reserved 536576K
  class space    used 2510K, capacity 2686K, committed 2688K, reserved 516096K
}
Event: 409.110 GC heap after
{Heap after GC invocations=6 (full 0):
 garbage-first heap   total 129024K, used 18344K [0x0000000080000000, 0x0000000100000000)
  region size 1024K, 2 young (2048K), 2 survivors (2048K)
 Metaspace       used 20819K, capacity 21242K, committed 21296K, reserved 536576K
  class space    used 2510K, capacity 2686K, committed 2688K, reserved 516096K
}
Event: 454.096 GC heap before
{Heap before GC invocations=7 (full 0):
 garbage-first heap   total 129024K, used 43944K [0x0000000080000000, 0x0000000100000000)
  region size 1024K, 27 young (27648K), 2 survivors (2048K)
 Metaspace       used 23471K, capacity 24067K, committed 24368K, reserved 538624K
  class space    used 2933K, capacity 3141K, committed 3200K, reserved 516096K
}
Event: 454.577 GC heap after
{Heap after GC invocations=8 (full 0):
 garbage-first heap   total 129024K, used 19162K [0x0000000080000000, 0x0000000100000000)
  region size 1024K, 3 young (3072K), 3 survivors (3072K)
 Metaspace       used 23471K, capacity 24067K, committed 24368K, reserved 538624K
  class space    used 2933K, capacity 3141K, committed 3200K, reserved 516096K
}
Event: 474.580 GC heap before
{Heap before GC invocations=8 (full 0):
 garbage-first heap   total 129024K, used 36570K [0x0000000080000000, 0x0000000100000000)
  region size 1024K, 20 young (20480K), 3 survivors (3072K)
 Metaspace       used 24534K, capacity 25146K, committed 25392K, reserved 538624K
  class space    used 3115K, capacity 3351K, committed 3456K, reserved 516096K
}
Event: 474.661 GC heap after
{Heap after GC invocations=9 (full 0):
 garbage-first heap   total 129024K, used 19885K [0x0000000080000000, 0x0000000100000000)
  region size 1024K, 3 young (3072K), 3 survivors (3072K)
 Metaspace       used 24534K, capacity 25146K, committed 25392K, reserved 538624K
  class space    used 3115K, capacity 3351K, committed 3456K, reserved 516096K
}
Event: 502.335 GC heap before
{Heap before GC invocations=9 (full 0):
 garbage-first heap   total 129024K, used 45485K [0x0000000080000000, 0x0000000100000000)
  region size 1024K, 28 young (28672K), 3 survivors (3072K)
 Metaspace       used 27363K, capacity 28020K, committed 28080K, reserved 540672K
  class space    used 3556K, capacity 3807K, committed 3840K, reserved 516096K
}
Event: 502.435 GC heap after
{Heap after GC invocations=10 (full 0):
 garbage-first heap   total 129024K, used 20902K [0x0000000080000000, 0x0000000100000000)
  region size 1024K, 3 young (3072K), 3 survivors (3072K)
 Metaspace       used 27363K, capacity 28020K, committed 28080K, reserved 540672K
  class space    used 3556K, capacity 3807K, committed 3840K, reserved 516096K
}

Deoptimization events (10 events):
Event: 413.041 Thread 0x00000119a6814800 Uncommon trap: reason=unstable_if action=reinterpret pc=0x0000011996bac5b0 method=java.io.WinNTFileSystem.resolve(Ljava/lang/String;Ljava/lang/String;)Ljava/lang/String; @ 19 c2
Event: 413.112 Thread 0x00000119a6814800 Uncommon trap: reason=bimorphic_or_optimized_type_check action=maybe_recompile pc=0x0000011996c1eaa4 method=java.util.AbstractList$Itr.hasNext()Z @ 8 c2
Event: 413.112 Thread 0x00000119a6814800 Uncommon trap: reason=bimorphic_or_optimized_type_check action=maybe_recompile pc=0x0000011996c1ee34 method=java.util.AbstractList$Itr.next()Ljava/lang/Object; @ 14 c2
Event: 413.211 Thread 0x00000119a6814800 Uncommon trap: reason=unstable_if action=reinterpret pc=0x0000011996c1a084 method=java.io.File.getName()Ljava/lang/String; @ 16 c2
Event: 413.211 Thread 0x00000119a6814800 Uncommon trap: reason=unstable_if action=reinterpret pc=0x0000011996c13214 method=java.lang.String.substring(I)Ljava/lang/String; @ 34 c2
Event: 413.801 Thread 0x00000119a6f31800 Uncommon trap: reason=bimorphic_or_optimized_type_check action=maybe_recompile pc=0x0000011996ca3530 method=java.util.HashMap.putVal(ILjava/lang/Object;Ljava/lang/Object;ZZ)Ljava/lang/Object; @ 203 c2
Event: 477.648 Thread 0x00000119a6814800 Uncommon trap: reason=unstable_if action=reinterpret pc=0x0000011996be3674 method=java.util.HashMap.hash(Ljava/lang/Object;)I @ 1 c2
Event: 482.630 Thread 0x00000119a6814800 Uncommon trap: reason=unstable_if action=reinterpret pc=0x0000011996c43c24 method=sun.nio.cs.UTF_8$Decoder.decodeArrayLoop(Ljava/nio/ByteBuffer;Ljava/nio/CharBuffer;)Ljava/nio/charset/CoderResult; @ 110 c2
Event: 491.467 Thread 0x00000119a6814800 Uncommon trap: reason=class_check action=maybe_recompile pc=0x0000011996d0aac8 method=java.util.stream.ReduceOps$3ReducingSink.accept(Ljava/lang/Object;)V @ 9 c2
Event: 501.517 Thread 0x00000119a6814800 Uncommon trap: reason=unstable_if action=reinterpret pc=0x0000011996c35608 method=java.net.URI.quote(Ljava/lang/String;JJ)Ljava/lang/String; @ 183 c2

Classes redefined (0 events):
No events

Internal exceptions (10 events):
Event: 470.580 Thread 0x00000119a6814800 Exception <a 'java/lang/NoSuchMethodError'{0x00000000875a7278}: java.lang.invoke.DirectMethodHandle$Holder.invokeVirtual(Ljava/lang/Object;Ljava/lang/Object;Ljava/lang/Object;Ljava/lang/Object;)Ljava/lang/Object;> (0x00000000875a7278) thrown at [./open/sr
Event: 472.270 Thread 0x00000119a6814800 Exception <a 'java/lang/NoSuchMethodError'{0x00000000872785d0}: java.lang.invoke.Invokers$Holder.linkToTargetMethod(Ljava/lang/Object;Ljava/lang/Object;Ljava/lang/Object;Ljava/lang/Object;Ljava/lang/Object;Ljava/lang/Object;Ljava/lang/Object;)Ljava/lang/O
Event: 473.496 Thread 0x00000119a6814800 Exception <a 'java/lang/NoSuchMethodError'{0x000000008701b540}: java.lang.invoke.DirectMethodHandle$Holder.invokeVirtual(Ljava/lang/Object;Ljava/lang/Object;Ljava/lang/Object;Ljava/lang/Object;Ljava/lang/Object;Ljava/lang/Object;Ljava/lang/Object;Ljava/la
Event: 477.436 Thread 0x00000119a6814800 Exception <a 'java/lang/NoSuchMethodError'{0x0000000087a03950}: java.lang.invoke.DirectMethodHandle$Holder.invokeStatic(Ljava/lang/Object;Ljava/lang/Object;Ljava/lang/Object;Ljava/lang/Object;Ljava/lang/Object;)V> (0x0000000087a03950) thrown at [./open/sr
Event: 477.648 Thread 0x00000119a6814800 Implicit null exception at 0x0000011996be35d8 to 0x0000011996be366a
Event: 489.726 Thread 0x00000119a6814800 Exception <a 'java/lang/NoSuchMethodError'{0x00000000873792b8}: java.lang.invoke.DirectMethodHandle$Holder.invokeStaticInit(Ljava/lang/Object;Ljava/lang/Object;)V> (0x00000000873792b8) thrown at [./open/src/hotspot/share/interpreter/linkResolver.cpp, line
Event: 497.329 Thread 0x00000119a6814800 Exception <a 'java/lang/NoSuchMethodError'{0x00000000869123c0}: java.lang.invoke.DirectMethodHandle$Holder.invokeStatic(Ljava/lang/Object;Ljava/lang/Object;Ljava/lang/Object;Ljava/lang/Object;)V> (0x00000000869123c0) thrown at [./open/src/hotspot/share/in
Event: 497.400 Thread 0x00000119a6814800 Exception <a 'java/lang/NoSuchMethodError'{0x00000000869307f0}: java.lang.invoke.DirectMethodHandle$Holder.invokeVirtual(Ljava/lang/Object;Ljava/lang/Object;)I> (0x00000000869307f0) thrown at [./open/src/hotspot/share/interpreter/linkResolver.cpp, line 77
Event: 497.613 Thread 0x00000119a6814800 Exception <a 'java/lang/NoSuchMethodError'{0x0000000086984e60}: java.lang.invoke.DirectMethodHandle$Holder.invokeVirtual(Ljava/lang/Object;Ljava/lang/Object;Ljava/lang/Object;)I> (0x0000000086984e60) thrown at [./open/src/hotspot/share/interpreter/linkRes
Event: 501.516 Thread 0x00000119a6814800 Implicit null exception at 0x0000011996c3480e to 0x0000011996c355ee

Events (10 events):
Event: 502.875 loading class org/gradle/internal/resource/transfer/ExternalResourceAccessor
Event: 502.875 loading class org/gradle/internal/resource/transfer/ExternalResourceAccessor done
Event: 503.031 loading class org/gradle/internal/resource/transfer/ExternalResourceConnector
Event: 503.031 loading class org/gradle/internal/resource/transfer/ExternalResourceConnector done
Event: 503.033 loading class org/gradle/internal/authentication/AllSchemesAuthentication
Event: 503.033 loading class org/gradle/internal/authentication/AllSchemesAuthentication done
Event: 503.152 loading class org/gradle/internal/resource/transport/gcp/gcs/GcsConnectorFactory
Event: 503.152 loading class org/gradle/internal/resource/transport/gcp/gcs/GcsConnectorFactory done
Event: 503.154 loading class org/gradle/internal/resource/transport/aws/s3/S3ConnectorFactory
Event: 503.154 loading class org/gradle/internal/resource/transport/aws/s3/S3ConnectorFactory done


Dynamic libraries:
0x00007ff7cc670000 - 0x00007ff7cc67f000 	C:\Program Files\Java\jdk-11.0.16.1\bin\java.exe
0x00007ffa03770000 - 0x00007ffa03984000 	C:\WINDOWS\SYSTEM32\ntdll.dll
0x00007ffa02a80000 - 0x00007ffa02b44000 	C:\WINDOWS\System32\KERNEL32.DLL
0x00007ffa00b20000 - 0x00007ffa00ec4000 	C:\WINDOWS\System32\KERNELBASE.dll
0x00007ffa00ed0000 - 0x00007ffa00fe1000 	C:\WINDOWS\System32\ucrtbase.dll
0x00007ff9c9b60000 - 0x00007ff9c9b78000 	C:\Program Files\Java\jdk-11.0.16.1\bin\jli.dll
0x00007ffa029d0000 - 0x00007ffa02a80000 	C:\WINDOWS\System32\ADVAPI32.dll
0x00007ffa02c40000 - 0x00007ffa02ce7000 	C:\WINDOWS\System32\msvcrt.dll
0x00007ffa01500000 - 0x00007ffa015a6000 	C:\WINDOWS\System32\sechost.dll
0x00007ffa01bc0000 - 0x00007ffa01cd7000 	C:\WINDOWS\System32\RPCRT4.dll
0x00007ffa026b0000 - 0x00007ffa0285e000 	C:\WINDOWS\System32\USER32.dll
0x00007ffa013b0000 - 0x00007ffa013d6000 	C:\WINDOWS\System32\win32u.dll
0x00007ffa036f0000 - 0x00007ffa03719000 	C:\WINDOWS\System32\GDI32.dll
0x00007ffa013e0000 - 0x00007ffa014f8000 	C:\WINDOWS\System32\gdi32full.dll
0x00007ff9a42f0000 - 0x00007ff9a4305000 	C:\Program Files\Java\jdk-11.0.16.1\bin\VCRUNTIME140.dll
0x00007ffa00ff0000 - 0x00007ffa0108a000 	C:\WINDOWS\System32\msvcp_win.dll
0x00007ff9f8b20000 - 0x00007ff9f8b2a000 	C:\WINDOWS\SYSTEM32\VERSION.dll
0x00007ff9eb0d0000 - 0x00007ff9eb363000 	C:\WINDOWS\WinSxS\amd64_microsoft.windows.common-controls_6595b64144ccf1df_6.0.22621.2215_none_270d72677387dfc3\COMCTL32.dll
0x00007ffa01b80000 - 0x00007ffa01bb1000 	C:\WINDOWS\System32\IMM32.DLL
0x00007ff99a650000 - 0x00007ff99a6eb000 	C:\Program Files\Java\jdk-11.0.16.1\bin\msvcp140.dll
0x00007ff984530000 - 0x00007ff985048000 	C:\Program Files\Java\jdk-11.0.16.1\bin\server\jvm.dll
0x00007ffa03720000 - 0x00007ffa03728000 	C:\WINDOWS\System32\PSAPI.DLL
0x00007ff9fbb40000 - 0x00007ff9fbb49000 	C:\WINDOWS\SYSTEM32\WSOCK32.dll
0x00007ffa02d40000 - 0x00007ffa02db1000 	C:\WINDOWS\System32\WS2_32.dll
0x00007ff9fa870000 - 0x00007ff9fa8a4000 	C:\WINDOWS\SYSTEM32\WINMM.dll
0x00007ff9ffae0000 - 0x00007ff9ffaf8000 	C:\WINDOWS\SYSTEM32\kernel.appcore.dll
0x00007ff9fb680000 - 0x00007ff9fb690000 	C:\Program Files\Java\jdk-11.0.16.1\bin\verify.dll
0x00007ff9fe450000 - 0x00007ff9fe67e000 	C:\WINDOWS\SYSTEM32\DBGHELP.DLL
0x00007ffa02f20000 - 0x00007ffa032aa000 	C:\WINDOWS\System32\combase.dll
0x00007ffa02b50000 - 0x00007ffa02c27000 	C:\WINDOWS\System32\OLEAUT32.dll
0x00007ff9e66e0000 - 0x00007ff9e6712000 	C:\WINDOWS\SYSTEM32\dbgcore.DLL
0x00007ffa01100000 - 0x00007ffa0117a000 	C:\WINDOWS\System32\bcryptPrimitives.dll
0x00007ff9a5590000 - 0x00007ff9a55b8000 	C:\Program Files\Java\jdk-11.0.16.1\bin\java.dll
0x00007ff9e6220000 - 0x00007ff9e622a000 	C:\Program Files\Java\jdk-11.0.16.1\bin\jimage.dll
0x00007ff9a25f0000 - 0x00007ff9a2606000 	C:\Program Files\Java\jdk-11.0.16.1\bin\zip.dll
0x00007ffa01ce0000 - 0x00007ffa02503000 	C:\WINDOWS\System32\SHELL32.dll
0x00007ff9fea60000 - 0x00007ff9ff34a000 	C:\WINDOWS\SYSTEM32\windows.storage.dll
0x00007ff9fe920000 - 0x00007ff9fea5e000 	C:\WINDOWS\SYSTEM32\wintypes.dll
0x00007ffa02dd0000 - 0x00007ffa02ec3000 	C:\WINDOWS\System32\SHCORE.dll
0x00007ffa032b0000 - 0x00007ffa0330e000 	C:\WINDOWS\System32\shlwapi.dll
0x00007ffa00a50000 - 0x00007ffa00a76000 	C:\WINDOWS\SYSTEM32\profapi.dll
0x00007ff9a5570000 - 0x00007ff9a5589000 	C:\Program Files\Java\jdk-11.0.16.1\bin\net.dll
0x00007ff9f8f80000 - 0x00007ff9f90b7000 	C:\WINDOWS\SYSTEM32\WINHTTP.dll
0x00007ff9fffd0000 - 0x00007ffa00039000 	C:\WINDOWS\system32\mswsock.dll
0x00007ff9a2a40000 - 0x00007ff9a2a52000 	C:\Program Files\Java\jdk-11.0.16.1\bin\nio.dll
0x00007ff9cc690000 - 0x00007ff9cc6b7000 	C:\Users\Office Laptop2\.gradle\native\68d5fa5c4cc2d200863cafc0d521ce42e7d3e7ee720ec0a83991735586a16f82\windows-amd64\native-platform.dll
0x00007ff98e130000 - 0x00007ff98e274000 	C:\Users\Office Laptop2\.gradle\native\e376f236ea51e6404a007f0833ffe2c6e607c4080706a723a18a27aeea778392\windows-amd64\native-platform-file-events.dll
0x00007ff9d3ab0000 - 0x00007ff9d3ab9000 	C:\Program Files\Java\jdk-11.0.16.1\bin\management.dll
0x00007ff9cf730000 - 0x00007ff9cf73b000 	C:\Program Files\Java\jdk-11.0.16.1\bin\management_ext.dll
0x00007ffa00240000 - 0x00007ffa0025b000 	C:\WINDOWS\SYSTEM32\CRYPTSP.dll
0x00007ff9ffaa0000 - 0x00007ff9ffad5000 	C:\WINDOWS\system32\rsaenh.dll
0x00007ffa000e0000 - 0x00007ffa0010c000 	C:\WINDOWS\SYSTEM32\USERENV.dll
0x00007ffa00400000 - 0x00007ffa00428000 	C:\WINDOWS\SYSTEM32\bcrypt.dll
0x00007ffa00260000 - 0x00007ffa0026c000 	C:\WINDOWS\SYSTEM32\CRYPTBASE.dll
0x00007ff9ff5f0000 - 0x00007ff9ff61d000 	C:\WINDOWS\SYSTEM32\IPHLPAPI.DLL
0x00007ffa02d10000 - 0x00007ffa02d19000 	C:\WINDOWS\System32\NSI.dll
0x00007ff9f8c60000 - 0x00007ff9f8c79000 	C:\WINDOWS\SYSTEM32\dhcpcsvc6.DLL
0x00007ff9f8c40000 - 0x00007ff9f8c5f000 	C:\WINDOWS\SYSTEM32\dhcpcsvc.DLL
0x00007ff9ff620000 - 0x00007ff9ff712000 	C:\WINDOWS\SYSTEM32\DNSAPI.dll

dbghelp: loaded successfully - version: 4.0.5 - missing functions: none
symbol engine: initialized successfully - sym options: 0x614 - pdb path: .;C:\Program Files\Java\jdk-11.0.16.1\bin;C:\WINDOWS\SYSTEM32;C:\WINDOWS\WinSxS\amd64_microsoft.windows.common-controls_6595b64144ccf1df_6.0.22621.2215_none_270d72677387dfc3;C:\Program Files\Java\jdk-11.0.16.1\bin\server;C:\Users\Office Laptop2\.gradle\native\68d5fa5c4cc2d200863cafc0d521ce42e7d3e7ee720ec0a83991735586a16f82\windows-amd64;C:\Users\Office Laptop2\.gradle\native\e376f236ea51e6404a007f0833ffe2c6e607c4080706a723a18a27aeea778392\windows-amd64

VM Arguments:
jvm_args: -XX:MaxMetaspaceSize=512m --add-opens=java.base/java.util=ALL-UNNAMED --add-opens=java.base/java.lang=ALL-UNNAMED --add-opens=java.base/java.lang.invoke=ALL-UNNAMED --add-opens=java.prefs/java.util.prefs=ALL-UNNAMED --add-opens=java.base/java.nio.charset=ALL-UNNAMED --add-opens=java.base/java.net=ALL-UNNAMED --add-opens=java.base/java.util.concurrent.atomic=ALL-UNNAMED -Xmx2048m -Dfile.encoding=windows-1252 -Duser.country=IN -Duser.language=en -Duser.variant 
java_command: org.gradle.launcher.daemon.bootstrap.GradleDaemon 8.0.1
java_class_path (initial): C:\Users\Office Laptop2\.gradle\wrapper\dists\gradle-8.0.1-all\aro4hu1c3oeioove7l0i4i14o\gradle-8.0.1\lib\gradle-launcher-8.0.1.jar
Launcher Type: SUN_STANDARD

[Global flags]
     intx CICompilerCount                          = 3                                         {product} {ergonomic}
   size_t CompressedClassSpaceSize                 = 528482304                                 {product} {ergonomic}
     uint ConcGCThreads                            = 1                                         {product} {ergonomic}
     uint G1ConcRefinementThreads                  = 4                                         {product} {ergonomic}
   size_t G1HeapRegionSize                         = 1048576                                   {product} {ergonomic}
    uintx GCDrainStackTargetSize                   = 64                                        {product} {ergonomic}
   size_t InitialHeapSize                          = 132120576                                 {product} {ergonomic}
   size_t MarkStackSize                            = 4194304                                   {product} {ergonomic}
   size_t MaxHeapSize                              = 2147483648                                {product} {command line}
   size_t MaxMetaspaceSize                         = 536870912                                 {product} {command line}
   size_t MaxNewSize                               = 1287651328                                {product} {ergonomic}
   size_t MinHeapDeltaBytes                        = 1048576                                   {product} {ergonomic}
    uintx NonNMethodCodeHeapSize                   = 5830732                                {pd product} {ergonomic}
    uintx NonProfiledCodeHeapSize                  = 122913754                              {pd product} {ergonomic}
    uintx ProfiledCodeHeapSize                     = 122913754                              {pd product} {ergonomic}
    uintx ReservedCodeCacheSize                    = 251658240                              {pd product} {ergonomic}
     bool SegmentedCodeCache                       = true                                      {product} {ergonomic}
     bool UseCompressedClassPointers               = true                                 {lp64_product} {ergonomic}
     bool UseCompressedOops                        = true                                 {lp64_product} {ergonomic}
     bool UseG1GC                                  = true                                      {product} {ergonomic}
     bool UseLargePagesIndividualAllocation        = false                                  {pd product} {ergonomic}

Logging:
Log output configuration:
 #0: stdout all=warning uptime,level,tags
 #1: stderr all=off uptime,level,tags

Environment Variables:
JAVA_HOME=C:\Program Files\Java\jdk-11.0.16.1
CLASSPATH=C:\work\pilotapp\pilot-app-new\android\\gradle\wrapper\gradle-wrapper.jar
PATH=C:\work\pilotapp\pilot-app-new\node_modules\.bin;C:\work\pilotapp\pilot-app-new\node_modules\.bin;C:\work\pilotapp\node_modules\.bin;C:\work\node_modules\.bin;C:\node_modules\.bin;C:\Program Files\nodejs\node_modules\npm\node_modules\@npmcli\run-script\lib\node-gyp-bin;C:\work\pilotapp\pilot-app-new\node_modules\.bin;C:\work\pilotapp\pilot-app-new\node_modules\.bin;C:\work\pilotapp\node_modules\.bin;C:\work\node_modules\.bin;C:\node_modules\.bin;C:\Program Files\nodejs\node_modules\npm\node_modules\@npmcli\run-script\lib\node-gyp-bin;C:\Program Files\Common Files\Oracle\Java\javapath;C:\WINDOWS\system32;C:\WINDOWS;C:\WINDOWS\System32\Wbem;C:\WINDOWS\System32\WindowsPowerShell\v1.0\;C:\WINDOWS\System32\OpenSSH\;C:\Program Files\nodejs\;C:\Program Files\Git\cmd;C:\Program Files\Java\jdk-11.0.16.1;C:\Users\Office Laptop2\AppData\Roaming\npm;C:\Program Files (x86)\Microsoft SQL Server\160\Tools\Binn\;C:\Program Files\Microsoft SQL Server\160\Tools\Binn\;C:\Program Files\Microsoft SQL Server\Client SDK\ODBC\170\Tools\Binn\;C:\Program Files\Microsoft SQL Server\160\DTS\Binn\;C:\Program Files (x86)\Microsoft SQL Server\160\DTS\Binn\;C:\Program Files\Azure Data Studio\bin;C:\Gradle\gradle-8.2.1\bin;C:\Users\Office Laptop2\AppData\Local\Android\Sdk\emulator;C:\Users\Office Laptop2\AppData\Local\Android\Sdk\build-tools;C:\Users\Office Laptop2\AppData\Local\Android\Sdk\platform-tools;C:\Users\Office Laptop2\AppData\Local\Android\Sdk\cmdline-tools\latest\bin;C:\Users\Office Laptop2\AppData\Local\Android\Sdk\tools;C:\Users\Office Laptop2\.console-ninja\.bin;C:\Users\Office Laptop2\AppData\Local\Programs\Python\Python311\Scripts\;C:\Users\Office Laptop2\AppData\Local\Programs\Python\Python311\;C:\Users\Office Laptop2\AppData\Local\Programs\Microsoft VS Code\bin;;C:\Users\Office Laptop2\AppData\Local\Microsoft\WindowsApps;C:\Program Files\Azure Data Studio\bin
USERNAME=Office Laptop2
OS=Windows_NT
PROCESSOR_IDENTIFIER=Intel64 Family 6 Model 142 Stepping 12, GenuineIntel



---------------  S Y S T E M  ---------------

OS: Windows 11 , 64 bit Build 22621 (10.0.22621.2215)
Hyper-V role detected

CPU:total 4 (initial active 4) (2 cores per cpu, 2 threads per core) family 6 model 142 stepping 12 microcode 0xf0, cmov, cx8, fxsr, mmx, sse, sse2, sse3, ssse3, sse4.1, sse4.2, popcnt, avx, avx2, aes, clmul, erms, 3dnowpref, lzcnt, ht, tsc, tscinvbit, bmi1, bmi2, adx, fma

Memory: 4k page, system-wide physical 8026M (5M free)
TotalPageFile size 32602M (AvailPageFile size 0M)
current process WorkingSet (physical memory assigned to process): 53M, peak: 86M
current process commit charge ("private bytes"): 261M, peak: 268M

vm_info: Java HotSpot(TM) 64-Bit Server VM (11.0.16.1+1-LTS-1) for windows-amd64 JRE (11.0.16.1+1-LTS-1), built on Aug 16 2022 01:46:01 by "mach5one" with MS VC++ 15.9 (VS2017)

END.
