#
# There is insufficient memory for the Java Runtime Environment to continue.
# Native memory allocation (malloc) failed to allocate 1154256 bytes for Chunk::new
# Possible reasons:
#   The system is out of physical RAM or swap space
#   The process is running with CompressedOops enabled, and the Java Heap may be blocking the growth of the native heap
# Possible solutions:
#   Reduce memory load on the system
#   Increase physical memory or swap space
#   Check if swap backing store is full
#   Decrease Java heap size (-Xmx/-Xms)
#   Decrease number of Java threads
#   Decrease Java thread stack sizes (-Xss)
#   Set larger code cache with -XX:ReservedCodeCacheSize=
#   JVM is running with Unscaled Compressed Oops mode in which the Java heap is
#     placed in the first 4GB address space. The Java Heap base address is the
#     maximum limit for the native heap growth. Please use -XX:HeapBaseMinAddress
#     to set the Java Heap base and to place the Java Heap above 4GB virtual address.
# This output file may be truncated or incomplete.
#
#  Out of Memory Error (t:/workspace/open/src/hotspot/share/memory/arena.cpp:197), pid=5516, tid=2092
#
# JRE version: OpenJDK Runtime Environment (11.0.2+9) (build 11.0.2+9)
# Java VM: OpenJDK 64-Bit Server VM (11.0.2+9, mixed mode, tiered, compressed oops, g1 gc, windows-amd64)
# No core dump will be written. Minidumps are not enabled by default on client versions of Windows
#

---------------  S U M M A R Y ------------

Command Line: -XX:MaxMetaspaceSize=512m --add-opens=java.base/java.util=ALL-UNNAMED --add-opens=java.base/java.lang=ALL-UNNAMED --add-opens=java.base/java.lang.invoke=ALL-UNNAMED --add-opens=java.prefs/java.util.prefs=ALL-UNNAMED --add-opens=java.base/java.nio.charset=ALL-UNNAMED --add-opens=java.base/java.net=ALL-UNNAMED --add-opens=java.base/java.util.concurrent.atomic=ALL-UNNAMED -Xmx2048m -Dfile.encoding=windows-1252 -Duser.country=US -Duser.language=en -Duser.variant org.gradle.launcher.daemon.bootstrap.GradleDaemon 8.0.1

Host: Intel(R) Core(TM) i5-7300U CPU @ 2.60GHz, 4 cores, 7G,  Windows 10 , 64 bit Build 19041 (10.0.19041.3636)
Time: Wed Feb  7 15:59:47 2024 India Standard Time elapsed time: 503 seconds (0d 0h 8m 23s)

---------------  T H R E A D  ---------------

Current thread (0x000001e461ac0000):  JavaThread "C2 CompilerThread0" daemon [_thread_in_native, id=2092, stack(0x000000bc63400000,0x000000bc63500000)]


Current CompileTask:
C2: 503468 21222       4       org.gradle.internal.snapshot.impl.SnapshotSerializer::read (610 bytes)

Stack: [0x000000bc63400000,0x000000bc63500000]
Native frames: (J=compiled Java code, j=interpreted, Vv=VM code, C=native code)
V  [jvm.dll+0x63489a]
V  [jvm.dll+0x771f9f]
V  [jvm.dll+0x773648]
V  [jvm.dll+0x773d03]
V  [jvm.dll+0x25eba8]
V  [jvm.dll+0xc2191]
V  [jvm.dll+0xc271c]
V  [jvm.dll+0x36cc47]
V  [jvm.dll+0x339b13]
V  [jvm.dll+0x338eea]
V  [jvm.dll+0x2189c5]
V  [jvm.dll+0x217b6a]
V  [jvm.dll+0x194370]
V  [jvm.dll+0x226b3f]
V  [jvm.dll+0x225148]
V  [jvm.dll+0x73774d]
V  [jvm.dll+0x633942]
C  [ucrtbase.dll+0x21bb2]
C  [KERNEL32.DLL+0x17344]
C  [ntdll.dll+0x526b1]


---------------  P R O C E S S  ---------------

Threads class SMR info:
_java_thread_list=0x000001e46d738210, length=89, elements={
0x000001e44367b000, 0x000001e461a5f800, 0x000001e461a61000, 0x000001e461abd000,
0x000001e461abf000, 0x000001e461ac0000, 0x000001e4623d2800, 0x000001e46242d000,
0x000001e46252a800, 0x000001e462562000, 0x000001e463018800, 0x000001e46590c000,
0x000001e464973800, 0x000001e46503f000, 0x000001e465040800, 0x000001e46503e000,
0x000001e46503f800, 0x000001e4628cf000, 0x000001e4628cb000, 0x000001e4628d1800,
0x000001e4628d2800, 0x000001e4628cd000, 0x000001e4628d3800, 0x000001e4628d6000,
0x000001e4628d8000, 0x000001e464be1000, 0x000001e464bd6800, 0x000001e464bd8000,
0x000001e4678f2800, 0x000001e4678f5800, 0x000001e4678f3000, 0x000001e4678f4000,
0x000001e4678f6800, 0x000001e4678f4800, 0x000001e4678f1800, 0x000001e4678f0800,
0x000001e4678f7000, 0x000001e4678f9000, 0x000001e4678fd000, 0x000001e4678f9800,
0x000001e4678fc000, 0x000001e4678fa800, 0x000001e4678fb800, 0x000001e4678fd800,
0x000001e4678f8000, 0x000001e4678ff800, 0x000001e4678fe800, 0x000001e464bd8800,
0x000001e464bd9800, 0x000001e464bdb000, 0x000001e464bd7000, 0x000001e464bda800,
0x000001e464bd5800, 0x000001e464be1800, 0x000001e464bde800, 0x000001e464bdc000,
0x000001e464bdf000, 0x000001e464be0000, 0x000001e464be2800, 0x000001e464bdd000,
0x000001e464be3800, 0x000001e464bdd800, 0x000001e464be4000, 0x000001e4628d0000,
0x000001e4628ce800, 0x000001e4628cc000, 0x000001e4628d6800, 0x000001e4628d1000,
0x000001e4628d7800, 0x000001e4628d9000, 0x000001e4628da000, 0x000001e4628d4000,
0x000001e4628d5000, 0x000001e470676000, 0x000001e470673800, 0x000001e470674800,
0x000001e470677800, 0x000001e470677000, 0x000001e470673000, 0x000001e470675000,
0x000001e470672000, 0x000001e470678800, 0x000001e47067f000, 0x000001e47067a000,
0x000001e47067b800, 0x000001e47067d800, 0x000001e470680000, 0x000001e47067c800,
0x000001e46a39b800
}

Java Threads: ( => current thread )
  0x000001e44367b000 JavaThread "main" [_thread_blocked, id=13192, stack(0x000000bc62800000,0x000000bc62900000)]
  0x000001e461a5f800 JavaThread "Reference Handler" daemon [_thread_blocked, id=14348, stack(0x000000bc63000000,0x000000bc63100000)]
  0x000001e461a61000 JavaThread "Finalizer" daemon [_thread_blocked, id=6132, stack(0x000000bc63100000,0x000000bc63200000)]
  0x000001e461abd000 JavaThread "Signal Dispatcher" daemon [_thread_blocked, id=14080, stack(0x000000bc63200000,0x000000bc63300000)]
  0x000001e461abf000 JavaThread "Attach Listener" daemon [_thread_blocked, id=13000, stack(0x000000bc63300000,0x000000bc63400000)]
=>0x000001e461ac0000 JavaThread "C2 CompilerThread0" daemon [_thread_in_native, id=2092, stack(0x000000bc63400000,0x000000bc63500000)]
  0x000001e4623d2800 JavaThread "C1 CompilerThread0" daemon [_thread_blocked, id=8404, stack(0x000000bc63500000,0x000000bc63600000)]
  0x000001e46242d000 JavaThread "Sweeper thread" daemon [_thread_blocked, id=8280, stack(0x000000bc63600000,0x000000bc63700000)]
  0x000001e46252a800 JavaThread "Common-Cleaner" daemon [_thread_blocked, id=12864, stack(0x000000bc63700000,0x000000bc63800000)]
  0x000001e462562000 JavaThread "Service Thread" daemon [_thread_blocked, id=10912, stack(0x000000bc63800000,0x000000bc63900000)]
  0x000001e463018800 JavaThread "Daemon health stats" [_thread_blocked, id=15320, stack(0x000000bc63c00000,0x000000bc63d00000)]
  0x000001e46590c000 JavaThread "Incoming local TCP Connector on port 56742" [_thread_in_native, id=6796, stack(0x000000bc63e00000,0x000000bc63f00000)]
  0x000001e464973800 JavaThread "Daemon periodic checks" [_thread_blocked, id=12444, stack(0x000000bc63f00000,0x000000bc64000000)]
  0x000001e46503f000 JavaThread "Cache worker for journal cache (C:\Users\Admin\.gradle\caches\journal-1)" [_thread_blocked, id=3524, stack(0x000000bc64700000,0x000000bc64800000)]
  0x000001e465040800 JavaThread "File lock request listener" [_thread_in_native, id=2272, stack(0x000000bc64800000,0x000000bc64900000)]
  0x000001e46503e000 JavaThread "Cache worker for file hash cache (C:\Users\Admin\.gradle\caches\8.0.1\fileHashes)" [_thread_blocked, id=8220, stack(0x000000bc64900000,0x000000bc64a00000)]
  0x000001e46503f800 JavaThread "File watcher server" daemon [_thread_in_native, id=8212, stack(0x000000bc64a00000,0x000000bc64b00000)]
  0x000001e4628cf000 JavaThread "File watcher consumer" daemon [_thread_blocked, id=12904, stack(0x000000bc64b00000,0x000000bc64c00000)]
  0x000001e4628cb000 JavaThread "Cache worker for file content cache (C:\Users\Admin\.gradle\caches\8.0.1\fileContent)" [_thread_blocked, id=10104, stack(0x000000bc64e00000,0x000000bc64f00000)]
  0x000001e4628d1800 JavaThread "Cache worker for execution history cache (C:\Users\Admin\.gradle\caches\8.0.1\executionHistory)" [_thread_blocked, id=13116, stack(0x000000bc65100000,0x000000bc65200000)]
  0x000001e4628d2800 JavaThread "jar transforms" [_thread_blocked, id=10772, stack(0x000000bc65300000,0x000000bc65400000)]
  0x000001e4628cd000 JavaThread "jar transforms Thread 2" [_thread_blocked, id=3164, stack(0x000000bc65400000,0x000000bc65500000)]
  0x000001e4628d3800 JavaThread "jar transforms Thread 3" [_thread_blocked, id=12800, stack(0x000000bc65200000,0x000000bc65300000)]
  0x000001e4628d6000 JavaThread "jar transforms Thread 4" [_thread_blocked, id=3288, stack(0x000000bc65500000,0x000000bc65600000)]
  0x000001e4628d8000 JavaThread "Cache worker for kotlin-dsl (C:\Users\Admin\.gradle\caches\8.0.1\kotlin-dsl)" [_thread_blocked, id=2864, stack(0x000000bc62700000,0x000000bc62800000)]
  0x000001e464be1000 JavaThread "Memory manager" [_thread_blocked, id=9824, stack(0x000000bc67200000,0x000000bc67300000)]
  0x000001e464bd6800 JavaThread "Daemon Thread 2" [_thread_blocked, id=7952, stack(0x000000bc62900000,0x000000bc62a00000)]
  0x000001e464bd8000 JavaThread "Daemon worker Thread 2" [_thread_blocked, id=7916, stack(0x000000bc64200000,0x000000bc64300000)]
  0x000001e4678f2800 JavaThread "Handler for socket connection from /127.0.0.1:56742 to /127.0.0.1:57044" [_thread_in_native, id=2352, stack(0x000000bc64000000,0x000000bc64100000)]
  0x000001e4678f5800 JavaThread "Cancel handler" [_thread_blocked, id=14596, stack(0x000000bc64100000,0x000000bc64200000)]
  0x000001e4678f3000 JavaThread "Asynchronous log dispatcher for DefaultDaemonConnection: socket connection from /127.0.0.1:56742 to /127.0.0.1:57044" [_thread_blocked, id=8932, stack(0x000000bc64300000,0x000000bc64400000)]
  0x000001e4678f4000 JavaThread "Stdin handler" [_thread_blocked, id=14360, stack(0x000000bc64500000,0x000000bc64600000)]
  0x000001e4678f6800 JavaThread "Daemon client event forwarder" [_thread_blocked, id=13468, stack(0x000000bc64600000,0x000000bc64700000)]
  0x000001e4678f4800 JavaThread "Cache worker for checksums cache (D:\pilotapp-main\android\.gradle\8.0.1\checksums)" [_thread_blocked, id=1780, stack(0x000000bc64c00000,0x000000bc64d00000)]
  0x000001e4678f1800 JavaThread "Cache worker for cache directory md-rule (C:\Users\Admin\.gradle\caches\8.0.1\md-rule)" [_thread_blocked, id=12284, stack(0x000000bc64d00000,0x000000bc64e00000)]
  0x000001e4678f0800 JavaThread "Cache worker for file hash cache (D:\pilotapp-main\android\.gradle\8.0.1\fileHashes)" [_thread_in_native, id=9760, stack(0x000000bc64f00000,0x000000bc65000000)]
  0x000001e4678f7000 JavaThread "Cache worker for cache directory md-supplier (C:\Users\Admin\.gradle\caches\8.0.1\md-supplier)" [_thread_blocked, id=11580, stack(0x000000bc65000000,0x000000bc65100000)]
  0x000001e4678f9000 JavaThread "Cache worker for dependencies-accessors (D:\pilotapp-main\android\.gradle\8.0.1\dependencies-accessors)" [_thread_blocked, id=14684, stack(0x000000bc64400000,0x000000bc64500000)]
  0x000001e4678fd000 JavaThread "Cache worker for Build Output Cleanup Cache (D:\pilotapp-main\node_modules\@react-native\gradle-plugin\.gradle\buildOutputCleanup)" [_thread_blocked, id=15032, stack(0x000000bc65600000,0x000000bc65700000)]
  0x000001e4678f9800 JavaThread "Unconstrained build operations" [_thread_blocked, id=8596, stack(0x000000bc65700000,0x000000bc65800000)]
  0x000001e4678fc000 JavaThread "Unconstrained build operations Thread 2" [_thread_blocked, id=2020, stack(0x000000bc65800000,0x000000bc65900000)]
  0x000001e4678fa800 JavaThread "Unconstrained build operations Thread 3" [_thread_blocked, id=13560, stack(0x000000bc65900000,0x000000bc65a00000)]
  0x000001e4678fb800 JavaThread "Unconstrained build operations Thread 4" [_thread_blocked, id=9492, stack(0x000000bc65a00000,0x000000bc65b00000)]
  0x000001e4678fd800 JavaThread "Unconstrained build operations Thread 5" [_thread_blocked, id=4052, stack(0x000000bc65b00000,0x000000bc65c00000)]
  0x000001e4678f8000 JavaThread "Unconstrained build operations Thread 6" [_thread_blocked, id=492, stack(0x000000bc65c00000,0x000000bc65d00000)]
  0x000001e4678ff800 JavaThread "Unconstrained build operations Thread 7" [_thread_blocked, id=13648, stack(0x000000bc65d00000,0x000000bc65e00000)]
  0x000001e4678fe800 JavaThread "Unconstrained build operations Thread 8" [_thread_blocked, id=280, stack(0x000000bc65e00000,0x000000bc65f00000)]
  0x000001e464bd8800 JavaThread "Unconstrained build operations Thread 9" [_thread_blocked, id=11192, stack(0x000000bc65f00000,0x000000bc66000000)]
  0x000001e464bd9800 JavaThread "Unconstrained build operations Thread 10" [_thread_blocked, id=10876, stack(0x000000bc66000000,0x000000bc66100000)]
  0x000001e464bdb000 JavaThread "Unconstrained build operations Thread 11" [_thread_blocked, id=1492, stack(0x000000bc66100000,0x000000bc66200000)]
  0x000001e464bd7000 JavaThread "Unconstrained build operations Thread 12" [_thread_blocked, id=12644, stack(0x000000bc66200000,0x000000bc66300000)]
  0x000001e464bda800 JavaThread "Unconstrained build operations Thread 13" [_thread_blocked, id=7868, stack(0x000000bc66300000,0x000000bc66400000)]
  0x000001e464bd5800 JavaThread "Unconstrained build operations Thread 14" [_thread_blocked, id=4360, stack(0x000000bc66400000,0x000000bc66500000)]
  0x000001e464be1800 JavaThread "Unconstrained build operations Thread 15" [_thread_blocked, id=14752, stack(0x000000bc66500000,0x000000bc66600000)]
  0x000001e464bde800 JavaThread "Unconstrained build operations Thread 16" [_thread_blocked, id=9840, stack(0x000000bc66600000,0x000000bc66700000)]
  0x000001e464bdc000 JavaThread "Unconstrained build operations Thread 17" [_thread_blocked, id=9900, stack(0x000000bc66700000,0x000000bc66800000)]
  0x000001e464bdf000 JavaThread "Unconstrained build operations Thread 18" [_thread_blocked, id=8704, stack(0x000000bc66800000,0x000000bc66900000)]
  0x000001e464be0000 JavaThread "Unconstrained build operations Thread 19" [_thread_blocked, id=120, stack(0x000000bc66900000,0x000000bc66a00000)]
  0x000001e464be2800 JavaThread "Unconstrained build operations Thread 20" [_thread_blocked, id=4856, stack(0x000000bc66a00000,0x000000bc66b00000)]
  0x000001e464bdd000 JavaThread "Unconstrained build operations Thread 21" [_thread_blocked, id=9980, stack(0x000000bc66b00000,0x000000bc66c00000)]
  0x000001e464be3800 JavaThread "Unconstrained build operations Thread 22" [_thread_blocked, id=12856, stack(0x000000bc66c00000,0x000000bc66d00000)]
  0x000001e464bdd800 JavaThread "Unconstrained build operations Thread 23" [_thread_blocked, id=7560, stack(0x000000bc66d00000,0x000000bc66e00000)]
  0x000001e464be4000 JavaThread "Unconstrained build operations Thread 24" [_thread_blocked, id=14404, stack(0x000000bc66e00000,0x000000bc66f00000)]
  0x000001e4628d0000 JavaThread "Unconstrained build operations Thread 25" [_thread_blocked, id=8484, stack(0x000000bc66f00000,0x000000bc67000000)]
  0x000001e4628ce800 JavaThread "Unconstrained build operations Thread 26" [_thread_blocked, id=5092, stack(0x000000bc67000000,0x000000bc67100000)]
  0x000001e4628cc000 JavaThread "Cache worker for Build Output Cleanup Cache (D:\pilotapp-main\android\.gradle\buildOutputCleanup)" [_thread_blocked, id=2964, stack(0x000000bc67100000,0x000000bc67200000)]
  0x000001e4628d6800 JavaThread "included builds" [_thread_blocked, id=12544, stack(0x000000bc67300000,0x000000bc67400000)]
  0x000001e4628d1000 JavaThread "Execution worker" [_thread_blocked, id=1404, stack(0x000000bc67400000,0x000000bc67500000)]
  0x000001e4628d7800 JavaThread "Execution worker Thread 2" [_thread_in_vm, id=10464, stack(0x000000bc67500000,0x000000bc67600000)]
  0x000001e4628d9000 JavaThread "Execution worker Thread 3" [_thread_blocked, id=14572, stack(0x000000bc67600000,0x000000bc67700000)]
  0x000001e4628da000 JavaThread "Cache worker for execution history cache (D:\pilotapp-main\node_modules\@react-native\gradle-plugin\.gradle\8.0.1\executionHistory)" [_thread_blocked, id=2452, stack(0x000000bc67700000,0x000000bc67800000)]
  0x000001e4628d4000 JavaThread "Unconstrained build operations Thread 27" [_thread_blocked, id=12528, stack(0x000000bc67800000,0x000000bc67900000)]
  0x000001e4628d5000 JavaThread "Unconstrained build operations Thread 28" [_thread_blocked, id=2788, stack(0x000000bc67900000,0x000000bc67a00000)]
  0x000001e470676000 JavaThread "Unconstrained build operations Thread 29" [_thread_blocked, id=14088, stack(0x000000bc67a00000,0x000000bc67b00000)]
  0x000001e470673800 JavaThread "Unconstrained build operations Thread 30" [_thread_blocked, id=8148, stack(0x000000bc67b00000,0x000000bc67c00000)]
  0x000001e470674800 JavaThread "Unconstrained build operations Thread 31" [_thread_blocked, id=1316, stack(0x000000bc67c00000,0x000000bc67d00000)]
  0x000001e470677800 JavaThread "Unconstrained build operations Thread 32" [_thread_blocked, id=8688, stack(0x000000bc67d00000,0x000000bc67e00000)]
  0x000001e470677000 JavaThread "Unconstrained build operations Thread 33" [_thread_blocked, id=4588, stack(0x000000bc67e00000,0x000000bc67f00000)]
  0x000001e470673000 JavaThread "Unconstrained build operations Thread 34" [_thread_blocked, id=15172, stack(0x000000bc67f00000,0x000000bc68000000)]
  0x000001e470675000 JavaThread "Unconstrained build operations Thread 35" [_thread_blocked, id=12828, stack(0x000000bc68000000,0x000000bc68100000)]
  0x000001e470672000 JavaThread "Unconstrained build operations Thread 36" [_thread_blocked, id=9088, stack(0x000000bc68100000,0x000000bc68200000)]
  0x000001e470678800 JavaThread "Unconstrained build operations Thread 37" [_thread_blocked, id=1184, stack(0x000000bc68200000,0x000000bc68300000)]
  0x000001e47067f000 JavaThread "Unconstrained build operations Thread 38" [_thread_blocked, id=1520, stack(0x000000bc68300000,0x000000bc68400000)]
  0x000001e47067a000 JavaThread "Unconstrained build operations Thread 39" [_thread_blocked, id=12216, stack(0x000000bc68400000,0x000000bc68500000)]
  0x000001e47067b800 JavaThread "Unconstrained build operations Thread 40" [_thread_blocked, id=12948, stack(0x000000bc68500000,0x000000bc68600000)]
  0x000001e47067d800 JavaThread "Cache worker for execution history cache (D:\pilotapp-main\android\.gradle\8.0.1\executionHistory)" [_thread_blocked, id=14548, stack(0x000000bc68700000,0x000000bc68800000)]
  0x000001e470680000 JavaThread "WorkerExecutor Queue" [_thread_blocked, id=8852, stack(0x000000bc68600000,0x000000bc68700000)]
  0x000001e47067c800 JavaThread "Thread-188" [_thread_in_native, id=7796, stack(0x000000bc68800000,0x000000bc68900000)]
  0x000001e46a39b800 JavaThread "WorkerExecutor Queue Thread 2" [_thread_in_vm, id=13608, stack(0x000000bc68900000,0x000000bc68a00000)]

Other Threads:
  0x000001e461a5b000 VMThread "VM Thread" [stack: 0x000000bc62f00000,0x000000bc63000000] [id=7284]
  0x000001e462565000 WatcherThread [stack: 0x000000bc63900000,0x000000bc63a00000] [id=5704]
  0x000001e443697000 GCTaskThread "GC Thread#0" [stack: 0x000000bc62a00000,0x000000bc62b00000] [id=8332]
  0x000001e462937800 GCTaskThread "GC Thread#1" [stack: 0x000000bc63a00000,0x000000bc63b00000] [id=11700]
  0x000001e462850800 GCTaskThread "GC Thread#2" [stack: 0x000000bc63b00000,0x000000bc63c00000] [id=8968]
  0x000001e46354a800 GCTaskThread "GC Thread#3" [stack: 0x000000bc63d00000,0x000000bc63e00000] [id=14328]
  0x000001e4436c6000 ConcurrentGCThread "G1 Main Marker" [stack: 0x000000bc62b00000,0x000000bc62c00000] [id=1092]
  0x000001e4436c7000 ConcurrentGCThread "G1 Conc#0" [stack: 0x000000bc62c00000,0x000000bc62d00000] [id=6588]
  0x000001e443752800 ConcurrentGCThread "G1 Refine#0" [stack: 0x000000bc62d00000,0x000000bc62e00000] [id=13444]
  0x000001e443753800 ConcurrentGCThread "G1 Young RemSet Sampling" [stack: 0x000000bc62e00000,0x000000bc62f00000] [id=9944]

Threads with active compile tasks:
C2 CompilerThread021222       4       org.gradle.internal.snapshot.impl.SnapshotSerializer::read (610 bytes)

VM state:not at safepoint (normal execution)

VM Mutex/Monitor currently owned by a thread: None

Heap address: 0x0000000080000000, size: 2048 MB, Compressed Oops mode: 32-bit
Narrow klass base: 0x0000000000000000, Narrow klass shift: 3
Compressed class space size: 528482304 Address: 0x0000000100000000

Heap:
 garbage-first heap   total 419840K, used 296865K [0x0000000080000000, 0x0000000100000000)
  region size 1024K, 9 young (9216K), 4 survivors (4096K)
 Metaspace       used 125186K, capacity 131745K, committed 131920K, reserved 630784K
  class space    used 16441K, capacity 18798K, committed 18920K, reserved 516096K
Heap Regions: E=young(eden), S=young(survivor), O=old, HS=humongous(starts), HC=humongous(continues), CS=collection set, F=free, A=archive, TAMS=top-at-mark-start (previous, next)
|   0|0x0000000080000000, 0x0000000080100000, 0x0000000080100000|100%| O|  |TAMS 0x0000000080100000, 0x0000000080000000| Untracked 
|   1|0x0000000080100000, 0x0000000080200000, 0x0000000080200000|100%| O|  |TAMS 0x0000000080200000, 0x0000000080100000| Untracked 
|   2|0x0000000080200000, 0x0000000080300000, 0x0000000080300000|100%| O|  |TAMS 0x0000000080300000, 0x0000000080200000| Untracked 
|   3|0x0000000080300000, 0x0000000080400000, 0x0000000080400000|100%|HS|  |TAMS 0x0000000080400000, 0x0000000080300000| Complete 
|   4|0x0000000080400000, 0x0000000080500000, 0x0000000080500000|100%|HC|  |TAMS 0x0000000080500000, 0x0000000080400000| Complete 
|   5|0x0000000080500000, 0x0000000080600000, 0x0000000080600000|100%|HC|  |TAMS 0x0000000080600000, 0x0000000080500000| Complete 
|   6|0x0000000080600000, 0x0000000080700000, 0x0000000080700000|100%|HC|  |TAMS 0x0000000080700000, 0x0000000080600000| Complete 
|   7|0x0000000080700000, 0x0000000080800000, 0x0000000080800000|100%| O|  |TAMS 0x0000000080800000, 0x0000000080700000| Untracked 
|   8|0x0000000080800000, 0x0000000080900000, 0x0000000080900000|100%| O|  |TAMS 0x0000000080900000, 0x0000000080800000| Untracked 
|   9|0x0000000080900000, 0x0000000080a00000, 0x0000000080a00000|100%| O|  |TAMS 0x0000000080a00000, 0x0000000080900000| Untracked 
|  10|0x0000000080a00000, 0x0000000080b00000, 0x0000000080b00000|100%| O|  |TAMS 0x0000000080b00000, 0x0000000080a00000| Untracked 
|  11|0x0000000080b00000, 0x0000000080c00000, 0x0000000080c00000|100%| O|  |TAMS 0x0000000080c00000, 0x0000000080b00000| Untracked 
|  12|0x0000000080c00000, 0x0000000080d00000, 0x0000000080d00000|100%| O|  |TAMS 0x0000000080d00000, 0x0000000080c00000| Untracked 
|  13|0x0000000080d00000, 0x0000000080e00000, 0x0000000080e00000|100%| O|  |TAMS 0x0000000080e00000, 0x0000000080d00000| Untracked 
|  14|0x0000000080e00000, 0x0000000080f00000, 0x0000000080f00000|100%| O|  |TAMS 0x0000000080f00000, 0x0000000080e00000| Untracked 
|  15|0x0000000080f00000, 0x0000000081000000, 0x0000000081000000|100%| O|  |TAMS 0x0000000081000000, 0x0000000080f00000| Untracked 
|  16|0x0000000081000000, 0x0000000081100000, 0x0000000081100000|100%| O|  |TAMS 0x0000000081100000, 0x0000000081000000| Untracked 
|  17|0x0000000081100000, 0x0000000081200000, 0x0000000081200000|100%| O|  |TAMS 0x0000000081200000, 0x0000000081100000| Untracked 
|  18|0x0000000081200000, 0x0000000081300000, 0x0000000081300000|100%| O|  |TAMS 0x0000000081300000, 0x0000000081200000| Untracked 
|  19|0x0000000081300000, 0x0000000081400000, 0x0000000081400000|100%| O|  |TAMS 0x0000000081400000, 0x0000000081300000| Untracked 
|  20|0x0000000081400000, 0x0000000081500000, 0x0000000081500000|100%| O|  |TAMS 0x0000000081500000, 0x0000000081400000| Untracked 
|  21|0x0000000081500000, 0x0000000081600000, 0x0000000081600000|100%| O|  |TAMS 0x0000000081600000, 0x0000000081500000| Untracked 
|  22|0x0000000081600000, 0x0000000081700000, 0x0000000081700000|100%| O|  |TAMS 0x0000000081700000, 0x0000000081600000| Untracked 
|  23|0x0000000081700000, 0x0000000081800000, 0x0000000081800000|100%| O|  |TAMS 0x0000000081800000, 0x0000000081700000| Untracked 
|  24|0x0000000081800000, 0x0000000081900000, 0x0000000081900000|100%| O|  |TAMS 0x0000000081900000, 0x0000000081800000| Untracked 
|  25|0x0000000081900000, 0x0000000081a00000, 0x0000000081a00000|100%| O|  |TAMS 0x0000000081a00000, 0x0000000081900000| Untracked 
|  26|0x0000000081a00000, 0x0000000081b00000, 0x0000000081b00000|100%| O|  |TAMS 0x0000000081b00000, 0x0000000081a00000| Untracked 
|  27|0x0000000081b00000, 0x0000000081c00000, 0x0000000081c00000|100%| O|  |TAMS 0x0000000081c00000, 0x0000000081b00000| Untracked 
|  28|0x0000000081c00000, 0x0000000081d00000, 0x0000000081d00000|100%| O|  |TAMS 0x0000000081d00000, 0x0000000081c00000| Untracked 
|  29|0x0000000081d00000, 0x0000000081e00000, 0x0000000081e00000|100%| O|  |TAMS 0x0000000081e00000, 0x0000000081d00000| Untracked 
|  30|0x0000000081e00000, 0x0000000081f00000, 0x0000000081f00000|100%|HS|  |TAMS 0x0000000081f00000, 0x0000000081e00000| Complete 
|  31|0x0000000081f00000, 0x0000000082000000, 0x0000000082000000|100%|HC|  |TAMS 0x0000000082000000, 0x0000000081f00000| Complete 
|  32|0x0000000082000000, 0x0000000082100000, 0x0000000082100000|100%|HS|  |TAMS 0x0000000082100000, 0x0000000082000000| Complete 
|  33|0x0000000082100000, 0x0000000082200000, 0x0000000082200000|100%|HC|  |TAMS 0x0000000082200000, 0x0000000082100000| Complete 
|  34|0x0000000082200000, 0x0000000082300000, 0x0000000082300000|100%|HC|  |TAMS 0x0000000082300000, 0x0000000082200000| Complete 
|  35|0x0000000082300000, 0x0000000082400000, 0x0000000082400000|100%|HC|  |TAMS 0x0000000082400000, 0x0000000082300000| Complete 
|  36|0x0000000082400000, 0x0000000082500000, 0x0000000082500000|100%| O|  |TAMS 0x0000000082500000, 0x0000000082400000| Untracked 
|  37|0x0000000082500000, 0x0000000082600000, 0x0000000082600000|100%| O|  |TAMS 0x0000000082600000, 0x0000000082500000| Untracked 
|  38|0x0000000082600000, 0x0000000082700000, 0x0000000082700000|100%| O|  |TAMS 0x0000000082700000, 0x0000000082600000| Untracked 
|  39|0x0000000082700000, 0x0000000082800000, 0x0000000082800000|100%| O|  |TAMS 0x0000000082800000, 0x0000000082700000| Untracked 
|  40|0x0000000082800000, 0x0000000082900000, 0x0000000082900000|100%| O|  |TAMS 0x0000000082900000, 0x0000000082800000| Untracked 
|  41|0x0000000082900000, 0x0000000082a00000, 0x0000000082a00000|100%| O|  |TAMS 0x0000000082a00000, 0x0000000082900000| Untracked 
|  42|0x0000000082a00000, 0x0000000082b00000, 0x0000000082b00000|100%| O|  |TAMS 0x0000000082b00000, 0x0000000082a00000| Untracked 
|  43|0x0000000082b00000, 0x0000000082c00000, 0x0000000082c00000|100%| O|  |TAMS 0x0000000082b00000, 0x0000000082b00000| Untracked 
|  44|0x0000000082c00000, 0x0000000082d00000, 0x0000000082d00000|100%| O|  |TAMS 0x0000000082d00000, 0x0000000082c00000| Untracked 
|  45|0x0000000082d00000, 0x0000000082e00000, 0x0000000082e00000|100%| O|  |TAMS 0x0000000082e00000, 0x0000000082d00000| Untracked 
|  46|0x0000000082e00000, 0x0000000082f00000, 0x0000000082f00000|100%| O|  |TAMS 0x0000000082f00000, 0x0000000082e00000| Untracked 
|  47|0x0000000082f00000, 0x0000000083000000, 0x0000000083000000|100%| O|  |TAMS 0x0000000083000000, 0x0000000082f00000| Untracked 
|  48|0x0000000083000000, 0x0000000083100000, 0x0000000083100000|100%| O|  |TAMS 0x0000000083100000, 0x0000000083000000| Untracked 
|  49|0x0000000083100000, 0x0000000083200000, 0x0000000083200000|100%| O|  |TAMS 0x0000000083200000, 0x0000000083100000| Untracked 
|  50|0x0000000083200000, 0x0000000083300000, 0x0000000083300000|100%|HS|  |TAMS 0x0000000083300000, 0x0000000083200000| Complete 
|  51|0x0000000083300000, 0x0000000083400000, 0x0000000083400000|100%| O|  |TAMS 0x0000000083400000, 0x0000000083300000| Untracked 
|  52|0x0000000083400000, 0x0000000083500000, 0x0000000083500000|100%| O|  |TAMS 0x0000000083400000, 0x0000000083400000| Untracked 
|  53|0x0000000083500000, 0x0000000083600000, 0x0000000083600000|100%|HS|  |TAMS 0x0000000083600000, 0x0000000083500000| Complete 
|  54|0x0000000083600000, 0x0000000083700000, 0x0000000083700000|100%|HC|  |TAMS 0x0000000083700000, 0x0000000083600000| Complete 
|  55|0x0000000083700000, 0x0000000083800000, 0x0000000083800000|100%| O|  |TAMS 0x0000000083800000, 0x0000000083700000| Untracked 
|  56|0x0000000083800000, 0x0000000083900000, 0x0000000083900000|100%|HS|  |TAMS 0x0000000083900000, 0x0000000083800000| Complete 
|  57|0x0000000083900000, 0x0000000083a00000, 0x0000000083a00000|100%|HS|  |TAMS 0x0000000083a00000, 0x0000000083900000| Complete 
|  58|0x0000000083a00000, 0x0000000083b00000, 0x0000000083b00000|100%| O|  |TAMS 0x0000000083b00000, 0x0000000083a00000| Untracked 
|  59|0x0000000083b00000, 0x0000000083c00000, 0x0000000083c00000|100%| O|  |TAMS 0x0000000083c00000, 0x0000000083b00000| Untracked 
|  60|0x0000000083c00000, 0x0000000083d00000, 0x0000000083d00000|100%| O|  |TAMS 0x0000000083d00000, 0x0000000083c00000| Untracked 
|  61|0x0000000083d00000, 0x0000000083e00000, 0x0000000083e00000|100%| O|  |TAMS 0x0000000083e00000, 0x0000000083d00000| Untracked 
|  62|0x0000000083e00000, 0x0000000083f00000, 0x0000000083f00000|100%| O|  |TAMS 0x0000000083f00000, 0x0000000083e00000| Untracked 
|  63|0x0000000083f00000, 0x0000000084000000, 0x0000000084000000|100%| O|  |TAMS 0x0000000084000000, 0x0000000083f00000| Untracked 
|  64|0x0000000084000000, 0x0000000084100000, 0x0000000084100000|100%| O|  |TAMS 0x0000000084100000, 0x0000000084000000| Untracked 
|  65|0x0000000084100000, 0x0000000084200000, 0x0000000084200000|100%| O|  |TAMS 0x0000000084200000, 0x0000000084100000| Untracked 
|  66|0x0000000084200000, 0x0000000084300000, 0x0000000084300000|100%| O|  |TAMS 0x0000000084300000, 0x0000000084200000| Untracked 
|  67|0x0000000084300000, 0x0000000084400000, 0x0000000084400000|100%| O|  |TAMS 0x0000000084400000, 0x0000000084300000| Untracked 
|  68|0x0000000084400000, 0x0000000084500000, 0x0000000084500000|100%| O|  |TAMS 0x0000000084500000, 0x0000000084400000| Untracked 
|  69|0x0000000084500000, 0x0000000084600000, 0x0000000084600000|100%| O|  |TAMS 0x0000000084600000, 0x0000000084500000| Untracked 
|  70|0x0000000084600000, 0x0000000084700000, 0x0000000084700000|100%| O|  |TAMS 0x0000000084700000, 0x0000000084600000| Untracked 
|  71|0x0000000084700000, 0x0000000084800000, 0x0000000084800000|100%| O|  |TAMS 0x0000000084800000, 0x0000000084700000| Untracked 
|  72|0x0000000084800000, 0x0000000084900000, 0x0000000084900000|100%| O|  |TAMS 0x0000000084900000, 0x0000000084800000| Untracked 
|  73|0x0000000084900000, 0x0000000084a00000, 0x0000000084a00000|100%| O|  |TAMS 0x0000000084a00000, 0x0000000084900000| Untracked 
|  74|0x0000000084a00000, 0x0000000084b00000, 0x0000000084b00000|100%| O|  |TAMS 0x0000000084b00000, 0x0000000084a00000| Untracked 
|  75|0x0000000084b00000, 0x0000000084c00000, 0x0000000084c00000|100%| O|  |TAMS 0x0000000084c00000, 0x0000000084b00000| Untracked 
|  76|0x0000000084c00000, 0x0000000084d00000, 0x0000000084d00000|100%| O|  |TAMS 0x0000000084d00000, 0x0000000084c00000| Untracked 
|  77|0x0000000084d00000, 0x0000000084e00000, 0x0000000084e00000|100%| O|  |TAMS 0x0000000084d00000, 0x0000000084d00000| Untracked 
|  78|0x0000000084e00000, 0x0000000084f00000, 0x0000000084f00000|100%| O|  |TAMS 0x0000000084e00000, 0x0000000084e00000| Untracked 
|  79|0x0000000084f00000, 0x0000000085000000, 0x0000000085000000|100%| O|  |TAMS 0x0000000084f00000, 0x0000000084f00000| Untracked 
|  80|0x0000000085000000, 0x0000000085100000, 0x0000000085100000|100%| O|  |TAMS 0x0000000085000000, 0x0000000085000000| Untracked 
|  81|0x0000000085100000, 0x0000000085200000, 0x0000000085200000|100%| O|  |TAMS 0x0000000085100000, 0x0000000085100000| Untracked 
|  82|0x0000000085200000, 0x0000000085300000, 0x0000000085300000|100%| O|  |TAMS 0x0000000085200000, 0x0000000085200000| Untracked 
|  83|0x0000000085300000, 0x0000000085400000, 0x0000000085400000|100%| O|  |TAMS 0x0000000085400000, 0x0000000085300000| Untracked 
|  84|0x0000000085400000, 0x0000000085500000, 0x0000000085500000|100%| O|  |TAMS 0x0000000085500000, 0x0000000085400000| Untracked 
|  85|0x0000000085500000, 0x0000000085600000, 0x0000000085600000|100%| O|  |TAMS 0x0000000085600000, 0x0000000085500000| Untracked 
|  86|0x0000000085600000, 0x0000000085700000, 0x0000000085700000|100%| O|  |TAMS 0x0000000085700000, 0x0000000085600000| Untracked 
|  87|0x0000000085700000, 0x0000000085800000, 0x0000000085800000|100%| O|  |TAMS 0x0000000085800000, 0x0000000085700000| Untracked 
|  88|0x0000000085800000, 0x0000000085900000, 0x0000000085900000|100%|HS|  |TAMS 0x0000000085900000, 0x0000000085800000| Complete 
|  89|0x0000000085900000, 0x0000000085a00000, 0x0000000085a00000|100%|HC|  |TAMS 0x0000000085a00000, 0x0000000085900000| Complete 
|  90|0x0000000085a00000, 0x0000000085b00000, 0x0000000085b00000|100%|HC|  |TAMS 0x0000000085b00000, 0x0000000085a00000| Complete 
|  91|0x0000000085b00000, 0x0000000085c00000, 0x0000000085c00000|100%|HC|  |TAMS 0x0000000085c00000, 0x0000000085b00000| Complete 
|  92|0x0000000085c00000, 0x0000000085d00000, 0x0000000085d00000|100%| O|  |TAMS 0x0000000085c00000, 0x0000000085c00000| Untracked 
|  93|0x0000000085d00000, 0x0000000085e00000, 0x0000000085e00000|100%| O|  |TAMS 0x0000000085d00000, 0x0000000085d00000| Untracked 
|  94|0x0000000085e00000, 0x0000000085f00000, 0x0000000085f00000|100%| O|  |TAMS 0x0000000085f00000, 0x0000000085e00000| Untracked 
|  95|0x0000000085f00000, 0x0000000086000000, 0x0000000086000000|100%| O|  |TAMS 0x0000000086000000, 0x0000000085f00000| Untracked 
|  96|0x0000000086000000, 0x0000000086100000, 0x0000000086100000|100%| O|  |TAMS 0x0000000086100000, 0x0000000086000000| Untracked 
|  97|0x0000000086100000, 0x0000000086200000, 0x0000000086200000|100%|HS|  |TAMS 0x0000000086200000, 0x0000000086100000| Complete 
|  98|0x0000000086200000, 0x0000000086300000, 0x0000000086300000|100%| O|  |TAMS 0x0000000086200000, 0x0000000086200000| Untracked 
|  99|0x0000000086300000, 0x0000000086400000, 0x0000000086400000|100%| O|  |TAMS 0x0000000086300000, 0x0000000086300000| Untracked 
| 100|0x0000000086400000, 0x0000000086500000, 0x0000000086500000|100%| O|  |TAMS 0x0000000086400000, 0x0000000086400000| Untracked 
| 101|0x0000000086500000, 0x0000000086600000, 0x0000000086600000|100%| O|  |TAMS 0x0000000086500000, 0x0000000086500000| Untracked 
| 102|0x0000000086600000, 0x0000000086700000, 0x0000000086700000|100%| O|  |TAMS 0x0000000086700000, 0x0000000086600000| Untracked 
| 103|0x0000000086700000, 0x0000000086800000, 0x0000000086800000|100%| O|  |TAMS 0x0000000086700000, 0x0000000086700000| Untracked 
| 104|0x0000000086800000, 0x0000000086900000, 0x0000000086900000|100%| O|  |TAMS 0x0000000086800000, 0x0000000086800000| Untracked 
| 105|0x0000000086900000, 0x0000000086a00000, 0x0000000086a00000|100%| O|  |TAMS 0x0000000086900000, 0x0000000086900000| Untracked 
| 106|0x0000000086a00000, 0x0000000086b00000, 0x0000000086b00000|100%| O|  |TAMS 0x0000000086a00000, 0x0000000086a00000| Untracked 
| 107|0x0000000086b00000, 0x0000000086c00000, 0x0000000086c00000|100%| O|  |TAMS 0x0000000086c00000, 0x0000000086b00000| Untracked 
| 108|0x0000000086c00000, 0x0000000086d00000, 0x0000000086d00000|100%| O|  |TAMS 0x0000000086c00000, 0x0000000086c00000| Untracked 
| 109|0x0000000086d00000, 0x0000000086e00000, 0x0000000086e00000|100%| O|  |TAMS 0x0000000086d00000, 0x0000000086d00000| Untracked 
| 110|0x0000000086e00000, 0x0000000086f00000, 0x0000000086f00000|100%| O|  |TAMS 0x0000000086e00000, 0x0000000086e00000| Untracked 
| 111|0x0000000086f00000, 0x0000000087000000, 0x0000000087000000|100%| O|  |TAMS 0x0000000086f00000, 0x0000000086f00000| Untracked 
| 112|0x0000000087000000, 0x0000000087100000, 0x0000000087100000|100%| O|  |TAMS 0x0000000087000000, 0x0000000087000000| Untracked 
| 113|0x0000000087100000, 0x0000000087200000, 0x0000000087200000|100%|HS|  |TAMS 0x0000000087200000, 0x0000000087100000| Complete 
| 114|0x0000000087200000, 0x0000000087300000, 0x0000000087300000|100%|HS|  |TAMS 0x0000000087300000, 0x0000000087200000| Complete 
| 115|0x0000000087300000, 0x0000000087400000, 0x0000000087400000|100%|HC|  |TAMS 0x0000000087400000, 0x0000000087300000| Complete 
| 116|0x0000000087400000, 0x0000000087500000, 0x0000000087500000|100%|HC|  |TAMS 0x0000000087500000, 0x0000000087400000| Complete 
| 117|0x0000000087500000, 0x0000000087600000, 0x0000000087600000|100%| O|  |TAMS 0x0000000087500000, 0x0000000087500000| Untracked 
| 118|0x0000000087600000, 0x0000000087700000, 0x0000000087700000|100%| O|  |TAMS 0x0000000087700000, 0x0000000087600000| Untracked 
| 119|0x0000000087700000, 0x0000000087800000, 0x0000000087800000|100%| O|  |TAMS 0x0000000087700000, 0x0000000087700000| Untracked 
| 120|0x0000000087800000, 0x0000000087900000, 0x0000000087900000|100%|HS|  |TAMS 0x0000000087900000, 0x0000000087800000| Complete 
| 121|0x0000000087900000, 0x0000000087a00000, 0x0000000087a00000|100%|HC|  |TAMS 0x0000000087a00000, 0x0000000087900000| Complete 
| 122|0x0000000087a00000, 0x0000000087b00000, 0x0000000087b00000|100%| O|  |TAMS 0x0000000087b00000, 0x0000000087a00000| Untracked 
| 123|0x0000000087b00000, 0x0000000087c00000, 0x0000000087c00000|100%| O|  |TAMS 0x0000000087c00000, 0x0000000087b00000| Untracked 
| 124|0x0000000087c00000, 0x0000000087d00000, 0x0000000087d00000|100%| O|  |TAMS 0x0000000087d00000, 0x0000000087c00000| Untracked 
| 125|0x0000000087d00000, 0x0000000087e00000, 0x0000000087e00000|100%| O|  |TAMS 0x0000000087e00000, 0x0000000087d00000| Untracked 
| 126|0x0000000087e00000, 0x0000000087f00000, 0x0000000087f00000|100%| O|  |TAMS 0x0000000087f00000, 0x0000000087e00000| Untracked 
| 127|0x0000000087f00000, 0x0000000088000000, 0x0000000088000000|100%| O|  |TAMS 0x0000000087f00000, 0x0000000087f00000| Untracked 
| 128|0x0000000088000000, 0x0000000088100000, 0x0000000088100000|100%| O|  |TAMS 0x0000000088100000, 0x0000000088000000| Untracked 
| 129|0x0000000088100000, 0x0000000088200000, 0x0000000088200000|100%| O|  |TAMS 0x0000000088100000, 0x0000000088100000| Untracked 
| 130|0x0000000088200000, 0x0000000088300000, 0x0000000088300000|100%|HS|  |TAMS 0x0000000088300000, 0x0000000088200000| Complete 
| 131|0x0000000088300000, 0x0000000088400000, 0x0000000088400000|100%|HC|  |TAMS 0x0000000088400000, 0x0000000088300000| Complete 
| 132|0x0000000088400000, 0x0000000088500000, 0x0000000088500000|100%|HC|  |TAMS 0x0000000088500000, 0x0000000088400000| Complete 
| 133|0x0000000088500000, 0x0000000088600000, 0x0000000088600000|100%| O|  |TAMS 0x0000000088500000, 0x0000000088500000| Untracked 
| 134|0x0000000088600000, 0x0000000088700000, 0x0000000088700000|100%| O|  |TAMS 0x0000000088700000, 0x0000000088600000| Untracked 
| 135|0x0000000088700000, 0x0000000088800000, 0x0000000088800000|100%|HS|  |TAMS 0x0000000088800000, 0x0000000088700000| Complete 
| 136|0x0000000088800000, 0x0000000088900000, 0x0000000088900000|100%|HC|  |TAMS 0x0000000088900000, 0x0000000088800000| Complete 
| 137|0x0000000088900000, 0x0000000088a00000, 0x0000000088a00000|100%| O|  |TAMS 0x0000000088a00000, 0x0000000088900000| Untracked 
| 138|0x0000000088a00000, 0x0000000088b00000, 0x0000000088b00000|100%| O|  |TAMS 0x0000000088a00000, 0x0000000088a00000| Untracked 
| 139|0x0000000088b00000, 0x0000000088c00000, 0x0000000088c00000|100%| O|  |TAMS 0x0000000088b00000, 0x0000000088b00000| Untracked 
| 140|0x0000000088c00000, 0x0000000088d00000, 0x0000000088d00000|100%| O|  |TAMS 0x0000000088c00000, 0x0000000088c00000| Untracked 
| 141|0x0000000088d00000, 0x0000000088e00000, 0x0000000088e00000|100%| O|  |TAMS 0x0000000088d00000, 0x0000000088d00000| Untracked 
| 142|0x0000000088e00000, 0x0000000088f00000, 0x0000000088f00000|100%|HS|  |TAMS 0x0000000088f00000, 0x0000000088e00000| Complete 
| 143|0x0000000088f00000, 0x0000000089000000, 0x0000000089000000|100%|HC|  |TAMS 0x0000000089000000, 0x0000000088f00000| Complete 
| 144|0x0000000089000000, 0x0000000089100000, 0x0000000089100000|100%| O|  |TAMS 0x0000000089100000, 0x0000000089000000| Untracked 
| 145|0x0000000089100000, 0x0000000089200000, 0x0000000089200000|100%| O|  |TAMS 0x0000000089100000, 0x0000000089100000| Untracked 
| 146|0x0000000089200000, 0x0000000089300000, 0x0000000089300000|100%| O|  |TAMS 0x0000000089200000, 0x0000000089200000| Untracked 
| 147|0x0000000089300000, 0x0000000089400000, 0x0000000089400000|100%| O|  |TAMS 0x0000000089400000, 0x0000000089300000| Untracked 
| 148|0x0000000089400000, 0x0000000089500000, 0x0000000089500000|100%| O|  |TAMS 0x0000000089400000, 0x0000000089400000| Untracked 
| 149|0x0000000089500000, 0x0000000089600000, 0x0000000089600000|100%|HS|  |TAMS 0x0000000089600000, 0x0000000089500000| Complete 
| 150|0x0000000089600000, 0x0000000089700000, 0x0000000089700000|100%|HS|  |TAMS 0x0000000089700000, 0x0000000089600000| Complete 
| 151|0x0000000089700000, 0x0000000089800000, 0x0000000089800000|100%|HS|  |TAMS 0x0000000089800000, 0x0000000089700000| Complete 
| 152|0x0000000089800000, 0x0000000089900000, 0x0000000089900000|100%| O|  |TAMS 0x0000000089800000, 0x0000000089800000| Untracked 
| 153|0x0000000089900000, 0x0000000089a00000, 0x0000000089a00000|100%| O|  |TAMS 0x0000000089900000, 0x0000000089900000| Untracked 
| 154|0x0000000089a00000, 0x0000000089b00000, 0x0000000089b00000|100%| O|  |TAMS 0x0000000089b00000, 0x0000000089a00000| Untracked 
| 155|0x0000000089b00000, 0x0000000089c00000, 0x0000000089c00000|100%|HS|  |TAMS 0x0000000089c00000, 0x0000000089b00000| Complete 
| 156|0x0000000089c00000, 0x0000000089d00000, 0x0000000089d00000|100%|HC|  |TAMS 0x0000000089d00000, 0x0000000089c00000| Complete 
| 157|0x0000000089d00000, 0x0000000089e00000, 0x0000000089e00000|100%|HC|  |TAMS 0x0000000089e00000, 0x0000000089d00000| Complete 
| 158|0x0000000089e00000, 0x0000000089f00000, 0x0000000089f00000|100%| O|  |TAMS 0x0000000089f00000, 0x0000000089e00000| Untracked 
| 159|0x0000000089f00000, 0x000000008a000000, 0x000000008a000000|100%| O|  |TAMS 0x000000008a000000, 0x0000000089f00000| Untracked 
| 160|0x000000008a000000, 0x000000008a100000, 0x000000008a100000|100%| O|  |TAMS 0x000000008a100000, 0x000000008a000000| Untracked 
| 161|0x000000008a100000, 0x000000008a200000, 0x000000008a200000|100%| O|  |TAMS 0x000000008a200000, 0x000000008a100000| Untracked 
| 162|0x000000008a200000, 0x000000008a300000, 0x000000008a300000|100%| O|  |TAMS 0x000000008a200000, 0x000000008a200000| Untracked 
| 163|0x000000008a300000, 0x000000008a400000, 0x000000008a400000|100%| O|  |TAMS 0x000000008a300000, 0x000000008a300000| Untracked 
| 164|0x000000008a400000, 0x000000008a500000, 0x000000008a500000|100%| O|  |TAMS 0x000000008a400000, 0x000000008a400000| Untracked 
| 165|0x000000008a500000, 0x000000008a600000, 0x000000008a600000|100%|HS|  |TAMS 0x000000008a600000, 0x000000008a500000| Complete 
| 166|0x000000008a600000, 0x000000008a700000, 0x000000008a700000|100%| O|  |TAMS 0x000000008a600000, 0x000000008a600000| Untracked 
| 167|0x000000008a700000, 0x000000008a800000, 0x000000008a800000|100%| O|  |TAMS 0x000000008a800000, 0x000000008a700000| Untracked 
| 168|0x000000008a800000, 0x000000008a900000, 0x000000008a900000|100%| O|  |TAMS 0x000000008a800000, 0x000000008a800000| Untracked 
| 169|0x000000008a900000, 0x000000008aa00000, 0x000000008aa00000|100%| O|  |TAMS 0x000000008a900000, 0x000000008a900000| Untracked 
| 170|0x000000008aa00000, 0x000000008ab00000, 0x000000008ab00000|100%| O|  |TAMS 0x000000008aa00000, 0x000000008aa00000| Untracked 
| 171|0x000000008ab00000, 0x000000008ac00000, 0x000000008ac00000|100%| O|  |TAMS 0x000000008ac00000, 0x000000008ab00000| Untracked 
| 172|0x000000008ac00000, 0x000000008ad00000, 0x000000008ad00000|100%| O|  |TAMS 0x000000008ad00000, 0x000000008ac00000| Untracked 
| 173|0x000000008ad00000, 0x000000008ae00000, 0x000000008ae00000|100%| O|  |TAMS 0x000000008ae00000, 0x000000008ad00000| Untracked 
| 174|0x000000008ae00000, 0x000000008af00000, 0x000000008af00000|100%| O|  |TAMS 0x000000008ae00000, 0x000000008ae00000| Untracked 
| 175|0x000000008af00000, 0x000000008b000000, 0x000000008b000000|100%| O|  |TAMS 0x000000008af00000, 0x000000008af00000| Untracked 
| 176|0x000000008b000000, 0x000000008b100000, 0x000000008b100000|100%| O|  |TAMS 0x000000008b000000, 0x000000008b000000| Untracked 
| 177|0x000000008b100000, 0x000000008b200000, 0x000000008b200000|100%| O|  |TAMS 0x000000008b100000, 0x000000008b100000| Untracked 
| 178|0x000000008b200000, 0x000000008b300000, 0x000000008b300000|100%|HS|  |TAMS 0x000000008b300000, 0x000000008b200000| Complete 
| 179|0x000000008b300000, 0x000000008b400000, 0x000000008b400000|100%|HC|  |TAMS 0x000000008b400000, 0x000000008b300000| Complete 
| 180|0x000000008b400000, 0x000000008b500000, 0x000000008b500000|100%| O|  |TAMS 0x000000008b400000, 0x000000008b400000| Untracked 
| 181|0x000000008b500000, 0x000000008b600000, 0x000000008b600000|100%| O|  |TAMS 0x000000008b500000, 0x000000008b500000| Untracked 
| 182|0x000000008b600000, 0x000000008b700000, 0x000000008b700000|100%| O|  |TAMS 0x000000008b700000, 0x000000008b600000| Untracked 
| 183|0x000000008b700000, 0x000000008b800000, 0x000000008b800000|100%| O|  |TAMS 0x000000008b700000, 0x000000008b700000| Untracked 
| 184|0x000000008b800000, 0x000000008b900000, 0x000000008b900000|100%|HS|  |TAMS 0x000000008b900000, 0x000000008b800000| Complete 
| 185|0x000000008b900000, 0x000000008ba00000, 0x000000008ba00000|100%|HS|  |TAMS 0x000000008ba00000, 0x000000008b900000| Complete 
| 186|0x000000008ba00000, 0x000000008bb00000, 0x000000008bb00000|100%| O|  |TAMS 0x000000008ba00000, 0x000000008ba00000| Untracked 
| 187|0x000000008bb00000, 0x000000008bc00000, 0x000000008bc00000|100%| O|  |TAMS 0x000000008bb00000, 0x000000008bb00000| Untracked 
| 188|0x000000008bc00000, 0x000000008bd00000, 0x000000008bd00000|100%| O|  |TAMS 0x000000008bd00000, 0x000000008bc00000| Untracked 
| 189|0x000000008bd00000, 0x000000008be00000, 0x000000008be00000|100%| O|  |TAMS 0x000000008bd00000, 0x000000008bd00000| Untracked 
| 190|0x000000008be00000, 0x000000008bf00000, 0x000000008bf00000|100%| O|  |TAMS 0x000000008be00000, 0x000000008be00000| Untracked 
| 191|0x000000008bf00000, 0x000000008c000000, 0x000000008c000000|100%| O|  |TAMS 0x000000008bf00000, 0x000000008bf00000| Untracked 
| 192|0x000000008c000000, 0x000000008c100000, 0x000000008c100000|100%| O|  |TAMS 0x000000008c000000, 0x000000008c000000| Untracked 
| 193|0x000000008c100000, 0x000000008c200000, 0x000000008c200000|100%| O|  |TAMS 0x000000008c100000, 0x000000008c100000| Untracked 
| 194|0x000000008c200000, 0x000000008c300000, 0x000000008c300000|100%| O|  |TAMS 0x000000008c200000, 0x000000008c200000| Untracked 
| 195|0x000000008c300000, 0x000000008c400000, 0x000000008c400000|100%| O|  |TAMS 0x000000008c300000, 0x000000008c300000| Untracked 
| 196|0x000000008c400000, 0x000000008c500000, 0x000000008c500000|100%| O|  |TAMS 0x000000008c400000, 0x000000008c400000| Untracked 
| 197|0x000000008c500000, 0x000000008c600000, 0x000000008c600000|100%| O|  |TAMS 0x000000008c500000, 0x000000008c500000| Untracked 
| 198|0x000000008c600000, 0x000000008c700000, 0x000000008c700000|100%| O|  |TAMS 0x000000008c600000, 0x000000008c600000| Untracked 
| 199|0x000000008c700000, 0x000000008c800000, 0x000000008c800000|100%| O|  |TAMS 0x000000008c800000, 0x000000008c700000| Untracked 
| 200|0x000000008c800000, 0x000000008c900000, 0x000000008c900000|100%| O|  |TAMS 0x000000008c800000, 0x000000008c800000| Untracked 
| 201|0x000000008c900000, 0x000000008ca00000, 0x000000008ca00000|100%| O|  |TAMS 0x000000008c900000, 0x000000008c900000| Untracked 
| 202|0x000000008ca00000, 0x000000008cb00000, 0x000000008cb00000|100%| O|  |TAMS 0x000000008ca00000, 0x000000008ca00000| Untracked 
| 203|0x000000008cb00000, 0x000000008cc00000, 0x000000008cc00000|100%| O|  |TAMS 0x000000008cb00000, 0x000000008cb00000| Untracked 
| 204|0x000000008cc00000, 0x000000008cd00000, 0x000000008cd00000|100%| O|  |TAMS 0x000000008cc00000, 0x000000008cc00000| Untracked 
| 205|0x000000008cd00000, 0x000000008ce00000, 0x000000008ce00000|100%| O|  |TAMS 0x000000008cd00000, 0x000000008cd00000| Untracked 
| 206|0x000000008ce00000, 0x000000008cf00000, 0x000000008cf00000|100%| O|  |TAMS 0x000000008ce00000, 0x000000008ce00000| Untracked 
| 207|0x000000008cf00000, 0x000000008d000000, 0x000000008d000000|100%| O|  |TAMS 0x000000008cf00000, 0x000000008cf00000| Untracked 
| 208|0x000000008d000000, 0x000000008d100000, 0x000000008d100000|100%| O|  |TAMS 0x000000008d000000, 0x000000008d000000| Untracked 
| 209|0x000000008d100000, 0x000000008d200000, 0x000000008d200000|100%| O|  |TAMS 0x000000008d100000, 0x000000008d100000| Untracked 
| 210|0x000000008d200000, 0x000000008d300000, 0x000000008d300000|100%| O|  |TAMS 0x000000008d200000, 0x000000008d200000| Untracked 
| 211|0x000000008d300000, 0x000000008d400000, 0x000000008d400000|100%| O|  |TAMS 0x000000008d300000, 0x000000008d300000| Untracked 
| 212|0x000000008d400000, 0x000000008d414600, 0x000000008d500000|  7%| O|  |TAMS 0x000000008d400000, 0x000000008d400000| Untracked 
| 213|0x000000008d500000, 0x000000008d500000, 0x000000008d600000|  0%| F|  |TAMS 0x000000008d500000, 0x000000008d500000| Untracked 
| 214|0x000000008d600000, 0x000000008d600000, 0x000000008d700000|  0%| F|  |TAMS 0x000000008d600000, 0x000000008d600000| Untracked 
| 215|0x000000008d700000, 0x000000008d800000, 0x000000008d800000|100%| O|  |TAMS 0x000000008d700000, 0x000000008d700000| Untracked 
| 216|0x000000008d800000, 0x000000008d800000, 0x000000008d900000|  0%| F|  |TAMS 0x000000008d800000, 0x000000008d800000| Untracked 
| 217|0x000000008d900000, 0x000000008d900000, 0x000000008da00000|  0%| F|  |TAMS 0x000000008d900000, 0x000000008d900000| Untracked 
| 218|0x000000008da00000, 0x000000008db00000, 0x000000008db00000|100%| O|  |TAMS 0x000000008da00000, 0x000000008da00000| Untracked 
| 219|0x000000008db00000, 0x000000008db00000, 0x000000008dc00000|  0%| F|  |TAMS 0x000000008db00000, 0x000000008db00000| Untracked 
| 220|0x000000008dc00000, 0x000000008dc00000, 0x000000008dd00000|  0%| F|  |TAMS 0x000000008dc00000, 0x000000008dc00000| Untracked 
| 221|0x000000008dd00000, 0x000000008dd00000, 0x000000008de00000|  0%| F|  |TAMS 0x000000008dd00000, 0x000000008dd00000| Untracked 
| 222|0x000000008de00000, 0x000000008de00000, 0x000000008df00000|  0%| F|  |TAMS 0x000000008de00000, 0x000000008de00000| Untracked 
| 223|0x000000008df00000, 0x000000008df00000, 0x000000008e000000|  0%| F|  |TAMS 0x000000008df00000, 0x000000008df00000| Untracked 
| 224|0x000000008e000000, 0x000000008e000000, 0x000000008e100000|  0%| F|  |TAMS 0x000000008e000000, 0x000000008e000000| Untracked 
| 225|0x000000008e100000, 0x000000008e100000, 0x000000008e200000|  0%| F|  |TAMS 0x000000008e100000, 0x000000008e100000| Untracked 
| 226|0x000000008e200000, 0x000000008e200000, 0x000000008e300000|  0%| F|  |TAMS 0x000000008e200000, 0x000000008e200000| Untracked 
| 227|0x000000008e300000, 0x000000008e300000, 0x000000008e400000|  0%| F|  |TAMS 0x000000008e300000, 0x000000008e300000| Untracked 
| 228|0x000000008e400000, 0x000000008e400000, 0x000000008e500000|  0%| F|  |TAMS 0x000000008e400000, 0x000000008e400000| Untracked 
| 229|0x000000008e500000, 0x000000008e500000, 0x000000008e600000|  0%| F|  |TAMS 0x000000008e500000, 0x000000008e500000| Untracked 
| 230|0x000000008e600000, 0x000000008e600000, 0x000000008e700000|  0%| F|  |TAMS 0x000000008e600000, 0x000000008e600000| Untracked 
| 231|0x000000008e700000, 0x000000008e700000, 0x000000008e800000|  0%| F|  |TAMS 0x000000008e700000, 0x000000008e700000| Untracked 
| 232|0x000000008e800000, 0x000000008e800000, 0x000000008e900000|  0%| F|  |TAMS 0x000000008e800000, 0x000000008e800000| Untracked 
| 233|0x000000008e900000, 0x000000008e900000, 0x000000008ea00000|  0%| F|  |TAMS 0x000000008e900000, 0x000000008e900000| Untracked 
| 234|0x000000008ea00000, 0x000000008ea00000, 0x000000008eb00000|  0%| F|  |TAMS 0x000000008ea00000, 0x000000008ea00000| Untracked 
| 235|0x000000008eb00000, 0x000000008eb00000, 0x000000008ec00000|  0%| F|  |TAMS 0x000000008eb00000, 0x000000008eb00000| Untracked 
| 236|0x000000008ec00000, 0x000000008ec00000, 0x000000008ed00000|  0%| F|  |TAMS 0x000000008ec00000, 0x000000008ec00000| Untracked 
| 237|0x000000008ed00000, 0x000000008ee00000, 0x000000008ee00000|100%| O|  |TAMS 0x000000008ee00000, 0x000000008ed00000| Untracked 
| 238|0x000000008ee00000, 0x000000008ef00000, 0x000000008ef00000|100%| O|  |TAMS 0x000000008ef00000, 0x000000008ee00000| Untracked 
| 239|0x000000008ef00000, 0x000000008f000000, 0x000000008f000000|100%| O|  |TAMS 0x000000008f000000, 0x000000008ef00000| Untracked 
| 240|0x000000008f000000, 0x000000008f100000, 0x000000008f100000|100%| O|  |TAMS 0x000000008f100000, 0x000000008f000000| Untracked 
| 241|0x000000008f100000, 0x000000008f200000, 0x000000008f200000|100%| O|  |TAMS 0x000000008f200000, 0x000000008f100000| Untracked 
| 242|0x000000008f200000, 0x000000008f300000, 0x000000008f300000|100%| O|  |TAMS 0x000000008f300000, 0x000000008f200000| Untracked 
| 243|0x000000008f300000, 0x000000008f400000, 0x000000008f400000|100%| O|  |TAMS 0x000000008f400000, 0x000000008f300000| Untracked 
| 244|0x000000008f400000, 0x000000008f500000, 0x000000008f500000|100%| O|  |TAMS 0x000000008f500000, 0x000000008f400000| Untracked 
| 245|0x000000008f500000, 0x000000008f600000, 0x000000008f600000|100%| O|  |TAMS 0x000000008f600000, 0x000000008f500000| Untracked 
| 246|0x000000008f600000, 0x000000008f700000, 0x000000008f700000|100%| O|  |TAMS 0x000000008f700000, 0x000000008f600000| Untracked 
| 247|0x000000008f700000, 0x000000008f800000, 0x000000008f800000|100%| O|  |TAMS 0x000000008f800000, 0x000000008f700000| Untracked 
| 248|0x000000008f800000, 0x000000008f900000, 0x000000008f900000|100%| O|  |TAMS 0x000000008f900000, 0x000000008f800000| Untracked 
| 249|0x000000008f900000, 0x000000008fa00000, 0x000000008fa00000|100%| O|  |TAMS 0x000000008fa00000, 0x000000008f900000| Untracked 
| 250|0x000000008fa00000, 0x000000008fb00000, 0x000000008fb00000|100%| O|  |TAMS 0x000000008fb00000, 0x000000008fa00000| Untracked 
| 251|0x000000008fb00000, 0x000000008fc00000, 0x000000008fc00000|100%| O|  |TAMS 0x000000008fc00000, 0x000000008fb00000| Untracked 
| 252|0x000000008fc00000, 0x000000008fd00000, 0x000000008fd00000|100%| O|  |TAMS 0x000000008fd00000, 0x000000008fc00000| Untracked 
| 253|0x000000008fd00000, 0x000000008fe00000, 0x000000008fe00000|100%| O|  |TAMS 0x000000008fe00000, 0x000000008fd00000| Untracked 
| 254|0x000000008fe00000, 0x000000008ff00000, 0x000000008ff00000|100%| O|  |TAMS 0x000000008ff00000, 0x000000008fe00000| Untracked 
| 255|0x000000008ff00000, 0x0000000090000000, 0x0000000090000000|100%| O|  |TAMS 0x0000000090000000, 0x000000008ff00000| Untracked 
| 256|0x0000000090000000, 0x0000000090100000, 0x0000000090100000|100%| O|  |TAMS 0x0000000090100000, 0x0000000090000000| Untracked 
| 257|0x0000000090100000, 0x0000000090200000, 0x0000000090200000|100%| O|  |TAMS 0x0000000090200000, 0x0000000090100000| Untracked 
| 258|0x0000000090200000, 0x0000000090300000, 0x0000000090300000|100%| O|  |TAMS 0x0000000090300000, 0x0000000090200000| Untracked 
| 259|0x0000000090300000, 0x0000000090400000, 0x0000000090400000|100%| O|  |TAMS 0x0000000090400000, 0x0000000090300000| Untracked 
| 260|0x0000000090400000, 0x0000000090500000, 0x0000000090500000|100%| O|  |TAMS 0x0000000090500000, 0x0000000090400000| Untracked 
| 261|0x0000000090500000, 0x0000000090600000, 0x0000000090600000|100%| O|  |TAMS 0x0000000090600000, 0x0000000090500000| Untracked 
| 262|0x0000000090600000, 0x0000000090700000, 0x0000000090700000|100%| O|  |TAMS 0x0000000090700000, 0x0000000090600000| Untracked 
| 263|0x0000000090700000, 0x0000000090800000, 0x0000000090800000|100%| O|  |TAMS 0x0000000090800000, 0x0000000090700000| Untracked 
| 264|0x0000000090800000, 0x0000000090900000, 0x0000000090900000|100%| O|  |TAMS 0x0000000090900000, 0x0000000090800000| Untracked 
| 265|0x0000000090900000, 0x0000000090a00000, 0x0000000090a00000|100%| O|  |TAMS 0x0000000090a00000, 0x0000000090900000| Untracked 
| 266|0x0000000090a00000, 0x0000000090b00000, 0x0000000090b00000|100%| O|  |TAMS 0x0000000090b00000, 0x0000000090a00000| Untracked 
| 267|0x0000000090b00000, 0x0000000090c00000, 0x0000000090c00000|100%| O|  |TAMS 0x0000000090c00000, 0x0000000090b00000| Untracked 
| 268|0x0000000090c00000, 0x0000000090d00000, 0x0000000090d00000|100%| O|  |TAMS 0x0000000090d00000, 0x0000000090c00000| Untracked 
| 269|0x0000000090d00000, 0x0000000090e00000, 0x0000000090e00000|100%| O|  |TAMS 0x0000000090e00000, 0x0000000090d00000| Untracked 
| 270|0x0000000090e00000, 0x0000000090f00000, 0x0000000090f00000|100%| O|  |TAMS 0x0000000090f00000, 0x0000000090e00000| Untracked 
| 271|0x0000000090f00000, 0x0000000091000000, 0x0000000091000000|100%| O|  |TAMS 0x0000000091000000, 0x0000000090f00000| Untracked 
| 272|0x0000000091000000, 0x0000000091100000, 0x0000000091100000|100%| O|  |TAMS 0x0000000091100000, 0x0000000091000000| Untracked 
| 273|0x0000000091100000, 0x0000000091200000, 0x0000000091200000|100%| O|  |TAMS 0x0000000091200000, 0x0000000091100000| Untracked 
| 274|0x0000000091200000, 0x0000000091300000, 0x0000000091300000|100%| O|  |TAMS 0x0000000091300000, 0x0000000091200000| Untracked 
| 275|0x0000000091300000, 0x0000000091400000, 0x0000000091400000|100%| O|  |TAMS 0x0000000091400000, 0x0000000091300000| Untracked 
| 276|0x0000000091400000, 0x0000000091500000, 0x0000000091500000|100%| O|  |TAMS 0x0000000091500000, 0x0000000091400000| Untracked 
| 277|0x0000000091500000, 0x0000000091600000, 0x0000000091600000|100%| O|  |TAMS 0x0000000091600000, 0x0000000091500000| Untracked 
| 278|0x0000000091600000, 0x0000000091700000, 0x0000000091700000|100%| O|  |TAMS 0x0000000091700000, 0x0000000091600000| Untracked 
| 279|0x0000000091700000, 0x0000000091800000, 0x0000000091800000|100%| O|  |TAMS 0x0000000091800000, 0x0000000091700000| Untracked 
| 280|0x0000000091800000, 0x0000000091900000, 0x0000000091900000|100%| O|  |TAMS 0x0000000091900000, 0x0000000091800000| Untracked 
| 281|0x0000000091900000, 0x0000000091900000, 0x0000000091a00000|  0%| F|  |TAMS 0x0000000091900000, 0x0000000091900000| Untracked 
| 282|0x0000000091a00000, 0x0000000091b00000, 0x0000000091b00000|100%| O|  |TAMS 0x0000000091b00000, 0x0000000091a00000| Untracked 
| 283|0x0000000091b00000, 0x0000000091c00000, 0x0000000091c00000|100%| O|  |TAMS 0x0000000091c00000, 0x0000000091b00000| Untracked 
| 284|0x0000000091c00000, 0x0000000091d00000, 0x0000000091d00000|100%| O|  |TAMS 0x0000000091d00000, 0x0000000091c00000| Untracked 
| 285|0x0000000091d00000, 0x0000000091e00000, 0x0000000091e00000|100%| O|  |TAMS 0x0000000091e00000, 0x0000000091d00000| Untracked 
| 286|0x0000000091e00000, 0x0000000091f00000, 0x0000000091f00000|100%| O|  |TAMS 0x0000000091f00000, 0x0000000091e00000| Untracked 
| 287|0x0000000091f00000, 0x0000000092000000, 0x0000000092000000|100%| O|  |TAMS 0x0000000092000000, 0x0000000091f00000| Untracked 
| 288|0x0000000092000000, 0x0000000092100000, 0x0000000092100000|100%| O|  |TAMS 0x0000000092100000, 0x0000000092000000| Untracked 
| 289|0x0000000092100000, 0x0000000092200000, 0x0000000092200000|100%| O|  |TAMS 0x0000000092200000, 0x0000000092100000| Untracked 
| 290|0x0000000092200000, 0x0000000092300000, 0x0000000092300000|100%| O|  |TAMS 0x0000000092300000, 0x0000000092200000| Untracked 
| 291|0x0000000092300000, 0x0000000092400000, 0x0000000092400000|100%| O|  |TAMS 0x0000000092400000, 0x0000000092300000| Untracked 
| 292|0x0000000092400000, 0x0000000092500000, 0x0000000092500000|100%| O|  |TAMS 0x0000000092500000, 0x0000000092400000| Untracked 
| 293|0x0000000092500000, 0x0000000092600000, 0x0000000092600000|100%| O|  |TAMS 0x0000000092600000, 0x0000000092500000| Untracked 
| 294|0x0000000092600000, 0x0000000092700000, 0x0000000092700000|100%| O|  |TAMS 0x0000000092700000, 0x0000000092600000| Untracked 
| 295|0x0000000092700000, 0x0000000092800000, 0x0000000092800000|100%| O|  |TAMS 0x0000000092800000, 0x0000000092700000| Untracked 
| 296|0x0000000092800000, 0x0000000092900000, 0x0000000092900000|100%| O|  |TAMS 0x0000000092900000, 0x0000000092800000| Untracked 
| 297|0x0000000092900000, 0x0000000092a00000, 0x0000000092a00000|100%| O|  |TAMS 0x0000000092a00000, 0x0000000092900000| Untracked 
| 298|0x0000000092a00000, 0x0000000092a00000, 0x0000000092b00000|  0%| F|  |TAMS 0x0000000092a00000, 0x0000000092a00000| Untracked 
| 299|0x0000000092b00000, 0x0000000092c00000, 0x0000000092c00000|100%| O|  |TAMS 0x0000000092c00000, 0x0000000092b00000| Untracked 
| 300|0x0000000092c00000, 0x0000000092d00000, 0x0000000092d00000|100%| O|  |TAMS 0x0000000092d00000, 0x0000000092c00000| Untracked 
| 301|0x0000000092d00000, 0x0000000092e00000, 0x0000000092e00000|100%| O|  |TAMS 0x0000000092e00000, 0x0000000092d00000| Untracked 
| 302|0x0000000092e00000, 0x0000000092f00000, 0x0000000092f00000|100%| O|  |TAMS 0x0000000092e27c00, 0x0000000092e00000| Untracked 
| 303|0x0000000092f00000, 0x0000000093000000, 0x0000000093000000|100%| O|  |TAMS 0x0000000092f00000, 0x0000000092f00000| Untracked 
| 304|0x0000000093000000, 0x0000000093100000, 0x0000000093100000|100%| O|  |TAMS 0x0000000093000000, 0x0000000093000000| Untracked 
| 305|0x0000000093100000, 0x0000000093200000, 0x0000000093200000|100%| O|  |TAMS 0x0000000093100000, 0x0000000093100000| Untracked 
| 306|0x0000000093200000, 0x0000000093300000, 0x0000000093300000|100%| O|  |TAMS 0x0000000093200000, 0x0000000093200000| Untracked 
| 307|0x0000000093300000, 0x0000000093400000, 0x0000000093400000|100%| O|  |TAMS 0x0000000093300000, 0x0000000093300000| Untracked 
| 308|0x0000000093400000, 0x0000000093400000, 0x0000000093500000|  0%| F|  |TAMS 0x0000000093400000, 0x0000000093400000| Untracked 
| 309|0x0000000093500000, 0x0000000093500000, 0x0000000093600000|  0%| F|  |TAMS 0x0000000093500000, 0x0000000093500000| Untracked 
| 310|0x0000000093600000, 0x0000000093600000, 0x0000000093700000|  0%| F|  |TAMS 0x0000000093600000, 0x0000000093600000| Untracked 
| 311|0x0000000093700000, 0x0000000093700000, 0x0000000093800000|  0%| F|  |TAMS 0x0000000093700000, 0x0000000093700000| Untracked 
| 312|0x0000000093800000, 0x0000000093800000, 0x0000000093900000|  0%| F|  |TAMS 0x0000000093800000, 0x0000000093800000| Untracked 
| 313|0x0000000093900000, 0x0000000093900000, 0x0000000093a00000|  0%| F|  |TAMS 0x0000000093900000, 0x0000000093900000| Untracked 
| 314|0x0000000093a00000, 0x0000000093a00000, 0x0000000093b00000|  0%| F|  |TAMS 0x0000000093a00000, 0x0000000093a00000| Untracked 
| 315|0x0000000093b00000, 0x0000000093b00000, 0x0000000093c00000|  0%| F|  |TAMS 0x0000000093b00000, 0x0000000093b00000| Untracked 
| 316|0x0000000093c00000, 0x0000000093c00000, 0x0000000093d00000|  0%| F|  |TAMS 0x0000000093c00000, 0x0000000093c00000| Untracked 
| 317|0x0000000093d00000, 0x0000000093d00000, 0x0000000093e00000|  0%| F|  |TAMS 0x0000000093d00000, 0x0000000093d00000| Untracked 
| 318|0x0000000093e00000, 0x0000000093e00000, 0x0000000093f00000|  0%| F|  |TAMS 0x0000000093e00000, 0x0000000093e00000| Untracked 
| 319|0x0000000093f00000, 0x0000000093f00000, 0x0000000094000000|  0%| F|  |TAMS 0x0000000093f00000, 0x0000000093f00000| Untracked 
| 320|0x0000000094000000, 0x0000000094000000, 0x0000000094100000|  0%| F|  |TAMS 0x0000000094000000, 0x0000000094000000| Untracked 
| 321|0x0000000094100000, 0x0000000094100000, 0x0000000094200000|  0%| F|  |TAMS 0x0000000094100000, 0x0000000094100000| Untracked 
| 322|0x0000000094200000, 0x0000000094200000, 0x0000000094300000|  0%| F|  |TAMS 0x0000000094200000, 0x0000000094200000| Untracked 
| 323|0x0000000094300000, 0x0000000094300000, 0x0000000094400000|  0%| F|  |TAMS 0x0000000094300000, 0x0000000094300000| Untracked 
| 324|0x0000000094400000, 0x0000000094400000, 0x0000000094500000|  0%| F|  |TAMS 0x0000000094400000, 0x0000000094400000| Untracked 
| 325|0x0000000094500000, 0x0000000094500000, 0x0000000094600000|  0%| F|  |TAMS 0x0000000094500000, 0x0000000094500000| Untracked 
| 326|0x0000000094600000, 0x0000000094600000, 0x0000000094700000|  0%| F|  |TAMS 0x0000000094600000, 0x0000000094600000| Untracked 
| 327|0x0000000094700000, 0x0000000094700000, 0x0000000094800000|  0%| F|  |TAMS 0x0000000094700000, 0x0000000094700000| Untracked 
| 328|0x0000000094800000, 0x0000000094800000, 0x0000000094900000|  0%| F|  |TAMS 0x0000000094800000, 0x0000000094800000| Untracked 
| 329|0x0000000094900000, 0x0000000094900000, 0x0000000094a00000|  0%| F|  |TAMS 0x0000000094900000, 0x0000000094900000| Untracked 
| 330|0x0000000094a00000, 0x0000000094a00000, 0x0000000094b00000|  0%| F|  |TAMS 0x0000000094a00000, 0x0000000094a00000| Untracked 
| 331|0x0000000094b00000, 0x0000000094b00000, 0x0000000094c00000|  0%| F|  |TAMS 0x0000000094b00000, 0x0000000094b00000| Untracked 
| 332|0x0000000094c00000, 0x0000000094c00000, 0x0000000094d00000|  0%| F|  |TAMS 0x0000000094c00000, 0x0000000094c00000| Untracked 
| 333|0x0000000094d00000, 0x0000000094d00000, 0x0000000094e00000|  0%| F|  |TAMS 0x0000000094d00000, 0x0000000094d00000| Untracked 
| 334|0x0000000094e00000, 0x0000000094e00000, 0x0000000094f00000|  0%| F|  |TAMS 0x0000000094e00000, 0x0000000094e00000| Untracked 
| 335|0x0000000094f00000, 0x0000000094f00000, 0x0000000095000000|  0%| F|  |TAMS 0x0000000094f00000, 0x0000000094f00000| Untracked 
| 336|0x0000000095000000, 0x0000000095000000, 0x0000000095100000|  0%| F|  |TAMS 0x0000000095000000, 0x0000000095000000| Untracked 
| 337|0x0000000095100000, 0x0000000095100000, 0x0000000095200000|  0%| F|  |TAMS 0x0000000095100000, 0x0000000095100000| Untracked 
| 338|0x0000000095200000, 0x0000000095200000, 0x0000000095300000|  0%| F|  |TAMS 0x0000000095200000, 0x0000000095200000| Untracked 
| 339|0x0000000095300000, 0x0000000095300000, 0x0000000095400000|  0%| F|  |TAMS 0x0000000095300000, 0x0000000095300000| Untracked 
| 340|0x0000000095400000, 0x0000000095400000, 0x0000000095500000|  0%| F|  |TAMS 0x0000000095400000, 0x0000000095400000| Untracked 
| 341|0x0000000095500000, 0x0000000095500000, 0x0000000095600000|  0%| F|  |TAMS 0x0000000095500000, 0x0000000095500000| Untracked 
| 342|0x0000000095600000, 0x0000000095600000, 0x0000000095700000|  0%| F|  |TAMS 0x0000000095600000, 0x0000000095600000| Untracked 
| 343|0x0000000095700000, 0x0000000095700000, 0x0000000095800000|  0%| F|  |TAMS 0x0000000095700000, 0x0000000095700000| Untracked 
| 344|0x0000000095800000, 0x0000000095800000, 0x0000000095900000|  0%| F|  |TAMS 0x0000000095800000, 0x0000000095800000| Untracked 
| 345|0x0000000095900000, 0x0000000095900000, 0x0000000095a00000|  0%| F|  |TAMS 0x0000000095900000, 0x0000000095900000| Untracked 
| 346|0x0000000095a00000, 0x0000000095a00000, 0x0000000095b00000|  0%| F|  |TAMS 0x0000000095a00000, 0x0000000095a00000| Untracked 
| 347|0x0000000095b00000, 0x0000000095b00000, 0x0000000095c00000|  0%| F|  |TAMS 0x0000000095b00000, 0x0000000095b00000| Untracked 
| 348|0x0000000095c00000, 0x0000000095c00000, 0x0000000095d00000|  0%| F|  |TAMS 0x0000000095c00000, 0x0000000095c00000| Untracked 
| 349|0x0000000095d00000, 0x0000000095d00000, 0x0000000095e00000|  0%| F|  |TAMS 0x0000000095d00000, 0x0000000095d00000| Untracked 
| 350|0x0000000095e00000, 0x0000000095e00000, 0x0000000095f00000|  0%| F|  |TAMS 0x0000000095e00000, 0x0000000095e00000| Untracked 
| 351|0x0000000095f00000, 0x0000000095f00000, 0x0000000096000000|  0%| F|  |TAMS 0x0000000095f00000, 0x0000000095f00000| Untracked 
| 352|0x0000000096000000, 0x0000000096000000, 0x0000000096100000|  0%| F|  |TAMS 0x0000000096000000, 0x0000000096000000| Untracked 
| 353|0x0000000096100000, 0x0000000096100000, 0x0000000096200000|  0%| F|  |TAMS 0x0000000096100000, 0x0000000096100000| Untracked 
| 354|0x0000000096200000, 0x0000000096200000, 0x0000000096300000|  0%| F|  |TAMS 0x0000000096200000, 0x0000000096200000| Untracked 
| 355|0x0000000096300000, 0x0000000096300000, 0x0000000096400000|  0%| F|  |TAMS 0x0000000096300000, 0x0000000096300000| Untracked 
| 356|0x0000000096400000, 0x0000000096400000, 0x0000000096500000|  0%| F|  |TAMS 0x0000000096400000, 0x0000000096400000| Untracked 
| 357|0x0000000096500000, 0x0000000096500000, 0x0000000096600000|  0%| F|  |TAMS 0x0000000096500000, 0x0000000096500000| Untracked 
| 358|0x0000000096600000, 0x0000000096600000, 0x0000000096700000|  0%| F|  |TAMS 0x0000000096600000, 0x0000000096600000| Untracked 
| 359|0x0000000096700000, 0x00000000967d41a0, 0x0000000096800000| 82%| S|CS|TAMS 0x0000000096700000, 0x0000000096700000| Complete 
| 360|0x0000000096800000, 0x0000000096900000, 0x0000000096900000|100%| S|CS|TAMS 0x0000000096800000, 0x0000000096800000| Complete 
| 361|0x0000000096900000, 0x0000000096a00000, 0x0000000096a00000|100%| S|CS|TAMS 0x0000000096900000, 0x0000000096900000| Complete 
| 362|0x0000000096a00000, 0x0000000096b00000, 0x0000000096b00000|100%| S|CS|TAMS 0x0000000096a00000, 0x0000000096a00000| Complete 
| 363|0x0000000096b00000, 0x0000000096b00000, 0x0000000096c00000|  0%| F|  |TAMS 0x0000000096b00000, 0x0000000096b00000| Untracked 
| 364|0x0000000096c00000, 0x0000000096c00000, 0x0000000096d00000|  0%| F|  |TAMS 0x0000000096c00000, 0x0000000096c00000| Untracked 
| 365|0x0000000096d00000, 0x0000000096d00000, 0x0000000096e00000|  0%| F|  |TAMS 0x0000000096d00000, 0x0000000096d00000| Untracked 
| 366|0x0000000096e00000, 0x0000000096e00000, 0x0000000096f00000|  0%| F|  |TAMS 0x0000000096e00000, 0x0000000096e00000| Untracked 
| 367|0x0000000096f00000, 0x0000000096f00000, 0x0000000097000000|  0%| F|  |TAMS 0x0000000096f00000, 0x0000000096f00000| Untracked 
| 368|0x0000000097000000, 0x0000000097000000, 0x0000000097100000|  0%| F|  |TAMS 0x0000000097000000, 0x0000000097000000| Untracked 
| 369|0x0000000097100000, 0x0000000097100000, 0x0000000097200000|  0%| F|  |TAMS 0x0000000097100000, 0x0000000097100000| Untracked 
| 370|0x0000000097200000, 0x0000000097200000, 0x0000000097300000|  0%| F|  |TAMS 0x0000000097200000, 0x0000000097200000| Untracked 
| 371|0x0000000097300000, 0x0000000097300000, 0x0000000097400000|  0%| F|  |TAMS 0x0000000097300000, 0x0000000097300000| Untracked 
| 372|0x0000000097400000, 0x0000000097400000, 0x0000000097500000|  0%| F|  |TAMS 0x0000000097400000, 0x0000000097400000| Untracked 
| 373|0x0000000097500000, 0x0000000097500000, 0x0000000097600000|  0%| F|  |TAMS 0x0000000097500000, 0x0000000097500000| Untracked 
| 374|0x0000000097600000, 0x0000000097600000, 0x0000000097700000|  0%| F|  |TAMS 0x0000000097600000, 0x0000000097600000| Untracked 
| 375|0x0000000097700000, 0x0000000097700000, 0x0000000097800000|  0%| F|  |TAMS 0x0000000097700000, 0x0000000097700000| Untracked 
| 376|0x0000000097800000, 0x0000000097800000, 0x0000000097900000|  0%| F|  |TAMS 0x0000000097800000, 0x0000000097800000| Untracked 
| 377|0x0000000097900000, 0x0000000097900000, 0x0000000097a00000|  0%| F|  |TAMS 0x0000000097900000, 0x0000000097900000| Untracked 
| 378|0x0000000097a00000, 0x0000000097a00000, 0x0000000097b00000|  0%| F|  |TAMS 0x0000000097a00000, 0x0000000097a00000| Untracked 
| 379|0x0000000097b00000, 0x0000000097b00000, 0x0000000097c00000|  0%| F|  |TAMS 0x0000000097b00000, 0x0000000097b00000| Untracked 
| 380|0x0000000097c00000, 0x0000000097c00000, 0x0000000097d00000|  0%| F|  |TAMS 0x0000000097c00000, 0x0000000097c00000| Untracked 
| 381|0x0000000097d00000, 0x0000000097d00000, 0x0000000097e00000|  0%| F|  |TAMS 0x0000000097d00000, 0x0000000097d00000| Untracked 
| 382|0x0000000097e00000, 0x0000000097e00000, 0x0000000097f00000|  0%| F|  |TAMS 0x0000000097e00000, 0x0000000097e00000| Untracked 
| 383|0x0000000097f00000, 0x0000000097f00000, 0x0000000098000000|  0%| F|  |TAMS 0x0000000097f00000, 0x0000000097f00000| Untracked 
| 384|0x0000000098000000, 0x0000000098000000, 0x0000000098100000|  0%| F|  |TAMS 0x0000000098000000, 0x0000000098000000| Untracked 
| 385|0x0000000098100000, 0x0000000098100000, 0x0000000098200000|  0%| F|  |TAMS 0x0000000098100000, 0x0000000098100000| Untracked 
| 386|0x0000000098200000, 0x0000000098200000, 0x0000000098300000|  0%| F|  |TAMS 0x0000000098200000, 0x0000000098200000| Untracked 
| 387|0x0000000098300000, 0x0000000098300000, 0x0000000098400000|  0%| F|  |TAMS 0x0000000098300000, 0x0000000098300000| Untracked 
| 388|0x0000000098400000, 0x0000000098400000, 0x0000000098500000|  0%| F|  |TAMS 0x0000000098400000, 0x0000000098400000| Untracked 
| 389|0x0000000098500000, 0x0000000098500000, 0x0000000098600000|  0%| F|  |TAMS 0x0000000098500000, 0x0000000098500000| Untracked 
| 390|0x0000000098600000, 0x0000000098600000, 0x0000000098700000|  0%| F|  |TAMS 0x0000000098600000, 0x0000000098600000| Untracked 
| 391|0x0000000098700000, 0x0000000098700000, 0x0000000098800000|  0%| F|  |TAMS 0x0000000098700000, 0x0000000098700000| Untracked 
| 392|0x0000000098800000, 0x0000000098800000, 0x0000000098900000|  0%| F|  |TAMS 0x0000000098800000, 0x0000000098800000| Untracked 
| 393|0x0000000098900000, 0x0000000098900000, 0x0000000098a00000|  0%| F|  |TAMS 0x0000000098900000, 0x0000000098900000| Untracked 
| 394|0x0000000098a00000, 0x0000000098a00000, 0x0000000098b00000|  0%| F|  |TAMS 0x0000000098a00000, 0x0000000098a00000| Untracked 
| 395|0x0000000098b00000, 0x0000000098b00000, 0x0000000098c00000|  0%| F|  |TAMS 0x0000000098b00000, 0x0000000098b00000| Untracked 
| 396|0x0000000098c00000, 0x0000000098c00000, 0x0000000098d00000|  0%| F|  |TAMS 0x0000000098c00000, 0x0000000098c00000| Untracked 
| 397|0x0000000098d00000, 0x0000000098d00000, 0x0000000098e00000|  0%| F|  |TAMS 0x0000000098d00000, 0x0000000098d00000| Untracked 
| 398|0x0000000098e00000, 0x0000000098e00000, 0x0000000098f00000|  0%| F|  |TAMS 0x0000000098e00000, 0x0000000098e00000| Untracked 
| 399|0x0000000098f00000, 0x0000000098f00000, 0x0000000099000000|  0%| F|  |TAMS 0x0000000098f00000, 0x0000000098f00000| Untracked 
| 400|0x0000000099000000, 0x0000000099000000, 0x0000000099100000|  0%| F|  |TAMS 0x0000000099000000, 0x0000000099000000| Untracked 
| 401|0x0000000099100000, 0x0000000099100000, 0x0000000099200000|  0%| F|  |TAMS 0x0000000099100000, 0x0000000099100000| Untracked 
| 402|0x0000000099200000, 0x0000000099200000, 0x0000000099300000|  0%| F|  |TAMS 0x0000000099200000, 0x0000000099200000| Untracked 
| 403|0x0000000099300000, 0x0000000099300000, 0x0000000099400000|  0%| F|  |TAMS 0x0000000099300000, 0x0000000099300000| Untracked 
| 404|0x0000000099400000, 0x0000000099400000, 0x0000000099500000|  0%| F|  |TAMS 0x0000000099400000, 0x0000000099400000| Untracked 
| 405|0x0000000099500000, 0x0000000099575aa8, 0x0000000099600000| 45%| E|  |TAMS 0x0000000099500000, 0x0000000099500000| Complete 
| 406|0x0000000099600000, 0x0000000099700000, 0x0000000099700000|100%| E|CS|TAMS 0x0000000099600000, 0x0000000099600000| Complete 
| 407|0x0000000099700000, 0x0000000099800000, 0x0000000099800000|100%| E|CS|TAMS 0x0000000099700000, 0x0000000099700000| Complete 
| 408|0x0000000099800000, 0x0000000099900000, 0x0000000099900000|100%| E|  |TAMS 0x0000000099800000, 0x0000000099800000| Complete 
| 409|0x0000000099900000, 0x0000000099a00000, 0x0000000099a00000|100%| E|CS|TAMS 0x0000000099900000, 0x0000000099900000| Complete 

Card table byte_map: [0x000001e45ada0000,0x000001e45b1a0000] _byte_map_base: 0x000001e45a9a0000

Marking Bits (Prev, Next): (CMBitMap*) 0x000001e4436bd1e0, (CMBitMap*) 0x000001e4436bd1a8
 Prev Bits: [0x000001e45d5a0000, 0x000001e45f5a0000)
 Next Bits: [0x000001e45b5a0000, 0x000001e45d5a0000)

Polling page: 0x000001e442da0000

Metaspace:

Usage:
  Non-class:    110.30 MB capacity,   106.20 MB ( 96%) used,     3.61 MB (  3%) free+waste,   501.94 KB ( <1%) overhead. 
      Class:     18.36 MB capacity,    16.06 MB ( 87%) used,     2.08 MB ( 11%) free+waste,   230.38 KB (  1%) overhead. 
       Both:    128.66 MB capacity,   122.25 MB ( 95%) used,     5.69 MB (  4%) free+waste,   732.31 KB ( <1%) overhead. 

Virtual space:
  Non-class space:      112.00 MB reserved,     110.35 MB ( 99%) committed 
      Class space:      504.00 MB reserved,      18.48 MB (  4%) committed 
             Both:      616.00 MB reserved,     128.83 MB ( 21%) committed 

Chunk freelists:
   Non-Class:  6.63 KB
       Class:  0 bytes
        Both:  6.63 KB

CodeHeap 'non-profiled nmethods': size=120064Kb used=16640Kb max_used=16640Kb free=103423Kb
 bounds [0x000001e453460000, 0x000001e4544b0000, 0x000001e45a9a0000]
CodeHeap 'profiled nmethods': size=120000Kb used=40863Kb max_used=40863Kb free=79136Kb
 bounds [0x000001e44bf30000, 0x000001e44e750000, 0x000001e453460000]
CodeHeap 'non-nmethods': size=5696Kb used=2336Kb max_used=2413Kb free=3360Kb
 bounds [0x000001e44b9a0000, 0x000001e44bc10000, 0x000001e44bf30000]
 total_blobs=28829 nmethods=18478 adapters=861
 compilation: enabled
              stopped_count=0, restarted_count=0
 full_count=0

Compilation events (10 events):
Event: 503.238 Thread 0x000001e4623d2800 nmethod 21219 0x000001e44e73a290 code [0x000001e44e73a440, 0x000001e44e73a658]
Event: 503.251 Thread 0x000001e4623d2800 21220       3       java.io.SerialCallbackContext::getObj (9 bytes)
Event: 503.252 Thread 0x000001e4623d2800 nmethod 21220 0x000001e44e73a710 code [0x000001e44e73a8e0, 0x000001e44e73abb0]
Event: 503.297 Thread 0x000001e461ac0000 21222       4       org.gradle.internal.snapshot.impl.SnapshotSerializer::read (610 bytes)
Event: 503.366 Thread 0x000001e4623d2800 21224       3       org.gradle.internal.fingerprint.impl.PatternSetSnapshottingFilter$$Lambda$1116/0x00000001009e8840::test (17 bytes)
Event: 503.367 Thread 0x000001e4623d2800 nmethod 21224 0x000001e44e73ac90 code [0x000001e44e73ae60, 0x000001e44e73b1c0]
Event: 503.367 Thread 0x000001e4623d2800 21225       3       org.gradle.internal.fingerprint.impl.PatternSetSnapshottingFilter::lambda$getAsDirectoryWalkerPredicate$1 (24 bytes)
Event: 503.367 Thread 0x000001e4623d2800 nmethod 21225 0x000001e44e73b390 code [0x000001e44e73b580, 0x000001e44e73ba50]
Event: 503.367 Thread 0x000001e4623d2800 21226       3       org.gradle.internal.fingerprint.impl.PatternSetSnapshottingFilter$PathBackedFileTreeElement::<init> (32 bytes)
Event: 503.368 Thread 0x000001e4623d2800 nmethod 21226 0x000001e44e73bc10 code [0x000001e44e73bde0, 0x000001e44e73c118]

GC Heap History (10 events):
Event: 491.408 GC heap before
{Heap before GC invocations=150 (full 0):
 garbage-first heap   total 419840K, used 306656K [0x0000000080000000, 0x0000000100000000)
  region size 1024K, 23 young (23552K), 2 survivors (2048K)
 Metaspace       used 121820K, capacity 128229K, committed 128464K, reserved 626688K
  class space    used 15996K, capacity 18275K, committed 18280K, reserved 516096K
}
Event: 491.425 GC heap after
{Heap after GC invocations=151 (full 0):
 garbage-first heap   total 419840K, used 282389K [0x0000000080000000, 0x0000000100000000)
  region size 1024K, 3 young (3072K), 3 survivors (3072K)
 Metaspace       used 121820K, capacity 128229K, committed 128464K, reserved 626688K
  class space    used 15996K, capacity 18275K, committed 18280K, reserved 516096K
}
Event: 493.198 GC heap before
{Heap before GC invocations=151 (full 0):
 garbage-first heap   total 419840K, used 311061K [0x0000000080000000, 0x0000000100000000)
  region size 1024K, 28 young (28672K), 3 survivors (3072K)
 Metaspace       used 121923K, capacity 128385K, committed 128592K, reserved 626688K
  class space    used 16009K, capacity 18296K, committed 18408K, reserved 516096K
}
Event: 493.219 GC heap after
{Heap after GC invocations=152 (full 0):
 garbage-first heap   total 419840K, used 284695K [0x0000000080000000, 0x0000000100000000)
  region size 1024K, 4 young (4096K), 4 survivors (4096K)
 Metaspace       used 121923K, capacity 128385K, committed 128592K, reserved 626688K
  class space    used 16009K, capacity 18296K, committed 18408K, reserved 516096K
}
Event: 494.801 GC heap before
{Heap before GC invocations=152 (full 0):
 garbage-first heap   total 419840K, used 312343K [0x0000000080000000, 0x0000000100000000)
  region size 1024K, 32 young (32768K), 4 survivors (4096K)
 Metaspace       used 121989K, capacity 128469K, committed 128592K, reserved 626688K
  class space    used 16012K, capacity 18299K, committed 18408K, reserved 516096K
}
Event: 494.825 GC heap after
{Heap after GC invocations=153 (full 0):
 garbage-first heap   total 419840K, used 286662K [0x0000000080000000, 0x0000000100000000)
  region size 1024K, 2 young (2048K), 2 survivors (2048K)
 Metaspace       used 121989K, capacity 128469K, committed 128592K, reserved 626688K
  class space    used 16012K, capacity 18299K, committed 18408K, reserved 516096K
}
Event: 498.784 GC heap before
{Heap before GC invocations=153 (full 0):
 garbage-first heap   total 419840K, used 322502K [0x0000000080000000, 0x0000000100000000)
  region size 1024K, 38 young (38912K), 2 survivors (2048K)
 Metaspace       used 123165K, capacity 129624K, committed 129744K, reserved 628736K
  class space    used 16162K, capacity 18488K, committed 18536K, reserved 516096K
}
Event: 498.805 GC heap after
{Heap after GC invocations=154 (full 0):
 garbage-first heap   total 419840K, used 289945K [0x0000000080000000, 0x0000000100000000)
  region size 1024K, 5 young (5120K), 5 survivors (5120K)
 Metaspace       used 123165K, capacity 129624K, committed 129744K, reserved 628736K
  class space    used 16162K, capacity 18488K, committed 18536K, reserved 516096K
}
Event: 503.033 GC heap before
{Heap before GC invocations=154 (full 0):
 garbage-first heap   total 419840K, used 331929K [0x0000000080000000, 0x0000000100000000)
  region size 1024K, 47 young (48128K), 5 survivors (5120K)
 Metaspace       used 124936K, capacity 131539K, committed 131792K, reserved 630784K
  class space    used 16419K, capacity 18785K, committed 18792K, reserved 516096K
}
Event: 503.087 GC heap after
{Heap after GC invocations=155 (full 0):
 garbage-first heap   total 419840K, used 293793K [0x0000000080000000, 0x0000000100000000)
  region size 1024K, 4 young (4096K), 4 survivors (4096K)
 Metaspace       used 124936K, capacity 131539K, committed 131792K, reserved 630784K
  class space    used 16419K, capacity 18785K, committed 18792K, reserved 516096K
}

Deoptimization events (10 events):
Event: 499.251 Thread 0x000001e470680000 Uncommon trap: reason=speculate_null_assert action=make_not_entrant pc=0x000001e45379273c method=org.gradle.internal.operations.DefaultBuildOperationRunner.execute(Lorg/gradle/internal/operations/BuildOperationDescriptor$Builder;Lorg/gradle/internal/opera
Event: 499.252 Thread 0x000001e470680000 Uncommon trap: reason=unstable_if action=reinterpret pc=0x000001e4536fd170 method=org.gradle.internal.operations.BuildOperationDescriptor$Builder.build(Lorg/gradle/internal/operations/OperationIdentifier;Lorg/gradle/internal/operations/OperationIdentifier
Event: 499.454 Thread 0x000001e47067d800 Uncommon trap: reason=profile_predicate action=maybe_recompile pc=0x000001e45439cae0 method=com.google.common.collect.MapMakerInternalMap$Segment.expand()V @ 59 c2
Event: 499.966 Thread 0x000001e470680000 Uncommon trap: reason=bimorphic_or_optimized_type_check action=maybe_recompile pc=0x000001e453b1c540 method=java.util.regex.Matcher.search(I)Z @ 121 c2
Event: 499.967 Thread 0x000001e470680000 Uncommon trap: reason=bimorphic_or_optimized_type_check action=maybe_recompile pc=0x000001e453b1c540 method=java.util.regex.Matcher.search(I)Z @ 121 c2
Event: 499.971 Thread 0x000001e470680000 Uncommon trap: reason=bimorphic_or_optimized_type_check action=maybe_recompile pc=0x000001e453b1c540 method=java.util.regex.Matcher.search(I)Z @ 121 c2
Event: 499.972 Thread 0x000001e470680000 Uncommon trap: reason=bimorphic_or_optimized_type_check action=maybe_recompile pc=0x000001e453b1c540 method=java.util.regex.Matcher.search(I)Z @ 121 c2
Event: 501.543 Thread 0x000001e4628d1000 Uncommon trap: reason=bimorphic_or_optimized_type_check action=maybe_recompile pc=0x000001e45434a03c method=org.gradle.internal.snapshot.AbstractStorePathRelationshipHandler.handleAsDescendantOfChild(Lorg/gradle/internal/snapshot/VfsRelativePath;Ljava/lan
Event: 501.543 Thread 0x000001e4628d1000 Uncommon trap: reason=bimorphic_or_optimized_type_check action=maybe_recompile pc=0x000001e45434a03c method=org.gradle.internal.snapshot.AbstractStorePathRelationshipHandler.handleAsDescendantOfChild(Lorg/gradle/internal/snapshot/VfsRelativePath;Ljava/lan
Event: 501.543 Thread 0x000001e4628d1000 Uncommon trap: reason=bimorphic_or_optimized_type_check action=maybe_recompile pc=0x000001e4543a1244 method=org.gradle.internal.snapshot.AbstractStorePathRelationshipHandler.handleAsDescendantOfChild(Lorg/gradle/internal/snapshot/VfsRelativePath;Ljava/lan

Classes redefined (0 events):
No events

Internal exceptions (10 events):
Event: 497.590 Thread 0x000001e4628d9000 Exception <a 'java/lang/NoSuchMethodError'{0x000000009822e880}: java.lang.invoke.DirectMethodHandle$Holder.newInvokeSpecial(Ljava/lang/Object;Ljava/lang/Object;Ljava/lang/Object;Ljava/lang/Object;IJ)Ljava/lang/Object;> (0x000000009822e880) thrown at [t:/w
Event: 497.874 Thread 0x000001e4628d9000 Implicit null exception at 0x000001e453c78b96 to 0x000001e453c7905e
Event: 499.001 Thread 0x000001e4628d9000 Exception <a 'java/lang/NoSuchMethodError'{0x0000000099973a80}: java.lang.invoke.DirectMethodHandle$Holder.invokeSpecial(Ljava/lang/Object;Ljava/lang/Object;Ljava/lang/Object;I)V> (0x0000000099973a80) thrown at [t:/workspace/open/src/hotspot/share/interpr
Event: 499.143 Thread 0x000001e4628d9000 Exception <a 'java/lang/NoSuchMethodError'{0x00000000998efa48}: <clinit>> (0x00000000998efa48) thrown at [t:/workspace/open/src/hotspot/share/prims/jni.cpp, line 1364]
Event: 499.154 Thread 0x000001e4628d9000 Exception <a 'java/lang/NoSuchMethodError'{0x0000000099725630}: <clinit>> (0x0000000099725630) thrown at [t:/workspace/open/src/hotspot/share/prims/jni.cpp, line 1364]
Event: 499.157 Thread 0x000001e4628d9000 Exception <a 'java/lang/NoSuchMethodError'{0x00000000997404e8}: <clinit>> (0x00000000997404e8) thrown at [t:/workspace/open/src/hotspot/share/prims/jni.cpp, line 1364]
Event: 499.157 Thread 0x000001e4628d9000 Exception <a 'java/lang/NoSuchMethodError'{0x0000000099741d48}: <clinit>> (0x0000000099741d48) thrown at [t:/workspace/open/src/hotspot/share/prims/jni.cpp, line 1364]
Event: 503.178 Thread 0x000001e4628d1000 Exception <a 'java/lang/NoSuchMethodError'{0x0000000099813be0}: <clinit>> (0x0000000099813be0) thrown at [t:/workspace/open/src/hotspot/share/prims/jni.cpp, line 1364]
Event: 503.182 Thread 0x000001e4628d1000 Exception <a 'java/lang/NoSuchMethodError'{0x000000009982eab0}: <clinit>> (0x000000009982eab0) thrown at [t:/workspace/open/src/hotspot/share/prims/jni.cpp, line 1364]
Event: 503.182 Thread 0x000001e4628d1000 Exception <a 'java/lang/NoSuchMethodError'{0x0000000099830310}: <clinit>> (0x0000000099830310) thrown at [t:/workspace/open/src/hotspot/share/prims/jni.cpp, line 1364]

Events (10 events):
Event: 503.020 Executing VM operation: RevokeBias done
Event: 503.032 Executing VM operation: G1CollectForAllocation
Event: 503.088 Executing VM operation: G1CollectForAllocation done
Event: 503.089 Executing VM operation: RevokeBias
Event: 503.089 Executing VM operation: RevokeBias done
Event: 503.138 Executing VM operation: RevokeBias
Event: 503.141 Executing VM operation: RevokeBias done
Event: 503.165 Executing VM operation: BulkRevokeBias
Event: 503.169 Executing VM operation: BulkRevokeBias done
Event: 503.257 Thread 0x000001e46a39b800 Thread added: 0x000001e46a39b800


Dynamic libraries:
0x00007ff62d230000 - 0x00007ff62d275000 	C:\Users\Admin\AppData\Local\jdk-11.0.2\bin\java.exe
0x00007ff903b50000 - 0x00007ff903d48000 	C:\Windows\SYSTEM32\ntdll.dll
0x00007ff901cc0000 - 0x00007ff901d7d000 	C:\Windows\System32\KERNEL32.DLL
0x00007ff901480000 - 0x00007ff901776000 	C:\Windows\System32\KERNELBASE.dll
0x00007ff901d80000 - 0x00007ff901f1e000 	C:\Windows\System32\USER32.dll
0x00007ff9019f0000 - 0x00007ff901a12000 	C:\Windows\System32\win32u.dll
0x00007ff9037a0000 - 0x00007ff9037cc000 	C:\Windows\System32\GDI32.dll
0x00007ff9018d0000 - 0x00007ff9019ea000 	C:\Windows\System32\gdi32full.dll
0x00007ff901ad0000 - 0x00007ff901b6d000 	C:\Windows\System32\msvcp_win.dll
0x00007ff9017d0000 - 0x00007ff9018d0000 	C:\Windows\System32\ucrtbase.dll
0x00007ff8ee050000 - 0x00007ff8ee2ea000 	C:\Windows\WinSxS\amd64_microsoft.windows.common-controls_6595b64144ccf1df_6.0.19041.3636_none_60b6a03d71f818d5\COMCTL32.dll
0x00007ff903140000 - 0x00007ff9031de000 	C:\Windows\System32\msvcrt.dll
0x00007ff903ae0000 - 0x00007ff903b10000 	C:\Windows\System32\IMM32.DLL
0x00007ff8a0cb0000 - 0x00007ff8a0cc6000 	C:\Users\Admin\AppData\Local\jdk-11.0.2\bin\vcruntime140.dll
0x00007ff8a0c00000 - 0x00007ff8a0caa000 	C:\Users\Admin\AppData\Local\jdk-11.0.2\bin\msvcp140.dll
0x00007ff89fe00000 - 0x00007ff8a0923000 	C:\Users\Admin\AppData\Local\jdk-11.0.2\bin\server\jvm.dll
0x00007ff902730000 - 0x00007ff9027e3000 	C:\Windows\System32\ADVAPI32.dll
0x00007ff9027f0000 - 0x00007ff90288f000 	C:\Windows\System32\sechost.dll
0x00007ff9037d0000 - 0x00007ff9038f6000 	C:\Windows\System32\RPCRT4.dll
0x00007ff901b70000 - 0x00007ff901b97000 	C:\Windows\System32\bcrypt.dll
0x00007ff902450000 - 0x00007ff902458000 	C:\Windows\System32\PSAPI.DLL
0x00007ff8e7cb0000 - 0x00007ff8e7cb9000 	C:\Windows\SYSTEM32\WSOCK32.dll
0x00007ff903070000 - 0x00007ff9030db000 	C:\Windows\System32\WS2_32.dll
0x00007ff8e84d0000 - 0x00007ff8e84f7000 	C:\Windows\SYSTEM32\WINMM.dll
0x00007ff8f3090000 - 0x00007ff8f309a000 	C:\Windows\SYSTEM32\VERSION.dll
0x00007ff8ffa60000 - 0x00007ff8ffa72000 	C:\Windows\SYSTEM32\kernel.appcore.dll
0x00007ff8a0be0000 - 0x00007ff8a0bf1000 	C:\Users\Admin\AppData\Local\jdk-11.0.2\bin\verify.dll
0x00007ff8ff0a0000 - 0x00007ff8ff284000 	C:\Windows\SYSTEM32\DBGHELP.DLL
0x00007ff8e7e00000 - 0x00007ff8e7e34000 	C:\Windows\SYSTEM32\dbgcore.DLL
0x00007ff9013f0000 - 0x00007ff901472000 	C:\Windows\System32\bcryptPrimitives.dll
0x00007ff8a0bb0000 - 0x00007ff8a0bd8000 	C:\Users\Admin\AppData\Local\jdk-11.0.2\bin\java.dll
0x00007ff8a0b90000 - 0x00007ff8a0ba6000 	C:\Users\Admin\AppData\Local\jdk-11.0.2\bin\zip.dll
0x00007ff8d28c0000 - 0x00007ff8d28ca000 	C:\Users\Admin\AppData\Local\jdk-11.0.2\bin\jimage.dll
0x00007ff902920000 - 0x00007ff903065000 	C:\Windows\System32\SHELL32.dll
0x00007ff8ff2b0000 - 0x00007ff8ffa4b000 	C:\Windows\SYSTEM32\windows.storage.dll
0x00007ff903440000 - 0x00007ff903794000 	C:\Windows\System32\combase.dll
0x00007ff900c50000 - 0x00007ff900c7d000 	C:\Windows\SYSTEM32\Wldp.dll
0x00007ff9023a0000 - 0x00007ff90244d000 	C:\Windows\System32\SHCORE.dll
0x00007ff903a50000 - 0x00007ff903aa5000 	C:\Windows\System32\shlwapi.dll
0x00007ff901150000 - 0x00007ff901175000 	C:\Windows\SYSTEM32\profapi.dll
0x00007ff8e0e20000 - 0x00007ff8e0e39000 	C:\Users\Admin\AppData\Local\jdk-11.0.2\bin\net.dll
0x00007ff8f3130000 - 0x00007ff8f323a000 	C:\Windows\SYSTEM32\WINHTTP.dll
0x00007ff8f0e50000 - 0x00007ff8f103d000 	C:\Windows\SYSTEM32\urlmon.dll
0x00007ff8f11d0000 - 0x00007ff8f148c000 	C:\Windows\SYSTEM32\iertutil.dll
0x00007ff8f0e20000 - 0x00007ff8f0e48000 	C:\Windows\SYSTEM32\srvcli.dll
0x00007ff900690000 - 0x00007ff90069c000 	C:\Windows\SYSTEM32\netutils.dll
0x00007ff9009b0000 - 0x00007ff900a1a000 	C:\Windows\system32\mswsock.dll
0x00007ff8a0b70000 - 0x00007ff8a0b83000 	C:\Users\Admin\AppData\Local\jdk-11.0.2\bin\nio.dll
0x00007ff89fbe0000 - 0x00007ff89fc07000 	C:\Users\Admin\.gradle\native\68d5fa5c4cc2d200863cafc0d521ce42e7d3e7ee720ec0a83991735586a16f82\windows-amd64\native-platform.dll
0x00007ff8dd4e0000 - 0x00007ff8dd624000 	C:\Users\Admin\.gradle\native\e376f236ea51e6404a007f0833ffe2c6e607c4080706a723a18a27aeea778392\windows-amd64\native-platform-file-events.dll
0x00007ff8f7200000 - 0x00007ff8f7209000 	C:\Users\Admin\AppData\Local\jdk-11.0.2\bin\management.dll
0x00007ff8f71f0000 - 0x00007ff8f71fc000 	C:\Users\Admin\AppData\Local\jdk-11.0.2\bin\management_ext.dll
0x00007ff900ba0000 - 0x00007ff900bb8000 	C:\Windows\SYSTEM32\CRYPTSP.dll
0x00007ff900270000 - 0x00007ff9002a4000 	C:\Windows\system32\rsaenh.dll
0x00007ff901110000 - 0x00007ff90113e000 	C:\Windows\SYSTEM32\USERENV.dll
0x00007ff900bc0000 - 0x00007ff900bcc000 	C:\Windows\SYSTEM32\CRYPTBASE.dll
0x00007ff900650000 - 0x00007ff90068b000 	C:\Windows\SYSTEM32\IPHLPAPI.DLL
0x00007ff902390000 - 0x00007ff902398000 	C:\Windows\System32\NSI.dll
0x00007ff8f3730000 - 0x00007ff8f3747000 	C:\Windows\SYSTEM32\dhcpcsvc6.DLL
0x00007ff8f72a0000 - 0x00007ff8f72bd000 	C:\Windows\SYSTEM32\dhcpcsvc.DLL
0x00007ff9006a0000 - 0x00007ff90076a000 	C:\Windows\SYSTEM32\DNSAPI.dll
0x00007ff8fc990000 - 0x00007ff8fc9ae000 	C:\Users\Admin\AppData\Local\Temp\native-platform432254508917447143dir\native-platform.dll

dbghelp: loaded successfully - version: 4.0.5 - missing functions: none
symbol engine: initialized successfully - sym options: 0x614 - pdb path: .;C:\Users\Admin\AppData\Local\jdk-11.0.2\bin;C:\Windows\SYSTEM32;C:\Windows\WinSxS\amd64_microsoft.windows.common-controls_6595b64144ccf1df_6.0.19041.3636_none_60b6a03d71f818d5;C:\Users\Admin\AppData\Local\jdk-11.0.2\bin\server;C:\Users\Admin\.gradle\native\68d5fa5c4cc2d200863cafc0d521ce42e7d3e7ee720ec0a83991735586a16f82\windows-amd64;C:\Users\Admin\.gradle\native\e376f236ea51e6404a007f0833ffe2c6e607c4080706a723a18a27aeea778392\windows-amd64;C:\Users\Admin\AppData\Local\Temp\native-platform432254508917447143dir

VM Arguments:
jvm_args: -XX:MaxMetaspaceSize=512m --add-opens=java.base/java.util=ALL-UNNAMED --add-opens=java.base/java.lang=ALL-UNNAMED --add-opens=java.base/java.lang.invoke=ALL-UNNAMED --add-opens=java.prefs/java.util.prefs=ALL-UNNAMED --add-opens=java.base/java.nio.charset=ALL-UNNAMED --add-opens=java.base/java.net=ALL-UNNAMED --add-opens=java.base/java.util.concurrent.atomic=ALL-UNNAMED -Xmx2048m -Dfile.encoding=windows-1252 -Duser.country=US -Duser.language=en -Duser.variant 
java_command: org.gradle.launcher.daemon.bootstrap.GradleDaemon 8.0.1
java_class_path (initial): C:\Users\Admin\.gradle\wrapper\dists\gradle-8.0.1-all\aro4hu1c3oeioove7l0i4i14o\gradle-8.0.1\lib\gradle-launcher-8.0.1.jar
Launcher Type: SUN_STANDARD

[Global flags]
     intx CICompilerCount                          = 3                                         {product} {ergonomic}
   size_t CompressedClassSpaceSize                 = 528482304                                 {product} {ergonomic}
     uint ConcGCThreads                            = 1                                         {product} {ergonomic}
     uint G1ConcRefinementThreads                  = 4                                         {product} {ergonomic}
   size_t G1HeapRegionSize                         = 1048576                                   {product} {ergonomic}
    uintx GCDrainStackTargetSize                   = 64                                        {product} {ergonomic}
   size_t InitialHeapSize                          = 134217728                                 {product} {ergonomic}
   size_t MarkStackSize                            = 4194304                                   {product} {ergonomic}
   size_t MaxHeapSize                              = 2147483648                                {product} {command line}
   size_t MaxMetaspaceSize                         = 536870912                                 {product} {command line}
   size_t MaxNewSize                               = 1287651328                                {product} {ergonomic}
   size_t MinHeapDeltaBytes                        = 1048576                                   {product} {ergonomic}
    uintx NonNMethodCodeHeapSize                   = 5830092                                {pd product} {ergonomic}
    uintx NonProfiledCodeHeapSize                  = 122914074                              {pd product} {ergonomic}
    uintx ProfiledCodeHeapSize                     = 122914074                              {pd product} {ergonomic}
    uintx ReservedCodeCacheSize                    = 251658240                              {pd product} {ergonomic}
     bool SegmentedCodeCache                       = true                                      {product} {ergonomic}
     bool UseCompressedClassPointers               = true                                 {lp64_product} {ergonomic}
     bool UseCompressedOops                        = true                                 {lp64_product} {ergonomic}
     bool UseG1GC                                  = true                                      {product} {ergonomic}
     bool UseLargePagesIndividualAllocation        = false                                  {pd product} {ergonomic}

Logging:
Log output configuration:
 #0: stdout all=warning uptime,level,tags
 #1: stderr all=off uptime,level,tags

Environment Variables:
JAVA_HOME=C:\Users\Admin\AppData\Local\jdk-11.0.2
CLASSPATH=D:\pilotapp-main\android\\gradle\wrapper\gradle-wrapper.jar
PATH=D:\pilotapp-main\node_modules\.bin;D:\node_modules\.bin;C:\Program Files\nodejs\node_modules\npm\node_modules\@npmcli\run-script\lib\node-gyp-bin;%LOCALAPPDATA%\Android\Sdk\platform-tools;C:\Windows\system32;C:\Windows;C:\Windows\System32\Wbem;C:\Windows\System32\WindowsPowerShell\v1.0\;C:\Windows\System32\OpenSSH\;C:\Program Files\nodejs\;C:\Program Files\Java\jdk-11;C:\Users\Admin\AppData\Local\Android\Sdk;C:\Program Files (x86)\Microsoft SQL Server\160\DTS\Binn\;C:\Program Files\Azure Data Studio\bin;C:\Program Files\gradle-8.2.1-bin\gradle-8.2.1\bin;c:\Program Files (x86)\Intel\Intel(R) Management Engine Components\DAL;c:\Program Files\Intel\Intel(R) Management Engine Components\DAL;C:\Program Files\Git\cmd;C:\Program Files\MySQL\MySQL Shell 8.0\bin\;C:\Users\Admin\.console-ninja\.bin;C:\Users\Admin\AppData\Local\jdk-11.0.2\bin;C:\Users\Admin\AppData\Local\jdk-11.0.2\bin;C:\Users\Admin\AppData\Local\Microsoft\WindowsApps;C:\Users\Admin\AppData\Local\Programs\Microsoft VS Code\bin;C:\Users\Admin\AppData\Roaming\npm;C:\Users\Admin\AppData\Local\Android\Sdk\platform-tools;C:\Program Files\Azure Data Studio\bin;
USERNAME=Admin
OS=Windows_NT
PROCESSOR_IDENTIFIER=Intel64 Family 6 Model 142 Stepping 9, GenuineIntel



---------------  S Y S T E M  ---------------

OS: Windows 10 , 64 bit Build 19041 (10.0.19041.3636)

CPU:total 4 (initial active 4) (2 cores per cpu, 2 threads per core) family 6 model 142 stepping 9, cmov, cx8, fxsr, mmx, sse, sse2, sse3, ssse3, sse4.1, sse4.2, popcnt, avx, avx2, aes, clmul, erms, rtm, 3dnowpref, lzcnt, ht, tsc, tscinvbit, bmi1, bmi2, adx, fma

Memory: 4k page, system-wide physical 8067M (21M free)
TotalPageFile size 21706M (AvailPageFile size 5M)
current process WorkingSet (physical memory assigned to process): 292M, peak: 419M
current process commit charge ("private bytes"): 830M, peak: 837M

vm_info: OpenJDK 64-Bit Server VM (11.0.2+9) for windows-amd64 JRE (11.0.2+9), built on Jan 18 2019 05:23:22 by "mach5one" with MS VC++ 15.5 (VS2017)

END.
