#
# There is insufficient memory for the Java Runtime Environment to continue.
# Native memory allocation (malloc) failed to allocate 1182256 bytes for Chunk::new
# Possible reasons:
#   The system is out of physical RAM or swap space
#   The process is running with CompressedOops enabled, and the Java Heap may be blocking the growth of the native heap
# Possible solutions:
#   Reduce memory load on the system
#   Increase physical memory or swap space
#   Check if swap backing store is full
#   Decrease Java heap size (-Xmx/-Xms)
#   Decrease number of Java threads
#   Decrease Java thread stack sizes (-Xss)
#   Set larger code cache with -XX:ReservedCodeCacheSize=
#   JVM is running with Unscaled Compressed Oops mode in which the Java heap is
#     placed in the first 4GB address space. The Java Heap base address is the
#     maximum limit for the native heap growth. Please use -XX:HeapBaseMinAddress
#     to set the Java Heap base and to place the Java Heap above 4GB virtual address.
# This output file may be truncated or incomplete.
#
#  Out of Memory Error (t:/workspace/open/src/hotspot/share/memory/arena.cpp:197), pid=7728, tid=6604
#
# JRE version: OpenJDK Runtime Environment (11.0.2+9) (build 11.0.2+9)
# Java VM: OpenJDK 64-Bit Server VM (11.0.2+9, mixed mode, tiered, compressed oops, g1 gc, windows-amd64)
# No core dump will be written. Minidumps are not enabled by default on client versions of Windows
#

---------------  S U M M A R Y ------------

Command Line: -XX:MaxMetaspaceSize=512m --add-opens=java.base/java.util=ALL-UNNAMED --add-opens=java.base/java.lang=ALL-UNNAMED --add-opens=java.base/java.lang.invoke=ALL-UNNAMED --add-opens=java.prefs/java.util.prefs=ALL-UNNAMED --add-opens=java.base/java.nio.charset=ALL-UNNAMED --add-opens=java.base/java.net=ALL-UNNAMED --add-opens=java.base/java.util.concurrent.atomic=ALL-UNNAMED -Xmx2048m -Dfile.encoding=windows-1252 -Duser.country=US -Duser.language=en -Duser.variant org.gradle.launcher.daemon.bootstrap.GradleDaemon 8.0.1

Host: Intel(R) Core(TM) i5-7300U CPU @ 2.60GHz, 4 cores, 7G,  Windows 10 , 64 bit Build 19041 (10.0.19041.3636)
Time: Wed Feb  7 15:46:33 2024 India Standard Time elapsed time: 689 seconds (0d 0h 11m 29s)

---------------  T H R E A D  ---------------

Current thread (0x000001d1aa990800):  JavaThread "C2 CompilerThread0" daemon [_thread_in_native, id=6604, stack(0x00000004f9d00000,0x00000004f9e00000)]


Current CompileTask:
C2: 689806 22443       4       org.gradle.internal.snapshot.impl.SnapshotSerializer::read (610 bytes)

Stack: [0x00000004f9d00000,0x00000004f9e00000]
Native frames: (J=compiled Java code, j=interpreted, Vv=VM code, C=native code)
V  [jvm.dll+0x63489a]
V  [jvm.dll+0x771f9f]
V  [jvm.dll+0x773648]
V  [jvm.dll+0x773d03]
V  [jvm.dll+0x25eba8]
V  [jvm.dll+0xc2191]
V  [jvm.dll+0xc271c]
V  [jvm.dll+0x36cc02]
V  [jvm.dll+0x339b13]
V  [jvm.dll+0x338eea]
V  [jvm.dll+0x2189c5]
V  [jvm.dll+0x217b6a]
V  [jvm.dll+0x194370]
V  [jvm.dll+0x226b3f]
V  [jvm.dll+0x225148]
V  [jvm.dll+0x73774d]
V  [jvm.dll+0x633942]
C  [ucrtbase.dll+0x21bb2]
C  [KERNEL32.DLL+0x17344]
C  [ntdll.dll+0x526b1]


---------------  P R O C E S S  ---------------

Threads class SMR info:
_java_thread_list=0x000001d1b9f9dd00, length=89, elements={
0x000001d18bc3b000, 0x000001d1aa021800, 0x000001d1aa02b000, 0x000001d1aa07f000,
0x000001d1aa081000, 0x000001d1aa990800, 0x000001d1aa994000, 0x000001d1aa995800,
0x000001d1aaaf1000, 0x000001d1aab06000, 0x000001d1acbbe800, 0x000001d1ad3a0000,
0x000001d1abd7e800, 0x000001d1ab9d4800, 0x000001d1ab9d7800, 0x000001d1ab9d8800,
0x000001d1ab9da000, 0x000001d1ab9d9800, 0x000001d1ab9d5000, 0x000001d1aad33000,
0x000001d1aad38000, 0x000001d1aad37000, 0x000001d1aad34000, 0x000001d1aad3a800,
0x000001d1aad38800, 0x000001d1ab50c000, 0x000001d1ab503000, 0x000001d1ab504000,
0x000001d1b82b1000, 0x000001d1b82b2000, 0x000001d1b82b5000, 0x000001d1b82b6000,
0x000001d1b82b2800, 0x000001d1b82b0800, 0x000001d1b82b8800, 0x000001d1b82b9800,
0x000001d1b82b3800, 0x000001d1b82ba000, 0x000001d1b82bb000, 0x000001d1b82bb800,
0x000001d1b82bc800, 0x000001d1b82b7000, 0x000001d1b82b7800, 0x000001d1b82bf000,
0x000001d1b82bd800, 0x000001d1b82be000, 0x000001d1ab501800, 0x000001d1ab500800,
0x000001d1ab502800, 0x000001d1ab4fe800, 0x000001d1ab505000, 0x000001d1ab4ff000,
0x000001d1ab505800, 0x000001d1ab500000, 0x000001d1ab50b800, 0x000001d1ab506800,
0x000001d1ab508000, 0x000001d1ab50d000, 0x000001d1ab509000, 0x000001d1ab507800,
0x000001d1ab509800, 0x000001d1ab50a800, 0x000001d1aad39800, 0x000001d1aad34800,
0x000001d1aad3b000, 0x000001d1aad35800, 0x000001d1aad36800, 0x000001d1aad3e800,
0x000001d1aad3d000, 0x000001d1aad3d800, 0x000001d1aad3f000, 0x000001d1aad40000,
0x000001d1aad41000, 0x000001d1ab9d6000, 0x000001d1ab9db000, 0x000001d1ab9d7000,
0x000001d1ae16a800, 0x000001d1ae16e000, 0x000001d1ae16b800, 0x000001d1ae16c000,
0x000001d1ae16d000, 0x000001d1ae16e800, 0x000001d1ae169000, 0x000001d1ae16f800,
0x000001d1ae170800, 0x000001d1ae16a000, 0x000001d1ae177800, 0x000001d1ae172000,
0x000001d1ae174800
}

Java Threads: ( => current thread )
  0x000001d18bc3b000 JavaThread "main" [_thread_blocked, id=8228, stack(0x00000004f9200000,0x00000004f9300000)]
  0x000001d1aa021800 JavaThread "Reference Handler" daemon [_thread_blocked, id=8756, stack(0x00000004f9900000,0x00000004f9a00000)]
  0x000001d1aa02b000 JavaThread "Finalizer" daemon [_thread_blocked, id=6116, stack(0x00000004f9a00000,0x00000004f9b00000)]
  0x000001d1aa07f000 JavaThread "Signal Dispatcher" daemon [_thread_blocked, id=2204, stack(0x00000004f9b00000,0x00000004f9c00000)]
  0x000001d1aa081000 JavaThread "Attach Listener" daemon [_thread_blocked, id=4804, stack(0x00000004f9c00000,0x00000004f9d00000)]
=>0x000001d1aa990800 JavaThread "C2 CompilerThread0" daemon [_thread_in_native, id=6604, stack(0x00000004f9d00000,0x00000004f9e00000)]
  0x000001d1aa994000 JavaThread "C1 CompilerThread0" daemon [_thread_blocked, id=7936, stack(0x00000004f9e00000,0x00000004f9f00000)]
  0x000001d1aa995800 JavaThread "Sweeper thread" daemon [_thread_blocked, id=2600, stack(0x00000004f9f00000,0x00000004fa000000)]
  0x000001d1aaaf1000 JavaThread "Common-Cleaner" daemon [_thread_blocked, id=7284, stack(0x00000004fa000000,0x00000004fa100000)]
  0x000001d1aab06000 JavaThread "Service Thread" daemon [_thread_blocked, id=4856, stack(0x00000004fa100000,0x00000004fa200000)]
  0x000001d1acbbe800 JavaThread "Daemon health stats" [_thread_blocked, id=12296, stack(0x00000004fa600000,0x00000004fa700000)]
  0x000001d1ad3a0000 JavaThread "Incoming local TCP Connector on port 59579" [_thread_in_native, id=3948, stack(0x00000004fa300000,0x00000004fa400000)]
  0x000001d1abd7e800 JavaThread "Daemon periodic checks" [_thread_blocked, id=14928, stack(0x00000004fa700000,0x00000004fa800000)]
  0x000001d1ab9d4800 JavaThread "Cache worker for journal cache (C:\Users\Admin\.gradle\caches\journal-1)" [_thread_blocked, id=2608, stack(0x00000004fb000000,0x00000004fb100000)]
  0x000001d1ab9d7800 JavaThread "File lock request listener" [_thread_in_native, id=1852, stack(0x00000004fb100000,0x00000004fb200000)]
  0x000001d1ab9d8800 JavaThread "Cache worker for file hash cache (C:\Users\Admin\.gradle\caches\8.0.1\fileHashes)" [_thread_blocked, id=15316, stack(0x00000004fb200000,0x00000004fb300000)]
  0x000001d1ab9da000 JavaThread "File watcher server" daemon [_thread_in_native, id=11680, stack(0x00000004fb300000,0x00000004fb400000)]
  0x000001d1ab9d9800 JavaThread "File watcher consumer" daemon [_thread_blocked, id=4400, stack(0x00000004fb400000,0x00000004fb500000)]
  0x000001d1ab9d5000 JavaThread "Cache worker for file content cache (C:\Users\Admin\.gradle\caches\8.0.1\fileContent)" [_thread_blocked, id=13944, stack(0x00000004fb800000,0x00000004fb900000)]
  0x000001d1aad33000 JavaThread "Cache worker for execution history cache (C:\Users\Admin\.gradle\caches\8.0.1\executionHistory)" [_thread_blocked, id=9280, stack(0x00000004fba00000,0x00000004fbb00000)]
  0x000001d1aad38000 JavaThread "jar transforms" [_thread_blocked, id=13648, stack(0x00000004fbc00000,0x00000004fbd00000)]
  0x000001d1aad37000 JavaThread "jar transforms Thread 2" [_thread_blocked, id=14408, stack(0x00000004fbd00000,0x00000004fbe00000)]
  0x000001d1aad34000 JavaThread "jar transforms Thread 3" [_thread_blocked, id=5968, stack(0x00000004fbb00000,0x00000004fbc00000)]
  0x000001d1aad3a800 JavaThread "jar transforms Thread 4" [_thread_blocked, id=1572, stack(0x00000004fbe00000,0x00000004fbf00000)]
  0x000001d1aad38800 JavaThread "Cache worker for kotlin-dsl (C:\Users\Admin\.gradle\caches\8.0.1\kotlin-dsl)" [_thread_blocked, id=8268, stack(0x00000004fc100000,0x00000004fc200000)]
  0x000001d1ab50c000 JavaThread "Memory manager" [_thread_blocked, id=9024, stack(0x00000004fae00000,0x00000004faf00000)]
  0x000001d1ab503000 JavaThread "Daemon Thread 2" [_thread_blocked, id=11308, stack(0x00000004f8f00000,0x00000004f9000000)]
  0x000001d1ab504000 JavaThread "Daemon worker Thread 2" [_thread_blocked, id=7956, stack(0x00000004fa800000,0x00000004fa900000)]
  0x000001d1b82b1000 JavaThread "Handler for socket connection from /127.0.0.1:59579 to /127.0.0.1:56179" [_thread_in_native, id=3760, stack(0x00000004f9000000,0x00000004f9100000)]
  0x000001d1b82b2000 JavaThread "Cancel handler" [_thread_blocked, id=15304, stack(0x00000004f9100000,0x00000004f9200000)]
  0x000001d1b82b5000 JavaThread "Asynchronous log dispatcher for DefaultDaemonConnection: socket connection from /127.0.0.1:59579 to /127.0.0.1:56179" [_thread_blocked, id=3280, stack(0x00000004fa900000,0x00000004faa00000)]
  0x000001d1b82b6000 JavaThread "Stdin handler" [_thread_blocked, id=4840, stack(0x00000004fab00000,0x00000004fac00000)]
  0x000001d1b82b2800 JavaThread "Daemon client event forwarder" [_thread_blocked, id=15268, stack(0x00000004fac00000,0x00000004fad00000)]
  0x000001d1b82b0800 JavaThread "Cache worker for checksums cache (D:\pilotapp-main\android\.gradle\8.0.1\checksums)" [_thread_blocked, id=13780, stack(0x00000004fad00000,0x00000004fae00000)]
  0x000001d1b82b8800 JavaThread "Cache worker for cache directory md-rule (C:\Users\Admin\.gradle\caches\8.0.1\md-rule)" [_thread_blocked, id=8904, stack(0x00000004faf00000,0x00000004fb000000)]
  0x000001d1b82b9800 JavaThread "Cache worker for file hash cache (D:\pilotapp-main\android\.gradle\8.0.1\fileHashes)" [_thread_blocked, id=1628, stack(0x00000004fb500000,0x00000004fb600000)]
  0x000001d1b82b3800 JavaThread "Cache worker for cache directory md-supplier (C:\Users\Admin\.gradle\caches\8.0.1\md-supplier)" [_thread_blocked, id=6328, stack(0x00000004fb600000,0x00000004fb700000)]
  0x000001d1b82ba000 JavaThread "Cache worker for dependencies-accessors (D:\pilotapp-main\android\.gradle\8.0.1\dependencies-accessors)" [_thread_blocked, id=6560, stack(0x00000004fb700000,0x00000004fb800000)]
  0x000001d1b82bb000 JavaThread "Cache worker for Build Output Cleanup Cache (D:\pilotapp-main\node_modules\@react-native\gradle-plugin\.gradle\buildOutputCleanup)" [_thread_blocked, id=8664, stack(0x00000004fb900000,0x00000004fba00000)]
  0x000001d1b82bb800 JavaThread "Unconstrained build operations" [_thread_blocked, id=14684, stack(0x00000004fbf00000,0x00000004fc000000)]
  0x000001d1b82bc800 JavaThread "Unconstrained build operations Thread 2" [_thread_blocked, id=9128, stack(0x00000004fc000000,0x00000004fc100000)]
  0x000001d1b82b7000 JavaThread "Unconstrained build operations Thread 3" [_thread_blocked, id=12604, stack(0x00000004fc200000,0x00000004fc300000)]
  0x000001d1b82b7800 JavaThread "Unconstrained build operations Thread 4" [_thread_blocked, id=13904, stack(0x00000004fc300000,0x00000004fc400000)]
  0x000001d1b82bf000 JavaThread "Unconstrained build operations Thread 5" [_thread_blocked, id=14956, stack(0x00000004fc400000,0x00000004fc500000)]
  0x000001d1b82bd800 JavaThread "Unconstrained build operations Thread 6" [_thread_blocked, id=10864, stack(0x00000004fc500000,0x00000004fc600000)]
  0x000001d1b82be000 JavaThread "Unconstrained build operations Thread 7" [_thread_blocked, id=13568, stack(0x00000004fc600000,0x00000004fc700000)]
  0x000001d1ab501800 JavaThread "Unconstrained build operations Thread 8" [_thread_blocked, id=10840, stack(0x00000004fc700000,0x00000004fc800000)]
  0x000001d1ab500800 JavaThread "Unconstrained build operations Thread 9" [_thread_blocked, id=10732, stack(0x00000004fc800000,0x00000004fc900000)]
  0x000001d1ab502800 JavaThread "Unconstrained build operations Thread 10" [_thread_blocked, id=7260, stack(0x00000004fc900000,0x00000004fca00000)]
  0x000001d1ab4fe800 JavaThread "Unconstrained build operations Thread 11" [_thread_blocked, id=12216, stack(0x00000004fca00000,0x00000004fcb00000)]
  0x000001d1ab505000 JavaThread "Unconstrained build operations Thread 12" [_thread_blocked, id=2352, stack(0x00000004fcb00000,0x00000004fcc00000)]
  0x000001d1ab4ff000 JavaThread "Unconstrained build operations Thread 13" [_thread_blocked, id=15036, stack(0x00000004fcc00000,0x00000004fcd00000)]
  0x000001d1ab505800 JavaThread "Unconstrained build operations Thread 14" [_thread_blocked, id=12540, stack(0x00000004fcd00000,0x00000004fce00000)]
  0x000001d1ab500000 JavaThread "Unconstrained build operations Thread 15" [_thread_blocked, id=1540, stack(0x00000004fce00000,0x00000004fcf00000)]
  0x000001d1ab50b800 JavaThread "Unconstrained build operations Thread 16" [_thread_blocked, id=5992, stack(0x00000004fcf00000,0x00000004fd000000)]
  0x000001d1ab506800 JavaThread "Unconstrained build operations Thread 17" [_thread_blocked, id=280, stack(0x00000004fd000000,0x00000004fd100000)]
  0x000001d1ab508000 JavaThread "Unconstrained build operations Thread 18" [_thread_blocked, id=872, stack(0x00000004fd100000,0x00000004fd200000)]
  0x000001d1ab50d000 JavaThread "Unconstrained build operations Thread 19" [_thread_blocked, id=5036, stack(0x00000004fd200000,0x00000004fd300000)]
  0x000001d1ab509000 JavaThread "Unconstrained build operations Thread 20" [_thread_blocked, id=1312, stack(0x00000004fd300000,0x00000004fd400000)]
  0x000001d1ab507800 JavaThread "Unconstrained build operations Thread 21" [_thread_blocked, id=3932, stack(0x00000004fd400000,0x00000004fd500000)]
  0x000001d1ab509800 JavaThread "Unconstrained build operations Thread 22" [_thread_blocked, id=8580, stack(0x00000004fd500000,0x00000004fd600000)]
  0x000001d1ab50a800 JavaThread "Unconstrained build operations Thread 23" [_thread_blocked, id=3064, stack(0x00000004fd600000,0x00000004fd700000)]
  0x000001d1aad39800 JavaThread "Unconstrained build operations Thread 24" [_thread_blocked, id=4500, stack(0x00000004fd700000,0x00000004fd800000)]
  0x000001d1aad34800 JavaThread "Unconstrained build operations Thread 25" [_thread_blocked, id=10112, stack(0x00000004fd800000,0x00000004fd900000)]
  0x000001d1aad3b000 JavaThread "Unconstrained build operations Thread 26" [_thread_blocked, id=13324, stack(0x00000004fd900000,0x00000004fda00000)]
  0x000001d1aad35800 JavaThread "Cache worker for Build Output Cleanup Cache (D:\pilotapp-main\android\.gradle\buildOutputCleanup)" [_thread_blocked, id=12528, stack(0x00000004fda00000,0x00000004fdb00000)]
  0x000001d1aad36800 JavaThread "Execution worker" [_thread_in_native, id=12536, stack(0x00000004fdd00000,0x00000004fde00000)]
  0x000001d1aad3e800 JavaThread "Execution worker Thread 2" [_thread_blocked, id=3468, stack(0x00000004fde00000,0x00000004fdf00000)]
  0x000001d1aad3d000 JavaThread "Execution worker Thread 3" [_thread_blocked, id=7920, stack(0x00000004fdf00000,0x00000004fe000000)]
  0x000001d1aad3d800 JavaThread "Cache worker for execution history cache (D:\pilotapp-main\node_modules\@react-native\gradle-plugin\.gradle\8.0.1\executionHistory)" [_thread_blocked, id=14880, stack(0x00000004fe000000,0x00000004fe100000)]
  0x000001d1aad3f000 JavaThread "Unconstrained build operations Thread 27" [_thread_blocked, id=8264, stack(0x00000004fe100000,0x00000004fe200000)]
  0x000001d1aad40000 JavaThread "Unconstrained build operations Thread 28" [_thread_blocked, id=3404, stack(0x00000004fe200000,0x00000004fe300000)]
  0x000001d1aad41000 JavaThread "Unconstrained build operations Thread 29" [_thread_blocked, id=3944, stack(0x00000004fe300000,0x00000004fe400000)]
  0x000001d1ab9d6000 JavaThread "Unconstrained build operations Thread 30" [_thread_blocked, id=7608, stack(0x00000004fe400000,0x00000004fe500000)]
  0x000001d1ab9db000 JavaThread "Unconstrained build operations Thread 31" [_thread_blocked, id=7212, stack(0x00000004fe500000,0x00000004fe600000)]
  0x000001d1ab9d7000 JavaThread "Unconstrained build operations Thread 32" [_thread_blocked, id=10340, stack(0x00000004fe600000,0x00000004fe700000)]
  0x000001d1ae16a800 JavaThread "Unconstrained build operations Thread 33" [_thread_blocked, id=380, stack(0x00000004fe700000,0x00000004fe800000)]
  0x000001d1ae16e000 JavaThread "Unconstrained build operations Thread 34" [_thread_blocked, id=13716, stack(0x00000004fe800000,0x00000004fe900000)]
  0x000001d1ae16b800 JavaThread "Unconstrained build operations Thread 35" [_thread_blocked, id=8676, stack(0x00000004fe900000,0x00000004fea00000)]
  0x000001d1ae16c000 JavaThread "Unconstrained build operations Thread 36" [_thread_blocked, id=7348, stack(0x00000004fea00000,0x00000004feb00000)]
  0x000001d1ae16d000 JavaThread "Unconstrained build operations Thread 37" [_thread_blocked, id=4048, stack(0x00000004feb00000,0x00000004fec00000)]
  0x000001d1ae16e800 JavaThread "Unconstrained build operations Thread 38" [_thread_blocked, id=14840, stack(0x00000004fec00000,0x00000004fed00000)]
  0x000001d1ae169000 JavaThread "Unconstrained build operations Thread 39" [_thread_blocked, id=4448, stack(0x00000004fed00000,0x00000004fee00000)]
  0x000001d1ae16f800 JavaThread "Unconstrained build operations Thread 40" [_thread_blocked, id=7228, stack(0x00000004fee00000,0x00000004fef00000)]
  0x000001d1ae170800 JavaThread "included builds Thread 2" [_thread_blocked, id=15056, stack(0x00000004fef00000,0x00000004ff000000)]
  0x000001d1ae16a000 JavaThread "Cache worker for execution history cache (D:\pilotapp-main\android\.gradle\8.0.1\executionHistory)" [_thread_blocked, id=7332, stack(0x00000004fdb00000,0x00000004fdc00000)]
  0x000001d1ae177800 JavaThread "WorkerExecutor Queue" [_thread_blocked, id=12472, stack(0x00000004fdc00000,0x00000004fdd00000)]
  0x000001d1ae172000 JavaThread "Thread-190" [_thread_in_native, id=1440, stack(0x00000004ff000000,0x00000004ff100000)]
  0x000001d1ae174800 JavaThread "WorkerExecutor Queue Thread 2" [_thread_in_vm, id=4492, stack(0x00000004ff100000,0x00000004ff200000)]

Other Threads:
  0x000001d1aa01c800 VMThread "VM Thread" [stack: 0x00000004f9800000,0x00000004f9900000] [id=1920]
  0x000001d1aab07800 WatcherThread [stack: 0x00000004fa200000,0x00000004fa300000] [id=4344]
  0x000001d18bc57000 GCTaskThread "GC Thread#0" [stack: 0x00000004f9300000,0x00000004f9400000] [id=10488]
  0x000001d1aae4f800 GCTaskThread "GC Thread#1" [stack: 0x00000004fa400000,0x00000004fa500000] [id=14416]
  0x000001d1ab5b4800 GCTaskThread "GC Thread#2" [stack: 0x00000004fa500000,0x00000004fa600000] [id=7800]
  0x000001d1ac138800 GCTaskThread "GC Thread#3" [stack: 0x00000004faa00000,0x00000004fab00000] [id=8316]
  0x000001d18bc87000 ConcurrentGCThread "G1 Main Marker" [stack: 0x00000004f9400000,0x00000004f9500000] [id=6064]
  0x000001d18bc88800 ConcurrentGCThread "G1 Conc#0" [stack: 0x00000004f9500000,0x00000004f9600000] [id=12608]
  0x000001d18bd16800 ConcurrentGCThread "G1 Refine#0" [stack: 0x00000004f9600000,0x00000004f9700000] [id=8952]
  0x000001d18bd17800 ConcurrentGCThread "G1 Young RemSet Sampling" [stack: 0x00000004f9700000,0x00000004f9800000] [id=10072]

Threads with active compile tasks:
C2 CompilerThread022443       4       org.gradle.internal.snapshot.impl.SnapshotSerializer::read (610 bytes)

VM state:not at safepoint (normal execution)

VM Mutex/Monitor currently owned by a thread: None

Heap address: 0x0000000080000000, size: 2048 MB, Compressed Oops mode: 32-bit
Narrow klass base: 0x0000000000000000, Narrow klass shift: 3
Compressed class space size: 528482304 Address: 0x0000000100000000

Heap:
 garbage-first heap   total 395264K, used 286864K [0x0000000080000000, 0x0000000100000000)
  region size 1024K, 7 young (7168K), 5 survivors (5120K)
 Metaspace       used 125696K, capacity 132227K, committed 132432K, reserved 630784K
  class space    used 16438K, capacity 18819K, committed 18944K, reserved 516096K
Heap Regions: E=young(eden), S=young(survivor), O=old, HS=humongous(starts), HC=humongous(continues), CS=collection set, F=free, A=archive, TAMS=top-at-mark-start (previous, next)
|   0|0x0000000080000000, 0x0000000080100000, 0x0000000080100000|100%| O|  |TAMS 0x0000000080100000, 0x0000000080100000| Untracked 
|   1|0x0000000080100000, 0x0000000080200000, 0x0000000080200000|100%| O|  |TAMS 0x0000000080200000, 0x0000000080200000| Untracked 
|   2|0x0000000080200000, 0x0000000080300000, 0x0000000080300000|100%| O|  |TAMS 0x0000000080300000, 0x0000000080300000| Untracked 
|   3|0x0000000080300000, 0x0000000080400000, 0x0000000080400000|100%|HS|  |TAMS 0x0000000080400000, 0x0000000080400000| Complete 
|   4|0x0000000080400000, 0x0000000080500000, 0x0000000080500000|100%|HC|  |TAMS 0x0000000080500000, 0x0000000080500000| Complete 
|   5|0x0000000080500000, 0x0000000080600000, 0x0000000080600000|100%|HC|  |TAMS 0x0000000080600000, 0x0000000080600000| Complete 
|   6|0x0000000080600000, 0x0000000080700000, 0x0000000080700000|100%|HC|  |TAMS 0x0000000080700000, 0x0000000080700000| Complete 
|   7|0x0000000080700000, 0x0000000080800000, 0x0000000080800000|100%| O|  |TAMS 0x0000000080800000, 0x0000000080800000| Untracked 
|   8|0x0000000080800000, 0x0000000080900000, 0x0000000080900000|100%| O|  |TAMS 0x0000000080900000, 0x0000000080900000| Untracked 
|   9|0x0000000080900000, 0x0000000080a00000, 0x0000000080a00000|100%| O|  |TAMS 0x0000000080a00000, 0x0000000080a00000| Untracked 
|  10|0x0000000080a00000, 0x0000000080b00000, 0x0000000080b00000|100%| O|  |TAMS 0x0000000080b00000, 0x0000000080b00000| Untracked 
|  11|0x0000000080b00000, 0x0000000080c00000, 0x0000000080c00000|100%| O|  |TAMS 0x0000000080c00000, 0x0000000080c00000| Untracked 
|  12|0x0000000080c00000, 0x0000000080d00000, 0x0000000080d00000|100%| O|  |TAMS 0x0000000080d00000, 0x0000000080d00000| Untracked 
|  13|0x0000000080d00000, 0x0000000080e00000, 0x0000000080e00000|100%| O|  |TAMS 0x0000000080e00000, 0x0000000080e00000| Untracked 
|  14|0x0000000080e00000, 0x0000000080f00000, 0x0000000080f00000|100%| O|  |TAMS 0x0000000080f00000, 0x0000000080f00000| Untracked 
|  15|0x0000000080f00000, 0x0000000081000000, 0x0000000081000000|100%| O|  |TAMS 0x0000000081000000, 0x0000000081000000| Untracked 
|  16|0x0000000081000000, 0x0000000081100000, 0x0000000081100000|100%| O|  |TAMS 0x0000000081100000, 0x0000000081100000| Untracked 
|  17|0x0000000081100000, 0x0000000081200000, 0x0000000081200000|100%| O|  |TAMS 0x0000000081200000, 0x0000000081200000| Untracked 
|  18|0x0000000081200000, 0x0000000081300000, 0x0000000081300000|100%| O|  |TAMS 0x0000000081300000, 0x0000000081300000| Untracked 
|  19|0x0000000081300000, 0x0000000081400000, 0x0000000081400000|100%| O|  |TAMS 0x0000000081400000, 0x0000000081400000| Untracked 
|  20|0x0000000081400000, 0x0000000081500000, 0x0000000081500000|100%| O|  |TAMS 0x0000000081500000, 0x0000000081500000| Untracked 
|  21|0x0000000081500000, 0x0000000081600000, 0x0000000081600000|100%| O|  |TAMS 0x0000000081600000, 0x0000000081600000| Untracked 
|  22|0x0000000081600000, 0x0000000081700000, 0x0000000081700000|100%| O|  |TAMS 0x0000000081700000, 0x0000000081700000| Untracked 
|  23|0x0000000081700000, 0x0000000081800000, 0x0000000081800000|100%| O|  |TAMS 0x0000000081800000, 0x0000000081800000| Untracked 
|  24|0x0000000081800000, 0x0000000081900000, 0x0000000081900000|100%| O|  |TAMS 0x0000000081900000, 0x0000000081900000| Untracked 
|  25|0x0000000081900000, 0x0000000081a00000, 0x0000000081a00000|100%| O|  |TAMS 0x0000000081a00000, 0x0000000081a00000| Untracked 
|  26|0x0000000081a00000, 0x0000000081b00000, 0x0000000081b00000|100%| O|  |TAMS 0x0000000081b00000, 0x0000000081b00000| Untracked 
|  27|0x0000000081b00000, 0x0000000081c00000, 0x0000000081c00000|100%| O|  |TAMS 0x0000000081c00000, 0x0000000081c00000| Untracked 
|  28|0x0000000081c00000, 0x0000000081d00000, 0x0000000081d00000|100%| O|  |TAMS 0x0000000081d00000, 0x0000000081d00000| Untracked 
|  29|0x0000000081d00000, 0x0000000081e00000, 0x0000000081e00000|100%| O|  |TAMS 0x0000000081e00000, 0x0000000081e00000| Untracked 
|  30|0x0000000081e00000, 0x0000000081f00000, 0x0000000081f00000|100%| O|  |TAMS 0x0000000081f00000, 0x0000000081f00000| Untracked 
|  31|0x0000000081f00000, 0x0000000082000000, 0x0000000082000000|100%|HS|  |TAMS 0x0000000082000000, 0x0000000082000000| Complete 
|  32|0x0000000082000000, 0x0000000082100000, 0x0000000082100000|100%|HC|  |TAMS 0x0000000082100000, 0x0000000082100000| Complete 
|  33|0x0000000082100000, 0x0000000082200000, 0x0000000082200000|100%| O|  |TAMS 0x0000000082200000, 0x0000000082200000| Untracked 
|  34|0x0000000082200000, 0x0000000082300000, 0x0000000082300000|100%| O|  |TAMS 0x0000000082300000, 0x0000000082300000| Untracked 
|  35|0x0000000082300000, 0x0000000082400000, 0x0000000082400000|100%|HS|  |TAMS 0x0000000082400000, 0x0000000082400000| Complete 
|  36|0x0000000082400000, 0x0000000082500000, 0x0000000082500000|100%|HC|  |TAMS 0x0000000082500000, 0x0000000082500000| Complete 
|  37|0x0000000082500000, 0x0000000082600000, 0x0000000082600000|100%|HC|  |TAMS 0x0000000082600000, 0x0000000082600000| Complete 
|  38|0x0000000082600000, 0x0000000082700000, 0x0000000082700000|100%|HC|  |TAMS 0x0000000082700000, 0x0000000082700000| Complete 
|  39|0x0000000082700000, 0x0000000082800000, 0x0000000082800000|100%| O|  |TAMS 0x0000000082800000, 0x0000000082800000| Untracked 
|  40|0x0000000082800000, 0x0000000082900000, 0x0000000082900000|100%| O|  |TAMS 0x0000000082900000, 0x0000000082900000| Untracked 
|  41|0x0000000082900000, 0x0000000082a00000, 0x0000000082a00000|100%| O|  |TAMS 0x0000000082a00000, 0x0000000082a00000| Untracked 
|  42|0x0000000082a00000, 0x0000000082b00000, 0x0000000082b00000|100%| O|  |TAMS 0x0000000082b00000, 0x0000000082b00000| Untracked 
|  43|0x0000000082b00000, 0x0000000082c00000, 0x0000000082c00000|100%| O|  |TAMS 0x0000000082c00000, 0x0000000082c00000| Untracked 
|  44|0x0000000082c00000, 0x0000000082d00000, 0x0000000082d00000|100%| O|  |TAMS 0x0000000082d00000, 0x0000000082d00000| Untracked 
|  45|0x0000000082d00000, 0x0000000082e00000, 0x0000000082e00000|100%| O|  |TAMS 0x0000000082e00000, 0x0000000082e00000| Untracked 
|  46|0x0000000082e00000, 0x0000000082f00000, 0x0000000082f00000|100%| O|  |TAMS 0x0000000082f00000, 0x0000000082f00000| Untracked 
|  47|0x0000000082f00000, 0x0000000083000000, 0x0000000083000000|100%| O|  |TAMS 0x0000000083000000, 0x0000000083000000| Untracked 
|  48|0x0000000083000000, 0x0000000083100000, 0x0000000083100000|100%| O|  |TAMS 0x0000000083100000, 0x0000000083100000| Untracked 
|  49|0x0000000083100000, 0x0000000083200000, 0x0000000083200000|100%| O|  |TAMS 0x0000000083200000, 0x0000000083200000| Untracked 
|  50|0x0000000083200000, 0x0000000083300000, 0x0000000083300000|100%| O|  |TAMS 0x0000000083300000, 0x0000000083300000| Untracked 
|  51|0x0000000083300000, 0x0000000083400000, 0x0000000083400000|100%|HS|  |TAMS 0x0000000083400000, 0x0000000083400000| Complete 
|  52|0x0000000083400000, 0x0000000083500000, 0x0000000083500000|100%|HS|  |TAMS 0x0000000083500000, 0x0000000083500000| Complete 
|  53|0x0000000083500000, 0x0000000083600000, 0x0000000083600000|100%| O|  |TAMS 0x0000000083600000, 0x0000000083600000| Untracked 
|  54|0x0000000083600000, 0x0000000083700000, 0x0000000083700000|100%| O|  |TAMS 0x0000000083700000, 0x0000000083700000| Untracked 
|  55|0x0000000083700000, 0x0000000083800000, 0x0000000083800000|100%| O|  |TAMS 0x0000000083800000, 0x0000000083800000| Untracked 
|  56|0x0000000083800000, 0x0000000083900000, 0x0000000083900000|100%| O|  |TAMS 0x0000000083900000, 0x0000000083900000| Untracked 
|  57|0x0000000083900000, 0x0000000083a00000, 0x0000000083a00000|100%| O|  |TAMS 0x0000000083a00000, 0x0000000083a00000| Untracked 
|  58|0x0000000083a00000, 0x0000000083b00000, 0x0000000083b00000|100%| O|  |TAMS 0x0000000083b00000, 0x0000000083b00000| Untracked 
|  59|0x0000000083b00000, 0x0000000083c00000, 0x0000000083c00000|100%| O|  |TAMS 0x0000000083c00000, 0x0000000083c00000| Untracked 
|  60|0x0000000083c00000, 0x0000000083d00000, 0x0000000083d00000|100%| O|  |TAMS 0x0000000083d00000, 0x0000000083d00000| Untracked 
|  61|0x0000000083d00000, 0x0000000083e00000, 0x0000000083e00000|100%| O|  |TAMS 0x0000000083e00000, 0x0000000083e00000| Untracked 
|  62|0x0000000083e00000, 0x0000000083f00000, 0x0000000083f00000|100%| O|  |TAMS 0x0000000083f00000, 0x0000000083f00000| Untracked 
|  63|0x0000000083f00000, 0x0000000084000000, 0x0000000084000000|100%| O|  |TAMS 0x0000000084000000, 0x0000000084000000| Untracked 
|  64|0x0000000084000000, 0x0000000084100000, 0x0000000084100000|100%| O|  |TAMS 0x0000000084100000, 0x0000000084100000| Untracked 
|  65|0x0000000084100000, 0x0000000084200000, 0x0000000084200000|100%| O|  |TAMS 0x0000000084200000, 0x0000000084200000| Untracked 
|  66|0x0000000084200000, 0x0000000084300000, 0x0000000084300000|100%| O|  |TAMS 0x0000000084300000, 0x0000000084300000| Untracked 
|  67|0x0000000084300000, 0x0000000084400000, 0x0000000084400000|100%| O|  |TAMS 0x0000000084400000, 0x0000000084400000| Untracked 
|  68|0x0000000084400000, 0x0000000084500000, 0x0000000084500000|100%| O|  |TAMS 0x0000000084500000, 0x0000000084500000| Untracked 
|  69|0x0000000084500000, 0x0000000084600000, 0x0000000084600000|100%| O|  |TAMS 0x0000000084600000, 0x0000000084600000| Untracked 
|  70|0x0000000084600000, 0x0000000084700000, 0x0000000084700000|100%| O|  |TAMS 0x0000000084700000, 0x0000000084700000| Untracked 
|  71|0x0000000084700000, 0x0000000084800000, 0x0000000084800000|100%| O|  |TAMS 0x0000000084800000, 0x0000000084800000| Untracked 
|  72|0x0000000084800000, 0x0000000084900000, 0x0000000084900000|100%| O|  |TAMS 0x0000000084900000, 0x0000000084900000| Untracked 
|  73|0x0000000084900000, 0x0000000084a00000, 0x0000000084a00000|100%| O|  |TAMS 0x0000000084a00000, 0x0000000084a00000| Untracked 
|  74|0x0000000084a00000, 0x0000000084b00000, 0x0000000084b00000|100%|HS|  |TAMS 0x0000000084b00000, 0x0000000084b00000| Complete 
|  75|0x0000000084b00000, 0x0000000084c00000, 0x0000000084c00000|100%| O|  |TAMS 0x0000000084c00000, 0x0000000084c00000| Untracked 
|  76|0x0000000084c00000, 0x0000000084d00000, 0x0000000084d00000|100%| O|  |TAMS 0x0000000084d00000, 0x0000000084d00000| Untracked 
|  77|0x0000000084d00000, 0x0000000084e00000, 0x0000000084e00000|100%| O|  |TAMS 0x0000000084e00000, 0x0000000084e00000| Untracked 
|  78|0x0000000084e00000, 0x0000000084f00000, 0x0000000084f00000|100%| O|  |TAMS 0x0000000084f00000, 0x0000000084f00000| Untracked 
|  79|0x0000000084f00000, 0x0000000085000000, 0x0000000085000000|100%| O|  |TAMS 0x0000000085000000, 0x0000000085000000| Untracked 
|  80|0x0000000085000000, 0x0000000085100000, 0x0000000085100000|100%| O|  |TAMS 0x0000000085100000, 0x0000000085100000| Untracked 
|  81|0x0000000085100000, 0x0000000085200000, 0x0000000085200000|100%| O|  |TAMS 0x0000000085200000, 0x0000000085200000| Untracked 
|  82|0x0000000085200000, 0x0000000085300000, 0x0000000085300000|100%| O|  |TAMS 0x0000000085300000, 0x0000000085300000| Untracked 
|  83|0x0000000085300000, 0x0000000085400000, 0x0000000085400000|100%| O|  |TAMS 0x0000000085400000, 0x0000000085400000| Untracked 
|  84|0x0000000085400000, 0x0000000085500000, 0x0000000085500000|100%| O|  |TAMS 0x0000000085500000, 0x0000000085500000| Untracked 
|  85|0x0000000085500000, 0x0000000085600000, 0x0000000085600000|100%|HS|  |TAMS 0x0000000085600000, 0x0000000085600000| Complete 
|  86|0x0000000085600000, 0x0000000085700000, 0x0000000085700000|100%|HC|  |TAMS 0x0000000085700000, 0x0000000085700000| Complete 
|  87|0x0000000085700000, 0x0000000085800000, 0x0000000085800000|100%|HS|  |TAMS 0x0000000085800000, 0x0000000085800000| Complete 
|  88|0x0000000085800000, 0x0000000085900000, 0x0000000085900000|100%|HC|  |TAMS 0x0000000085900000, 0x0000000085900000| Complete 
|  89|0x0000000085900000, 0x0000000085a00000, 0x0000000085a00000|100%|HC|  |TAMS 0x0000000085a00000, 0x0000000085a00000| Complete 
|  90|0x0000000085a00000, 0x0000000085b00000, 0x0000000085b00000|100%|HC|  |TAMS 0x0000000085b00000, 0x0000000085b00000| Complete 
|  91|0x0000000085b00000, 0x0000000085c00000, 0x0000000085c00000|100%| O|  |TAMS 0x0000000085c00000, 0x0000000085c00000| Untracked 
|  92|0x0000000085c00000, 0x0000000085d00000, 0x0000000085d00000|100%| O|  |TAMS 0x0000000085d00000, 0x0000000085d00000| Untracked 
|  93|0x0000000085d00000, 0x0000000085e00000, 0x0000000085e00000|100%| O|  |TAMS 0x0000000085e00000, 0x0000000085e00000| Untracked 
|  94|0x0000000085e00000, 0x0000000085f00000, 0x0000000085f00000|100%| O|  |TAMS 0x0000000085f00000, 0x0000000085f00000| Untracked 
|  95|0x0000000085f00000, 0x0000000086000000, 0x0000000086000000|100%| O|  |TAMS 0x0000000086000000, 0x0000000086000000| Untracked 
|  96|0x0000000086000000, 0x0000000086100000, 0x0000000086100000|100%| O|  |TAMS 0x0000000086100000, 0x0000000086100000| Untracked 
|  97|0x0000000086100000, 0x0000000086200000, 0x0000000086200000|100%| O|  |TAMS 0x0000000086200000, 0x0000000086200000| Untracked 
|  98|0x0000000086200000, 0x0000000086300000, 0x0000000086300000|100%| O|  |TAMS 0x0000000086300000, 0x0000000086300000| Untracked 
|  99|0x0000000086300000, 0x0000000086400000, 0x0000000086400000|100%| O|  |TAMS 0x0000000086400000, 0x0000000086400000| Untracked 
| 100|0x0000000086400000, 0x0000000086500000, 0x0000000086500000|100%| O|  |TAMS 0x0000000086500000, 0x0000000086500000| Untracked 
| 101|0x0000000086500000, 0x0000000086600000, 0x0000000086600000|100%| O|  |TAMS 0x0000000086600000, 0x0000000086600000| Untracked 
| 102|0x0000000086600000, 0x0000000086700000, 0x0000000086700000|100%| O|  |TAMS 0x0000000086700000, 0x0000000086700000| Untracked 
| 103|0x0000000086700000, 0x0000000086800000, 0x0000000086800000|100%| O|  |TAMS 0x0000000086800000, 0x0000000086800000| Untracked 
| 104|0x0000000086800000, 0x0000000086900000, 0x0000000086900000|100%| O|  |TAMS 0x0000000086900000, 0x0000000086900000| Untracked 
| 105|0x0000000086900000, 0x0000000086a00000, 0x0000000086a00000|100%| O|  |TAMS 0x0000000086a00000, 0x0000000086a00000| Untracked 
| 106|0x0000000086a00000, 0x0000000086a00000, 0x0000000086b00000|  0%| F|  |TAMS 0x0000000086a00000, 0x0000000086a00000| Untracked 
| 107|0x0000000086b00000, 0x0000000086c00000, 0x0000000086c00000|100%| O|  |TAMS 0x0000000086c00000, 0x0000000086c00000| Untracked 
| 108|0x0000000086c00000, 0x0000000086d00000, 0x0000000086d00000|100%| O|  |TAMS 0x0000000086d00000, 0x0000000086d00000| Untracked 
| 109|0x0000000086d00000, 0x0000000086e00000, 0x0000000086e00000|100%| O|  |TAMS 0x0000000086e00000, 0x0000000086e00000| Untracked 
| 110|0x0000000086e00000, 0x0000000086f00000, 0x0000000086f00000|100%| O|  |TAMS 0x0000000086f00000, 0x0000000086f00000| Untracked 
| 111|0x0000000086f00000, 0x0000000087000000, 0x0000000087000000|100%|HS|  |TAMS 0x0000000087000000, 0x0000000087000000| Complete 
| 112|0x0000000087000000, 0x0000000087100000, 0x0000000087100000|100%|HS|  |TAMS 0x0000000087100000, 0x0000000087100000| Complete 
| 113|0x0000000087100000, 0x0000000087200000, 0x0000000087200000|100%|HS|  |TAMS 0x0000000087200000, 0x0000000087200000| Complete 
| 114|0x0000000087200000, 0x0000000087300000, 0x0000000087300000|100%|HC|  |TAMS 0x0000000087300000, 0x0000000087300000| Complete 
| 115|0x0000000087300000, 0x0000000087400000, 0x0000000087400000|100%|HC|  |TAMS 0x0000000087400000, 0x0000000087400000| Complete 
| 116|0x0000000087400000, 0x0000000087500000, 0x0000000087500000|100%|HS|  |TAMS 0x0000000087500000, 0x0000000087500000| Complete 
| 117|0x0000000087500000, 0x0000000087600000, 0x0000000087600000|100%|HC|  |TAMS 0x0000000087600000, 0x0000000087600000| Complete 
| 118|0x0000000087600000, 0x0000000087700000, 0x0000000087700000|100%| O|  |TAMS 0x0000000087700000, 0x0000000087700000| Untracked 
| 119|0x0000000087700000, 0x0000000087800000, 0x0000000087800000|100%| O|  |TAMS 0x0000000087800000, 0x0000000087800000| Untracked 
| 120|0x0000000087800000, 0x0000000087900000, 0x0000000087900000|100%| O|  |TAMS 0x0000000087900000, 0x0000000087900000| Untracked 
| 121|0x0000000087900000, 0x0000000087a00000, 0x0000000087a00000|100%| O|  |TAMS 0x0000000087a00000, 0x0000000087a00000| Untracked 
| 122|0x0000000087a00000, 0x0000000087b00000, 0x0000000087b00000|100%| O|  |TAMS 0x0000000087b00000, 0x0000000087b00000| Untracked 
| 123|0x0000000087b00000, 0x0000000087c00000, 0x0000000087c00000|100%| O|  |TAMS 0x0000000087c00000, 0x0000000087c00000| Untracked 
| 124|0x0000000087c00000, 0x0000000087d00000, 0x0000000087d00000|100%| O|  |TAMS 0x0000000087d00000, 0x0000000087d00000| Untracked 
| 125|0x0000000087d00000, 0x0000000087e00000, 0x0000000087e00000|100%| O|  |TAMS 0x0000000087e00000, 0x0000000087e00000| Untracked 
| 126|0x0000000087e00000, 0x0000000087f00000, 0x0000000087f00000|100%| O|  |TAMS 0x0000000087f00000, 0x0000000087f00000| Untracked 
| 127|0x0000000087f00000, 0x0000000088000000, 0x0000000088000000|100%| O|  |TAMS 0x0000000088000000, 0x0000000088000000| Untracked 
| 128|0x0000000088000000, 0x0000000088100000, 0x0000000088100000|100%| O|  |TAMS 0x0000000088100000, 0x0000000088100000| Untracked 
| 129|0x0000000088100000, 0x0000000088200000, 0x0000000088200000|100%|HS|  |TAMS 0x0000000088200000, 0x0000000088200000| Complete 
| 130|0x0000000088200000, 0x0000000088300000, 0x0000000088300000|100%|HC|  |TAMS 0x0000000088300000, 0x0000000088300000| Complete 
| 131|0x0000000088300000, 0x0000000088400000, 0x0000000088400000|100%|HC|  |TAMS 0x0000000088400000, 0x0000000088400000| Complete 
| 132|0x0000000088400000, 0x0000000088500000, 0x0000000088500000|100%|HS|  |TAMS 0x0000000088500000, 0x0000000088500000| Complete 
| 133|0x0000000088500000, 0x0000000088600000, 0x0000000088600000|100%|HC|  |TAMS 0x0000000088600000, 0x0000000088600000| Complete 
| 134|0x0000000088600000, 0x0000000088700000, 0x0000000088700000|100%| O|  |TAMS 0x0000000088700000, 0x0000000088700000| Untracked 
| 135|0x0000000088700000, 0x0000000088800000, 0x0000000088800000|100%| O|  |TAMS 0x0000000088800000, 0x0000000088800000| Untracked 
| 136|0x0000000088800000, 0x0000000088900000, 0x0000000088900000|100%| O|  |TAMS 0x0000000088900000, 0x0000000088900000| Untracked 
| 137|0x0000000088900000, 0x0000000088a00000, 0x0000000088a00000|100%| O|  |TAMS 0x0000000088a00000, 0x0000000088a00000| Untracked 
| 138|0x0000000088a00000, 0x0000000088b00000, 0x0000000088b00000|100%| O|  |TAMS 0x0000000088b00000, 0x0000000088b00000| Untracked 
| 139|0x0000000088b00000, 0x0000000088c00000, 0x0000000088c00000|100%| O|  |TAMS 0x0000000088c00000, 0x0000000088c00000| Untracked 
| 140|0x0000000088c00000, 0x0000000088d00000, 0x0000000088d00000|100%| O|  |TAMS 0x0000000088d00000, 0x0000000088d00000| Untracked 
| 141|0x0000000088d00000, 0x0000000088e00000, 0x0000000088e00000|100%| O|  |TAMS 0x0000000088e00000, 0x0000000088e00000| Untracked 
| 142|0x0000000088e00000, 0x0000000088f00000, 0x0000000088f00000|100%|HS|  |TAMS 0x0000000088f00000, 0x0000000088f00000| Complete 
| 143|0x0000000088f00000, 0x0000000089000000, 0x0000000089000000|100%|HC|  |TAMS 0x0000000089000000, 0x0000000089000000| Complete 
| 144|0x0000000089000000, 0x0000000089100000, 0x0000000089100000|100%| O|  |TAMS 0x0000000089100000, 0x0000000089100000| Untracked 
| 145|0x0000000089100000, 0x0000000089200000, 0x0000000089200000|100%| O|  |TAMS 0x0000000089200000, 0x0000000089200000| Untracked 
| 146|0x0000000089200000, 0x0000000089300000, 0x0000000089300000|100%| O|  |TAMS 0x0000000089300000, 0x0000000089300000| Untracked 
| 147|0x0000000089300000, 0x0000000089400000, 0x0000000089400000|100%| O|  |TAMS 0x0000000089400000, 0x0000000089400000| Untracked 
| 148|0x0000000089400000, 0x0000000089500000, 0x0000000089500000|100%| O|  |TAMS 0x0000000089500000, 0x0000000089500000| Untracked 
| 149|0x0000000089500000, 0x0000000089600000, 0x0000000089600000|100%|HS|  |TAMS 0x0000000089600000, 0x0000000089600000| Complete 
| 150|0x0000000089600000, 0x0000000089700000, 0x0000000089700000|100%|HS|  |TAMS 0x0000000089700000, 0x0000000089700000| Complete 
| 151|0x0000000089700000, 0x0000000089800000, 0x0000000089800000|100%| O|  |TAMS 0x0000000089800000, 0x0000000089800000| Untracked 
| 152|0x0000000089800000, 0x0000000089900000, 0x0000000089900000|100%| O|  |TAMS 0x0000000089900000, 0x0000000089900000| Untracked 
| 153|0x0000000089900000, 0x0000000089a00000, 0x0000000089a00000|100%| O|  |TAMS 0x0000000089a00000, 0x0000000089a00000| Untracked 
| 154|0x0000000089a00000, 0x0000000089b00000, 0x0000000089b00000|100%| O|  |TAMS 0x0000000089b00000, 0x0000000089b00000| Untracked 
| 155|0x0000000089b00000, 0x0000000089c00000, 0x0000000089c00000|100%| O|  |TAMS 0x0000000089b98200, 0x0000000089c00000| Untracked 
| 156|0x0000000089c00000, 0x0000000089c00000, 0x0000000089d00000|  0%| F|  |TAMS 0x0000000089c00000, 0x0000000089c00000| Untracked 
| 157|0x0000000089d00000, 0x0000000089e00000, 0x0000000089e00000|100%|HS|  |TAMS 0x0000000089e00000, 0x0000000089e00000| Complete 
| 158|0x0000000089e00000, 0x0000000089f00000, 0x0000000089f00000|100%|HS|  |TAMS 0x0000000089f00000, 0x0000000089f00000| Complete 
| 159|0x0000000089f00000, 0x000000008a000000, 0x000000008a000000|100%|HC|  |TAMS 0x000000008a000000, 0x000000008a000000| Complete 
| 160|0x000000008a000000, 0x000000008a100000, 0x000000008a100000|100%|HC|  |TAMS 0x000000008a100000, 0x000000008a100000| Complete 
| 161|0x000000008a100000, 0x000000008a200000, 0x000000008a200000|100%| O|  |TAMS 0x000000008a200000, 0x000000008a200000| Untracked 
| 162|0x000000008a200000, 0x000000008a300000, 0x000000008a300000|100%| O|  |TAMS 0x000000008a300000, 0x000000008a300000| Untracked 
| 163|0x000000008a300000, 0x000000008a400000, 0x000000008a400000|100%| O|  |TAMS 0x000000008a400000, 0x000000008a400000| Untracked 
| 164|0x000000008a400000, 0x000000008a500000, 0x000000008a500000|100%| O|  |TAMS 0x000000008a400000, 0x000000008a500000| Untracked 
| 165|0x000000008a500000, 0x000000008a600000, 0x000000008a600000|100%|HS|  |TAMS 0x000000008a600000, 0x000000008a600000| Complete 
| 166|0x000000008a600000, 0x000000008a700000, 0x000000008a700000|100%| O|  |TAMS 0x000000008a700000, 0x000000008a700000| Untracked 
| 167|0x000000008a700000, 0x000000008a800000, 0x000000008a800000|100%| O|  |TAMS 0x000000008a800000, 0x000000008a800000| Untracked 
| 168|0x000000008a800000, 0x000000008a900000, 0x000000008a900000|100%| O|  |TAMS 0x000000008a900000, 0x000000008a900000| Untracked 
| 169|0x000000008a900000, 0x000000008aa00000, 0x000000008aa00000|100%| O|  |TAMS 0x000000008aa00000, 0x000000008aa00000| Untracked 
| 170|0x000000008aa00000, 0x000000008ab00000, 0x000000008ab00000|100%| O|  |TAMS 0x000000008ab00000, 0x000000008ab00000| Untracked 
| 171|0x000000008ab00000, 0x000000008ac00000, 0x000000008ac00000|100%| O|  |TAMS 0x000000008ac00000, 0x000000008ac00000| Untracked 
| 172|0x000000008ac00000, 0x000000008ad00000, 0x000000008ad00000|100%| O|  |TAMS 0x000000008ad00000, 0x000000008ad00000| Untracked 
| 173|0x000000008ad00000, 0x000000008ae00000, 0x000000008ae00000|100%| O|  |TAMS 0x000000008ae00000, 0x000000008ae00000| Untracked 
| 174|0x000000008ae00000, 0x000000008af00000, 0x000000008af00000|100%|HS|  |TAMS 0x000000008af00000, 0x000000008af00000| Complete 
| 175|0x000000008af00000, 0x000000008b000000, 0x000000008b000000|100%|HC|  |TAMS 0x000000008b000000, 0x000000008b000000| Complete 
| 176|0x000000008b000000, 0x000000008b100000, 0x000000008b100000|100%| O|  |TAMS 0x000000008b100000, 0x000000008b100000| Untracked 
| 177|0x000000008b100000, 0x000000008b200000, 0x000000008b200000|100%| O|  |TAMS 0x000000008b100000, 0x000000008b200000| Untracked 
| 178|0x000000008b200000, 0x000000008b300000, 0x000000008b300000|100%| O|  |TAMS 0x000000008b300000, 0x000000008b300000| Untracked 
| 179|0x000000008b300000, 0x000000008b400000, 0x000000008b400000|100%| O|  |TAMS 0x000000008b400000, 0x000000008b400000| Untracked 
| 180|0x000000008b400000, 0x000000008b500000, 0x000000008b500000|100%| O|  |TAMS 0x000000008b500000, 0x000000008b500000| Untracked 
| 181|0x000000008b500000, 0x000000008b600000, 0x000000008b600000|100%|HS|  |TAMS 0x000000008b600000, 0x000000008b600000| Complete 
| 182|0x000000008b600000, 0x000000008b700000, 0x000000008b700000|100%|HS|  |TAMS 0x000000008b700000, 0x000000008b700000| Complete 
| 183|0x000000008b700000, 0x000000008b800000, 0x000000008b800000|100%| O|  |TAMS 0x000000008b800000, 0x000000008b800000| Untracked 
| 184|0x000000008b800000, 0x000000008b900000, 0x000000008b900000|100%| O|  |TAMS 0x000000008b900000, 0x000000008b900000| Untracked 
| 185|0x000000008b900000, 0x000000008ba00000, 0x000000008ba00000|100%| O|  |TAMS 0x000000008ba00000, 0x000000008ba00000| Untracked 
| 186|0x000000008ba00000, 0x000000008bb00000, 0x000000008bb00000|100%| O|  |TAMS 0x000000008bb00000, 0x000000008bb00000| Untracked 
| 187|0x000000008bb00000, 0x000000008bc00000, 0x000000008bc00000|100%| O|  |TAMS 0x000000008bc00000, 0x000000008bc00000| Untracked 
| 188|0x000000008bc00000, 0x000000008bd00000, 0x000000008bd00000|100%| O|  |TAMS 0x000000008bd00000, 0x000000008bd00000| Untracked 
| 189|0x000000008bd00000, 0x000000008be00000, 0x000000008be00000|100%| O|  |TAMS 0x000000008be00000, 0x000000008be00000| Untracked 
| 190|0x000000008be00000, 0x000000008bf00000, 0x000000008bf00000|100%| O|  |TAMS 0x000000008bf00000, 0x000000008bf00000| Untracked 
| 191|0x000000008bf00000, 0x000000008c000000, 0x000000008c000000|100%| O|  |TAMS 0x000000008c000000, 0x000000008c000000| Untracked 
| 192|0x000000008c000000, 0x000000008c100000, 0x000000008c100000|100%| O|  |TAMS 0x000000008c000000, 0x000000008c100000| Untracked 
| 193|0x000000008c100000, 0x000000008c200000, 0x000000008c200000|100%| O|  |TAMS 0x000000008c200000, 0x000000008c200000| Untracked 
| 194|0x000000008c200000, 0x000000008c300000, 0x000000008c300000|100%| O|  |TAMS 0x000000008c300000, 0x000000008c300000| Untracked 
| 195|0x000000008c300000, 0x000000008c400000, 0x000000008c400000|100%| O|  |TAMS 0x000000008c400000, 0x000000008c400000| Untracked 
| 196|0x000000008c400000, 0x000000008c500000, 0x000000008c500000|100%| O|  |TAMS 0x000000008c500000, 0x000000008c500000| Untracked 
| 197|0x000000008c500000, 0x000000008c600000, 0x000000008c600000|100%| O|  |TAMS 0x000000008c600000, 0x000000008c600000| Untracked 
| 198|0x000000008c600000, 0x000000008c700000, 0x000000008c700000|100%| O|  |TAMS 0x000000008c700000, 0x000000008c700000| Untracked 
| 199|0x000000008c700000, 0x000000008c800000, 0x000000008c800000|100%| O|  |TAMS 0x000000008c800000, 0x000000008c800000| Untracked 
| 200|0x000000008c800000, 0x000000008c900000, 0x000000008c900000|100%| O|  |TAMS 0x000000008c900000, 0x000000008c900000| Untracked 
| 201|0x000000008c900000, 0x000000008ca00000, 0x000000008ca00000|100%| O|  |TAMS 0x000000008ca00000, 0x000000008ca00000| Untracked 
| 202|0x000000008ca00000, 0x000000008cb00000, 0x000000008cb00000|100%| O|  |TAMS 0x000000008cb00000, 0x000000008cb00000| Untracked 
| 203|0x000000008cb00000, 0x000000008cc00000, 0x000000008cc00000|100%| O|  |TAMS 0x000000008cc00000, 0x000000008cc00000| Untracked 
| 204|0x000000008cc00000, 0x000000008cd00000, 0x000000008cd00000|100%| O|  |TAMS 0x000000008cd00000, 0x000000008cd00000| Untracked 
| 205|0x000000008cd00000, 0x000000008ce00000, 0x000000008ce00000|100%| O|  |TAMS 0x000000008ce00000, 0x000000008ce00000| Untracked 
| 206|0x000000008ce00000, 0x000000008cf00000, 0x000000008cf00000|100%| O|  |TAMS 0x000000008cf00000, 0x000000008cf00000| Untracked 
| 207|0x000000008cf00000, 0x000000008d000000, 0x000000008d000000|100%| O|  |TAMS 0x000000008d000000, 0x000000008d000000| Untracked 
| 208|0x000000008d000000, 0x000000008d100000, 0x000000008d100000|100%| O|  |TAMS 0x000000008d100000, 0x000000008d100000| Untracked 
| 209|0x000000008d100000, 0x000000008d200000, 0x000000008d200000|100%| O|  |TAMS 0x000000008d200000, 0x000000008d200000| Untracked 
| 210|0x000000008d200000, 0x000000008d300000, 0x000000008d300000|100%| O|  |TAMS 0x000000008d300000, 0x000000008d300000| Untracked 
| 211|0x000000008d300000, 0x000000008d400000, 0x000000008d400000|100%| O|  |TAMS 0x000000008d400000, 0x000000008d400000| Untracked 
| 212|0x000000008d400000, 0x000000008d500000, 0x000000008d500000|100%| O|  |TAMS 0x000000008d500000, 0x000000008d500000| Untracked 
| 213|0x000000008d500000, 0x000000008d600000, 0x000000008d600000|100%| O|  |TAMS 0x000000008d500000, 0x000000008d600000| Untracked 
| 214|0x000000008d600000, 0x000000008d700000, 0x000000008d700000|100%| O|  |TAMS 0x000000008d700000, 0x000000008d700000| Untracked 
| 215|0x000000008d700000, 0x000000008d800000, 0x000000008d800000|100%| O|  |TAMS 0x000000008d800000, 0x000000008d800000| Untracked 
| 216|0x000000008d800000, 0x000000008d900000, 0x000000008d900000|100%| O|  |TAMS 0x000000008d800000, 0x000000008d900000| Untracked 
| 217|0x000000008d900000, 0x000000008da00000, 0x000000008da00000|100%| O|  |TAMS 0x000000008d900000, 0x000000008da00000| Untracked 
| 218|0x000000008da00000, 0x000000008db00000, 0x000000008db00000|100%| O|  |TAMS 0x000000008db00000, 0x000000008db00000| Untracked 
| 219|0x000000008db00000, 0x000000008dc00000, 0x000000008dc00000|100%| O|  |TAMS 0x000000008dc00000, 0x000000008dc00000| Untracked 
| 220|0x000000008dc00000, 0x000000008dd00000, 0x000000008dd00000|100%| O|  |TAMS 0x000000008dd00000, 0x000000008dd00000| Untracked 
| 221|0x000000008dd00000, 0x000000008de00000, 0x000000008de00000|100%| O|  |TAMS 0x000000008de00000, 0x000000008de00000| Untracked 
| 222|0x000000008de00000, 0x000000008df00000, 0x000000008df00000|100%| O|  |TAMS 0x000000008df00000, 0x000000008df00000| Untracked 
| 223|0x000000008df00000, 0x000000008e000000, 0x000000008e000000|100%| O|  |TAMS 0x000000008e000000, 0x000000008e000000| Untracked 
| 224|0x000000008e000000, 0x000000008e005e00, 0x000000008e100000|  2%| O|  |TAMS 0x000000008e000000, 0x000000008e005e00| Untracked 
| 225|0x000000008e100000, 0x000000008e100000, 0x000000008e200000|  0%| F|  |TAMS 0x000000008e100000, 0x000000008e100000| Untracked 
| 226|0x000000008e200000, 0x000000008e300000, 0x000000008e300000|100%| O|  |TAMS 0x000000008e300000, 0x000000008e300000| Untracked 
| 227|0x000000008e300000, 0x000000008e400000, 0x000000008e400000|100%| O|  |TAMS 0x000000008e400000, 0x000000008e400000| Untracked 
| 228|0x000000008e400000, 0x000000008e500000, 0x000000008e500000|100%| O|  |TAMS 0x000000008e500000, 0x000000008e500000| Untracked 
| 229|0x000000008e500000, 0x000000008e600000, 0x000000008e600000|100%| O|  |TAMS 0x000000008e600000, 0x000000008e600000| Untracked 
| 230|0x000000008e600000, 0x000000008e700000, 0x000000008e700000|100%| O|  |TAMS 0x000000008e700000, 0x000000008e700000| Untracked 
| 231|0x000000008e700000, 0x000000008e800000, 0x000000008e800000|100%| O|  |TAMS 0x000000008e800000, 0x000000008e800000| Untracked 
| 232|0x000000008e800000, 0x000000008e900000, 0x000000008e900000|100%| O|  |TAMS 0x000000008e900000, 0x000000008e900000| Untracked 
| 233|0x000000008e900000, 0x000000008ea00000, 0x000000008ea00000|100%| O|  |TAMS 0x000000008ea00000, 0x000000008ea00000| Untracked 
| 234|0x000000008ea00000, 0x000000008eb00000, 0x000000008eb00000|100%| O|  |TAMS 0x000000008eb00000, 0x000000008eb00000| Untracked 
| 235|0x000000008eb00000, 0x000000008ec00000, 0x000000008ec00000|100%| O|  |TAMS 0x000000008ec00000, 0x000000008ec00000| Untracked 
| 236|0x000000008ec00000, 0x000000008ec00000, 0x000000008ed00000|  0%| F|  |TAMS 0x000000008ec00000, 0x000000008ec00000| Untracked 
| 237|0x000000008ed00000, 0x000000008ee00000, 0x000000008ee00000|100%| O|  |TAMS 0x000000008ee00000, 0x000000008ee00000| Untracked 
| 238|0x000000008ee00000, 0x000000008ef00000, 0x000000008ef00000|100%| O|  |TAMS 0x000000008ef00000, 0x000000008ef00000| Untracked 
| 239|0x000000008ef00000, 0x000000008f000000, 0x000000008f000000|100%| O|  |TAMS 0x000000008f000000, 0x000000008f000000| Untracked 
| 240|0x000000008f000000, 0x000000008f100000, 0x000000008f100000|100%| O|  |TAMS 0x000000008f100000, 0x000000008f100000| Untracked 
| 241|0x000000008f100000, 0x000000008f200000, 0x000000008f200000|100%| O|  |TAMS 0x000000008f200000, 0x000000008f200000| Untracked 
| 242|0x000000008f200000, 0x000000008f300000, 0x000000008f300000|100%| O|  |TAMS 0x000000008f300000, 0x000000008f300000| Untracked 
| 243|0x000000008f300000, 0x000000008f400000, 0x000000008f400000|100%| O|  |TAMS 0x000000008f400000, 0x000000008f400000| Untracked 
| 244|0x000000008f400000, 0x000000008f500000, 0x000000008f500000|100%| O|  |TAMS 0x000000008f500000, 0x000000008f500000| Untracked 
| 245|0x000000008f500000, 0x000000008f600000, 0x000000008f600000|100%| O|  |TAMS 0x000000008f600000, 0x000000008f600000| Untracked 
| 246|0x000000008f600000, 0x000000008f700000, 0x000000008f700000|100%| O|  |TAMS 0x000000008f700000, 0x000000008f700000| Untracked 
| 247|0x000000008f700000, 0x000000008f800000, 0x000000008f800000|100%| O|  |TAMS 0x000000008f800000, 0x000000008f800000| Untracked 
| 248|0x000000008f800000, 0x000000008f900000, 0x000000008f900000|100%| O|  |TAMS 0x000000008f900000, 0x000000008f900000| Untracked 
| 249|0x000000008f900000, 0x000000008fa00000, 0x000000008fa00000|100%| O|  |TAMS 0x000000008fa00000, 0x000000008fa00000| Untracked 
| 250|0x000000008fa00000, 0x000000008fb00000, 0x000000008fb00000|100%| O|  |TAMS 0x000000008fb00000, 0x000000008fb00000| Untracked 
| 251|0x000000008fb00000, 0x000000008fc00000, 0x000000008fc00000|100%| O|  |TAMS 0x000000008fc00000, 0x000000008fc00000| Untracked 
| 252|0x000000008fc00000, 0x000000008fc00000, 0x000000008fd00000|  0%| F|  |TAMS 0x000000008fc00000, 0x000000008fc00000| Untracked 
| 253|0x000000008fd00000, 0x000000008fd00000, 0x000000008fe00000|  0%| F|  |TAMS 0x000000008fd00000, 0x000000008fd00000| Untracked 
| 254|0x000000008fe00000, 0x000000008ff00000, 0x000000008ff00000|100%| O|  |TAMS 0x000000008ff00000, 0x000000008ff00000| Untracked 
| 255|0x000000008ff00000, 0x0000000090000000, 0x0000000090000000|100%| O|  |TAMS 0x0000000090000000, 0x0000000090000000| Untracked 
| 256|0x0000000090000000, 0x0000000090000000, 0x0000000090100000|  0%| F|  |TAMS 0x0000000090000000, 0x0000000090000000| Untracked 
| 257|0x0000000090100000, 0x0000000090200000, 0x0000000090200000|100%| O|  |TAMS 0x0000000090200000, 0x0000000090200000| Untracked 
| 258|0x0000000090200000, 0x0000000090300000, 0x0000000090300000|100%| O|  |TAMS 0x0000000090300000, 0x0000000090300000| Untracked 
| 259|0x0000000090300000, 0x0000000090400000, 0x0000000090400000|100%| O|  |TAMS 0x0000000090400000, 0x0000000090400000| Untracked 
| 260|0x0000000090400000, 0x0000000090500000, 0x0000000090500000|100%| O|  |TAMS 0x0000000090500000, 0x0000000090500000| Untracked 
| 261|0x0000000090500000, 0x0000000090600000, 0x0000000090600000|100%| O|  |TAMS 0x0000000090600000, 0x0000000090600000| Untracked 
| 262|0x0000000090600000, 0x0000000090600000, 0x0000000090700000|  0%| F|  |TAMS 0x0000000090600000, 0x0000000090600000| Untracked 
| 263|0x0000000090700000, 0x0000000090700000, 0x0000000090800000|  0%| F|  |TAMS 0x0000000090700000, 0x0000000090700000| Untracked 
| 264|0x0000000090800000, 0x0000000090900000, 0x0000000090900000|100%| O|  |TAMS 0x0000000090900000, 0x0000000090900000| Untracked 
| 265|0x0000000090900000, 0x0000000090a00000, 0x0000000090a00000|100%| O|  |TAMS 0x0000000090a00000, 0x0000000090a00000| Untracked 
| 266|0x0000000090a00000, 0x0000000090b00000, 0x0000000090b00000|100%| O|  |TAMS 0x0000000090b00000, 0x0000000090b00000| Untracked 
| 267|0x0000000090b00000, 0x0000000090c00000, 0x0000000090c00000|100%| O|  |TAMS 0x0000000090c00000, 0x0000000090c00000| Untracked 
| 268|0x0000000090c00000, 0x0000000090d00000, 0x0000000090d00000|100%| O|  |TAMS 0x0000000090d00000, 0x0000000090d00000| Untracked 
| 269|0x0000000090d00000, 0x0000000090e00000, 0x0000000090e00000|100%| O|  |TAMS 0x0000000090e00000, 0x0000000090e00000| Untracked 
| 270|0x0000000090e00000, 0x0000000090f00000, 0x0000000090f00000|100%| O|  |TAMS 0x0000000090f00000, 0x0000000090f00000| Untracked 
| 271|0x0000000090f00000, 0x0000000091000000, 0x0000000091000000|100%| O|  |TAMS 0x0000000091000000, 0x0000000091000000| Untracked 
| 272|0x0000000091000000, 0x0000000091100000, 0x0000000091100000|100%| O|  |TAMS 0x0000000091100000, 0x0000000091100000| Untracked 
| 273|0x0000000091100000, 0x0000000091200000, 0x0000000091200000|100%| O|  |TAMS 0x0000000091200000, 0x0000000091200000| Untracked 
| 274|0x0000000091200000, 0x0000000091300000, 0x0000000091300000|100%| O|  |TAMS 0x0000000091300000, 0x0000000091300000| Untracked 
| 275|0x0000000091300000, 0x0000000091400000, 0x0000000091400000|100%| O|  |TAMS 0x0000000091400000, 0x0000000091400000| Untracked 
| 276|0x0000000091400000, 0x0000000091400000, 0x0000000091500000|  0%| F|  |TAMS 0x0000000091400000, 0x0000000091400000| Untracked 
| 277|0x0000000091500000, 0x0000000091600000, 0x0000000091600000|100%| O|  |TAMS 0x0000000091600000, 0x0000000091600000| Untracked 
| 278|0x0000000091600000, 0x0000000091700000, 0x0000000091700000|100%| O|  |TAMS 0x0000000091700000, 0x0000000091700000| Untracked 
| 279|0x0000000091700000, 0x0000000091800000, 0x0000000091800000|100%| O|  |TAMS 0x0000000091800000, 0x0000000091800000| Untracked 
| 280|0x0000000091800000, 0x0000000091900000, 0x0000000091900000|100%| O|  |TAMS 0x0000000091900000, 0x0000000091900000| Untracked 
| 281|0x0000000091900000, 0x0000000091a00000, 0x0000000091a00000|100%| O|  |TAMS 0x0000000091a00000, 0x0000000091a00000| Untracked 
| 282|0x0000000091a00000, 0x0000000091b00000, 0x0000000091b00000|100%| O|  |TAMS 0x0000000091b00000, 0x0000000091b00000| Untracked 
| 283|0x0000000091b00000, 0x0000000091c00000, 0x0000000091c00000|100%| O|  |TAMS 0x0000000091c00000, 0x0000000091c00000| Untracked 
| 284|0x0000000091c00000, 0x0000000091d00000, 0x0000000091d00000|100%| O|  |TAMS 0x0000000091d00000, 0x0000000091d00000| Untracked 
| 285|0x0000000091d00000, 0x0000000091e00000, 0x0000000091e00000|100%| O|  |TAMS 0x0000000091e00000, 0x0000000091e00000| Untracked 
| 286|0x0000000091e00000, 0x0000000091e00000, 0x0000000091f00000|  0%| F|  |TAMS 0x0000000091e00000, 0x0000000091e00000| Untracked 
| 287|0x0000000091f00000, 0x0000000091f00000, 0x0000000092000000|  0%| F|  |TAMS 0x0000000091f00000, 0x0000000091f00000| Untracked 
| 288|0x0000000092000000, 0x0000000092000000, 0x0000000092100000|  0%| F|  |TAMS 0x0000000092000000, 0x0000000092000000| Untracked 
| 289|0x0000000092100000, 0x0000000092100000, 0x0000000092200000|  0%| F|  |TAMS 0x0000000092100000, 0x0000000092100000| Untracked 
| 290|0x0000000092200000, 0x0000000092200000, 0x0000000092300000|  0%| F|  |TAMS 0x0000000092200000, 0x0000000092200000| Untracked 
| 291|0x0000000092300000, 0x0000000092300000, 0x0000000092400000|  0%| F|  |TAMS 0x0000000092300000, 0x0000000092300000| Untracked 
| 292|0x0000000092400000, 0x0000000092400000, 0x0000000092500000|  0%| F|  |TAMS 0x0000000092400000, 0x0000000092400000| Untracked 
| 293|0x0000000092500000, 0x0000000092500000, 0x0000000092600000|  0%| F|  |TAMS 0x0000000092500000, 0x0000000092500000| Untracked 
| 294|0x0000000092600000, 0x0000000092600000, 0x0000000092700000|  0%| F|  |TAMS 0x0000000092600000, 0x0000000092600000| Untracked 
| 295|0x0000000092700000, 0x0000000092700000, 0x0000000092800000|  0%| F|  |TAMS 0x0000000092700000, 0x0000000092700000| Untracked 
| 296|0x0000000092800000, 0x0000000092800000, 0x0000000092900000|  0%| F|  |TAMS 0x0000000092800000, 0x0000000092800000| Untracked 
| 297|0x0000000092900000, 0x0000000092900000, 0x0000000092a00000|  0%| F|  |TAMS 0x0000000092900000, 0x0000000092900000| Untracked 
| 298|0x0000000092a00000, 0x0000000092a00000, 0x0000000092b00000|  0%| F|  |TAMS 0x0000000092a00000, 0x0000000092a00000| Untracked 
| 299|0x0000000092b00000, 0x0000000092b00000, 0x0000000092c00000|  0%| F|  |TAMS 0x0000000092b00000, 0x0000000092b00000| Untracked 
| 300|0x0000000092c00000, 0x0000000092c00000, 0x0000000092d00000|  0%| F|  |TAMS 0x0000000092c00000, 0x0000000092c00000| Untracked 
| 301|0x0000000092d00000, 0x0000000092d00000, 0x0000000092e00000|  0%| F|  |TAMS 0x0000000092d00000, 0x0000000092d00000| Untracked 
| 302|0x0000000092e00000, 0x0000000092e00000, 0x0000000092f00000|  0%| F|  |TAMS 0x0000000092e00000, 0x0000000092e00000| Untracked 
| 303|0x0000000092f00000, 0x0000000092f00000, 0x0000000093000000|  0%| F|  |TAMS 0x0000000092f00000, 0x0000000092f00000| Untracked 
| 304|0x0000000093000000, 0x0000000093000000, 0x0000000093100000|  0%| F|  |TAMS 0x0000000093000000, 0x0000000093000000| Untracked 
| 305|0x0000000093100000, 0x0000000093100000, 0x0000000093200000|  0%| F|  |TAMS 0x0000000093100000, 0x0000000093100000| Untracked 
| 306|0x0000000093200000, 0x0000000093200000, 0x0000000093300000|  0%| F|  |TAMS 0x0000000093200000, 0x0000000093200000| Untracked 
| 307|0x0000000093300000, 0x0000000093300000, 0x0000000093400000|  0%| F|  |TAMS 0x0000000093300000, 0x0000000093300000| Untracked 
| 308|0x0000000093400000, 0x0000000093400000, 0x0000000093500000|  0%| F|  |TAMS 0x0000000093400000, 0x0000000093400000| Untracked 
| 309|0x0000000093500000, 0x0000000093500000, 0x0000000093600000|  0%| F|  |TAMS 0x0000000093500000, 0x0000000093500000| Untracked 
| 310|0x0000000093600000, 0x0000000093600000, 0x0000000093700000|  0%| F|  |TAMS 0x0000000093600000, 0x0000000093600000| Untracked 
| 311|0x0000000093700000, 0x0000000093700000, 0x0000000093800000|  0%| F|  |TAMS 0x0000000093700000, 0x0000000093700000| Untracked 
| 312|0x0000000093800000, 0x0000000093800000, 0x0000000093900000|  0%| F|  |TAMS 0x0000000093800000, 0x0000000093800000| Untracked 
| 313|0x0000000093900000, 0x0000000093900000, 0x0000000093a00000|  0%| F|  |TAMS 0x0000000093900000, 0x0000000093900000| Untracked 
| 314|0x0000000093a00000, 0x0000000093a00000, 0x0000000093b00000|  0%| F|  |TAMS 0x0000000093a00000, 0x0000000093a00000| Untracked 
| 315|0x0000000093b00000, 0x0000000093b00000, 0x0000000093c00000|  0%| F|  |TAMS 0x0000000093b00000, 0x0000000093b00000| Untracked 
| 316|0x0000000093c00000, 0x0000000093c00000, 0x0000000093d00000|  0%| F|  |TAMS 0x0000000093c00000, 0x0000000093c00000| Untracked 
| 317|0x0000000093d00000, 0x0000000093d00000, 0x0000000093e00000|  0%| F|  |TAMS 0x0000000093d00000, 0x0000000093d00000| Untracked 
| 318|0x0000000093e00000, 0x0000000093e00000, 0x0000000093f00000|  0%| F|  |TAMS 0x0000000093e00000, 0x0000000093e00000| Untracked 
| 319|0x0000000093f00000, 0x0000000093f00000, 0x0000000094000000|  0%| F|  |TAMS 0x0000000093f00000, 0x0000000093f00000| Untracked 
| 320|0x0000000094000000, 0x0000000094000000, 0x0000000094100000|  0%| F|  |TAMS 0x0000000094000000, 0x0000000094000000| Untracked 
| 321|0x0000000094100000, 0x0000000094100000, 0x0000000094200000|  0%| F|  |TAMS 0x0000000094100000, 0x0000000094100000| Untracked 
| 322|0x0000000094200000, 0x0000000094200000, 0x0000000094300000|  0%| F|  |TAMS 0x0000000094200000, 0x0000000094200000| Untracked 
| 323|0x0000000094300000, 0x0000000094300000, 0x0000000094400000|  0%| F|  |TAMS 0x0000000094300000, 0x0000000094300000| Untracked 
| 324|0x0000000094400000, 0x0000000094400000, 0x0000000094500000|  0%| F|  |TAMS 0x0000000094400000, 0x0000000094400000| Untracked 
| 325|0x0000000094500000, 0x0000000094500000, 0x0000000094600000|  0%| F|  |TAMS 0x0000000094500000, 0x0000000094500000| Untracked 
| 326|0x0000000094600000, 0x0000000094600000, 0x0000000094700000|  0%| F|  |TAMS 0x0000000094600000, 0x0000000094600000| Untracked 
| 327|0x0000000094700000, 0x0000000094700000, 0x0000000094800000|  0%| F|  |TAMS 0x0000000094700000, 0x0000000094700000| Untracked 
| 328|0x0000000094800000, 0x0000000094800000, 0x0000000094900000|  0%| F|  |TAMS 0x0000000094800000, 0x0000000094800000| Untracked 
| 329|0x0000000094900000, 0x0000000094900000, 0x0000000094a00000|  0%| F|  |TAMS 0x0000000094900000, 0x0000000094900000| Untracked 
| 330|0x0000000094a00000, 0x0000000094a00000, 0x0000000094b00000|  0%| F|  |TAMS 0x0000000094a00000, 0x0000000094a00000| Untracked 
| 331|0x0000000094b00000, 0x0000000094b00000, 0x0000000094c00000|  0%| F|  |TAMS 0x0000000094b00000, 0x0000000094b00000| Untracked 
| 332|0x0000000094c00000, 0x0000000094c00000, 0x0000000094d00000|  0%| F|  |TAMS 0x0000000094c00000, 0x0000000094c00000| Untracked 
| 333|0x0000000094d00000, 0x0000000094d00000, 0x0000000094e00000|  0%| F|  |TAMS 0x0000000094d00000, 0x0000000094d00000| Untracked 
| 334|0x0000000094e00000, 0x0000000094e1e320, 0x0000000094f00000| 11%| S|CS|TAMS 0x0000000094e00000, 0x0000000094e00000| Complete 
| 335|0x0000000094f00000, 0x0000000095000000, 0x0000000095000000|100%| S|CS|TAMS 0x0000000094f00000, 0x0000000094f00000| Complete 
| 336|0x0000000095000000, 0x0000000095100000, 0x0000000095100000|100%| S|CS|TAMS 0x0000000095000000, 0x0000000095000000| Complete 
| 337|0x0000000095100000, 0x0000000095200000, 0x0000000095200000|100%| S|CS|TAMS 0x0000000095100000, 0x0000000095100000| Complete 
| 338|0x0000000095200000, 0x0000000095300000, 0x0000000095300000|100%| S|CS|TAMS 0x0000000095200000, 0x0000000095200000| Complete 
| 339|0x0000000095300000, 0x0000000095300000, 0x0000000095400000|  0%| F|  |TAMS 0x0000000095300000, 0x0000000095300000| Untracked 
| 340|0x0000000095400000, 0x0000000095400000, 0x0000000095500000|  0%| F|  |TAMS 0x0000000095400000, 0x0000000095400000| Untracked 
| 341|0x0000000095500000, 0x0000000095500000, 0x0000000095600000|  0%| F|  |TAMS 0x0000000095500000, 0x0000000095500000| Untracked 
| 342|0x0000000095600000, 0x0000000095600000, 0x0000000095700000|  0%| F|  |TAMS 0x0000000095600000, 0x0000000095600000| Untracked 
| 343|0x0000000095700000, 0x0000000095700000, 0x0000000095800000|  0%| F|  |TAMS 0x0000000095700000, 0x0000000095700000| Untracked 
| 344|0x0000000095800000, 0x0000000095800000, 0x0000000095900000|  0%| F|  |TAMS 0x0000000095800000, 0x0000000095800000| Untracked 
| 345|0x0000000095900000, 0x0000000095900000, 0x0000000095a00000|  0%| F|  |TAMS 0x0000000095900000, 0x0000000095900000| Untracked 
| 346|0x0000000095a00000, 0x0000000095a00000, 0x0000000095b00000|  0%| F|  |TAMS 0x0000000095a00000, 0x0000000095a00000| Untracked 
| 347|0x0000000095b00000, 0x0000000095b00000, 0x0000000095c00000|  0%| F|  |TAMS 0x0000000095b00000, 0x0000000095b00000| Untracked 
| 348|0x0000000095c00000, 0x0000000095c00000, 0x0000000095d00000|  0%| F|  |TAMS 0x0000000095c00000, 0x0000000095c00000| Untracked 
| 349|0x0000000095d00000, 0x0000000095d00000, 0x0000000095e00000|  0%| F|  |TAMS 0x0000000095d00000, 0x0000000095d00000| Untracked 
| 350|0x0000000095e00000, 0x0000000095e00000, 0x0000000095f00000|  0%| F|  |TAMS 0x0000000095e00000, 0x0000000095e00000| Untracked 
| 351|0x0000000095f00000, 0x0000000095f00000, 0x0000000096000000|  0%| F|  |TAMS 0x0000000095f00000, 0x0000000095f00000| Untracked 
| 352|0x0000000096000000, 0x0000000096000000, 0x0000000096100000|  0%| F|  |TAMS 0x0000000096000000, 0x0000000096000000| Untracked 
| 353|0x0000000096100000, 0x0000000096100000, 0x0000000096200000|  0%| F|  |TAMS 0x0000000096100000, 0x0000000096100000| Untracked 
| 354|0x0000000096200000, 0x0000000096200000, 0x0000000096300000|  0%| F|  |TAMS 0x0000000096200000, 0x0000000096200000| Untracked 
| 355|0x0000000096300000, 0x0000000096300000, 0x0000000096400000|  0%| F|  |TAMS 0x0000000096300000, 0x0000000096300000| Untracked 
| 356|0x0000000096400000, 0x0000000096400000, 0x0000000096500000|  0%| F|  |TAMS 0x0000000096400000, 0x0000000096400000| Untracked 
| 357|0x0000000096500000, 0x0000000096500000, 0x0000000096600000|  0%| F|  |TAMS 0x0000000096500000, 0x0000000096500000| Untracked 
| 358|0x0000000096600000, 0x0000000096600000, 0x0000000096700000|  0%| F|  |TAMS 0x0000000096600000, 0x0000000096600000| Untracked 
| 359|0x0000000096700000, 0x0000000096700000, 0x0000000096800000|  0%| F|  |TAMS 0x0000000096700000, 0x0000000096700000| Untracked 
| 360|0x0000000096800000, 0x0000000096800000, 0x0000000096900000|  0%| F|  |TAMS 0x0000000096800000, 0x0000000096800000| Untracked 
| 361|0x0000000096900000, 0x0000000096900000, 0x0000000096a00000|  0%| F|  |TAMS 0x0000000096900000, 0x0000000096900000| Untracked 
| 362|0x0000000096a00000, 0x0000000096a00000, 0x0000000096b00000|  0%| F|  |TAMS 0x0000000096a00000, 0x0000000096a00000| Untracked 
| 363|0x0000000096b00000, 0x0000000096b00000, 0x0000000096c00000|  0%| F|  |TAMS 0x0000000096b00000, 0x0000000096b00000| Untracked 
| 364|0x0000000096c00000, 0x0000000096c00000, 0x0000000096d00000|  0%| F|  |TAMS 0x0000000096c00000, 0x0000000096c00000| Untracked 
| 365|0x0000000096d00000, 0x0000000096d00000, 0x0000000096e00000|  0%| F|  |TAMS 0x0000000096d00000, 0x0000000096d00000| Untracked 
| 366|0x0000000096e00000, 0x0000000096e00000, 0x0000000096f00000|  0%| F|  |TAMS 0x0000000096e00000, 0x0000000096e00000| Untracked 
| 367|0x0000000096f00000, 0x0000000096f00000, 0x0000000097000000|  0%| F|  |TAMS 0x0000000096f00000, 0x0000000096f00000| Untracked 
| 368|0x0000000097000000, 0x0000000097000000, 0x0000000097100000|  0%| F|  |TAMS 0x0000000097000000, 0x0000000097000000| Untracked 
| 369|0x0000000097100000, 0x0000000097100000, 0x0000000097200000|  0%| F|  |TAMS 0x0000000097100000, 0x0000000097100000| Untracked 
| 370|0x0000000097200000, 0x0000000097200000, 0x0000000097300000|  0%| F|  |TAMS 0x0000000097200000, 0x0000000097200000| Untracked 
| 371|0x0000000097300000, 0x0000000097300000, 0x0000000097400000|  0%| F|  |TAMS 0x0000000097300000, 0x0000000097300000| Untracked 
| 372|0x0000000097400000, 0x0000000097400000, 0x0000000097500000|  0%| F|  |TAMS 0x0000000097400000, 0x0000000097400000| Untracked 
| 373|0x0000000097500000, 0x0000000097500000, 0x0000000097600000|  0%| F|  |TAMS 0x0000000097500000, 0x0000000097500000| Untracked 
| 374|0x0000000097600000, 0x0000000097600000, 0x0000000097700000|  0%| F|  |TAMS 0x0000000097600000, 0x0000000097600000| Untracked 
| 375|0x0000000097700000, 0x0000000097700000, 0x0000000097800000|  0%| F|  |TAMS 0x0000000097700000, 0x0000000097700000| Untracked 
| 376|0x0000000097800000, 0x0000000097800000, 0x0000000097900000|  0%| F|  |TAMS 0x0000000097800000, 0x0000000097800000| Untracked 
| 377|0x0000000097900000, 0x0000000097900000, 0x0000000097a00000|  0%| F|  |TAMS 0x0000000097900000, 0x0000000097900000| Untracked 
| 378|0x0000000097a00000, 0x0000000097a00000, 0x0000000097b00000|  0%| F|  |TAMS 0x0000000097a00000, 0x0000000097a00000| Untracked 
| 379|0x0000000097b00000, 0x0000000097b00000, 0x0000000097c00000|  0%| F|  |TAMS 0x0000000097b00000, 0x0000000097b00000| Untracked 
| 380|0x0000000097c00000, 0x0000000097c00000, 0x0000000097d00000|  0%| F|  |TAMS 0x0000000097c00000, 0x0000000097c00000| Untracked 
| 381|0x0000000097d00000, 0x0000000097d00000, 0x0000000097e00000|  0%| F|  |TAMS 0x0000000097d00000, 0x0000000097d00000| Untracked 
| 382|0x0000000097e00000, 0x0000000097e00000, 0x0000000097f00000|  0%| F|  |TAMS 0x0000000097e00000, 0x0000000097e00000| Untracked 
| 383|0x0000000097f00000, 0x0000000097f00000, 0x0000000098000000|  0%| F|  |TAMS 0x0000000097f00000, 0x0000000097f00000| Untracked 
| 384|0x0000000098000000, 0x00000000980b1220, 0x0000000098100000| 69%| E|  |TAMS 0x0000000098000000, 0x0000000098000000| Complete 
| 385|0x0000000098100000, 0x0000000098200000, 0x0000000098200000|100%| E|CS|TAMS 0x0000000098100000, 0x0000000098100000| Complete 

Card table byte_map: [0x000001d1a3360000,0x000001d1a3760000] _byte_map_base: 0x000001d1a2f60000

Marking Bits (Prev, Next): (CMBitMap*) 0x000001d18bc7e208, (CMBitMap*) 0x000001d18bc7e240
 Prev Bits: [0x000001d1a3b60000, 0x000001d1a5b60000)
 Next Bits: [0x000001d1a5b60000, 0x000001d1a7b60000)

Polling page: 0x000001d18b330000

Metaspace:

Usage:
  Non-class:    110.75 MB capacity,   106.70 MB ( 96%) used,     3.56 MB (  3%) free+waste,   502.06 KB ( <1%) overhead. 
      Class:     18.38 MB capacity,    16.05 MB ( 87%) used,     2.10 MB ( 11%) free+waste,   229.75 KB (  1%) overhead. 
       Both:    129.13 MB capacity,   122.75 MB ( 95%) used,     5.66 MB (  4%) free+waste,   731.81 KB ( <1%) overhead. 

Virtual space:
  Non-class space:      112.00 MB reserved,     110.83 MB ( 99%) committed 
      Class space:      504.00 MB reserved,      18.50 MB (  4%) committed 
             Both:      616.00 MB reserved,     129.33 MB ( 21%) committed 

Chunk freelists:
   Non-Class:  2.00 KB
       Class:  3.63 KB
        Both:  5.63 KB

CodeHeap 'non-profiled nmethods': size=120064Kb used=18163Kb max_used=18163Kb free=101900Kb
 bounds [0x000001d19ba20000, 0x000001d19cbf0000, 0x000001d1a2f60000]
CodeHeap 'profiled nmethods': size=120000Kb used=42937Kb max_used=42937Kb free=77063Kb
 bounds [0x000001d1944f0000, 0x000001d196f10000, 0x000001d19ba20000]
CodeHeap 'non-nmethods': size=5696Kb used=2335Kb max_used=2405Kb free=3360Kb
 bounds [0x000001d193f60000, 0x000001d1941e0000, 0x000001d1944f0000]
 total_blobs=30661 nmethods=19334 adapters=861
 compilation: enabled
              stopped_count=0, restarted_count=0
 full_count=0

Compilation events (10 events):
Event: 689.706 Thread 0x000001d1aa994000 22452       3       java.io.ObjectInputStream$HandleTable::lookupException (29 bytes)
Event: 689.706 Thread 0x000001d1aa994000 nmethod 22452 0x000001d196f07910 code [0x000001d196f07ae0, 0x000001d196f07e18]
Event: 689.708 Thread 0x000001d1aa994000 22453       1       java.io.ObjectInputStream$HandleTable::size (5 bytes)
Event: 689.708 Thread 0x000001d1aa994000 nmethod 22453 0x000001d19cbdff10 code [0x000001d19cbe00c0, 0x000001d19cbe01d8]
Event: 689.708 Thread 0x000001d1aa994000 22454   !   3       java.io.ObjectInputStream::readObject0 (566 bytes)
Event: 689.713 Thread 0x000001d1aa994000 nmethod 22454 0x000001d196f07f90 code [0x000001d196f08640, 0x000001d196f0b120]
Event: 689.713 Thread 0x000001d1aa994000 22455       3       java.io.ObjectInputStream$HandleTable::markDependency (175 bytes)
Event: 689.714 Thread 0x000001d1aa994000 nmethod 22455 0x000001d196f0cb10 code [0x000001d196f0cd80, 0x000001d196f0d870]
Event: 689.714 Thread 0x000001d1aa994000 22456       3       java.io.ObjectStreamClass::isExternalizable (9 bytes)
Event: 689.714 Thread 0x000001d1aa994000 nmethod 22456 0x000001d196f0dc10 code [0x000001d196f0dde0, 0x000001d196f0e0d0]

GC Heap History (10 events):
Event: 679.589 GC heap before
{Heap before GC invocations=138 (full 0):
 garbage-first heap   total 395264K, used 335963K [0x0000000080000000, 0x0000000100000000)
  region size 1024K, 58 young (59392K), 3 survivors (3072K)
 Metaspace       used 122152K, capacity 128451K, committed 128720K, reserved 626688K
  class space    used 15977K, capacity 18244K, committed 18304K, reserved 516096K
}
Event: 679.614 GC heap after
{Heap after GC invocations=139 (full 0):
 garbage-first heap   total 395264K, used 277156K [0x0000000080000000, 0x0000000100000000)
  region size 1024K, 7 young (7168K), 7 survivors (7168K)
 Metaspace       used 122152K, capacity 128451K, committed 128720K, reserved 626688K
  class space    used 15977K, capacity 18244K, committed 18304K, reserved 516096K
}
Event: 679.701 GC heap before
{Heap before GC invocations=139 (full 0):
 garbage-first heap   total 395264K, used 282276K [0x0000000080000000, 0x0000000100000000)
  region size 1024K, 14 young (14336K), 7 survivors (7168K)
 Metaspace       used 122152K, capacity 128451K, committed 128720K, reserved 626688K
  class space    used 15977K, capacity 18244K, committed 18304K, reserved 516096K
}
Event: 679.730 GC heap after
{Heap after GC invocations=140 (full 0):
 garbage-first heap   total 395264K, used 278112K [0x0000000080000000, 0x0000000100000000)
  region size 1024K, 1 young (1024K), 1 survivors (1024K)
 Metaspace       used 122152K, capacity 128451K, committed 128720K, reserved 626688K
  class space    used 15977K, capacity 18244K, committed 18304K, reserved 516096K
}
Event: 684.320 GC heap before
{Heap before GC invocations=141 (full 0):
 garbage-first heap   total 395264K, used 329312K [0x0000000080000000, 0x0000000100000000)
  region size 1024K, 48 young (49152K), 1 survivors (1024K)
 Metaspace       used 123176K, capacity 129602K, committed 129872K, reserved 628736K
  class space    used 16095K, capacity 18409K, committed 18432K, reserved 516096K
}
Event: 684.341 GC heap after
{Heap after GC invocations=142 (full 0):
 garbage-first heap   total 395264K, used 282452K [0x0000000080000000, 0x0000000100000000)
  region size 1024K, 6 young (6144K), 6 survivors (6144K)
 Metaspace       used 123176K, capacity 129602K, committed 129872K, reserved 628736K
  class space    used 16095K, capacity 18409K, committed 18432K, reserved 516096K
}
Event: 686.168 GC heap before
{Heap before GC invocations=142 (full 0):
 garbage-first heap   total 395264K, used 295764K [0x0000000080000000, 0x0000000100000000)
  region size 1024K, 19 young (19456K), 6 survivors (6144K)
 Metaspace       used 123619K, capacity 130028K, committed 130256K, reserved 628736K
  class space    used 16153K, capacity 18480K, committed 18560K, reserved 516096K
}
Event: 686.203 GC heap after
{Heap after GC invocations=143 (full 0):
 garbage-first heap   total 395264K, used 282466K [0x0000000080000000, 0x0000000100000000)
  region size 1024K, 1 young (1024K), 1 survivors (1024K)
 Metaspace       used 123619K, capacity 130028K, committed 130256K, reserved 628736K
  class space    used 16153K, capacity 18480K, committed 18560K, reserved 516096K
}
Event: 689.737 GC heap before
{Heap before GC invocations=143 (full 0):
 garbage-first heap   total 395264K, used 329570K [0x0000000080000000, 0x0000000100000000)
  region size 1024K, 47 young (48128K), 1 survivors (1024K)
 Metaspace       used 125582K, capacity 132067K, committed 132304K, reserved 630784K
  class space    used 16421K, capacity 18787K, committed 18816K, reserved 516096K
}
Event: 689.771 GC heap after
{Heap after GC invocations=144 (full 0):
 garbage-first heap   total 395264K, used 285840K [0x0000000080000000, 0x0000000100000000)
  region size 1024K, 5 young (5120K), 5 survivors (5120K)
 Metaspace       used 125582K, capacity 132067K, committed 132304K, reserved 630784K
  class space    used 16421K, capacity 18787K, committed 18816K, reserved 516096K
}

Deoptimization events (10 events):
Event: 687.051 Thread 0x000001d1ae177800 Uncommon trap: reason=array_check action=maybe_recompile pc=0x000001d19cb9b8c8 method=java.util.ComparableTimSort.binarySort([Ljava/lang/Object;III)V @ 193 c2
Event: 687.593 Thread 0x000001d1b82b9800 Uncommon trap: reason=unstable_if action=reinterpret pc=0x000001d19c6344ec method=org.gradle.cache.internal.btree.BTreePersistentIndexedCache.put(Ljava/lang/Object;Ljava/lang/Object;)V @ 30 c2
Event: 688.578 Thread 0x000001d1ae170800 Uncommon trap: reason=class_check action=maybe_recompile pc=0x000001d19caff818 method=com.google.common.collect.ImmutableSortedMap.fromEntries(Ljava/util/Comparator;Z[Ljava/util/Map$Entry;I)Lcom/google/common/collect/ImmutableSortedMap; @ 95 c2
Event: 688.579 Thread 0x000001d1ae170800 Uncommon trap: reason=class_check action=maybe_recompile pc=0x000001d19cae6e80 method=org.gradle.internal.snapshot.CompositeFileSystemSnapshot.of(Ljava/util/List;)Lorg/gradle/internal/snapshot/FileSystemSnapshot; @ 1 c2
Event: 689.512 Thread 0x000001d1ae170800 Uncommon trap: reason=array_check action=maybe_recompile pc=0x000001d19cb9b984 method=java.util.ComparableTimSort.binarySort([Ljava/lang/Object;III)V @ 183 c2
Event: 689.513 Thread 0x000001d1ae170800 Uncommon trap: reason=array_check action=maybe_recompile pc=0x000001d19cb9b984 method=java.util.ComparableTimSort.binarySort([Ljava/lang/Object;III)V @ 183 c2
Event: 689.541 Thread 0x000001d1ae170800 Uncommon trap: reason=array_check action=maybe_recompile pc=0x000001d19cb9b8c8 method=java.util.ComparableTimSort.binarySort([Ljava/lang/Object;III)V @ 193 c2
Event: 689.596 Thread 0x000001d1ae170800 Uncommon trap: reason=speculate_class_check action=maybe_recompile pc=0x000001d19bb14e3c method=sun.security.provider.DigestBase.implCompressMultiBlock([BII)I @ 11 c2
Event: 689.637 Thread 0x000001d1ae16a000 Uncommon trap: reason=profile_predicate action=maybe_recompile pc=0x000001d19cb5ed5c method=com.google.common.collect.MapMakerInternalMap$Segment.expand()V @ 59 c2
Event: 689.703 Thread 0x000001d1ae174800 Uncommon trap: reason=speculate_null_assert action=make_not_entrant pc=0x000001d19c52a194 method=org.gradle.internal.operations.DefaultBuildOperationRunner.execute(Lorg/gradle/internal/operations/BuildOperationDescriptor$Builder;Lorg/gradle/internal/opera

Classes redefined (0 events):
No events

Internal exceptions (10 events):
Event: 684.657 Thread 0x000001d1aad3d000 Implicit null exception at 0x000001d19bb38b96 to 0x000001d19bb39062
Event: 686.207 Thread 0x000001d1aad3d000 Exception <a 'java/lang/NoSuchMethodError'{0x00000000981018e0}: java.lang.invoke.DirectMethodHandle$Holder.invokeSpecial(Ljava/lang/Object;Ljava/lang/Object;Ljava/lang/Object;I)V> (0x00000000981018e0) thrown at [t:/workspace/open/src/hotspot/share/interpr
Event: 686.335 Thread 0x000001d1aad3d000 Exception <a 'java/lang/NoSuchMethodError'{0x000000009807d8b8}: <clinit>> (0x000000009807d8b8) thrown at [t:/workspace/open/src/hotspot/share/prims/jni.cpp, line 1364]
Event: 686.367 Thread 0x000001d1aad3d000 Exception <a 'java/lang/NoSuchMethodError'{0x00000000980bf858}: <clinit>> (0x00000000980bf858) thrown at [t:/workspace/open/src/hotspot/share/prims/jni.cpp, line 1364]
Event: 686.370 Thread 0x000001d1aad3d000 Exception <a 'java/lang/NoSuchMethodError'{0x00000000980da710}: <clinit>> (0x00000000980da710) thrown at [t:/workspace/open/src/hotspot/share/prims/jni.cpp, line 1364]
Event: 686.370 Thread 0x000001d1aad3d000 Exception <a 'java/lang/NoSuchMethodError'{0x00000000980dbf70}: <clinit>> (0x00000000980dbf70) thrown at [t:/workspace/open/src/hotspot/share/prims/jni.cpp, line 1364]
Event: 687.593 Thread 0x000001d1b82b9800 Implicit null exception at 0x000001d19c630df8 to 0x000001d19c6344c6
Event: 689.596 Thread 0x000001d1ae170800 Exception <a 'java/lang/NoSuchMethodError'{0x000000009551fbf0}: <clinit>> (0x000000009551fbf0) thrown at [t:/workspace/open/src/hotspot/share/prims/jni.cpp, line 1364]
Event: 689.599 Thread 0x000001d1ae170800 Exception <a 'java/lang/NoSuchMethodError'{0x000000009553e210}: <clinit>> (0x000000009553e210) thrown at [t:/workspace/open/src/hotspot/share/prims/jni.cpp, line 1364]
Event: 689.600 Thread 0x000001d1ae170800 Exception <a 'java/lang/NoSuchMethodError'{0x000000009553fcb0}: <clinit>> (0x000000009553fcb0) thrown at [t:/workspace/open/src/hotspot/share/prims/jni.cpp, line 1364]

Events (10 events):
Event: 689.637 Thread 0x000001d1ae16a000 Uncommon trap: trap_request=0xffffffbe fr.pc=0x000001d19cb5ed5c relative=0x00000000000026bc
Event: 689.637 Thread 0x000001d1ae16a000 DEOPT PACKING pc=0x000001d19cb5ed5c sp=0x00000004fdbfe1b0
Event: 689.637 Thread 0x000001d1ae16a000 DEOPT UNPACKING pc=0x000001d193f88f2f sp=0x00000004fdbfe178 mode 2
Event: 689.703 Thread 0x000001d1ae174800 Uncommon trap: trap_request=0xffffff5c fr.pc=0x000001d19c52a194 relative=0x0000000000000114
Event: 689.703 Thread 0x000001d1ae174800 DEOPT PACKING pc=0x000001d19c52a194 sp=0x00000004ff1fe560
Event: 689.703 Thread 0x000001d1ae174800 DEOPT UNPACKING pc=0x000001d193f88f2f sp=0x00000004ff1fe4d0 mode 2
Event: 689.737 Executing VM operation: G1CollectForAllocation
Event: 689.771 Executing VM operation: G1CollectForAllocation done
Event: 689.777 Executing VM operation: RevokeBias
Event: 689.777 Executing VM operation: RevokeBias done


Dynamic libraries:
0x00007ff62d230000 - 0x00007ff62d275000 	C:\Users\Admin\AppData\Local\jdk-11.0.2\bin\java.exe
0x00007ff903b50000 - 0x00007ff903d48000 	C:\Windows\SYSTEM32\ntdll.dll
0x00007ff901cc0000 - 0x00007ff901d7d000 	C:\Windows\System32\KERNEL32.DLL
0x00007ff901480000 - 0x00007ff901776000 	C:\Windows\System32\KERNELBASE.dll
0x00007ff901d80000 - 0x00007ff901f1e000 	C:\Windows\System32\USER32.dll
0x00007ff9019f0000 - 0x00007ff901a12000 	C:\Windows\System32\win32u.dll
0x00007ff9037a0000 - 0x00007ff9037cc000 	C:\Windows\System32\GDI32.dll
0x00007ff9018d0000 - 0x00007ff9019ea000 	C:\Windows\System32\gdi32full.dll
0x00007ff901ad0000 - 0x00007ff901b6d000 	C:\Windows\System32\msvcp_win.dll
0x00007ff9017d0000 - 0x00007ff9018d0000 	C:\Windows\System32\ucrtbase.dll
0x00007ff8ee050000 - 0x00007ff8ee2ea000 	C:\Windows\WinSxS\amd64_microsoft.windows.common-controls_6595b64144ccf1df_6.0.19041.3636_none_60b6a03d71f818d5\COMCTL32.dll
0x00007ff903140000 - 0x00007ff9031de000 	C:\Windows\System32\msvcrt.dll
0x00007ff903ae0000 - 0x00007ff903b10000 	C:\Windows\System32\IMM32.DLL
0x00007ff8a0cb0000 - 0x00007ff8a0cc6000 	C:\Users\Admin\AppData\Local\jdk-11.0.2\bin\vcruntime140.dll
0x00007ff8a0c00000 - 0x00007ff8a0caa000 	C:\Users\Admin\AppData\Local\jdk-11.0.2\bin\msvcp140.dll
0x00007ff89fe00000 - 0x00007ff8a0923000 	C:\Users\Admin\AppData\Local\jdk-11.0.2\bin\server\jvm.dll
0x00007ff902730000 - 0x00007ff9027e3000 	C:\Windows\System32\ADVAPI32.dll
0x00007ff9027f0000 - 0x00007ff90288f000 	C:\Windows\System32\sechost.dll
0x00007ff9037d0000 - 0x00007ff9038f6000 	C:\Windows\System32\RPCRT4.dll
0x00007ff901b70000 - 0x00007ff901b97000 	C:\Windows\System32\bcrypt.dll
0x00007ff902450000 - 0x00007ff902458000 	C:\Windows\System32\PSAPI.DLL
0x00007ff8e7cb0000 - 0x00007ff8e7cb9000 	C:\Windows\SYSTEM32\WSOCK32.dll
0x00007ff8f3090000 - 0x00007ff8f309a000 	C:\Windows\SYSTEM32\VERSION.dll
0x00007ff8e84d0000 - 0x00007ff8e84f7000 	C:\Windows\SYSTEM32\WINMM.dll
0x00007ff903070000 - 0x00007ff9030db000 	C:\Windows\System32\WS2_32.dll
0x00007ff8ffa60000 - 0x00007ff8ffa72000 	C:\Windows\SYSTEM32\kernel.appcore.dll
0x00007ff8a0be0000 - 0x00007ff8a0bf1000 	C:\Users\Admin\AppData\Local\jdk-11.0.2\bin\verify.dll
0x00007ff8ff0a0000 - 0x00007ff8ff284000 	C:\Windows\SYSTEM32\DBGHELP.DLL
0x00007ff8e7e00000 - 0x00007ff8e7e34000 	C:\Windows\SYSTEM32\dbgcore.DLL
0x00007ff9013f0000 - 0x00007ff901472000 	C:\Windows\System32\bcryptPrimitives.dll
0x00007ff8a0bb0000 - 0x00007ff8a0bd8000 	C:\Users\Admin\AppData\Local\jdk-11.0.2\bin\java.dll
0x00007ff8a0b90000 - 0x00007ff8a0ba6000 	C:\Users\Admin\AppData\Local\jdk-11.0.2\bin\zip.dll
0x00007ff8d28c0000 - 0x00007ff8d28ca000 	C:\Users\Admin\AppData\Local\jdk-11.0.2\bin\jimage.dll
0x00007ff902920000 - 0x00007ff903065000 	C:\Windows\System32\SHELL32.dll
0x00007ff8ff2b0000 - 0x00007ff8ffa4b000 	C:\Windows\SYSTEM32\windows.storage.dll
0x00007ff903440000 - 0x00007ff903794000 	C:\Windows\System32\combase.dll
0x00007ff900c50000 - 0x00007ff900c7d000 	C:\Windows\SYSTEM32\Wldp.dll
0x00007ff9023a0000 - 0x00007ff90244d000 	C:\Windows\System32\SHCORE.dll
0x00007ff903a50000 - 0x00007ff903aa5000 	C:\Windows\System32\shlwapi.dll
0x00007ff901150000 - 0x00007ff901175000 	C:\Windows\SYSTEM32\profapi.dll
0x00007ff8e0e20000 - 0x00007ff8e0e39000 	C:\Users\Admin\AppData\Local\jdk-11.0.2\bin\net.dll
0x00007ff8f3130000 - 0x00007ff8f323a000 	C:\Windows\SYSTEM32\WINHTTP.dll
0x00007ff8f0e50000 - 0x00007ff8f103d000 	C:\Windows\SYSTEM32\urlmon.dll
0x00007ff8f11d0000 - 0x00007ff8f148c000 	C:\Windows\SYSTEM32\iertutil.dll
0x00007ff8f0e20000 - 0x00007ff8f0e48000 	C:\Windows\SYSTEM32\srvcli.dll
0x00007ff900690000 - 0x00007ff90069c000 	C:\Windows\SYSTEM32\netutils.dll
0x00007ff9009b0000 - 0x00007ff900a1a000 	C:\Windows\system32\mswsock.dll
0x00007ff8a0b70000 - 0x00007ff8a0b83000 	C:\Users\Admin\AppData\Local\jdk-11.0.2\bin\nio.dll
0x00007ff89fbe0000 - 0x00007ff89fc07000 	C:\Users\Admin\.gradle\native\68d5fa5c4cc2d200863cafc0d521ce42e7d3e7ee720ec0a83991735586a16f82\windows-amd64\native-platform.dll
0x00007ff8d4900000 - 0x00007ff8d4a44000 	C:\Users\Admin\.gradle\native\e376f236ea51e6404a007f0833ffe2c6e607c4080706a723a18a27aeea778392\windows-amd64\native-platform-file-events.dll
0x00007ff8f7200000 - 0x00007ff8f7209000 	C:\Users\Admin\AppData\Local\jdk-11.0.2\bin\management.dll
0x00007ff8f71f0000 - 0x00007ff8f71fc000 	C:\Users\Admin\AppData\Local\jdk-11.0.2\bin\management_ext.dll
0x00007ff900ba0000 - 0x00007ff900bb8000 	C:\Windows\SYSTEM32\CRYPTSP.dll
0x00007ff900270000 - 0x00007ff9002a4000 	C:\Windows\system32\rsaenh.dll
0x00007ff901110000 - 0x00007ff90113e000 	C:\Windows\SYSTEM32\USERENV.dll
0x00007ff900bc0000 - 0x00007ff900bcc000 	C:\Windows\SYSTEM32\CRYPTBASE.dll
0x00007ff900650000 - 0x00007ff90068b000 	C:\Windows\SYSTEM32\IPHLPAPI.DLL
0x00007ff902390000 - 0x00007ff902398000 	C:\Windows\System32\NSI.dll
0x00007ff8f3730000 - 0x00007ff8f3747000 	C:\Windows\SYSTEM32\dhcpcsvc6.DLL
0x00007ff8f72a0000 - 0x00007ff8f72bd000 	C:\Windows\SYSTEM32\dhcpcsvc.DLL
0x00007ff9006a0000 - 0x00007ff90076a000 	C:\Windows\SYSTEM32\DNSAPI.dll
0x00007ff8fc970000 - 0x00007ff8fc98e000 	C:\Users\Admin\AppData\Local\Temp\native-platform5497036566002864789dir\native-platform.dll

dbghelp: loaded successfully - version: 4.0.5 - missing functions: none
symbol engine: initialized successfully - sym options: 0x614 - pdb path: .;C:\Users\Admin\AppData\Local\jdk-11.0.2\bin;C:\Windows\SYSTEM32;C:\Windows\WinSxS\amd64_microsoft.windows.common-controls_6595b64144ccf1df_6.0.19041.3636_none_60b6a03d71f818d5;C:\Users\Admin\AppData\Local\jdk-11.0.2\bin\server;C:\Users\Admin\.gradle\native\68d5fa5c4cc2d200863cafc0d521ce42e7d3e7ee720ec0a83991735586a16f82\windows-amd64;C:\Users\Admin\.gradle\native\e376f236ea51e6404a007f0833ffe2c6e607c4080706a723a18a27aeea778392\windows-amd64;C:\Users\Admin\AppData\Local\Temp\native-platform5497036566002864789dir

VM Arguments:
jvm_args: -XX:MaxMetaspaceSize=512m --add-opens=java.base/java.util=ALL-UNNAMED --add-opens=java.base/java.lang=ALL-UNNAMED --add-opens=java.base/java.lang.invoke=ALL-UNNAMED --add-opens=java.prefs/java.util.prefs=ALL-UNNAMED --add-opens=java.base/java.nio.charset=ALL-UNNAMED --add-opens=java.base/java.net=ALL-UNNAMED --add-opens=java.base/java.util.concurrent.atomic=ALL-UNNAMED -Xmx2048m -Dfile.encoding=windows-1252 -Duser.country=US -Duser.language=en -Duser.variant 
java_command: org.gradle.launcher.daemon.bootstrap.GradleDaemon 8.0.1
java_class_path (initial): C:\Users\Admin\.gradle\wrapper\dists\gradle-8.0.1-all\aro4hu1c3oeioove7l0i4i14o\gradle-8.0.1\lib\gradle-launcher-8.0.1.jar
Launcher Type: SUN_STANDARD

[Global flags]
     intx CICompilerCount                          = 3                                         {product} {ergonomic}
   size_t CompressedClassSpaceSize                 = 528482304                                 {product} {ergonomic}
     uint ConcGCThreads                            = 1                                         {product} {ergonomic}
     uint G1ConcRefinementThreads                  = 4                                         {product} {ergonomic}
   size_t G1HeapRegionSize                         = 1048576                                   {product} {ergonomic}
    uintx GCDrainStackTargetSize                   = 64                                        {product} {ergonomic}
   size_t InitialHeapSize                          = 134217728                                 {product} {ergonomic}
   size_t MarkStackSize                            = 4194304                                   {product} {ergonomic}
   size_t MaxHeapSize                              = 2147483648                                {product} {command line}
   size_t MaxMetaspaceSize                         = 536870912                                 {product} {command line}
   size_t MaxNewSize                               = 1287651328                                {product} {ergonomic}
   size_t MinHeapDeltaBytes                        = 1048576                                   {product} {ergonomic}
    uintx NonNMethodCodeHeapSize                   = 5830092                                {pd product} {ergonomic}
    uintx NonProfiledCodeHeapSize                  = 122914074                              {pd product} {ergonomic}
    uintx ProfiledCodeHeapSize                     = 122914074                              {pd product} {ergonomic}
    uintx ReservedCodeCacheSize                    = 251658240                              {pd product} {ergonomic}
     bool SegmentedCodeCache                       = true                                      {product} {ergonomic}
     bool UseCompressedClassPointers               = true                                 {lp64_product} {ergonomic}
     bool UseCompressedOops                        = true                                 {lp64_product} {ergonomic}
     bool UseG1GC                                  = true                                      {product} {ergonomic}
     bool UseLargePagesIndividualAllocation        = false                                  {pd product} {ergonomic}

Logging:
Log output configuration:
 #0: stdout all=warning uptime,level,tags
 #1: stderr all=off uptime,level,tags

Environment Variables:
JAVA_HOME=C:\Users\Admin\AppData\Local\jdk-11.0.2
CLASSPATH=D:\pilotapp-main\android\\gradle\wrapper\gradle-wrapper.jar
PATH=D:\pilotapp-main\node_modules\.bin;D:\node_modules\.bin;C:\Program Files\nodejs\node_modules\npm\node_modules\@npmcli\run-script\lib\node-gyp-bin;%LOCALAPPDATA%\Android\Sdk\platform-tools;C:\Windows\system32;C:\Windows;C:\Windows\System32\Wbem;C:\Windows\System32\WindowsPowerShell\v1.0\;C:\Windows\System32\OpenSSH\;C:\Program Files\nodejs\;C:\Program Files\Java\jdk-11;C:\Users\Admin\AppData\Local\Android\Sdk;C:\Program Files (x86)\Microsoft SQL Server\160\DTS\Binn\;C:\Program Files\Azure Data Studio\bin;C:\Program Files\gradle-8.2.1-bin\gradle-8.2.1\bin;c:\Program Files (x86)\Intel\Intel(R) Management Engine Components\DAL;c:\Program Files\Intel\Intel(R) Management Engine Components\DAL;C:\Program Files\Git\cmd;C:\Program Files\MySQL\MySQL Shell 8.0\bin\;C:\Users\Admin\.console-ninja\.bin;C:\Users\Admin\AppData\Local\jdk-11.0.2\bin;C:\Users\Admin\AppData\Local\jdk-11.0.2\bin;C:\Users\Admin\AppData\Local\Microsoft\WindowsApps;C:\Users\Admin\AppData\Local\Programs\Microsoft VS Code\bin;C:\Users\Admin\AppData\Roaming\npm;C:\Users\Admin\AppData\Local\Android\Sdk\platform-tools;C:\Program Files\Azure Data Studio\bin;
USERNAME=Admin
OS=Windows_NT
PROCESSOR_IDENTIFIER=Intel64 Family 6 Model 142 Stepping 9, GenuineIntel



---------------  S Y S T E M  ---------------

OS: Windows 10 , 64 bit Build 19041 (10.0.19041.3636)

CPU:total 4 (initial active 4) (2 cores per cpu, 2 threads per core) family 6 model 142 stepping 9, cmov, cx8, fxsr, mmx, sse, sse2, sse3, ssse3, sse4.1, sse4.2, popcnt, avx, avx2, aes, clmul, erms, rtm, 3dnowpref, lzcnt, ht, tsc, tscinvbit, bmi1, bmi2, adx, fma

Memory: 4k page, system-wide physical 8067M (97M free)
TotalPageFile size 21706M (AvailPageFile size 5M)
current process WorkingSet (physical memory assigned to process): 359M, peak: 484M
current process commit charge ("private bytes"): 805M, peak: 819M

vm_info: OpenJDK 64-Bit Server VM (11.0.2+9) for windows-amd64 JRE (11.0.2+9), built on Jan 18 2019 05:23:22 by "mach5one" with MS VC++ 15.5 (VS2017)

END.
