#
# There is insufficient memory for the Java Runtime Environment to continue.
# Native memory allocation (mmap) failed to map 50331648 bytes for Failed to commit area from 0x000000008e200000 to 0x0000000091200000 of length 50331648.
# Possible reasons:
#   The system is out of physical RAM or swap space
#   The process is running with CompressedOops enabled, and the Java Heap may be blocking the growth of the native heap
# Possible solutions:
#   Reduce memory load on the system
#   Increase physical memory or swap space
#   Check if swap backing store is full
#   Decrease Java heap size (-Xmx/-Xms)
#   Decrease number of Java threads
#   Decrease Java thread stack sizes (-Xss)
#   Set larger code cache with -XX:ReservedCodeCacheSize=
#   JVM is running with Unscaled Compressed Oops mode in which the Java heap is
#     placed in the first 4GB address space. The Java Heap base address is the
#     maximum limit for the native heap growth. Please use -XX:HeapBaseMinAddress
#     to set the Java Heap base and to place the Java Heap above 4GB virtual address.
# This output file may be truncated or incomplete.
#
#  Out of Memory Error (./open/src/hotspot/os/windows/os_windows.cpp:3287), pid=13140, tid=22748
#
# JRE version: Java(TM) SE Runtime Environment 18.9 (11.0.16.1+1) (build 11.0.16.1+1-LTS-1)
# Java VM: Java HotSpot(TM) 64-Bit Server VM 18.9 (11.0.16.1+1-LTS-1, mixed mode, tiered, compressed oops, g1 gc, windows-amd64)
# No core dump will be written. Minidumps are not enabled by default on client versions of Windows
#

---------------  S U M M A R Y ------------

Command Line: -XX:MaxMetaspaceSize=512m --add-opens=java.base/java.util=ALL-UNNAMED --add-opens=java.base/java.lang=ALL-UNNAMED --add-opens=java.base/java.lang.invoke=ALL-UNNAMED --add-opens=java.prefs/java.util.prefs=ALL-UNNAMED --add-opens=java.base/java.nio.charset=ALL-UNNAMED --add-opens=java.base/java.net=ALL-UNNAMED --add-opens=java.base/java.util.concurrent.atomic=ALL-UNNAMED -Xmx2048m -Dfile.encoding=windows-1252 -Duser.country=IN -Duser.language=en -Duser.variant org.gradle.launcher.daemon.bootstrap.GradleDaemon 8.0.1

Host: Intel(R) Core(TM) i3-10110U CPU @ 2.10GHz, 4 cores, 7G,  Windows 11 , 64 bit Build 22621 (10.0.22621.2215)
Time: Tue Oct  3 13:11:09 2023 India Standard Time elapsed time: 4603.463585 seconds (0d 1h 16m 43s)

---------------  T H R E A D  ---------------

Current thread (0x000001b7dbf74000):  VMThread "VM Thread" [stack: 0x0000006533b00000,0x0000006533c00000] [id=22748]

Stack: [0x0000006533b00000,0x0000006533c00000]
[error occurred during error reporting (printing stack bounds), id 0xc0000005, EXCEPTION_ACCESS_VIOLATION (0xc0000005) at pc=0x000001b7c5eb0f2d]

Native frames: (J=compiled Java code, j=interpreted, Vv=VM code, C=native code)
V  [jvm.dll+0x62a3da]
V  [jvm.dll+0x76407f]
V  [jvm.dll+0x765729]
V  [jvm.dll+0x765d15]
V  [jvm.dll+0x765ccb]
V  [jvm.dll+0x6298c3]
V  [jvm.dll+0x629fd8]
C  [ntdll.dll+0xa3dff]
C  [ntdll.dll+0x1e456]
C  [ntdll.dll+0xa2dee]
C  0x000001b7c5eb0f2d

VM_Operation (0x00000065348fe950): G1CollectForAllocation, mode: safepoint, requested by thread 0x000001b7dd8f0800


---------------  P R O C E S S  ---------------

Threads class SMR info:
_java_thread_list=0x000001b7e133bb70, length=84, elements={
0x000001b7be80f800, 0x000001b7dbf78800, 0x000001b7dbf82000, 0x000001b7dbf91800,
0x000001b7dbf93000, 0x000001b7dbf94000, 0x000001b7dc8e3800, 0x000001b7dc942800,
0x000001b7dc949800, 0x000001b7dca46800, 0x000001b7dd8f0800, 0x000001b7dcbac800,
0x000001b7de044000, 0x000001b7dd1ba800, 0x000001b7de0f2800, 0x000001b7de0f3000,
0x000001b7dcc8a800, 0x000001b7dcc8b800, 0x000001b7de493800, 0x000001b7de495800,
0x000001b7de495000, 0x000001b7de496800, 0x000001b7de494000, 0x000001b7de491000,
0x000001b7de497800, 0x000001b7de492800, 0x000001b7de31d000, 0x000001b7de31f000,
0x000001b7de31e000, 0x000001b7de31f800, 0x000001b7de326000, 0x000001b7de320800,
0x000001b7de328000, 0x000001b7de322000, 0x000001b7de327000, 0x000001b7de324800,
0x000001b7de323000, 0x000001b7de329800, 0x000001b7de324000, 0x000001b7de32b000,
0x000001b7de32a800, 0x000001b7de325800, 0x000001b7de491800, 0x000001b7e0ccd000,
0x000001b7e0ccd800, 0x000001b7e0cd1800, 0x000001b7e0cd0000, 0x000001b7e0cce800,
0x000001b7e0ccf800, 0x000001b7e0cd1000, 0x000001b7e0ccc000, 0x000001b7e0cd6800,
0x000001b7e0cd2800, 0x000001b7e0cd7800, 0x000001b7e0cd4000, 0x000001b7e0cd6000,
0x000001b7e0cd8800, 0x000001b7e0cd9000, 0x000001b7e0cd5000, 0x000001b7e0cd3800,
0x000001b7e0cda000, 0x000001b7e0cda800, 0x000001b7e0ce0000, 0x000001b7e0ce1000,
0x000001b7e0ce2000, 0x000001b7e0cdc000, 0x000001b7e0ce2800, 0x000001b7e0ce3800,
0x000001b7e0cdd800, 0x000001b7e0ce8800, 0x000001b7e0cea000, 0x000001b7e0ce5000,
0x000001b7e0ce6800, 0x000001b7e0ce7800, 0x000001b7e0ce9000, 0x000001b7e0ce4000,
0x000001b7e0cea800, 0x000001b7e0ce6000, 0x000001b7e1594000, 0x000001b7e1596800,
0x000001b7e1597000, 0x000001b7e1595800, 0x000001b7e1592000, 0x000001b7e1599000
}

Java Threads: ( => current thread )
  0x000001b7be80f800 JavaThread "main" [_thread_blocked, id=20616, stack(0x0000006533500000,0x0000006533600000)]
  0x000001b7dbf78800 JavaThread "Reference Handler" daemon [_thread_blocked, id=10308, stack(0x0000006533c00000,0x0000006533d00000)]
  0x000001b7dbf82000 JavaThread "Finalizer" daemon [_thread_blocked, id=13600, stack(0x0000006533d00000,0x0000006533e00000)]
  0x000001b7dbf91800 JavaThread "Signal Dispatcher" daemon [_thread_blocked, id=19340, stack(0x0000006533e00000,0x0000006533f00000)]
  0x000001b7dbf93000 JavaThread "Attach Listener" daemon [_thread_blocked, id=8692, stack(0x0000006533f00000,0x0000006534000000)]
  0x000001b7dbf94000 JavaThread "Service Thread" daemon [_thread_blocked, id=20636, stack(0x0000006534000000,0x0000006534100000)]
  0x000001b7dc8e3800 JavaThread "C2 CompilerThread0" daemon [_thread_blocked, id=5692, stack(0x0000006534100000,0x0000006534200000)]
  0x000001b7dc942800 JavaThread "C1 CompilerThread0" daemon [_thread_blocked, id=17416, stack(0x0000006534200000,0x0000006534300000)]
  0x000001b7dc949800 JavaThread "Sweeper thread" daemon [_thread_blocked, id=26556, stack(0x0000006534300000,0x0000006534400000)]
  0x000001b7dca46800 JavaThread "Common-Cleaner" daemon [_thread_blocked, id=27244, stack(0x0000006534400000,0x0000006534500000)]
  0x000001b7dd8f0800 JavaThread "Daemon health stats" [_thread_blocked, id=18896, stack(0x0000006534800000,0x0000006534900000)]
  0x000001b7dcbac800 JavaThread "Incoming local TCP Connector on port 55617" [_thread_in_native, id=5612, stack(0x0000006534900000,0x0000006534a00000)]
  0x000001b7de044000 JavaThread "Daemon periodic checks" [_thread_blocked, id=14180, stack(0x0000006534a00000,0x0000006534b00000)]
  0x000001b7dd1ba800 JavaThread "Daemon" [_thread_blocked, id=23356, stack(0x0000006534d00000,0x0000006534e00000)]
  0x000001b7de0f2800 JavaThread "Handler for socket connection from /127.0.0.1:55617 to /127.0.0.1:55620" [_thread_in_native, id=26784, stack(0x0000006534e00000,0x0000006534f00000)]
  0x000001b7de0f3000 JavaThread "Cancel handler" [_thread_blocked, id=20820, stack(0x0000006534f00000,0x0000006535000000)]
  0x000001b7dcc8a800 JavaThread "Daemon worker" [_thread_blocked, id=17012, stack(0x0000006535000000,0x0000006535100000)]
  0x000001b7dcc8b800 JavaThread "Asynchronous log dispatcher for DefaultDaemonConnection: socket connection from /127.0.0.1:55617 to /127.0.0.1:55620" [_thread_blocked, id=25284, stack(0x0000006535100000,0x0000006535200000)]
  0x000001b7de493800 JavaThread "Daemon client event forwarder" [_thread_blocked, id=17424, stack(0x0000006535300000,0x0000006535400000)]
  0x000001b7de495800 JavaThread "Cache worker for journal cache (C:\Users\Office Laptop2\.gradle\caches\journal-1)" [_thread_blocked, id=25580, stack(0x0000006535400000,0x0000006535500000)]
  0x000001b7de495000 JavaThread "File lock request listener" [_thread_in_native, id=22000, stack(0x0000006535500000,0x0000006535600000)]
  0x000001b7de496800 JavaThread "Cache worker for file hash cache (C:\Users\Office Laptop2\.gradle\caches\8.0.1\fileHashes)" [_thread_blocked, id=27632, stack(0x0000006535600000,0x0000006535700000)]
  0x000001b7de494000 JavaThread "File watcher server" daemon [_thread_in_native, id=22084, stack(0x0000006535700000,0x0000006535800000)]
  0x000001b7de491000 JavaThread "File watcher consumer" daemon [_thread_blocked, id=26148, stack(0x0000006535800000,0x0000006535900000)]
  0x000001b7de497800 JavaThread "Cache worker for checksums cache (C:\work\pilotapp\pilot-app-new\android\.gradle\8.0.1\checksums)" [_thread_blocked, id=18216, stack(0x0000006535900000,0x0000006535a00000)]
  0x000001b7de492800 JavaThread "Cache worker for cache directory md-rule (C:\Users\Office Laptop2\.gradle\caches\8.0.1\md-rule)" [_thread_blocked, id=23712, stack(0x0000006535b00000,0x0000006535c00000)]
  0x000001b7de31d000 JavaThread "Cache worker for file content cache (C:\Users\Office Laptop2\.gradle\caches\8.0.1\fileContent)" [_thread_blocked, id=25896, stack(0x0000006535c00000,0x0000006535d00000)]
  0x000001b7de31f000 JavaThread "Cache worker for file hash cache (C:\work\pilotapp\pilot-app-new\android\.gradle\8.0.1\fileHashes)" [_thread_blocked, id=26716, stack(0x0000006535d00000,0x0000006535e00000)]
  0x000001b7de31e000 JavaThread "Cache worker for cache directory md-supplier (C:\Users\Office Laptop2\.gradle\caches\8.0.1\md-supplier)" [_thread_blocked, id=1220, stack(0x0000006535e00000,0x0000006535f00000)]
  0x000001b7de31f800 JavaThread "Cache worker for execution history cache (C:\Users\Office Laptop2\.gradle\caches\8.0.1\executionHistory)" [_thread_blocked, id=4916, stack(0x0000006533300000,0x0000006533400000)]
  0x000001b7de326000 JavaThread "jar transforms" [_thread_blocked, id=7008, stack(0x0000006533400000,0x0000006533500000)]
  0x000001b7de320800 JavaThread "jar transforms Thread 2" [_thread_blocked, id=23116, stack(0x0000006536100000,0x0000006536200000)]
  0x000001b7de328000 JavaThread "jar transforms Thread 3" [_thread_blocked, id=6256, stack(0x0000006536200000,0x0000006536300000)]
  0x000001b7de322000 JavaThread "jar transforms Thread 4" [_thread_blocked, id=19064, stack(0x0000006536300000,0x0000006536400000)]
  0x000001b7de327000 JavaThread "Cache worker for kotlin-dsl (C:\Users\Office Laptop2\.gradle\caches\8.0.1\kotlin-dsl)" [_thread_blocked, id=20876, stack(0x0000006535a00000,0x0000006535b00000)]
  0x000001b7de324800 JavaThread "Cache worker for dependencies-accessors (C:\work\pilotapp\pilot-app-new\android\.gradle\8.0.1\dependencies-accessors)" [_thread_blocked, id=1332, stack(0x0000006536400000,0x0000006536500000)]
  0x000001b7de323000 JavaThread "Cache worker for Build Output Cleanup Cache (C:\work\pilotapp\pilot-app-new\node_modules\@react-native\gradle-plugin\.gradle\buildOutputCleanup)" [_thread_blocked, id=25828, stack(0x0000006536500000,0x0000006536600000)]
  0x000001b7de329800 JavaThread "Unconstrained build operations" [_thread_blocked, id=14396, stack(0x0000006536000000,0x0000006536100000)]
  0x000001b7de324000 JavaThread "Unconstrained build operations Thread 2" [_thread_blocked, id=26336, stack(0x0000006536600000,0x0000006536700000)]
  0x000001b7de32b000 JavaThread "Unconstrained build operations Thread 3" [_thread_blocked, id=16804, stack(0x0000006536700000,0x0000006536800000)]
  0x000001b7de32a800 JavaThread "Unconstrained build operations Thread 4" [_thread_blocked, id=21548, stack(0x0000006536800000,0x0000006536900000)]
  0x000001b7de325800 JavaThread "Unconstrained build operations Thread 5" [_thread_blocked, id=24500, stack(0x0000006536900000,0x0000006536a00000)]
  0x000001b7de491800 JavaThread "Unconstrained build operations Thread 6" [_thread_blocked, id=16764, stack(0x0000006536a00000,0x0000006536b00000)]
  0x000001b7e0ccd000 JavaThread "Unconstrained build operations Thread 7" [_thread_blocked, id=1704, stack(0x0000006536b00000,0x0000006536c00000)]
  0x000001b7e0ccd800 JavaThread "Unconstrained build operations Thread 8" [_thread_blocked, id=24524, stack(0x0000006536c00000,0x0000006536d00000)]
  0x000001b7e0cd1800 JavaThread "Unconstrained build operations Thread 9" [_thread_blocked, id=19568, stack(0x0000006536d00000,0x0000006536e00000)]
  0x000001b7e0cd0000 JavaThread "Unconstrained build operations Thread 10" [_thread_blocked, id=5000, stack(0x0000006536e00000,0x0000006536f00000)]
  0x000001b7e0cce800 JavaThread "Unconstrained build operations Thread 11" [_thread_blocked, id=22840, stack(0x0000006536f00000,0x0000006537000000)]
  0x000001b7e0ccf800 JavaThread "Unconstrained build operations Thread 12" [_thread_blocked, id=24080, stack(0x0000006537000000,0x0000006537100000)]
  0x000001b7e0cd1000 JavaThread "Unconstrained build operations Thread 13" [_thread_blocked, id=1444, stack(0x0000006537100000,0x0000006537200000)]
  0x000001b7e0ccc000 JavaThread "Unconstrained build operations Thread 14" [_thread_blocked, id=11448, stack(0x0000006537200000,0x0000006537300000)]
  0x000001b7e0cd6800 JavaThread "Unconstrained build operations Thread 15" [_thread_blocked, id=10364, stack(0x0000006537300000,0x0000006537400000)]
  0x000001b7e0cd2800 JavaThread "Unconstrained build operations Thread 16" [_thread_blocked, id=26280, stack(0x0000006537400000,0x0000006537500000)]
  0x000001b7e0cd7800 JavaThread "Unconstrained build operations Thread 17" [_thread_blocked, id=21372, stack(0x0000006537500000,0x0000006537600000)]
  0x000001b7e0cd4000 JavaThread "Unconstrained build operations Thread 18" [_thread_blocked, id=26588, stack(0x0000006537600000,0x0000006537700000)]
  0x000001b7e0cd6000 JavaThread "Unconstrained build operations Thread 19" [_thread_blocked, id=14668, stack(0x0000006537700000,0x0000006537800000)]
  0x000001b7e0cd8800 JavaThread "Unconstrained build operations Thread 20" [_thread_blocked, id=17440, stack(0x0000006537800000,0x0000006537900000)]
  0x000001b7e0cd9000 JavaThread "Unconstrained build operations Thread 21" [_thread_blocked, id=26924, stack(0x0000006537900000,0x0000006537a00000)]
  0x000001b7e0cd5000 JavaThread "Unconstrained build operations Thread 22" [_thread_blocked, id=17444, stack(0x0000006537a00000,0x0000006537b00000)]
  0x000001b7e0cd3800 JavaThread "Unconstrained build operations Thread 23" [_thread_blocked, id=15348, stack(0x0000006537b00000,0x0000006537c00000)]
  0x000001b7e0cda000 JavaThread "Unconstrained build operations Thread 24" [_thread_blocked, id=25272, stack(0x0000006537c00000,0x0000006537d00000)]
  0x000001b7e0cda800 JavaThread "Unconstrained build operations Thread 25" [_thread_blocked, id=4812, stack(0x0000006537d00000,0x0000006537e00000)]
  0x000001b7e0ce0000 JavaThread "Unconstrained build operations Thread 26" [_thread_blocked, id=26112, stack(0x0000006537e00000,0x0000006537f00000)]
  0x000001b7e0ce1000 JavaThread "Memory manager" [_thread_blocked, id=5060, stack(0x0000006537f00000,0x0000006538000000)]
  0x000001b7e0ce2000 JavaThread "Cache worker for Build Output Cleanup Cache (C:\work\pilotapp\pilot-app-new\android\.gradle\buildOutputCleanup)" [_thread_blocked, id=18416, stack(0x0000006538100000,0x0000006538200000)]
  0x000001b7e0cdc000 JavaThread "Execution worker" [_thread_blocked, id=20552, stack(0x0000006538300000,0x0000006538400000)]
  0x000001b7e0ce2800 JavaThread "Execution worker Thread 2" [_thread_blocked, id=24476, stack(0x0000006538400000,0x0000006538500000)]
  0x000001b7e0ce3800 JavaThread "Execution worker Thread 3" [_thread_blocked, id=12716, stack(0x0000006538500000,0x0000006538600000)]
  0x000001b7e0cdd800 JavaThread "Cache worker for execution history cache (C:\work\pilotapp\pilot-app-new\node_modules\@react-native\gradle-plugin\.gradle\8.0.1\executionHistory)" [_thread_blocked, id=14924, stack(0x0000006538600000,0x0000006538700000)]
  0x000001b7e0ce8800 JavaThread "Unconstrained build operations Thread 27" [_thread_blocked, id=15456, stack(0x0000006538700000,0x0000006538800000)]
  0x000001b7e0cea000 JavaThread "Unconstrained build operations Thread 28" [_thread_blocked, id=26720, stack(0x0000006538800000,0x0000006538900000)]
  0x000001b7e0ce5000 JavaThread "Unconstrained build operations Thread 29" [_thread_blocked, id=8388, stack(0x0000006538900000,0x0000006538a00000)]
  0x000001b7e0ce6800 JavaThread "Unconstrained build operations Thread 30" [_thread_blocked, id=19944, stack(0x0000006538a00000,0x0000006538b00000)]
  0x000001b7e0ce7800 JavaThread "Unconstrained build operations Thread 31" [_thread_blocked, id=19044, stack(0x0000006538b00000,0x0000006538c00000)]
  0x000001b7e0ce9000 JavaThread "Unconstrained build operations Thread 32" [_thread_blocked, id=4736, stack(0x0000006538c00000,0x0000006538d00000)]
  0x000001b7e0ce4000 JavaThread "Unconstrained build operations Thread 33" [_thread_blocked, id=10796, stack(0x0000006538d00000,0x0000006538e00000)]
  0x000001b7e0cea800 JavaThread "Unconstrained build operations Thread 34" [_thread_blocked, id=17980, stack(0x0000006538e00000,0x0000006538f00000)]
  0x000001b7e0ce6000 JavaThread "Unconstrained build operations Thread 35" [_thread_blocked, id=15404, stack(0x0000006538f00000,0x0000006539000000)]
  0x000001b7e1594000 JavaThread "Unconstrained build operations Thread 36" [_thread_blocked, id=26416, stack(0x0000006539000000,0x0000006539100000)]
  0x000001b7e1596800 JavaThread "Unconstrained build operations Thread 37" [_thread_blocked, id=27540, stack(0x0000006539100000,0x0000006539200000)]
  0x000001b7e1597000 JavaThread "Unconstrained build operations Thread 38" [_thread_blocked, id=11604, stack(0x0000006539200000,0x0000006539300000)]
  0x000001b7e1595800 JavaThread "Unconstrained build operations Thread 39" [_thread_blocked, id=26288, stack(0x0000006539300000,0x0000006539400000)]
  0x000001b7e1592000 JavaThread "Unconstrained build operations Thread 40" [_thread_blocked, id=11680, stack(0x0000006539400000,0x0000006539500000)]
  0x000001b7e1599000 JavaThread "File lock release action executor Thread 12" [_thread_blocked, id=3620, stack(0x0000006535200000,0x0000006535300000)]

Other Threads:
=>0x000001b7dbf74000 VMThread "VM Thread" [stack: 0x0000006533b00000,0x0000006533c00000] [id=22748]
  0x000001b7dca8d800 WatcherThread [stack: 0x0000006534500000,0x0000006534600000] [id=24608]
  0x000001b7be821800 GCTaskThread "GC Thread#0" [stack: 0x0000006533600000,0x0000006533700000] [id=20452]
  0x000001b7dd2f1000 GCTaskThread "GC Thread#1" [stack: 0x0000006534600000,0x0000006534700000] [id=27516]
  0x000001b7dccab000 GCTaskThread "GC Thread#2" [stack: 0x0000006534700000,0x0000006534800000] [id=26412]
  0x000001b7dcc88800 GCTaskThread "GC Thread#3" [stack: 0x0000006534b00000,0x0000006534c00000] [id=6744]
  0x000001b7be851000 ConcurrentGCThread "G1 Main Marker" [stack: 0x0000006533700000,0x0000006533800000] [id=24888]
  0x000001b7be852800 ConcurrentGCThread "G1 Conc#0" [stack: 0x0000006533800000,0x0000006533900000] [id=5592]
  0x000001b7be8d2800 ConcurrentGCThread "G1 Refine#0" [stack: 0x0000006533900000,0x0000006533a00000] [id=4684]
  0x000001b7dd5d5000 ConcurrentGCThread "G1 Refine#1" [stack: 0x0000006534c00000,0x0000006534d00000] [id=9040]
  0x000001b7dbdf0800 ConcurrentGCThread "G1 Young RemSet Sampling" [stack: 0x0000006533a00000,0x0000006533b00000] [id=26396]

Threads with active compile tasks:

VM state:at safepoint (normal execution)

VM Mutex/Monitor currently owned by a thread:  ([mutex/lock_event])
[0x000001b7be80be80] Threads_lock - owner thread: 0x000001b7dbf74000
[0x000001b7be80c390] Heap_lock - owner thread: 0x000001b7dd8f0800

Heap address: 0x0000000080000000, size: 2048 MB, Compressed Oops mode: 32-bit
Narrow klass base: 0x0000000000000000, Narrow klass shift: 3
Compressed class space size: 528482304 Address: 0x0000000100000000

Heap:
 garbage-first heap   total 280576K, used 97913K [0x0000000080000000, 0x0000000100000000)
  region size 1024K, 2 young (2048K), 2 survivors (2048K)
 Metaspace       used 92102K, capacity 95013K, committed 95196K, reserved 598016K
  class space    used 12248K, capacity 13425K, committed 13516K, reserved 516096K
Heap Regions: E=young(eden), S=young(survivor), O=old, HS=humongous(starts), HC=humongous(continues), CS=collection set, F=free, A=archive, TAMS=top-at-mark-start (previous, next)
|   0|0x0000000080000000, 0x0000000080100000, 0x0000000080100000|100%| O|  |TAMS 0x0000000080100000, 0x0000000080000000| Untracked 
|   1|0x0000000080100000, 0x0000000080200000, 0x0000000080200000|100%| O|  |TAMS 0x0000000080200000, 0x0000000080100000| Untracked 
|   2|0x0000000080200000, 0x0000000080300000, 0x0000000080300000|100%|HS|  |TAMS 0x0000000080300000, 0x0000000080200000| Complete 
|   3|0x0000000080300000, 0x0000000080400000, 0x0000000080400000|100%|HC|  |TAMS 0x0000000080400000, 0x0000000080300000| Complete 
|   4|0x0000000080400000, 0x0000000080500000, 0x0000000080500000|100%|HC|  |TAMS 0x0000000080500000, 0x0000000080400000| Complete 
|   5|0x0000000080500000, 0x0000000080600000, 0x0000000080600000|100%|HC|  |TAMS 0x0000000080600000, 0x0000000080500000| Complete 
|   6|0x0000000080600000, 0x0000000080700000, 0x0000000080700000|100%| O|  |TAMS 0x0000000080700000, 0x0000000080600000| Untracked 
|   7|0x0000000080700000, 0x0000000080800000, 0x0000000080800000|100%| O|  |TAMS 0x0000000080800000, 0x0000000080700000| Untracked 
|   8|0x0000000080800000, 0x0000000080900000, 0x0000000080900000|100%| O|  |TAMS 0x0000000080900000, 0x0000000080800000| Untracked 
|   9|0x0000000080900000, 0x0000000080a00000, 0x0000000080a00000|100%| O|  |TAMS 0x0000000080a00000, 0x0000000080900000| Untracked 
|  10|0x0000000080a00000, 0x0000000080b00000, 0x0000000080b00000|100%| O|  |TAMS 0x0000000080b00000, 0x0000000080a00000| Untracked 
|  11|0x0000000080b00000, 0x0000000080c00000, 0x0000000080c00000|100%| O|  |TAMS 0x0000000080c00000, 0x0000000080b00000| Untracked 
|  12|0x0000000080c00000, 0x0000000080d00000, 0x0000000080d00000|100%| O|  |TAMS 0x0000000080d00000, 0x0000000080c00000| Untracked 
|  13|0x0000000080d00000, 0x0000000080e00000, 0x0000000080e00000|100%| O|  |TAMS 0x0000000080e00000, 0x0000000080d00000| Untracked 
|  14|0x0000000080e00000, 0x0000000080f00000, 0x0000000080f00000|100%| O|  |TAMS 0x0000000080f00000, 0x0000000080e00000| Untracked 
|  15|0x0000000080f00000, 0x0000000081000000, 0x0000000081000000|100%| O|  |TAMS 0x0000000081000000, 0x0000000080f00000| Untracked 
|  16|0x0000000081000000, 0x0000000081100000, 0x0000000081100000|100%| O|  |TAMS 0x0000000081100000, 0x0000000081000000| Untracked 
|  17|0x0000000081100000, 0x0000000081200000, 0x0000000081200000|100%| O|  |TAMS 0x0000000081200000, 0x0000000081100000| Untracked 
|  18|0x0000000081200000, 0x0000000081300000, 0x0000000081300000|100%| O|  |TAMS 0x0000000081300000, 0x0000000081200000| Untracked 
|  19|0x0000000081300000, 0x0000000081400000, 0x0000000081400000|100%| O|  |TAMS 0x0000000081400000, 0x0000000081300000| Untracked 
|  20|0x0000000081400000, 0x0000000081500000, 0x0000000081500000|100%| O|  |TAMS 0x0000000081500000, 0x0000000081400000| Untracked 
|  21|0x0000000081500000, 0x0000000081600000, 0x0000000081600000|100%| O|  |TAMS 0x0000000081600000, 0x0000000081500000| Untracked 
|  22|0x0000000081600000, 0x0000000081700000, 0x0000000081700000|100%| O|  |TAMS 0x0000000081700000, 0x0000000081600000| Untracked 
|  23|0x0000000081700000, 0x0000000081800000, 0x0000000081800000|100%| O|  |TAMS 0x0000000081800000, 0x0000000081700000| Untracked 
|  24|0x0000000081800000, 0x0000000081900000, 0x0000000081900000|100%| O|  |TAMS 0x0000000081900000, 0x0000000081800000| Untracked 
|  25|0x0000000081900000, 0x0000000081a00000, 0x0000000081a00000|100%| O|  |TAMS 0x0000000081a00000, 0x0000000081900000| Untracked 
|  26|0x0000000081a00000, 0x0000000081b00000, 0x0000000081b00000|100%| O|  |TAMS 0x0000000081b00000, 0x0000000081a00000| Untracked 
|  27|0x0000000081b00000, 0x0000000081c00000, 0x0000000081c00000|100%| O|  |TAMS 0x0000000081c00000, 0x0000000081b00000| Untracked 
|  28|0x0000000081c00000, 0x0000000081d00000, 0x0000000081d00000|100%| O|  |TAMS 0x0000000081d00000, 0x0000000081c00000| Untracked 
|  29|0x0000000081d00000, 0x0000000081e00000, 0x0000000081e00000|100%|HS|  |TAMS 0x0000000081e00000, 0x0000000081d00000| Complete 
|  30|0x0000000081e00000, 0x0000000081f00000, 0x0000000081f00000|100%|HC|  |TAMS 0x0000000081f00000, 0x0000000081e00000| Complete 
|  31|0x0000000081f00000, 0x0000000082000000, 0x0000000082000000|100%|HS|  |TAMS 0x0000000082000000, 0x0000000081f00000| Complete 
|  32|0x0000000082000000, 0x0000000082100000, 0x0000000082100000|100%|HC|  |TAMS 0x0000000082100000, 0x0000000082000000| Complete 
|  33|0x0000000082100000, 0x0000000082200000, 0x0000000082200000|100%|HC|  |TAMS 0x0000000082200000, 0x0000000082100000| Complete 
|  34|0x0000000082200000, 0x0000000082300000, 0x0000000082300000|100%|HC|  |TAMS 0x0000000082300000, 0x0000000082200000| Complete 
|  35|0x0000000082300000, 0x0000000082400000, 0x0000000082400000|100%| O|  |TAMS 0x0000000082400000, 0x0000000082300000| Untracked 
|  36|0x0000000082400000, 0x0000000082500000, 0x0000000082500000|100%| O|  |TAMS 0x0000000082500000, 0x0000000082400000| Untracked 
|  37|0x0000000082500000, 0x0000000082600000, 0x0000000082600000|100%| O|  |TAMS 0x0000000082600000, 0x0000000082500000| Untracked 
|  38|0x0000000082600000, 0x0000000082700000, 0x0000000082700000|100%| O|  |TAMS 0x0000000082700000, 0x0000000082600000| Untracked 
|  39|0x0000000082700000, 0x0000000082800000, 0x0000000082800000|100%| O|  |TAMS 0x0000000082800000, 0x0000000082700000| Untracked 
|  40|0x0000000082800000, 0x0000000082900000, 0x0000000082900000|100%| O|  |TAMS 0x0000000082900000, 0x0000000082800000| Untracked 
|  41|0x0000000082900000, 0x0000000082a00000, 0x0000000082a00000|100%| O|  |TAMS 0x0000000082a00000, 0x0000000082900000| Untracked 
|  42|0x0000000082a00000, 0x0000000082b00000, 0x0000000082b00000|100%| O|  |TAMS 0x0000000082b00000, 0x0000000082a00000| Untracked 
|  43|0x0000000082b00000, 0x0000000082c00000, 0x0000000082c00000|100%| O|  |TAMS 0x0000000082c00000, 0x0000000082b00000| Untracked 
|  44|0x0000000082c00000, 0x0000000082d00000, 0x0000000082d00000|100%| O|  |TAMS 0x0000000082d00000, 0x0000000082c00000| Untracked 
|  45|0x0000000082d00000, 0x0000000082e00000, 0x0000000082e00000|100%| O|  |TAMS 0x0000000082e00000, 0x0000000082d00000| Untracked 
|  46|0x0000000082e00000, 0x0000000082f00000, 0x0000000082f00000|100%| O|  |TAMS 0x0000000082f00000, 0x0000000082e00000| Untracked 
|  47|0x0000000082f00000, 0x0000000083000000, 0x0000000083000000|100%| O|  |TAMS 0x0000000083000000, 0x0000000082f00000| Untracked 
|  48|0x0000000083000000, 0x0000000083100000, 0x0000000083100000|100%| O|  |TAMS 0x0000000083100000, 0x0000000083000000| Untracked 
|  49|0x0000000083100000, 0x0000000083200000, 0x0000000083200000|100%|HS|  |TAMS 0x0000000083200000, 0x0000000083100000| Complete 
|  50|0x0000000083200000, 0x0000000083300000, 0x0000000083300000|100%|HS|  |TAMS 0x0000000083300000, 0x0000000083200000| Complete 
|  51|0x0000000083300000, 0x0000000083400000, 0x0000000083400000|100%| O|  |TAMS 0x0000000083400000, 0x0000000083300000| Untracked 
|  52|0x0000000083400000, 0x0000000083500000, 0x0000000083500000|100%| O|  |TAMS 0x0000000083500000, 0x0000000083400000| Untracked 
|  53|0x0000000083500000, 0x0000000083600000, 0x0000000083600000|100%| O|  |TAMS 0x0000000083600000, 0x0000000083500000| Untracked 
|  54|0x0000000083600000, 0x0000000083700000, 0x0000000083700000|100%| O|  |TAMS 0x0000000083700000, 0x0000000083600000| Untracked 
|  55|0x0000000083700000, 0x0000000083800000, 0x0000000083800000|100%| O|  |TAMS 0x0000000083800000, 0x0000000083700000| Untracked 
|  56|0x0000000083800000, 0x0000000083900000, 0x0000000083900000|100%| O|  |TAMS 0x0000000083900000, 0x0000000083800000| Untracked 
|  57|0x0000000083900000, 0x0000000083a00000, 0x0000000083a00000|100%| O|  |TAMS 0x0000000083a00000, 0x0000000083900000| Untracked 
|  58|0x0000000083a00000, 0x0000000083b00000, 0x0000000083b00000|100%| O|  |TAMS 0x0000000083a00000, 0x0000000083a00000| Untracked 
|  59|0x0000000083b00000, 0x0000000083c00000, 0x0000000083c00000|100%| O|  |TAMS 0x0000000083c00000, 0x0000000083b00000| Untracked 
|  60|0x0000000083c00000, 0x0000000083d00000, 0x0000000083d00000|100%| O|  |TAMS 0x0000000083d00000, 0x0000000083c00000| Untracked 
|  61|0x0000000083d00000, 0x0000000083e00000, 0x0000000083e00000|100%| O|  |TAMS 0x0000000083e00000, 0x0000000083d00000| Untracked 
|  62|0x0000000083e00000, 0x0000000083f00000, 0x0000000083f00000|100%| O|  |TAMS 0x0000000083f00000, 0x0000000083e00000| Untracked 
|  63|0x0000000083f00000, 0x0000000084000000, 0x0000000084000000|100%| O|  |TAMS 0x0000000084000000, 0x0000000083f00000| Untracked 
|  64|0x0000000084000000, 0x0000000084100000, 0x0000000084100000|100%| O|  |TAMS 0x0000000084100000, 0x0000000084000000| Untracked 
|  65|0x0000000084100000, 0x0000000084200000, 0x0000000084200000|100%| O|  |TAMS 0x0000000084200000, 0x0000000084100000| Untracked 
|  66|0x0000000084200000, 0x0000000084300000, 0x0000000084300000|100%| O|  |TAMS 0x0000000084300000, 0x0000000084200000| Untracked 
|  67|0x0000000084300000, 0x0000000084400000, 0x0000000084400000|100%| O|  |TAMS 0x0000000084400000, 0x0000000084300000| Untracked 
|  68|0x0000000084400000, 0x0000000084500000, 0x0000000084500000|100%| O|  |TAMS 0x0000000084500000, 0x0000000084400000| Untracked 
|  69|0x0000000084500000, 0x0000000084600000, 0x0000000084600000|100%| O|  |TAMS 0x0000000084500000, 0x0000000084500000| Untracked 
|  70|0x0000000084600000, 0x0000000084700000, 0x0000000084700000|100%| O|  |TAMS 0x0000000084600000, 0x0000000084600000| Untracked 
|  71|0x0000000084700000, 0x0000000084800000, 0x0000000084800000|100%|HS|  |TAMS 0x0000000084700000, 0x0000000084700000| Complete 
|  72|0x0000000084800000, 0x0000000084900000, 0x0000000084900000|100%|HC|  |TAMS 0x0000000084800000, 0x0000000084800000| Complete 
|  73|0x0000000084900000, 0x0000000084a00000, 0x0000000084a00000|100%| O|  |TAMS 0x0000000084900000, 0x0000000084900000| Untracked 
|  74|0x0000000084a00000, 0x0000000084b00000, 0x0000000084b00000|100%| O|  |TAMS 0x0000000084a00000, 0x0000000084a00000| Untracked 
|  75|0x0000000084b00000, 0x0000000084c00000, 0x0000000084c00000|100%| O|  |TAMS 0x0000000084c00000, 0x0000000084b00000| Untracked 
|  76|0x0000000084c00000, 0x0000000084d00000, 0x0000000084d00000|100%| O|  |TAMS 0x0000000084d00000, 0x0000000084c00000| Untracked 
|  77|0x0000000084d00000, 0x0000000084e00000, 0x0000000084e00000|100%| O|  |TAMS 0x0000000084e00000, 0x0000000084d00000| Untracked 
|  78|0x0000000084e00000, 0x0000000084f00000, 0x0000000084f00000|100%| O|  |TAMS 0x0000000084f00000, 0x0000000084e00000| Untracked 
|  79|0x0000000084f00000, 0x0000000085000000, 0x0000000085000000|100%|HS|  |TAMS 0x0000000084f00000, 0x0000000084f00000| Complete 
|  80|0x0000000085000000, 0x0000000085100000, 0x0000000085100000|100%|HC|  |TAMS 0x0000000085000000, 0x0000000085000000| Complete 
|  81|0x0000000085100000, 0x0000000085200000, 0x0000000085200000|100%|HC|  |TAMS 0x0000000085100000, 0x0000000085100000| Complete 
|  82|0x0000000085200000, 0x0000000085300000, 0x0000000085300000|100%|HC|  |TAMS 0x0000000085200000, 0x0000000085200000| Complete 
|  83|0x0000000085300000, 0x0000000085400000, 0x0000000085400000|100%| O|  |TAMS 0x0000000085300000, 0x0000000085300000| Untracked 
|  84|0x0000000085400000, 0x0000000085500000, 0x0000000085500000|100%| O|  |TAMS 0x0000000085400000, 0x0000000085400000| Untracked 
|  85|0x0000000085500000, 0x0000000085600000, 0x0000000085600000|100%| O|  |TAMS 0x0000000085500000, 0x0000000085500000| Untracked 
|  86|0x0000000085600000, 0x0000000085700000, 0x0000000085700000|100%| O|  |TAMS 0x0000000085600000, 0x0000000085600000| Untracked 
|  87|0x0000000085700000, 0x0000000085800000, 0x0000000085800000|100%| O|  |TAMS 0x0000000085700000, 0x0000000085700000| Untracked 
|  88|0x0000000085800000, 0x0000000085900000, 0x0000000085900000|100%| O|  |TAMS 0x0000000085800000, 0x0000000085800000| Untracked 
|  89|0x0000000085900000, 0x0000000085a00000, 0x0000000085a00000|100%| O|  |TAMS 0x0000000085900000, 0x0000000085900000| Untracked 
|  90|0x0000000085a00000, 0x0000000085b00000, 0x0000000085b00000|100%| O|  |TAMS 0x0000000085a00000, 0x0000000085a00000| Untracked 
|  91|0x0000000085b00000, 0x0000000085c00000, 0x0000000085c00000|100%| O|  |TAMS 0x0000000085b00000, 0x0000000085b00000| Untracked 
|  92|0x0000000085c00000, 0x0000000085d00000, 0x0000000085d00000|100%| O|  |TAMS 0x0000000085c00000, 0x0000000085c00000| Untracked 
|  93|0x0000000085d00000, 0x0000000085e00000, 0x0000000085e00000|100%| O|  |TAMS 0x0000000085d00000, 0x0000000085d00000| Untracked 
|  94|0x0000000085e00000, 0x0000000085e87c00, 0x0000000085f00000| 53%| O|  |TAMS 0x0000000085e00000, 0x0000000085e00000| Untracked 
|  95|0x0000000085f00000, 0x0000000085f00000, 0x0000000086000000|  0%| F|  |TAMS 0x0000000085f00000, 0x0000000085f00000| Untracked 
|  96|0x0000000086000000, 0x0000000086000000, 0x0000000086100000|  0%| F|  |TAMS 0x0000000086000000, 0x0000000086000000| Untracked 
|  97|0x0000000086100000, 0x0000000086100000, 0x0000000086200000|  0%| F|  |TAMS 0x0000000086100000, 0x0000000086100000| Untracked 
|  98|0x0000000086200000, 0x0000000086200000, 0x0000000086300000|  0%| F|  |TAMS 0x0000000086200000, 0x0000000086200000| Untracked 
|  99|0x0000000086300000, 0x0000000086300000, 0x0000000086400000|  0%| F|  |TAMS 0x0000000086300000, 0x0000000086300000| Untracked 
| 100|0x0000000086400000, 0x0000000086400000, 0x0000000086500000|  0%| F|  |TAMS 0x0000000086400000, 0x0000000086400000| Untracked 
| 101|0x0000000086500000, 0x0000000086500000, 0x0000000086600000|  0%| F|  |TAMS 0x0000000086500000, 0x0000000086500000| Untracked 
| 102|0x0000000086600000, 0x0000000086600000, 0x0000000086700000|  0%| F|  |TAMS 0x0000000086600000, 0x0000000086600000| Untracked 
| 103|0x0000000086700000, 0x0000000086700000, 0x0000000086800000|  0%| F|  |TAMS 0x0000000086700000, 0x0000000086700000| Untracked 
| 104|0x0000000086800000, 0x0000000086800000, 0x0000000086900000|  0%| F|  |TAMS 0x0000000086800000, 0x0000000086800000| Untracked 
| 105|0x0000000086900000, 0x0000000086900000, 0x0000000086a00000|  0%| F|  |TAMS 0x0000000086900000, 0x0000000086900000| Untracked 
| 106|0x0000000086a00000, 0x0000000086a00000, 0x0000000086b00000|  0%| F|  |TAMS 0x0000000086a00000, 0x0000000086a00000| Untracked 
| 107|0x0000000086b00000, 0x0000000086b00000, 0x0000000086c00000|  0%| F|  |TAMS 0x0000000086b00000, 0x0000000086b00000| Untracked 
| 108|0x0000000086c00000, 0x0000000086c00000, 0x0000000086d00000|  0%| F|  |TAMS 0x0000000086c00000, 0x0000000086c00000| Untracked 
| 109|0x0000000086d00000, 0x0000000086d00000, 0x0000000086e00000|  0%| F|  |TAMS 0x0000000086d00000, 0x0000000086d00000| Untracked 
| 110|0x0000000086e00000, 0x0000000086e00000, 0x0000000086f00000|  0%| F|  |TAMS 0x0000000086e00000, 0x0000000086e00000| Untracked 
| 111|0x0000000086f00000, 0x0000000086f00000, 0x0000000087000000|  0%| F|  |TAMS 0x0000000086f00000, 0x0000000086f00000| Untracked 
| 112|0x0000000087000000, 0x0000000087000000, 0x0000000087100000|  0%| F|  |TAMS 0x0000000087000000, 0x0000000087000000| Untracked 
| 113|0x0000000087100000, 0x0000000087100000, 0x0000000087200000|  0%| F|  |TAMS 0x0000000087100000, 0x0000000087100000| Untracked 
| 114|0x0000000087200000, 0x0000000087200000, 0x0000000087300000|  0%| F|  |TAMS 0x0000000087200000, 0x0000000087200000| Untracked 
| 115|0x0000000087300000, 0x0000000087300000, 0x0000000087400000|  0%| F|  |TAMS 0x0000000087300000, 0x0000000087300000| Untracked 
| 116|0x0000000087400000, 0x0000000087400000, 0x0000000087500000|  0%| F|  |TAMS 0x0000000087400000, 0x0000000087400000| Untracked 
| 117|0x0000000087500000, 0x0000000087500000, 0x0000000087600000|  0%| F|  |TAMS 0x0000000087500000, 0x0000000087500000| Untracked 
| 118|0x0000000087600000, 0x0000000087600000, 0x0000000087700000|  0%| F|  |TAMS 0x0000000087600000, 0x0000000087600000| Untracked 
| 119|0x0000000087700000, 0x0000000087700000, 0x0000000087800000|  0%| F|  |TAMS 0x0000000087700000, 0x0000000087700000| Untracked 
| 120|0x0000000087800000, 0x0000000087800000, 0x0000000087900000|  0%| F|  |TAMS 0x0000000087800000, 0x0000000087800000| Untracked 
| 121|0x0000000087900000, 0x0000000087900000, 0x0000000087a00000|  0%| F|  |TAMS 0x0000000087900000, 0x0000000087900000| Untracked 
| 122|0x0000000087a00000, 0x0000000087a00000, 0x0000000087b00000|  0%| F|  |TAMS 0x0000000087a00000, 0x0000000087a00000| Untracked 
| 123|0x0000000087b00000, 0x0000000087b00000, 0x0000000087c00000|  0%| F|  |TAMS 0x0000000087b00000, 0x0000000087b00000| Untracked 
| 124|0x0000000087c00000, 0x0000000087c00000, 0x0000000087d00000|  0%| F|  |TAMS 0x0000000087c00000, 0x0000000087c00000| Untracked 
| 125|0x0000000087d00000, 0x0000000087d00000, 0x0000000087e00000|  0%| F|  |TAMS 0x0000000087d00000, 0x0000000087d00000| Untracked 
| 126|0x0000000087e00000, 0x0000000087e00000, 0x0000000087f00000|  0%| F|  |TAMS 0x0000000087e00000, 0x0000000087e00000| Untracked 
| 127|0x0000000087f00000, 0x0000000087f00000, 0x0000000088000000|  0%| F|  |TAMS 0x0000000087f00000, 0x0000000087f00000| Untracked 
| 128|0x0000000088000000, 0x0000000088000000, 0x0000000088100000|  0%| F|  |TAMS 0x0000000088000000, 0x0000000088000000| Untracked 
| 129|0x0000000088100000, 0x0000000088100000, 0x0000000088200000|  0%| F|  |TAMS 0x0000000088100000, 0x0000000088100000| Untracked 
| 130|0x0000000088200000, 0x0000000088200000, 0x0000000088300000|  0%| F|  |TAMS 0x0000000088200000, 0x0000000088200000| Untracked 
| 131|0x0000000088300000, 0x0000000088300000, 0x0000000088400000|  0%| F|  |TAMS 0x0000000088300000, 0x0000000088300000| Untracked 
| 132|0x0000000088400000, 0x0000000088400000, 0x0000000088500000|  0%| F|  |TAMS 0x0000000088400000, 0x0000000088400000| Untracked 
| 133|0x0000000088500000, 0x0000000088500000, 0x0000000088600000|  0%| F|  |TAMS 0x0000000088500000, 0x0000000088500000| Untracked 
| 134|0x0000000088600000, 0x0000000088600000, 0x0000000088700000|  0%| F|  |TAMS 0x0000000088600000, 0x0000000088600000| Untracked 
| 135|0x0000000088700000, 0x0000000088700000, 0x0000000088800000|  0%| F|  |TAMS 0x0000000088700000, 0x0000000088700000| Untracked 
| 136|0x0000000088800000, 0x0000000088800000, 0x0000000088900000|  0%| F|  |TAMS 0x0000000088800000, 0x0000000088800000| Untracked 
| 137|0x0000000088900000, 0x0000000088900000, 0x0000000088a00000|  0%| F|  |TAMS 0x0000000088900000, 0x0000000088900000| Untracked 
| 138|0x0000000088a00000, 0x0000000088a00000, 0x0000000088b00000|  0%| F|  |TAMS 0x0000000088a00000, 0x0000000088a00000| Untracked 
| 139|0x0000000088b00000, 0x0000000088b00000, 0x0000000088c00000|  0%| F|  |TAMS 0x0000000088b00000, 0x0000000088b00000| Untracked 
| 140|0x0000000088c00000, 0x0000000088c00000, 0x0000000088d00000|  0%| F|  |TAMS 0x0000000088c00000, 0x0000000088c00000| Untracked 
| 141|0x0000000088d00000, 0x0000000088d00000, 0x0000000088e00000|  0%| F|  |TAMS 0x0000000088d00000, 0x0000000088d00000| Untracked 
| 142|0x0000000088e00000, 0x0000000088e00000, 0x0000000088f00000|  0%| F|  |TAMS 0x0000000088e00000, 0x0000000088e00000| Untracked 
| 143|0x0000000088f00000, 0x0000000088f00000, 0x0000000089000000|  0%| F|  |TAMS 0x0000000088f00000, 0x0000000088f00000| Untracked 
| 144|0x0000000089000000, 0x0000000089000000, 0x0000000089100000|  0%| F|  |TAMS 0x0000000089000000, 0x0000000089000000| Untracked 
| 145|0x0000000089100000, 0x0000000089100000, 0x0000000089200000|  0%| F|  |TAMS 0x0000000089100000, 0x0000000089100000| Untracked 
| 146|0x0000000089200000, 0x0000000089200000, 0x0000000089300000|  0%| F|  |TAMS 0x0000000089200000, 0x0000000089200000| Untracked 
| 147|0x0000000089300000, 0x0000000089300000, 0x0000000089400000|  0%| F|  |TAMS 0x0000000089300000, 0x0000000089300000| Untracked 
| 148|0x0000000089400000, 0x0000000089400000, 0x0000000089500000|  0%| F|  |TAMS 0x0000000089400000, 0x0000000089400000| Untracked 
| 149|0x0000000089500000, 0x0000000089500000, 0x0000000089600000|  0%| F|  |TAMS 0x0000000089500000, 0x0000000089500000| Untracked 
| 150|0x0000000089600000, 0x0000000089600000, 0x0000000089700000|  0%| F|  |TAMS 0x0000000089600000, 0x0000000089600000| Untracked 
| 151|0x0000000089700000, 0x0000000089700000, 0x0000000089800000|  0%| F|  |TAMS 0x0000000089700000, 0x0000000089700000| Untracked 
| 152|0x0000000089800000, 0x0000000089800000, 0x0000000089900000|  0%| F|  |TAMS 0x0000000089800000, 0x0000000089800000| Untracked 
| 153|0x0000000089900000, 0x0000000089900000, 0x0000000089a00000|  0%| F|  |TAMS 0x0000000089900000, 0x0000000089900000| Untracked 
| 154|0x0000000089a00000, 0x0000000089a00000, 0x0000000089b00000|  0%| F|  |TAMS 0x0000000089a00000, 0x0000000089a00000| Untracked 
| 155|0x0000000089b00000, 0x0000000089b00000, 0x0000000089c00000|  0%| F|  |TAMS 0x0000000089b00000, 0x0000000089b00000| Untracked 
| 156|0x0000000089c00000, 0x0000000089c00000, 0x0000000089d00000|  0%| F|  |TAMS 0x0000000089c00000, 0x0000000089c00000| Untracked 
| 157|0x0000000089d00000, 0x0000000089d00000, 0x0000000089e00000|  0%| F|  |TAMS 0x0000000089d00000, 0x0000000089d00000| Untracked 
| 158|0x0000000089e00000, 0x0000000089e00000, 0x0000000089f00000|  0%| F|  |TAMS 0x0000000089e00000, 0x0000000089e00000| Untracked 
| 159|0x0000000089f00000, 0x0000000089f00000, 0x000000008a000000|  0%| F|  |TAMS 0x0000000089f00000, 0x0000000089f00000| Untracked 
| 160|0x000000008a000000, 0x000000008a000000, 0x000000008a100000|  0%| F|  |TAMS 0x000000008a000000, 0x000000008a000000| Untracked 
| 161|0x000000008a100000, 0x000000008a100000, 0x000000008a200000|  0%| F|  |TAMS 0x000000008a100000, 0x000000008a100000| Untracked 
| 162|0x000000008a200000, 0x000000008a200000, 0x000000008a300000|  0%| F|  |TAMS 0x000000008a200000, 0x000000008a200000| Untracked 
| 163|0x000000008a300000, 0x000000008a300000, 0x000000008a400000|  0%| F|  |TAMS 0x000000008a300000, 0x000000008a300000| Untracked 
| 164|0x000000008a400000, 0x000000008a400000, 0x000000008a500000|  0%| F|  |TAMS 0x000000008a400000, 0x000000008a400000| Untracked 
| 165|0x000000008a500000, 0x000000008a500000, 0x000000008a600000|  0%| F|  |TAMS 0x000000008a500000, 0x000000008a500000| Untracked 
| 166|0x000000008a600000, 0x000000008a600000, 0x000000008a700000|  0%| F|  |TAMS 0x000000008a600000, 0x000000008a600000| Untracked 
| 167|0x000000008a700000, 0x000000008a700000, 0x000000008a800000|  0%| F|  |TAMS 0x000000008a700000, 0x000000008a700000| Untracked 
| 168|0x000000008a800000, 0x000000008a800000, 0x000000008a900000|  0%| F|  |TAMS 0x000000008a800000, 0x000000008a800000| Untracked 
| 169|0x000000008a900000, 0x000000008a900000, 0x000000008aa00000|  0%| F|  |TAMS 0x000000008a900000, 0x000000008a900000| Untracked 
| 170|0x000000008aa00000, 0x000000008aa00000, 0x000000008ab00000|  0%| F|  |TAMS 0x000000008aa00000, 0x000000008aa00000| Untracked 
| 171|0x000000008ab00000, 0x000000008ab00000, 0x000000008ac00000|  0%| F|  |TAMS 0x000000008ab00000, 0x000000008ab00000| Untracked 
| 172|0x000000008ac00000, 0x000000008ac00000, 0x000000008ad00000|  0%| F|  |TAMS 0x000000008ac00000, 0x000000008ac00000| Untracked 
| 173|0x000000008ad00000, 0x000000008ad00000, 0x000000008ae00000|  0%| F|  |TAMS 0x000000008ad00000, 0x000000008ad00000| Untracked 
| 174|0x000000008ae00000, 0x000000008ae00000, 0x000000008af00000|  0%| F|  |TAMS 0x000000008ae00000, 0x000000008ae00000| Untracked 
| 175|0x000000008af00000, 0x000000008af00000, 0x000000008b000000|  0%| F|  |TAMS 0x000000008af00000, 0x000000008af00000| Untracked 
| 176|0x000000008b000000, 0x000000008b000000, 0x000000008b100000|  0%| F|  |TAMS 0x000000008b000000, 0x000000008b000000| Untracked 
| 177|0x000000008b100000, 0x000000008b100000, 0x000000008b200000|  0%| F|  |TAMS 0x000000008b100000, 0x000000008b100000| Untracked 
| 178|0x000000008b200000, 0x000000008b200000, 0x000000008b300000|  0%| F|  |TAMS 0x000000008b200000, 0x000000008b200000| Untracked 
| 179|0x000000008b300000, 0x000000008b300000, 0x000000008b400000|  0%| F|  |TAMS 0x000000008b300000, 0x000000008b300000| Untracked 
| 180|0x000000008b400000, 0x000000008b400000, 0x000000008b500000|  0%| F|  |TAMS 0x000000008b400000, 0x000000008b400000| Untracked 
| 181|0x000000008b500000, 0x000000008b500000, 0x000000008b600000|  0%| F|  |TAMS 0x000000008b500000, 0x000000008b500000| Untracked 
| 182|0x000000008b600000, 0x000000008b600000, 0x000000008b700000|  0%| F|  |TAMS 0x000000008b600000, 0x000000008b600000| Untracked 
| 183|0x000000008b700000, 0x000000008b700000, 0x000000008b800000|  0%| F|  |TAMS 0x000000008b700000, 0x000000008b700000| Untracked 
| 184|0x000000008b800000, 0x000000008b800000, 0x000000008b900000|  0%| F|  |TAMS 0x000000008b800000, 0x000000008b800000| Untracked 
| 185|0x000000008b900000, 0x000000008b900000, 0x000000008ba00000|  0%| F|  |TAMS 0x000000008b900000, 0x000000008b900000| Untracked 
| 186|0x000000008ba00000, 0x000000008ba00000, 0x000000008bb00000|  0%| F|  |TAMS 0x000000008ba00000, 0x000000008ba00000| Untracked 
| 187|0x000000008bb00000, 0x000000008bb00000, 0x000000008bc00000|  0%| F|  |TAMS 0x000000008bb00000, 0x000000008bb00000| Untracked 
| 188|0x000000008bc00000, 0x000000008bc00000, 0x000000008bd00000|  0%| F|  |TAMS 0x000000008bc00000, 0x000000008bc00000| Untracked 
| 189|0x000000008bd00000, 0x000000008bd00000, 0x000000008be00000|  0%| F|  |TAMS 0x000000008bd00000, 0x000000008bd00000| Untracked 
| 190|0x000000008be00000, 0x000000008be00000, 0x000000008bf00000|  0%| F|  |TAMS 0x000000008be00000, 0x000000008be00000| Untracked 
| 191|0x000000008bf00000, 0x000000008bf00000, 0x000000008c000000|  0%| F|  |TAMS 0x000000008bf00000, 0x000000008bf00000| Untracked 
| 192|0x000000008c000000, 0x000000008c000000, 0x000000008c100000|  0%| F|  |TAMS 0x000000008c000000, 0x000000008c000000| Untracked 
| 193|0x000000008c100000, 0x000000008c100000, 0x000000008c200000|  0%| F|  |TAMS 0x000000008c100000, 0x000000008c100000| Untracked 
| 194|0x000000008c200000, 0x000000008c200000, 0x000000008c300000|  0%| F|  |TAMS 0x000000008c200000, 0x000000008c200000| Untracked 
| 195|0x000000008c300000, 0x000000008c300000, 0x000000008c400000|  0%| F|  |TAMS 0x000000008c300000, 0x000000008c300000| Untracked 
| 196|0x000000008c400000, 0x000000008c400000, 0x000000008c500000|  0%| F|  |TAMS 0x000000008c400000, 0x000000008c400000| Untracked 
| 197|0x000000008c500000, 0x000000008c500000, 0x000000008c600000|  0%| F|  |TAMS 0x000000008c500000, 0x000000008c500000| Untracked 
| 198|0x000000008c600000, 0x000000008c600000, 0x000000008c700000|  0%| F|  |TAMS 0x000000008c600000, 0x000000008c600000| Untracked 
| 199|0x000000008c700000, 0x000000008c700000, 0x000000008c800000|  0%| F|  |TAMS 0x000000008c700000, 0x000000008c700000| Untracked 
| 200|0x000000008c800000, 0x000000008c800000, 0x000000008c900000|  0%| F|  |TAMS 0x000000008c800000, 0x000000008c800000| Untracked 
| 201|0x000000008c900000, 0x000000008c900000, 0x000000008ca00000|  0%| F|  |TAMS 0x000000008c900000, 0x000000008c900000| Untracked 
| 202|0x000000008ca00000, 0x000000008ca00000, 0x000000008cb00000|  0%| F|  |TAMS 0x000000008ca00000, 0x000000008ca00000| Untracked 
| 203|0x000000008cb00000, 0x000000008cb00000, 0x000000008cc00000|  0%| F|  |TAMS 0x000000008cb00000, 0x000000008cb00000| Untracked 
| 204|0x000000008cc00000, 0x000000008cc00000, 0x000000008cd00000|  0%| F|  |TAMS 0x000000008cc00000, 0x000000008cc00000| Untracked 
| 205|0x000000008cd00000, 0x000000008cd00000, 0x000000008ce00000|  0%| F|  |TAMS 0x000000008cd00000, 0x000000008cd00000| Untracked 
| 206|0x000000008ce00000, 0x000000008ce00000, 0x000000008cf00000|  0%| F|  |TAMS 0x000000008ce00000, 0x000000008ce00000| Untracked 
| 207|0x000000008cf00000, 0x000000008cf00000, 0x000000008d000000|  0%| F|  |TAMS 0x000000008cf00000, 0x000000008cf00000| Untracked 
| 208|0x000000008d000000, 0x000000008d000000, 0x000000008d100000|  0%| F|  |TAMS 0x000000008d000000, 0x000000008d000000| Untracked 
| 209|0x000000008d100000, 0x000000008d100000, 0x000000008d200000|  0%| F|  |TAMS 0x000000008d100000, 0x000000008d100000| Untracked 
| 210|0x000000008d200000, 0x000000008d200000, 0x000000008d300000|  0%| F|  |TAMS 0x000000008d200000, 0x000000008d200000| Untracked 
| 211|0x000000008d300000, 0x000000008d300000, 0x000000008d400000|  0%| F|  |TAMS 0x000000008d300000, 0x000000008d300000| Untracked 
| 212|0x000000008d400000, 0x000000008d400000, 0x000000008d500000|  0%| F|  |TAMS 0x000000008d400000, 0x000000008d400000| Untracked 
| 213|0x000000008d500000, 0x000000008d516a28, 0x000000008d600000|  8%| S|CS|TAMS 0x000000008d500000, 0x000000008d500000| Complete 
| 214|0x000000008d600000, 0x000000008d600000, 0x000000008d700000|  0%| F|  |TAMS 0x000000008d600000, 0x000000008d600000| Untracked 
| 215|0x000000008d700000, 0x000000008d800000, 0x000000008d800000|100%| S|CS|TAMS 0x000000008d700000, 0x000000008d700000| Complete 
| 216|0x000000008d800000, 0x000000008d800000, 0x000000008d900000|  0%| F|  |TAMS 0x000000008d800000, 0x000000008d800000| Untracked 
| 217|0x000000008d900000, 0x000000008d900000, 0x000000008da00000|  0%| F|  |TAMS 0x000000008d900000, 0x000000008d900000| Untracked 
| 218|0x000000008da00000, 0x000000008da00000, 0x000000008db00000|  0%| F|  |TAMS 0x000000008da00000, 0x000000008da00000| Untracked 
| 219|0x000000008db00000, 0x000000008db00000, 0x000000008dc00000|  0%| F|  |TAMS 0x000000008db00000, 0x000000008db00000| Untracked 
| 220|0x000000008dc00000, 0x000000008dc00000, 0x000000008dd00000|  0%| F|  |TAMS 0x000000008dc00000, 0x000000008dc00000| Untracked 
| 221|0x000000008dd00000, 0x000000008dd00000, 0x000000008de00000|  0%| F|  |TAMS 0x000000008dd00000, 0x000000008dd00000| Untracked 
| 222|0x000000008de00000, 0x000000008de00000, 0x000000008df00000|  0%| F|  |TAMS 0x000000008de00000, 0x000000008de00000| Untracked 
| 223|0x000000008df00000, 0x000000008df00000, 0x000000008e000000|  0%| F|  |TAMS 0x000000008df00000, 0x000000008df00000| Untracked 
| 224|0x000000008e000000, 0x000000008e000000, 0x000000008e100000|  0%| F|  |TAMS 0x000000008e000000, 0x000000008e000000| Untracked 
| 225|0x000000008e100000, 0x000000008e100000, 0x000000008e200000|  0%| F|  |TAMS 0x000000008e100000, 0x000000008e100000| Untracked 

Card table byte_map: [0x000001b7d52b0000,0x000001b7d56b0000] _byte_map_base: 0x000001b7d4eb0000

Marking Bits (Prev, Next): (CMBitMap*) 0x000001b7be848108, (CMBitMap*) 0x000001b7be848140
 Prev Bits: [0x000001b7d5ab0000, 0x000001b7d7ab0000)
 Next Bits: [0x000001b7d7ab0000, 0x000001b7d9ab0000)

Polling page: 0x000001b7bdfe0000

Metaspace:

Usage:
  Non-class:     79.68 MB capacity,    77.98 MB ( 98%) used,     1.42 MB (  2%) free+waste,   276.75 KB ( <1%) overhead. 
      Class:     13.11 MB capacity,    11.96 MB ( 91%) used,     1.02 MB (  8%) free+waste,   131.88 KB ( <1%) overhead. 
       Both:     92.79 MB capacity,    89.94 MB ( 97%) used,     2.44 MB (  3%) free+waste,   408.63 KB ( <1%) overhead. 

Virtual space:
  Non-class space:       80.00 MB reserved,      79.77 MB (>99%) committed 
      Class space:      504.00 MB reserved,      13.20 MB (  3%) committed 
             Both:      584.00 MB reserved,      92.96 MB ( 16%) committed 

Chunk freelists:
   Non-Class:  3.50 KB
       Class:  1.88 KB
        Both:  5.38 KB

CodeHeap 'non-profiled nmethods': size=120064Kb used=7938Kb max_used=7938Kb free=112125Kb
 bounds [0x000001b7cd970000, 0x000001b7ce140000, 0x000001b7d4eb0000]
CodeHeap 'profiled nmethods': size=120000Kb used=25737Kb max_used=25737Kb free=94262Kb
 bounds [0x000001b7c6440000, 0x000001b7c7d70000, 0x000001b7cd970000]
CodeHeap 'non-nmethods': size=5696Kb used=2307Kb max_used=2363Kb free=3388Kb
 bounds [0x000001b7c5eb0000, 0x000001b7c6120000, 0x000001b7c6440000]
 total_blobs=12427 nmethods=11506 adapters=832
 compilation: enabled
              stopped_count=0, restarted_count=0
 full_count=0

Compilation events (10 events):
Event: 4602.328 Thread 0x000001b7dc942800 nmethod 12017 0x000001b7c7d5e810 code [0x000001b7c7d5e9a0, 0x000001b7c7d5eb38]
Event: 4602.329 Thread 0x000001b7dc942800 12020       3       org.gradle.api.internal.artifacts.ivyservice.resolveengine.graph.selectors.SelectorStateResolver::createAllRejects (116 bytes)
Event: 4602.933 Thread 0x000001b7dc8e3800 nmethod 12016 0x000001b7ce130490 code [0x000001b7ce130600, 0x000001b7ce130798]
Event: 4603.040 Thread 0x000001b7dc942800 nmethod 12020 0x000001b7c7d5ec10 code [0x000001b7c7d5eec0, 0x000001b7c7d5fd48]
Event: 4603.040 Thread 0x000001b7dc942800 12025       3       org.gradle.api.internal.artifacts.ivyservice.resolveengine.graph.builder.ResolveState$$Lambda$651/0x00000001006d0440::apply (20 bytes)
Event: 4603.056 Thread 0x000001b7dc942800 nmethod 12025 0x000001b7c7d60210 code [0x000001b7c7d603c0, 0x000001b7c7d60608]
Event: 4603.056 Thread 0x000001b7dc942800 12026       3       org.gradle.api.internal.artifacts.ivyservice.resolveengine.graph.builder.ResolveState::lambda$getModule$0 (46 bytes)
Event: 4603.075 Thread 0x000001b7dc942800 nmethod 12026 0x000001b7c7d60710 code [0x000001b7c7d608c0, 0x000001b7c7d60ae8]
Event: 4603.075 Thread 0x000001b7dc942800 12027       3       org.gradle.api.internal.artifacts.ivyservice.resolveengine.graph.builder.ModuleResolveState::<init> (129 bytes)
Event: 4603.096 Thread 0x000001b7dc942800 nmethod 12027 0x000001b7c7d60c10 code [0x000001b7c7d60ee0, 0x000001b7c7d620f8]

GC Heap History (10 events):
Event: 4023.562 GC heap after
{Heap after GC invocations=73 (full 0):
 garbage-first heap   total 231424K, used 93431K [0x0000000080000000, 0x0000000100000000)
  region size 1024K, 1 young (1024K), 1 survivors (1024K)
 Metaspace       used 91869K, capacity 94669K, committed 94812K, reserved 598016K
  class space    used 12227K, capacity 13340K, committed 13388K, reserved 516096K
}
Event: 4071.232 GC heap before
{Heap before GC invocations=73 (full 0):
 garbage-first heap   total 231424K, used 102647K [0x0000000080000000, 0x0000000100000000)
  region size 1024K, 11 young (11264K), 1 survivors (1024K)
 Metaspace       used 91879K, capacity 94670K, committed 94812K, reserved 598016K
  class space    used 12227K, capacity 13340K, committed 13388K, reserved 516096K
}
Event: 4071.263 GC heap after
{Heap after GC invocations=74 (full 0):
 garbage-first heap   total 231424K, used 93569K [0x0000000080000000, 0x0000000100000000)
  region size 1024K, 1 young (1024K), 1 survivors (1024K)
 Metaspace       used 91879K, capacity 94670K, committed 94812K, reserved 598016K
  class space    used 12227K, capacity 13340K, committed 13388K, reserved 516096K
}
Event: 4227.543 GC heap before
{Heap before GC invocations=74 (full 0):
 garbage-first heap   total 231424K, used 102785K [0x0000000080000000, 0x0000000100000000)
  region size 1024K, 11 young (11264K), 1 survivors (1024K)
 Metaspace       used 91943K, capacity 94798K, committed 94940K, reserved 598016K
  class space    used 12236K, capacity 13380K, committed 13516K, reserved 516096K
}
Event: 4229.150 GC heap after
{Heap after GC invocations=75 (full 0):
 garbage-first heap   total 231424K, used 95681K [0x0000000080000000, 0x0000000100000000)
  region size 1024K, 2 young (2048K), 2 survivors (2048K)
 Metaspace       used 91943K, capacity 94798K, committed 94940K, reserved 598016K
  class space    used 12236K, capacity 13380K, committed 13516K, reserved 516096K
}
Event: 4405.846 GC heap before
{Heap before GC invocations=75 (full 0):
 garbage-first heap   total 231424K, used 103873K [0x0000000080000000, 0x0000000100000000)
  region size 1024K, 11 young (11264K), 2 survivors (2048K)
 Metaspace       used 91991K, capacity 94834K, committed 95196K, reserved 598016K
  class space    used 12241K, capacity 13388K, committed 13516K, reserved 516096K
}
Event: 4408.480 GC heap after
{Heap after GC invocations=76 (full 0):
 garbage-first heap   total 231424K, used 96816K [0x0000000080000000, 0x0000000100000000)
  region size 1024K, 2 young (2048K), 2 survivors (2048K)
 Metaspace       used 91991K, capacity 94834K, committed 95196K, reserved 598016K
  class space    used 12241K, capacity 13388K, committed 13516K, reserved 516096K
}
Event: 4490.681 GC heap before
{Heap before GC invocations=76 (full 0):
 garbage-first heap   total 231424K, used 105008K [0x0000000080000000, 0x0000000100000000)
  region size 1024K, 11 young (11264K), 2 survivors (2048K)
 Metaspace       used 92068K, capacity 94943K, committed 95196K, reserved 598016K
  class space    used 12248K, capacity 13425K, committed 13516K, reserved 516096K
}
Event: 4493.215 GC heap after
{Heap after GC invocations=77 (full 0):
 garbage-first heap   total 231424K, used 97399K [0x0000000080000000, 0x0000000100000000)
  region size 1024K, 1 young (1024K), 1 survivors (1024K)
 Metaspace       used 92068K, capacity 94943K, committed 95196K, reserved 598016K
  class space    used 12248K, capacity 13425K, committed 13516K, reserved 516096K
}
Event: 4603.286 GC heap before
{Heap before GC invocations=77 (full 0):
 garbage-first heap   total 231424K, used 106615K [0x0000000080000000, 0x0000000100000000)
  region size 1024K, 11 young (11264K), 1 survivors (1024K)
 Metaspace       used 92102K, capacity 95013K, committed 95196K, reserved 598016K
  class space    used 12248K, capacity 13425K, committed 13516K, reserved 516096K
}

Deoptimization events (10 events):
Event: 3390.633 Thread 0x000001b7de493800 Uncommon trap: reason=unstable_if action=reinterpret pc=0x000001b7cddfabc4 method=java.util.concurrent.locks.AbstractQueuedSynchronizer$ConditionObject.awaitNanos(J)J @ 79 c2
Event: 3810.237 Thread 0x000001b7dcc8a800 Uncommon trap: reason=class_check action=maybe_recompile pc=0x000001b7cdc815c8 method=java.lang.Class.createAnnotationData(I)Ljava/lang/Class$AnnotationData; @ 103 c2
Event: 3885.453 Thread 0x000001b7dcc8a800 Uncommon trap: reason=profile_predicate action=maybe_recompile pc=0x000001b7ce05ca4c method=java.util.regex.Pattern$Slice.match(Ljava/util/regex/Matcher;ILjava/lang/CharSequence;)Z @ 18 c2
Event: 3885.453 Thread 0x000001b7dcc8a800 Uncommon trap: reason=profile_predicate action=maybe_recompile pc=0x000001b7ce05ca4c method=java.util.regex.Pattern$Slice.match(Ljava/util/regex/Matcher;ILjava/lang/CharSequence;)Z @ 18 c2
Event: 3885.454 Thread 0x000001b7dcc8a800 Uncommon trap: reason=profile_predicate action=maybe_recompile pc=0x000001b7ce05ca4c method=java.util.regex.Pattern$Slice.match(Ljava/util/regex/Matcher;ILjava/lang/CharSequence;)Z @ 18 c2
Event: 3955.706 Thread 0x000001b7dcc8a800 Uncommon trap: reason=unstable_if action=reinterpret pc=0x000001b7cdfebf10 method=java.util.concurrent.ConcurrentHashMap.addCount(JI)V @ 97 c2
Event: 4030.317 Thread 0x000001b7e0cda000 Uncommon trap: reason=unstable_if action=reinterpret pc=0x000001b7cde2fecc method=java.util.concurrent.ConcurrentHashMap.addCount(JI)V @ 168 c2
Event: 4030.347 Thread 0x000001b7e0cd1000 Uncommon trap: reason=unstable_if action=reinterpret pc=0x000001b7cde2fecc method=java.util.concurrent.ConcurrentHashMap.addCount(JI)V @ 168 c2
Event: 4030.347 Thread 0x000001b7e0ce6000 Uncommon trap: reason=unstable_if action=reinterpret pc=0x000001b7cde2fecc method=java.util.concurrent.ConcurrentHashMap.addCount(JI)V @ 168 c2
Event: 4190.984 Thread 0x000001b7dcc8a800 Uncommon trap: reason=profile_predicate action=maybe_recompile pc=0x000001b7ce05ca4c method=java.util.regex.Pattern$Slice.match(Ljava/util/regex/Matcher;ILjava/lang/CharSequence;)Z @ 18 c2

Classes redefined (0 events):
No events

Internal exceptions (10 events):
Event: 4201.541 Thread 0x000001b7dcc8a800 Exception <a 'java/security/PrivilegedActionException'{0x000000008dbac010}> (0x000000008dbac010) thrown at [./open/src/hotspot/share/prims/jvm.cpp, line 1305]
Event: 4209.807 Thread 0x000001b7dcc8a800 Exception <a 'java/security/PrivilegedActionException'{0x000000008d982768}> (0x000000008d982768) thrown at [./open/src/hotspot/share/prims/jvm.cpp, line 1305]
Event: 4209.807 Thread 0x000001b7dcc8a800 Exception <a 'java/security/PrivilegedActionException'{0x000000008d983f78}> (0x000000008d983f78) thrown at [./open/src/hotspot/share/prims/jvm.cpp, line 1305]
Event: 4209.807 Thread 0x000001b7dcc8a800 Exception <a 'java/security/PrivilegedActionException'{0x000000008d987938}> (0x000000008d987938) thrown at [./open/src/hotspot/share/prims/jvm.cpp, line 1305]
Event: 4209.807 Thread 0x000001b7dcc8a800 Exception <a 'java/security/PrivilegedActionException'{0x000000008d989148}> (0x000000008d989148) thrown at [./open/src/hotspot/share/prims/jvm.cpp, line 1305]
Event: 4214.915 Thread 0x000001b7dcc8a800 Exception <a 'java/lang/ClassNotFoundException'{0x000000008d837278}: build_9fj23uy78kqzo7hqipomwcvir$_run_closure1BeanInfo> (0x000000008d837278) thrown at [./open/src/hotspot/share/classfile/systemDictionary.cpp, line 226]
Event: 4216.640 Thread 0x000001b7dcc8a800 Exception <a 'java/lang/ClassNotFoundException'{0x000000008d87d1e0}: build_9fj23uy78kqzo7hqipomwcvir$_run_closure1Customizer> (0x000000008d87d1e0) thrown at [./open/src/hotspot/share/classfile/systemDictionary.cpp, line 226]
Event: 4271.144 Thread 0x000001b7dcc8a800 Exception <a 'java/lang/NoClassDefFoundError'{0x000000008de0d4b0}: org/jetbrains/kotlin/gradle/plugin/KotlinBasePluginWrapper> (0x000000008de0d4b0) thrown at [./open/src/hotspot/share/oops/constantPool.cpp, line 770]
Event: 4361.038 Thread 0x000001b7dcc8a800 Exception <a 'java/lang/ClassNotFoundException'{0x000000008da30090}: build_7btl3du9qtt7jop892s0m0gktBeanInfo> (0x000000008da30090) thrown at [./open/src/hotspot/share/classfile/systemDictionary.cpp, line 226]
Event: 4363.398 Thread 0x000001b7dcc8a800 Exception <a 'java/lang/ClassNotFoundException'{0x000000008da6c4a8}: build_7btl3du9qtt7jop892s0m0gktCustomizer> (0x000000008da6c4a8) thrown at [./open/src/hotspot/share/classfile/systemDictionary.cpp, line 226]

Events (10 events):
Event: 4471.072 loading class org/gradle/api/internal/artifacts/ivyservice/dependencysubstitution/DefaultDependencyArtifactSelector done
Event: 4474.662 loading class org/gradle/internal/component/model/IvyArtifactName
Event: 4474.662 loading class org/gradle/internal/component/model/IvyArtifactName done
Event: 4484.214 Executing VM operation: RevokeBias
Event: 4484.251 Executing VM operation: RevokeBias done
Event: 4484.264 Executing VM operation: RevokeBias
Event: 4484.266 Executing VM operation: RevokeBias done
Event: 4490.662 Executing VM operation: G1CollectForAllocation
Event: 4493.224 Executing VM operation: G1CollectForAllocation done
Event: 4603.172 Executing VM operation: G1CollectForAllocation


Dynamic libraries:
0x00007ff7cc670000 - 0x00007ff7cc67f000 	C:\Program Files\Java\jdk-11.0.16.1\bin\java.exe
0x00007ffa03770000 - 0x00007ffa03984000 	C:\WINDOWS\SYSTEM32\ntdll.dll
0x00007ffa02a80000 - 0x00007ffa02b44000 	C:\WINDOWS\System32\KERNEL32.DLL
0x00007ffa00b20000 - 0x00007ffa00ec4000 	C:\WINDOWS\System32\KERNELBASE.dll
0x00007ffa00ed0000 - 0x00007ffa00fe1000 	C:\WINDOWS\System32\ucrtbase.dll
0x00007ff9c9b60000 - 0x00007ff9c9b78000 	C:\Program Files\Java\jdk-11.0.16.1\bin\jli.dll
0x00007ffa029d0000 - 0x00007ffa02a80000 	C:\WINDOWS\System32\ADVAPI32.dll
0x00007ffa02c40000 - 0x00007ffa02ce7000 	C:\WINDOWS\System32\msvcrt.dll
0x00007ffa01500000 - 0x00007ffa015a6000 	C:\WINDOWS\System32\sechost.dll
0x00007ffa01bc0000 - 0x00007ffa01cd7000 	C:\WINDOWS\System32\RPCRT4.dll
0x00007ffa026b0000 - 0x00007ffa0285e000 	C:\WINDOWS\System32\USER32.dll
0x00007ffa013b0000 - 0x00007ffa013d6000 	C:\WINDOWS\System32\win32u.dll
0x00007ffa036f0000 - 0x00007ffa03719000 	C:\WINDOWS\System32\GDI32.dll
0x00007ffa013e0000 - 0x00007ffa014f8000 	C:\WINDOWS\System32\gdi32full.dll
0x00007ffa00ff0000 - 0x00007ffa0108a000 	C:\WINDOWS\System32\msvcp_win.dll
0x00007ff9a42f0000 - 0x00007ff9a4305000 	C:\Program Files\Java\jdk-11.0.16.1\bin\VCRUNTIME140.dll
0x00007ff9eb0d0000 - 0x00007ff9eb363000 	C:\WINDOWS\WinSxS\amd64_microsoft.windows.common-controls_6595b64144ccf1df_6.0.22621.2215_none_270d72677387dfc3\COMCTL32.dll
0x00007ff9f8b20000 - 0x00007ff9f8b2a000 	C:\WINDOWS\SYSTEM32\VERSION.dll
0x00007ffa01b80000 - 0x00007ffa01bb1000 	C:\WINDOWS\System32\IMM32.DLL
0x00007ff99a650000 - 0x00007ff99a6eb000 	C:\Program Files\Java\jdk-11.0.16.1\bin\msvcp140.dll
0x00007ff984530000 - 0x00007ff985048000 	C:\Program Files\Java\jdk-11.0.16.1\bin\server\jvm.dll
0x00007ffa03720000 - 0x00007ffa03728000 	C:\WINDOWS\System32\PSAPI.DLL
0x00007ff9fbb40000 - 0x00007ff9fbb49000 	C:\WINDOWS\SYSTEM32\WSOCK32.dll
0x00007ffa02d40000 - 0x00007ffa02db1000 	C:\WINDOWS\System32\WS2_32.dll
0x00007ff9fa870000 - 0x00007ff9fa8a4000 	C:\WINDOWS\SYSTEM32\WINMM.dll
0x00007ff9ffae0000 - 0x00007ff9ffaf8000 	C:\WINDOWS\SYSTEM32\kernel.appcore.dll
0x00007ff9fb680000 - 0x00007ff9fb690000 	C:\Program Files\Java\jdk-11.0.16.1\bin\verify.dll
0x00007ff9fe450000 - 0x00007ff9fe67e000 	C:\WINDOWS\SYSTEM32\DBGHELP.DLL
0x00007ffa02f20000 - 0x00007ffa032aa000 	C:\WINDOWS\System32\combase.dll
0x00007ffa02b50000 - 0x00007ffa02c27000 	C:\WINDOWS\System32\OLEAUT32.dll
0x00007ff9e66e0000 - 0x00007ff9e6712000 	C:\WINDOWS\SYSTEM32\dbgcore.DLL
0x00007ffa01100000 - 0x00007ffa0117a000 	C:\WINDOWS\System32\bcryptPrimitives.dll
0x00007ff9a5590000 - 0x00007ff9a55b8000 	C:\Program Files\Java\jdk-11.0.16.1\bin\java.dll
0x00007ff9e6220000 - 0x00007ff9e622a000 	C:\Program Files\Java\jdk-11.0.16.1\bin\jimage.dll
0x00007ff9a25f0000 - 0x00007ff9a2606000 	C:\Program Files\Java\jdk-11.0.16.1\bin\zip.dll
0x00007ffa01ce0000 - 0x00007ffa02503000 	C:\WINDOWS\System32\SHELL32.dll
0x00007ff9fea60000 - 0x00007ff9ff34a000 	C:\WINDOWS\SYSTEM32\windows.storage.dll
0x00007ff9fe920000 - 0x00007ff9fea5e000 	C:\WINDOWS\SYSTEM32\wintypes.dll
0x00007ffa02dd0000 - 0x00007ffa02ec3000 	C:\WINDOWS\System32\SHCORE.dll
0x00007ffa032b0000 - 0x00007ffa0330e000 	C:\WINDOWS\System32\shlwapi.dll
0x00007ffa00a50000 - 0x00007ffa00a76000 	C:\WINDOWS\SYSTEM32\profapi.dll
0x00007ff9a5570000 - 0x00007ff9a5589000 	C:\Program Files\Java\jdk-11.0.16.1\bin\net.dll
0x00007ff9f8f80000 - 0x00007ff9f90b7000 	C:\WINDOWS\SYSTEM32\WINHTTP.dll
0x00007ff9fffd0000 - 0x00007ffa00039000 	C:\WINDOWS\system32\mswsock.dll
0x00007ff9a2a40000 - 0x00007ff9a2a52000 	C:\Program Files\Java\jdk-11.0.16.1\bin\nio.dll
0x00007ff9cc690000 - 0x00007ff9cc6b7000 	C:\Users\Office Laptop2\.gradle\native\68d5fa5c4cc2d200863cafc0d521ce42e7d3e7ee720ec0a83991735586a16f82\windows-amd64\native-platform.dll
0x00007ff98e130000 - 0x00007ff98e274000 	C:\Users\Office Laptop2\.gradle\native\e376f236ea51e6404a007f0833ffe2c6e607c4080706a723a18a27aeea778392\windows-amd64\native-platform-file-events.dll
0x00007ff9d3ab0000 - 0x00007ff9d3ab9000 	C:\Program Files\Java\jdk-11.0.16.1\bin\management.dll
0x00007ff9cf730000 - 0x00007ff9cf73b000 	C:\Program Files\Java\jdk-11.0.16.1\bin\management_ext.dll
0x00007ffa00240000 - 0x00007ffa0025b000 	C:\WINDOWS\SYSTEM32\CRYPTSP.dll
0x00007ff9ffaa0000 - 0x00007ff9ffad5000 	C:\WINDOWS\system32\rsaenh.dll
0x00007ffa000e0000 - 0x00007ffa0010c000 	C:\WINDOWS\SYSTEM32\USERENV.dll
0x00007ffa00400000 - 0x00007ffa00428000 	C:\WINDOWS\SYSTEM32\bcrypt.dll
0x00007ffa00260000 - 0x00007ffa0026c000 	C:\WINDOWS\SYSTEM32\CRYPTBASE.dll
0x00007ff9ff5f0000 - 0x00007ff9ff61d000 	C:\WINDOWS\SYSTEM32\IPHLPAPI.DLL
0x00007ffa02d10000 - 0x00007ffa02d19000 	C:\WINDOWS\System32\NSI.dll
0x00007ff9f8c60000 - 0x00007ff9f8c79000 	C:\WINDOWS\SYSTEM32\dhcpcsvc6.DLL
0x00007ff9f8c40000 - 0x00007ff9f8c5f000 	C:\WINDOWS\SYSTEM32\dhcpcsvc.DLL
0x00007ff9ff620000 - 0x00007ff9ff712000 	C:\WINDOWS\SYSTEM32\DNSAPI.dll

dbghelp: loaded successfully - version: 4.0.5 - missing functions: none
symbol engine: initialized successfully - sym options: 0x614 - pdb path: .;C:\Program Files\Java\jdk-11.0.16.1\bin;C:\WINDOWS\SYSTEM32;C:\WINDOWS\WinSxS\amd64_microsoft.windows.common-controls_6595b64144ccf1df_6.0.22621.2215_none_270d72677387dfc3;C:\Program Files\Java\jdk-11.0.16.1\bin\server;C:\Users\Office Laptop2\.gradle\native\68d5fa5c4cc2d200863cafc0d521ce42e7d3e7ee720ec0a83991735586a16f82\windows-amd64;C:\Users\Office Laptop2\.gradle\native\e376f236ea51e6404a007f0833ffe2c6e607c4080706a723a18a27aeea778392\windows-amd64

VM Arguments:
jvm_args: -XX:MaxMetaspaceSize=512m --add-opens=java.base/java.util=ALL-UNNAMED --add-opens=java.base/java.lang=ALL-UNNAMED --add-opens=java.base/java.lang.invoke=ALL-UNNAMED --add-opens=java.prefs/java.util.prefs=ALL-UNNAMED --add-opens=java.base/java.nio.charset=ALL-UNNAMED --add-opens=java.base/java.net=ALL-UNNAMED --add-opens=java.base/java.util.concurrent.atomic=ALL-UNNAMED -Xmx2048m -Dfile.encoding=windows-1252 -Duser.country=IN -Duser.language=en -Duser.variant 
java_command: org.gradle.launcher.daemon.bootstrap.GradleDaemon 8.0.1
java_class_path (initial): C:\Users\Office Laptop2\.gradle\wrapper\dists\gradle-8.0.1-all\aro4hu1c3oeioove7l0i4i14o\gradle-8.0.1\lib\gradle-launcher-8.0.1.jar
Launcher Type: SUN_STANDARD

[Global flags]
     intx CICompilerCount                          = 3                                         {product} {ergonomic}
   size_t CompressedClassSpaceSize                 = 528482304                                 {product} {ergonomic}
     uint ConcGCThreads                            = 1                                         {product} {ergonomic}
     uint G1ConcRefinementThreads                  = 4                                         {product} {ergonomic}
   size_t G1HeapRegionSize                         = 1048576                                   {product} {ergonomic}
    uintx GCDrainStackTargetSize                   = 64                                        {product} {ergonomic}
   size_t InitialHeapSize                          = 132120576                                 {product} {ergonomic}
   size_t MarkStackSize                            = 4194304                                   {product} {ergonomic}
   size_t MaxHeapSize                              = 2147483648                                {product} {command line}
   size_t MaxMetaspaceSize                         = 536870912                                 {product} {command line}
   size_t MaxNewSize                               = 1287651328                                {product} {ergonomic}
   size_t MinHeapDeltaBytes                        = 1048576                                   {product} {ergonomic}
    uintx NonNMethodCodeHeapSize                   = 5830732                                {pd product} {ergonomic}
    uintx NonProfiledCodeHeapSize                  = 122913754                              {pd product} {ergonomic}
    uintx ProfiledCodeHeapSize                     = 122913754                              {pd product} {ergonomic}
    uintx ReservedCodeCacheSize                    = 251658240                              {pd product} {ergonomic}
     bool SegmentedCodeCache                       = true                                      {product} {ergonomic}
     bool UseCompressedClassPointers               = true                                 {lp64_product} {ergonomic}
     bool UseCompressedOops                        = true                                 {lp64_product} {ergonomic}
     bool UseG1GC                                  = true                                      {product} {ergonomic}
     bool UseLargePagesIndividualAllocation        = false                                  {pd product} {ergonomic}

Logging:
Log output configuration:
 #0: stdout all=warning uptime,level,tags
 #1: stderr all=off uptime,level,tags

Environment Variables:
JAVA_HOME=C:\Program Files\Java\jdk-11.0.16.1
CLASSPATH=C:\work\pilotapp\pilot-app-new\android\\gradle\wrapper\gradle-wrapper.jar
PATH=C:\work\pilotapp\pilot-app-new\node_modules\.bin;C:\work\pilotapp\pilot-app-new\node_modules\.bin;C:\work\pilotapp\node_modules\.bin;C:\work\node_modules\.bin;C:\node_modules\.bin;C:\Program Files\nodejs\node_modules\npm\node_modules\@npmcli\run-script\lib\node-gyp-bin;C:\work\pilotapp\pilot-app-new\node_modules\.bin;C:\work\pilotapp\pilot-app-new\node_modules\.bin;C:\work\pilotapp\node_modules\.bin;C:\work\node_modules\.bin;C:\node_modules\.bin;C:\Program Files\nodejs\node_modules\npm\node_modules\@npmcli\run-script\lib\node-gyp-bin;C:\Program Files\Common Files\Oracle\Java\javapath;C:\WINDOWS\system32;C:\WINDOWS;C:\WINDOWS\System32\Wbem;C:\WINDOWS\System32\WindowsPowerShell\v1.0\;C:\WINDOWS\System32\OpenSSH\;C:\Program Files\nodejs\;C:\Program Files\Git\cmd;C:\Program Files\Java\jdk-11.0.16.1;C:\Users\Office Laptop2\AppData\Roaming\npm;C:\Program Files (x86)\Microsoft SQL Server\160\Tools\Binn\;C:\Program Files\Microsoft SQL Server\160\Tools\Binn\;C:\Program Files\Microsoft SQL Server\Client SDK\ODBC\170\Tools\Binn\;C:\Program Files\Microsoft SQL Server\160\DTS\Binn\;C:\Program Files (x86)\Microsoft SQL Server\160\DTS\Binn\;C:\Program Files\Azure Data Studio\bin;C:\Gradle\gradle-8.2.1\bin;C:\Users\Office Laptop2\AppData\Local\Android\Sdk\emulator;C:\Users\Office Laptop2\AppData\Local\Android\Sdk\build-tools;C:\Users\Office Laptop2\AppData\Local\Android\Sdk\platform-tools;C:\Users\Office Laptop2\AppData\Local\Android\Sdk\cmdline-tools\latest\bin;C:\Users\Office Laptop2\AppData\Local\Android\Sdk\tools;C:\Users\Office Laptop2\.console-ninja\.bin;C:\Users\Office Laptop2\AppData\Local\Programs\Python\Python311\Scripts\;C:\Users\Office Laptop2\AppData\Local\Programs\Python\Python311\;C:\Users\Office Laptop2\AppData\Local\Programs\Microsoft VS Code\bin;;C:\Users\Office Laptop2\AppData\Local\Microsoft\WindowsApps;C:\Program Files\Azure Data Studio\bin
USERNAME=Office Laptop2
OS=Windows_NT
PROCESSOR_IDENTIFIER=Intel64 Family 6 Model 142 Stepping 12, GenuineIntel



---------------  S Y S T E M  ---------------

OS: Windows 11 , 64 bit Build 22621 (10.0.22621.2215)
Hyper-V role detected

CPU:total 4 (initial active 4) (2 cores per cpu, 2 threads per core) family 6 model 142 stepping 12 microcode 0xf0, cmov, cx8, fxsr, mmx, sse, sse2, sse3, ssse3, sse4.1, sse4.2, popcnt, avx, avx2, aes, clmul, erms, 3dnowpref, lzcnt, ht, tsc, tscinvbit, bmi1, bmi2, adx, fma

Memory: 4k page, system-wide physical 8026M (24M free)
TotalPageFile size 32602M (AvailPageFile size 15M)
current process WorkingSet (physical memory assigned to process): 40M, peak: 287M
current process commit charge ("private bytes"): 503M, peak: 551M

vm_info: Java HotSpot(TM) 64-Bit Server VM (11.0.16.1+1-LTS-1) for windows-amd64 JRE (11.0.16.1+1-LTS-1), built on Aug 16 2022 01:46:01 by "mach5one" with MS VC++ 15.9 (VS2017)

END.
