#
# There is insufficient memory for the Java Runtime Environment to continue.
# Native memory allocation (malloc) failed to allocate 1048576 bytes for AllocateHeap
# Possible reasons:
#   The system is out of physical RAM or swap space
#   The process is running with CompressedOops enabled, and the Java Heap may be blocking the growth of the native heap
# Possible solutions:
#   Reduce memory load on the system
#   Increase physical memory or swap space
#   Check if swap backing store is full
#   Decrease Java heap size (-Xmx/-Xms)
#   Decrease number of Java threads
#   Decrease Java thread stack sizes (-Xss)
#   Set larger code cache with -XX:ReservedCodeCacheSize=
#   JVM is running with Unscaled Compressed Oops mode in which the Java heap is
#     placed in the first 4GB address space. The Java Heap base address is the
#     maximum limit for the native heap growth. Please use -XX:HeapBaseMinAddress
#     to set the Java Heap base and to place the Java Heap above 4GB virtual address.
# This output file may be truncated or incomplete.
#
#  Out of Memory Error (./open/src/hotspot/share/memory/allocation.cpp:46), pid=34996, tid=26196
#
# JRE version: Java(TM) SE Runtime Environment 18.9 (11.0.16.1+1) (build 11.0.16.1+1-LTS-1)
# Java VM: Java HotSpot(TM) 64-Bit Server VM 18.9 (11.0.16.1+1-LTS-1, mixed mode, tiered, compressed oops, g1 gc, windows-amd64)
# No core dump will be written. Minidumps are not enabled by default on client versions of Windows
#

---------------  S U M M A R Y ------------

Command Line: -XX:MaxMetaspaceSize=512m --add-opens=java.base/java.util=ALL-UNNAMED --add-opens=java.base/java.lang=ALL-UNNAMED --add-opens=java.base/java.lang.invoke=ALL-UNNAMED --add-opens=java.prefs/java.util.prefs=ALL-UNNAMED --add-opens=java.base/java.nio.charset=ALL-UNNAMED --add-opens=java.base/java.net=ALL-UNNAMED --add-opens=java.base/java.util.concurrent.atomic=ALL-UNNAMED -Xmx2048m -Dfile.encoding=windows-1252 -Duser.country=IN -Duser.language=en -Duser.variant org.gradle.launcher.daemon.bootstrap.GradleDaemon 8.0.1

Host: Intel(R) Core(TM) i3-10110U CPU @ 2.10GHz, 4 cores, 7G,  Windows 11 , 64 bit Build 22621 (10.0.22621.2215)
Time: Tue Oct  3 13:11:12 2023 India Standard Time elapsed time: 1691.814869 seconds (0d 0h 28m 11s)

---------------  T H R E A D  ---------------

Current thread (0x000001e4cfbe6800):  VMThread "VM Thread" [stack: 0x0000009365300000,0x0000009365400000] [id=26196]

Stack: [0x0000009365300000,0x0000009365400000]
[error occurred during error reporting (printing stack bounds), id 0xc0000005, EXCEPTION_ACCESS_VIOLATION (0xc0000005) at pc=0x000001e4b9b20f2d]


[error occurred during error reporting (printing native stack), id 0xc00000fd, EXCEPTION_STACK_OVERFLOW (0xc00000fd) at pc=0x00007ffa00f22ff7]

VM_Operation (0x00000093668f4e50): CollectForMetadataAllocation, mode: safepoint, requested by thread 0x000001e4d0f96800


---------------  P R O C E S S  ---------------

Threads class SMR info:
_java_thread_list=0x000001e4d5504650, length=63, elements={
0x000001e4b247f800, 0x000001e4cfbfb800, 0x000001e4cfbfc800, 0x000001e4cfc4d800,
0x000001e4cfc07000, 0x000001e4cfc08000, 0x000001e4d0554800, 0x000001e4d0555800,
0x000001e4d0571800, 0x000001e4d06bf000, 0x000001e4d3089800, 0x000001e4d141d800,
0x000001e4d09c2800, 0x000001e4d12ee000, 0x000001e4d100c000, 0x000001e4d0f95800,
0x000001e4d0f96800, 0x000001e4d235a800, 0x000001e4d1ec1800, 0x000001e4d1ebd800,
0x000001e4d1ec4000, 0x000001e4d1ebe800, 0x000001e4d1ec3000, 0x000001e4d1ebf000,
0x000001e4d1ec0000, 0x000001e4d1ec1000, 0x000001e4d2b72000, 0x000001e4d2b6f000,
0x000001e4d2b6f800, 0x000001e4d2b70800, 0x000001e4d2b74000, 0x000001e4d2b6e000,
0x000001e4d2b78800, 0x000001e4d2b76000, 0x000001e4d2b77000, 0x000001e4d2b79800,
0x000001e4d2b75800, 0x000001e4d2b7a800, 0x000001e4d2b78000, 0x000001e4d2b7b000,
0x000001e4d2b7c000, 0x000001e4d1ec2800, 0x000001e4d4faf800, 0x000001e4d4fb2000,
0x000001e4d4fb0800, 0x000001e4d4fb1000, 0x000001e4d4fad000, 0x000001e4d4fac800,
0x000001e4d4fb3000, 0x000001e4d4fae000, 0x000001e4d4fae800, 0x000001e4d54ea800,
0x000001e4d54f0000, 0x000001e4d54eb000, 0x000001e4d54f1000, 0x000001e4d54ed800,
0x000001e4d54ec000, 0x000001e4d54f1800, 0x000001e4d54f2800, 0x000001e4d54ec800,
0x000001e4d54f3800, 0x000001e4d54f4000, 0x000001e4d54ee800
}

Java Threads: ( => current thread )
  0x000001e4b247f800 JavaThread "main" [_thread_blocked, id=37196, stack(0x0000009364d00000,0x0000009364e00000)]
  0x000001e4cfbfb800 JavaThread "Reference Handler" daemon [_thread_blocked, id=28024, stack(0x0000009365400000,0x0000009365500000)]
  0x000001e4cfbfc800 JavaThread "Finalizer" daemon [_thread_blocked, id=20640, stack(0x0000009365500000,0x0000009365600000)]
  0x000001e4cfc4d800 JavaThread "Signal Dispatcher" daemon [_thread_blocked, id=36892, stack(0x0000009365600000,0x0000009365700000)]
  0x000001e4cfc07000 JavaThread "Attach Listener" daemon [_thread_blocked, id=32640, stack(0x0000009365700000,0x0000009365800000)]
  0x000001e4cfc08000 JavaThread "Service Thread" daemon [_thread_blocked, id=31512, stack(0x0000009365800000,0x0000009365900000)]
  0x000001e4d0554800 JavaThread "C2 CompilerThread0" daemon [_thread_blocked, id=29680, stack(0x0000009365900000,0x0000009365a00000)]
  0x000001e4d0555800 JavaThread "C1 CompilerThread0" daemon [_thread_blocked, id=11656, stack(0x0000009365a00000,0x0000009365b00000)]
  0x000001e4d0571800 JavaThread "Sweeper thread" daemon [_thread_blocked, id=10628, stack(0x0000009365b00000,0x0000009365c00000)]
  0x000001e4d06bf000 JavaThread "Common-Cleaner" daemon [_thread_blocked, id=28092, stack(0x0000009365c00000,0x0000009365d00000)]
  0x000001e4d3089800 JavaThread "Daemon health stats" [_thread_blocked, id=36968, stack(0x0000009364a00000,0x0000009364b00000)]
  0x000001e4d141d800 JavaThread "Incoming local TCP Connector on port 56821" [_thread_in_native, id=36036, stack(0x0000009364c00000,0x0000009364d00000)]
  0x000001e4d09c2800 JavaThread "Daemon periodic checks" [_thread_blocked, id=31124, stack(0x0000009366000000,0x0000009366100000)]
  0x000001e4d12ee000 JavaThread "Daemon" [_thread_blocked, id=15876, stack(0x0000009366500000,0x0000009366600000)]
  0x000001e4d100c000 JavaThread "Handler for socket connection from /127.0.0.1:56821 to /127.0.0.1:56839" [_thread_in_native, id=7744, stack(0x0000009366600000,0x0000009366700000)]
  0x000001e4d0f95800 JavaThread "Cancel handler" [_thread_blocked, id=6992, stack(0x0000009366700000,0x0000009366800000)]
  0x000001e4d0f96800 JavaThread "Daemon worker" [_thread_blocked, id=31312, stack(0x0000009366800000,0x0000009366900000)]
  0x000001e4d235a800 JavaThread "Asynchronous log dispatcher for DefaultDaemonConnection: socket connection from /127.0.0.1:56821 to /127.0.0.1:56839" [_thread_blocked, id=36824, stack(0x0000009366900000,0x0000009366a00000)]
  0x000001e4d1ec1800 JavaThread "Daemon client event forwarder" [_thread_blocked, id=21000, stack(0x0000009366b00000,0x0000009366c00000)]
  0x000001e4d1ebd800 JavaThread "Cache worker for journal cache (C:\Users\Office Laptop2\.gradle\caches\journal-1)" [_thread_blocked, id=3816, stack(0x0000009366c00000,0x0000009366d00000)]
  0x000001e4d1ec4000 JavaThread "File lock request listener" [_thread_in_native, id=32932, stack(0x0000009366d00000,0x0000009366e00000)]
  0x000001e4d1ebe800 JavaThread "Cache worker for file hash cache (C:\Users\Office Laptop2\.gradle\caches\8.0.1\fileHashes)" [_thread_blocked, id=34416, stack(0x0000009366a00000,0x0000009366b00000)]
  0x000001e4d1ec3000 JavaThread "File watcher server" daemon [_thread_in_native, id=23164, stack(0x0000009366100000,0x0000009366200000)]
  0x000001e4d1ebf000 JavaThread "File watcher consumer" daemon [_thread_blocked, id=33104, stack(0x0000009366200000,0x0000009366300000)]
  0x000001e4d1ec0000 JavaThread "Cache worker for checksums cache (C:\work\pilotapp\pilot-app-new\android\.gradle\8.0.1\checksums)" [_thread_blocked, id=31516, stack(0x0000009366f00000,0x0000009367000000)]
  0x000001e4d1ec1000 JavaThread "Cache worker for cache directory md-rule (C:\Users\Office Laptop2\.gradle\caches\8.0.1\md-rule)" [_thread_blocked, id=19528, stack(0x0000009367000000,0x0000009367100000)]
  0x000001e4d2b72000 JavaThread "Cache worker for file content cache (C:\Users\Office Laptop2\.gradle\caches\8.0.1\fileContent)" [_thread_blocked, id=15808, stack(0x0000009367100000,0x0000009367200000)]
  0x000001e4d2b6f000 JavaThread "Cache worker for file hash cache (C:\work\pilotapp\pilot-app-new\android\.gradle\8.0.1\fileHashes)" [_thread_blocked, id=3368, stack(0x0000009367200000,0x0000009367300000)]
  0x000001e4d2b6f800 JavaThread "Cache worker for cache directory md-supplier (C:\Users\Office Laptop2\.gradle\caches\8.0.1\md-supplier)" [_thread_blocked, id=21036, stack(0x0000009367300000,0x0000009367400000)]
  0x000001e4d2b70800 JavaThread "Cache worker for execution history cache (C:\Users\Office Laptop2\.gradle\caches\8.0.1\executionHistory)" [_thread_blocked, id=33744, stack(0x0000009367400000,0x0000009367500000)]
  0x000001e4d2b74000 JavaThread "jar transforms" [_thread_blocked, id=30124, stack(0x0000009367500000,0x0000009367600000)]
  0x000001e4d2b6e000 JavaThread "jar transforms Thread 2" [_thread_blocked, id=19364, stack(0x0000009367600000,0x0000009367700000)]
  0x000001e4d2b78800 JavaThread "jar transforms Thread 3" [_thread_blocked, id=18744, stack(0x0000009367700000,0x0000009367800000)]
  0x000001e4d2b76000 JavaThread "jar transforms Thread 4" [_thread_blocked, id=29672, stack(0x0000009367800000,0x0000009367900000)]
  0x000001e4d2b77000 JavaThread "Cache worker for kotlin-dsl (C:\Users\Office Laptop2\.gradle\caches\8.0.1\kotlin-dsl)" [_thread_blocked, id=21364, stack(0x0000009366e00000,0x0000009366f00000)]
  0x000001e4d2b79800 JavaThread "Cache worker for dependencies-accessors (C:\work\pilotapp\pilot-app-new\android\.gradle\8.0.1\dependencies-accessors)" [_thread_blocked, id=20300, stack(0x0000009367b00000,0x0000009367c00000)]
  0x000001e4d2b75800 JavaThread "Cache worker for Build Output Cleanup Cache (C:\work\pilotapp\pilot-app-new\node_modules\@react-native\gradle-plugin\.gradle\buildOutputCleanup)" [_thread_blocked, id=38904, stack(0x0000009367900000,0x0000009367a00000)]
  0x000001e4d2b7a800 JavaThread "Unconstrained build operations" [_thread_blocked, id=30192, stack(0x0000009367c00000,0x0000009367d00000)]
  0x000001e4d2b78000 JavaThread "Unconstrained build operations Thread 2" [_thread_blocked, id=16408, stack(0x0000009367d00000,0x0000009367e00000)]
  0x000001e4d2b7b000 JavaThread "Unconstrained build operations Thread 3" [_thread_blocked, id=28668, stack(0x0000009367e00000,0x0000009367f00000)]
  0x000001e4d2b7c000 JavaThread "Unconstrained build operations Thread 4" [_thread_blocked, id=15716, stack(0x0000009367f00000,0x0000009368000000)]
  0x000001e4d1ec2800 JavaThread "Unconstrained build operations Thread 5" [_thread_blocked, id=14276, stack(0x0000009368000000,0x0000009368100000)]
  0x000001e4d4faf800 JavaThread "Unconstrained build operations Thread 6" [_thread_blocked, id=16640, stack(0x0000009368100000,0x0000009368200000)]
  0x000001e4d4fb2000 JavaThread "Unconstrained build operations Thread 7" [_thread_blocked, id=5884, stack(0x0000009368200000,0x0000009368300000)]
  0x000001e4d4fb0800 JavaThread "Unconstrained build operations Thread 8" [_thread_blocked, id=1112, stack(0x0000009368300000,0x0000009368400000)]
  0x000001e4d4fb1000 JavaThread "Unconstrained build operations Thread 9" [_thread_blocked, id=32632, stack(0x0000009368400000,0x0000009368500000)]
  0x000001e4d4fad000 JavaThread "Unconstrained build operations Thread 10" [_thread_blocked, id=32128, stack(0x0000009368500000,0x0000009368600000)]
  0x000001e4d4fac800 JavaThread "Unconstrained build operations Thread 11" [_thread_blocked, id=12224, stack(0x0000009368600000,0x0000009368700000)]
  0x000001e4d4fb3000 JavaThread "Unconstrained build operations Thread 12" [_thread_blocked, id=39736, stack(0x0000009368700000,0x0000009368800000)]
  0x000001e4d4fae000 JavaThread "Unconstrained build operations Thread 13" [_thread_blocked, id=30412, stack(0x0000009368800000,0x0000009368900000)]
  0x000001e4d4fae800 JavaThread "Unconstrained build operations Thread 14" [_thread_blocked, id=34800, stack(0x0000009368900000,0x0000009368a00000)]
  0x000001e4d54ea800 JavaThread "Unconstrained build operations Thread 15" [_thread_blocked, id=34740, stack(0x0000009368a00000,0x0000009368b00000)]
  0x000001e4d54f0000 JavaThread "Unconstrained build operations Thread 16" [_thread_blocked, id=37320, stack(0x0000009368b00000,0x0000009368c00000)]
  0x000001e4d54eb000 JavaThread "Unconstrained build operations Thread 17" [_thread_blocked, id=39392, stack(0x0000009368c00000,0x0000009368d00000)]
  0x000001e4d54f1000 JavaThread "Unconstrained build operations Thread 18" [_thread_blocked, id=39412, stack(0x0000009368d00000,0x0000009368e00000)]
  0x000001e4d54ed800 JavaThread "Unconstrained build operations Thread 19" [_thread_blocked, id=39504, stack(0x0000009368e00000,0x0000009368f00000)]
  0x000001e4d54ec000 JavaThread "Unconstrained build operations Thread 20" [_thread_blocked, id=39396, stack(0x0000009368f00000,0x0000009369000000)]
  0x000001e4d54f1800 JavaThread "Unconstrained build operations Thread 21" [_thread_blocked, id=23364, stack(0x0000009369000000,0x0000009369100000)]
  0x000001e4d54f2800 JavaThread "Unconstrained build operations Thread 22" [_thread_blocked, id=18176, stack(0x0000009369100000,0x0000009369200000)]
  0x000001e4d54ec800 JavaThread "Unconstrained build operations Thread 23" [_thread_blocked, id=37564, stack(0x0000009369200000,0x0000009369300000)]
  0x000001e4d54f3800 JavaThread "Unconstrained build operations Thread 24" [_thread_blocked, id=6764, stack(0x0000009369300000,0x0000009369400000)]
  0x000001e4d54f4000 JavaThread "Unconstrained build operations Thread 25" [_thread_blocked, id=10760, stack(0x0000009369400000,0x0000009369500000)]
  0x000001e4d54ee800 JavaThread "Unconstrained build operations Thread 26" [_thread_blocked, id=21084, stack(0x0000009369500000,0x0000009369600000)]

Other Threads:
=>0x000001e4cfbe6800 VMThread "VM Thread" [stack: 0x0000009365300000,0x0000009365400000] [id=26196]
  0x000001e4d0727800 WatcherThread [stack: 0x0000009365d00000,0x0000009365e00000] [id=22124]
  0x000001e4b2491800 GCTaskThread "GC Thread#0" [stack: 0x0000009364e00000,0x0000009364f00000] [id=29292]
  0x000001e4d0a8b800 GCTaskThread "GC Thread#1" [stack: 0x0000009365e00000,0x0000009365f00000] [id=3764]
  0x000001e4d0f9f800 GCTaskThread "GC Thread#2" [stack: 0x0000009365f00000,0x0000009366000000] [id=33628]
  0x000001e4d152e800 GCTaskThread "GC Thread#3" [stack: 0x0000009364b00000,0x0000009364c00000] [id=32808]
  0x000001e4b24c2000 ConcurrentGCThread "G1 Main Marker" [stack: 0x0000009364f00000,0x0000009365000000] [id=5348]
  0x000001e4b24c3000 ConcurrentGCThread "G1 Conc#0" [stack: 0x0000009365000000,0x0000009365100000] [id=12180]
  0x000001e4b2544800 ConcurrentGCThread "G1 Refine#0" [stack: 0x0000009365100000,0x0000009365200000] [id=12824]
  0x000001e4d0d9b000 ConcurrentGCThread "G1 Refine#1" [stack: 0x0000009366300000,0x0000009366400000] [id=30212]
  0x000001e4d078d800 ConcurrentGCThread "G1 Refine#2" [stack: 0x0000009366400000,0x0000009366500000] [id=30080]
  0x000001e4cfa60800 ConcurrentGCThread "G1 Young RemSet Sampling" [stack: 0x0000009365200000,0x0000009365300000] [id=35236]

Threads with active compile tasks:

VM state:at safepoint (normal execution)

VM Mutex/Monitor currently owned by a thread:  ([mutex/lock_event])
[0x000001e4b247c700] Threads_lock - owner thread: 0x000001e4cfbe6800
[0x000001e4b247d090] Heap_lock - owner thread: 0x000001e4d0f96800

Heap address: 0x0000000080000000, size: 2048 MB, Compressed Oops mode: 32-bit
Narrow klass base: 0x0000000000000000, Narrow klass shift: 3
Compressed class space size: 528482304 Address: 0x0000000100000000

Heap:
 garbage-first heap   total 220160K, used 42660K [0x0000000080000000, 0x0000000100000000)
  region size 1024K, 1 young (1024K), 1 survivors (1024K)
 Metaspace       used 52365K, capacity 53875K, committed 53992K, reserved 571392K
  class space    used 6793K, capacity 7464K, committed 7552K, reserved 516096K
Heap Regions: E=young(eden), S=young(survivor), O=old, HS=humongous(starts), HC=humongous(continues), CS=collection set, F=free, A=archive, TAMS=top-at-mark-start (previous, next)
|   0|0x0000000080000000, 0x0000000080100000, 0x0000000080100000|100%| O|  |TAMS 0x0000000080100000, 0x0000000080100000| Untracked 
|   1|0x0000000080100000, 0x0000000080200000, 0x0000000080200000|100%| O|  |TAMS 0x0000000080200000, 0x0000000080200000| Untracked 
|   2|0x0000000080200000, 0x0000000080300000, 0x0000000080300000|100%|HS|  |TAMS 0x0000000080300000, 0x0000000080300000| Complete 
|   3|0x0000000080300000, 0x0000000080400000, 0x0000000080400000|100%|HC|  |TAMS 0x0000000080400000, 0x0000000080400000| Complete 
|   4|0x0000000080400000, 0x0000000080500000, 0x0000000080500000|100%|HC|  |TAMS 0x0000000080500000, 0x0000000080500000| Complete 
|   5|0x0000000080500000, 0x0000000080600000, 0x0000000080600000|100%|HC|  |TAMS 0x0000000080600000, 0x0000000080600000| Complete 
|   6|0x0000000080600000, 0x0000000080700000, 0x0000000080700000|100%| O|  |TAMS 0x0000000080700000, 0x0000000080700000| Untracked 
|   7|0x0000000080700000, 0x0000000080800000, 0x0000000080800000|100%| O|  |TAMS 0x0000000080800000, 0x0000000080800000| Untracked 
|   8|0x0000000080800000, 0x0000000080900000, 0x0000000080900000|100%| O|  |TAMS 0x0000000080900000, 0x0000000080900000| Untracked 
|   9|0x0000000080900000, 0x0000000080a00000, 0x0000000080a00000|100%| O|  |TAMS 0x0000000080a00000, 0x0000000080a00000| Untracked 
|  10|0x0000000080a00000, 0x0000000080b00000, 0x0000000080b00000|100%| O|  |TAMS 0x0000000080b00000, 0x0000000080b00000| Untracked 
|  11|0x0000000080b00000, 0x0000000080c00000, 0x0000000080c00000|100%| O|  |TAMS 0x0000000080c00000, 0x0000000080c00000| Untracked 
|  12|0x0000000080c00000, 0x0000000080d00000, 0x0000000080d00000|100%| O|  |TAMS 0x0000000080d00000, 0x0000000080d00000| Untracked 
|  13|0x0000000080d00000, 0x0000000080e00000, 0x0000000080e00000|100%| O|  |TAMS 0x0000000080e00000, 0x0000000080e00000| Untracked 
|  14|0x0000000080e00000, 0x0000000080f00000, 0x0000000080f00000|100%| O|  |TAMS 0x0000000080f00000, 0x0000000080f00000| Untracked 
|  15|0x0000000080f00000, 0x0000000081000000, 0x0000000081000000|100%| O|  |TAMS 0x0000000081000000, 0x0000000081000000| Untracked 
|  16|0x0000000081000000, 0x0000000081100000, 0x0000000081100000|100%| O|  |TAMS 0x0000000081100000, 0x0000000081100000| Untracked 
|  17|0x0000000081100000, 0x0000000081200000, 0x0000000081200000|100%| O|  |TAMS 0x0000000081200000, 0x0000000081200000| Untracked 
|  18|0x0000000081200000, 0x0000000081300000, 0x0000000081300000|100%| O|  |TAMS 0x0000000081300000, 0x0000000081300000| Untracked 
|  19|0x0000000081300000, 0x0000000081400000, 0x0000000081400000|100%| O|  |TAMS 0x0000000081400000, 0x0000000081400000| Untracked 
|  20|0x0000000081400000, 0x0000000081500000, 0x0000000081500000|100%| O|  |TAMS 0x0000000081500000, 0x0000000081500000| Untracked 
|  21|0x0000000081500000, 0x0000000081600000, 0x0000000081600000|100%| O|  |TAMS 0x0000000081600000, 0x0000000081600000| Untracked 
|  22|0x0000000081600000, 0x0000000081700000, 0x0000000081700000|100%| O|  |TAMS 0x0000000081700000, 0x0000000081700000| Untracked 
|  23|0x0000000081700000, 0x0000000081800000, 0x0000000081800000|100%| O|  |TAMS 0x0000000081743200, 0x0000000081800000| Untracked 
|  24|0x0000000081800000, 0x0000000081900000, 0x0000000081900000|100%| O|  |TAMS 0x0000000081800000, 0x0000000081900000| Untracked 
|  25|0x0000000081900000, 0x0000000081a00000, 0x0000000081a00000|100%| O|  |TAMS 0x0000000081900000, 0x0000000081a00000| Untracked 
|  26|0x0000000081a00000, 0x0000000081b00000, 0x0000000081b00000|100%| O|  |TAMS 0x0000000081a00000, 0x0000000081b00000| Untracked 
|  27|0x0000000081b00000, 0x0000000081c00000, 0x0000000081c00000|100%| O|  |TAMS 0x0000000081b00000, 0x0000000081c00000| Untracked 
|  28|0x0000000081c00000, 0x0000000081d00000, 0x0000000081d00000|100%| O|  |TAMS 0x0000000081c00000, 0x0000000081d00000| Untracked 
|  29|0x0000000081d00000, 0x0000000081e00000, 0x0000000081e00000|100%| O|  |TAMS 0x0000000081d00000, 0x0000000081e00000| Untracked 
|  30|0x0000000081e00000, 0x0000000081f00000, 0x0000000081f00000|100%| O|  |TAMS 0x0000000081e00000, 0x0000000081f00000| Untracked 
|  31|0x0000000081f00000, 0x0000000082000000, 0x0000000082000000|100%| O|  |TAMS 0x0000000081f00000, 0x0000000082000000| Untracked 
|  32|0x0000000082000000, 0x0000000082100000, 0x0000000082100000|100%| O|  |TAMS 0x0000000082000000, 0x0000000082100000| Untracked 
|  33|0x0000000082100000, 0x0000000082200000, 0x0000000082200000|100%|HS|  |TAMS 0x0000000082100000, 0x0000000082200000| Complete 
|  34|0x0000000082200000, 0x0000000082300000, 0x0000000082300000|100%|HC|  |TAMS 0x0000000082200000, 0x0000000082300000| Complete 
|  35|0x0000000082300000, 0x0000000082400000, 0x0000000082400000|100%|HS|  |TAMS 0x0000000082300000, 0x0000000082400000| Complete 
|  36|0x0000000082400000, 0x0000000082500000, 0x0000000082500000|100%|HC|  |TAMS 0x0000000082400000, 0x0000000082500000| Complete 
|  37|0x0000000082500000, 0x0000000082600000, 0x0000000082600000|100%|HC|  |TAMS 0x0000000082500000, 0x0000000082600000| Complete 
|  38|0x0000000082600000, 0x0000000082700000, 0x0000000082700000|100%|HC|  |TAMS 0x0000000082600000, 0x0000000082700000| Complete 
|  39|0x0000000082700000, 0x0000000082800000, 0x0000000082800000|100%| O|  |TAMS 0x0000000082700000, 0x0000000082800000| Untracked 
|  40|0x0000000082800000, 0x0000000082900000, 0x0000000082900000|100%| O|  |TAMS 0x0000000082800000, 0x0000000082900000| Untracked 
|  41|0x0000000082900000, 0x000000008290f200, 0x0000000082a00000|  5%| O|  |TAMS 0x0000000082900000, 0x000000008290f200| Untracked 
|  42|0x0000000082a00000, 0x0000000082a00000, 0x0000000082b00000|  0%| F|  |TAMS 0x0000000082a00000, 0x0000000082a00000| Untracked 
|  43|0x0000000082b00000, 0x0000000082b00000, 0x0000000082c00000|  0%| F|  |TAMS 0x0000000082b00000, 0x0000000082b00000| Untracked 
|  44|0x0000000082c00000, 0x0000000082c00000, 0x0000000082d00000|  0%| F|  |TAMS 0x0000000082c00000, 0x0000000082c00000| Untracked 
|  45|0x0000000082d00000, 0x0000000082d00000, 0x0000000082e00000|  0%| F|  |TAMS 0x0000000082d00000, 0x0000000082d00000| Untracked 
|  46|0x0000000082e00000, 0x0000000082e00000, 0x0000000082f00000|  0%| F|  |TAMS 0x0000000082e00000, 0x0000000082e00000| Untracked 
|  47|0x0000000082f00000, 0x0000000082f00000, 0x0000000083000000|  0%| F|  |TAMS 0x0000000082f00000, 0x0000000082f00000| Untracked 
|  48|0x0000000083000000, 0x0000000083000000, 0x0000000083100000|  0%| F|  |TAMS 0x0000000083000000, 0x0000000083000000| Untracked 
|  49|0x0000000083100000, 0x0000000083100000, 0x0000000083200000|  0%| F|  |TAMS 0x0000000083100000, 0x0000000083100000| Untracked 
|  50|0x0000000083200000, 0x0000000083200000, 0x0000000083300000|  0%| F|  |TAMS 0x0000000083200000, 0x0000000083200000| Untracked 
|  51|0x0000000083300000, 0x0000000083300000, 0x0000000083400000|  0%| F|  |TAMS 0x0000000083300000, 0x0000000083300000| Untracked 
|  52|0x0000000083400000, 0x0000000083400000, 0x0000000083500000|  0%| F|  |TAMS 0x0000000083400000, 0x0000000083400000| Untracked 
|  53|0x0000000083500000, 0x0000000083500000, 0x0000000083600000|  0%| F|  |TAMS 0x0000000083500000, 0x0000000083500000| Untracked 
|  54|0x0000000083600000, 0x0000000083600000, 0x0000000083700000|  0%| F|  |TAMS 0x0000000083600000, 0x0000000083600000| Untracked 
|  55|0x0000000083700000, 0x0000000083700000, 0x0000000083800000|  0%| F|  |TAMS 0x0000000083700000, 0x0000000083700000| Untracked 
|  56|0x0000000083800000, 0x0000000083800000, 0x0000000083900000|  0%| F|  |TAMS 0x0000000083800000, 0x0000000083800000| Untracked 
|  57|0x0000000083900000, 0x0000000083900000, 0x0000000083a00000|  0%| F|  |TAMS 0x0000000083900000, 0x0000000083900000| Untracked 
|  58|0x0000000083a00000, 0x0000000083a00000, 0x0000000083b00000|  0%| F|  |TAMS 0x0000000083a00000, 0x0000000083a00000| Untracked 
|  59|0x0000000083b00000, 0x0000000083b00000, 0x0000000083c00000|  0%| F|  |TAMS 0x0000000083b00000, 0x0000000083b00000| Untracked 
|  60|0x0000000083c00000, 0x0000000083c00000, 0x0000000083d00000|  0%| F|  |TAMS 0x0000000083c00000, 0x0000000083c00000| Untracked 
|  61|0x0000000083d00000, 0x0000000083d00000, 0x0000000083e00000|  0%| F|  |TAMS 0x0000000083d00000, 0x0000000083d00000| Untracked 
|  62|0x0000000083e00000, 0x0000000083e00000, 0x0000000083f00000|  0%| F|  |TAMS 0x0000000083e00000, 0x0000000083e00000| Untracked 
|  63|0x0000000083f00000, 0x0000000083f00000, 0x0000000084000000|  0%| F|  |TAMS 0x0000000083f00000, 0x0000000083f00000| Untracked 
|  64|0x0000000084000000, 0x0000000084000000, 0x0000000084100000|  0%| F|  |TAMS 0x0000000084000000, 0x0000000084000000| Untracked 
|  65|0x0000000084100000, 0x0000000084100000, 0x0000000084200000|  0%| F|  |TAMS 0x0000000084100000, 0x0000000084100000| Untracked 
|  66|0x0000000084200000, 0x0000000084200000, 0x0000000084300000|  0%| F|  |TAMS 0x0000000084200000, 0x0000000084200000| Untracked 
|  67|0x0000000084300000, 0x0000000084300000, 0x0000000084400000|  0%| F|  |TAMS 0x0000000084300000, 0x0000000084300000| Untracked 
|  68|0x0000000084400000, 0x0000000084400000, 0x0000000084500000|  0%| F|  |TAMS 0x0000000084400000, 0x0000000084400000| Untracked 
|  69|0x0000000084500000, 0x0000000084500000, 0x0000000084600000|  0%| F|  |TAMS 0x0000000084500000, 0x0000000084500000| Untracked 
|  70|0x0000000084600000, 0x0000000084600000, 0x0000000084700000|  0%| F|  |TAMS 0x0000000084600000, 0x0000000084600000| Untracked 
|  71|0x0000000084700000, 0x0000000084700000, 0x0000000084800000|  0%| F|  |TAMS 0x0000000084700000, 0x0000000084700000| Untracked 
|  72|0x0000000084800000, 0x0000000084800000, 0x0000000084900000|  0%| F|  |TAMS 0x0000000084800000, 0x0000000084800000| Untracked 
|  73|0x0000000084900000, 0x0000000084900000, 0x0000000084a00000|  0%| F|  |TAMS 0x0000000084900000, 0x0000000084900000| Untracked 
|  74|0x0000000084a00000, 0x0000000084a00000, 0x0000000084b00000|  0%| F|  |TAMS 0x0000000084a00000, 0x0000000084a00000| Untracked 
|  75|0x0000000084b00000, 0x0000000084b00000, 0x0000000084c00000|  0%| F|  |TAMS 0x0000000084b00000, 0x0000000084b00000| Untracked 
|  76|0x0000000084c00000, 0x0000000084c00000, 0x0000000084d00000|  0%| F|  |TAMS 0x0000000084c00000, 0x0000000084c00000| Untracked 
|  77|0x0000000084d00000, 0x0000000084d00000, 0x0000000084e00000|  0%| F|  |TAMS 0x0000000084d00000, 0x0000000084d00000| Untracked 
|  78|0x0000000084e00000, 0x0000000084e00000, 0x0000000084f00000|  0%| F|  |TAMS 0x0000000084e00000, 0x0000000084e00000| Untracked 
|  79|0x0000000084f00000, 0x0000000084f00000, 0x0000000085000000|  0%| F|  |TAMS 0x0000000084f00000, 0x0000000084f00000| Untracked 
|  80|0x0000000085000000, 0x0000000085000000, 0x0000000085100000|  0%| F|  |TAMS 0x0000000085000000, 0x0000000085000000| Untracked 
|  81|0x0000000085100000, 0x0000000085100000, 0x0000000085200000|  0%| F|  |TAMS 0x0000000085100000, 0x0000000085100000| Untracked 
|  82|0x0000000085200000, 0x0000000085200000, 0x0000000085300000|  0%| F|  |TAMS 0x0000000085200000, 0x0000000085200000| Untracked 
|  83|0x0000000085300000, 0x0000000085300000, 0x0000000085400000|  0%| F|  |TAMS 0x0000000085300000, 0x0000000085300000| Untracked 
|  84|0x0000000085400000, 0x0000000085400000, 0x0000000085500000|  0%| F|  |TAMS 0x0000000085400000, 0x0000000085400000| Untracked 
|  85|0x0000000085500000, 0x0000000085500000, 0x0000000085600000|  0%| F|  |TAMS 0x0000000085500000, 0x0000000085500000| Untracked 
|  86|0x0000000085600000, 0x0000000085600000, 0x0000000085700000|  0%| F|  |TAMS 0x0000000085600000, 0x0000000085600000| Untracked 
|  87|0x0000000085700000, 0x0000000085700000, 0x0000000085800000|  0%| F|  |TAMS 0x0000000085700000, 0x0000000085700000| Untracked 
|  88|0x0000000085800000, 0x0000000085800000, 0x0000000085900000|  0%| F|  |TAMS 0x0000000085800000, 0x0000000085800000| Untracked 
|  89|0x0000000085900000, 0x0000000085900000, 0x0000000085a00000|  0%| F|  |TAMS 0x0000000085900000, 0x0000000085900000| Untracked 
|  90|0x0000000085a00000, 0x0000000085a00000, 0x0000000085b00000|  0%| F|  |TAMS 0x0000000085a00000, 0x0000000085a00000| Untracked 
|  91|0x0000000085b00000, 0x0000000085b00000, 0x0000000085c00000|  0%| F|  |TAMS 0x0000000085b00000, 0x0000000085b00000| Untracked 
|  92|0x0000000085c00000, 0x0000000085c00000, 0x0000000085d00000|  0%| F|  |TAMS 0x0000000085c00000, 0x0000000085c00000| Untracked 
|  93|0x0000000085d00000, 0x0000000085d00000, 0x0000000085e00000|  0%| F|  |TAMS 0x0000000085d00000, 0x0000000085d00000| Untracked 
|  94|0x0000000085e00000, 0x0000000085e00000, 0x0000000085f00000|  0%| F|  |TAMS 0x0000000085e00000, 0x0000000085e00000| Untracked 
|  95|0x0000000085f00000, 0x0000000085f00000, 0x0000000086000000|  0%| F|  |TAMS 0x0000000085f00000, 0x0000000085f00000| Untracked 
|  96|0x0000000086000000, 0x0000000086000000, 0x0000000086100000|  0%| F|  |TAMS 0x0000000086000000, 0x0000000086000000| Untracked 
|  97|0x0000000086100000, 0x0000000086100000, 0x0000000086200000|  0%| F|  |TAMS 0x0000000086100000, 0x0000000086100000| Untracked 
|  98|0x0000000086200000, 0x0000000086200000, 0x0000000086300000|  0%| F|  |TAMS 0x0000000086200000, 0x0000000086200000| Untracked 
|  99|0x0000000086300000, 0x0000000086300000, 0x0000000086400000|  0%| F|  |TAMS 0x0000000086300000, 0x0000000086300000| Untracked 
| 100|0x0000000086400000, 0x0000000086400000, 0x0000000086500000|  0%| F|  |TAMS 0x0000000086400000, 0x0000000086400000| Untracked 
| 101|0x0000000086500000, 0x0000000086500000, 0x0000000086600000|  0%| F|  |TAMS 0x0000000086500000, 0x0000000086500000| Untracked 
| 102|0x0000000086600000, 0x0000000086600000, 0x0000000086700000|  0%| F|  |TAMS 0x0000000086600000, 0x0000000086600000| Untracked 
| 103|0x0000000086700000, 0x0000000086700000, 0x0000000086800000|  0%| F|  |TAMS 0x0000000086700000, 0x0000000086700000| Untracked 
| 104|0x0000000086800000, 0x0000000086800000, 0x0000000086900000|  0%| F|  |TAMS 0x0000000086800000, 0x0000000086800000| Untracked 
| 105|0x0000000086900000, 0x0000000086900000, 0x0000000086a00000|  0%| F|  |TAMS 0x0000000086900000, 0x0000000086900000| Untracked 
| 106|0x0000000086a00000, 0x0000000086a00000, 0x0000000086b00000|  0%| F|  |TAMS 0x0000000086a00000, 0x0000000086a00000| Untracked 
| 107|0x0000000086b00000, 0x0000000086b00000, 0x0000000086c00000|  0%| F|  |TAMS 0x0000000086b00000, 0x0000000086b00000| Untracked 
| 108|0x0000000086c00000, 0x0000000086c00000, 0x0000000086d00000|  0%| F|  |TAMS 0x0000000086c00000, 0x0000000086c00000| Untracked 
| 109|0x0000000086d00000, 0x0000000086d00000, 0x0000000086e00000|  0%| F|  |TAMS 0x0000000086d00000, 0x0000000086d00000| Untracked 
| 110|0x0000000086e00000, 0x0000000086e00000, 0x0000000086f00000|  0%| F|  |TAMS 0x0000000086e00000, 0x0000000086e00000| Untracked 
| 111|0x0000000086f00000, 0x0000000086f00000, 0x0000000087000000|  0%| F|  |TAMS 0x0000000086f00000, 0x0000000086f00000| Untracked 
| 112|0x0000000087000000, 0x0000000087000000, 0x0000000087100000|  0%| F|  |TAMS 0x0000000087000000, 0x0000000087000000| Untracked 
| 113|0x0000000087100000, 0x0000000087100000, 0x0000000087200000|  0%| F|  |TAMS 0x0000000087100000, 0x0000000087100000| Untracked 
| 114|0x0000000087200000, 0x0000000087200000, 0x0000000087300000|  0%| F|  |TAMS 0x0000000087200000, 0x0000000087200000| Untracked 
| 115|0x0000000087300000, 0x0000000087300000, 0x0000000087400000|  0%| F|  |TAMS 0x0000000087300000, 0x0000000087300000| Untracked 
| 116|0x0000000087400000, 0x0000000087400000, 0x0000000087500000|  0%| F|  |TAMS 0x0000000087400000, 0x0000000087400000| Untracked 
| 117|0x0000000087500000, 0x0000000087500000, 0x0000000087600000|  0%| F|  |TAMS 0x0000000087500000, 0x0000000087500000| Untracked 
| 118|0x0000000087600000, 0x0000000087600000, 0x0000000087700000|  0%| F|  |TAMS 0x0000000087600000, 0x0000000087600000| Untracked 
| 119|0x0000000087700000, 0x0000000087700000, 0x0000000087800000|  0%| F|  |TAMS 0x0000000087700000, 0x0000000087700000| Untracked 
| 120|0x0000000087800000, 0x0000000087800000, 0x0000000087900000|  0%| F|  |TAMS 0x0000000087800000, 0x0000000087800000| Untracked 
| 121|0x0000000087900000, 0x0000000087900000, 0x0000000087a00000|  0%| F|  |TAMS 0x0000000087900000, 0x0000000087900000| Untracked 
| 122|0x0000000087a00000, 0x0000000087a00000, 0x0000000087b00000|  0%| F|  |TAMS 0x0000000087a00000, 0x0000000087a00000| Untracked 
| 123|0x0000000087b00000, 0x0000000087b00000, 0x0000000087c00000|  0%| F|  |TAMS 0x0000000087b00000, 0x0000000087b00000| Untracked 
| 124|0x0000000087c00000, 0x0000000087c00000, 0x0000000087d00000|  0%| F|  |TAMS 0x0000000087c00000, 0x0000000087c00000| Untracked 
| 125|0x0000000087d00000, 0x0000000087d00000, 0x0000000087e00000|  0%| F|  |TAMS 0x0000000087d00000, 0x0000000087d00000| Untracked 
| 126|0x0000000087e00000, 0x0000000087e00000, 0x0000000087f00000|  0%| F|  |TAMS 0x0000000087e00000, 0x0000000087e00000| Untracked 
| 127|0x0000000087f00000, 0x0000000087f00000, 0x0000000088000000|  0%| F|  |TAMS 0x0000000087f00000, 0x0000000087f00000| Untracked 
| 128|0x0000000088000000, 0x0000000088000000, 0x0000000088100000|  0%| F|  |TAMS 0x0000000088000000, 0x0000000088000000| Untracked 
| 129|0x0000000088100000, 0x0000000088100000, 0x0000000088200000|  0%| F|  |TAMS 0x0000000088100000, 0x0000000088100000| Untracked 
| 130|0x0000000088200000, 0x0000000088200000, 0x0000000088300000|  0%| F|  |TAMS 0x0000000088200000, 0x0000000088200000| Untracked 
| 131|0x0000000088300000, 0x0000000088300000, 0x0000000088400000|  0%| F|  |TAMS 0x0000000088300000, 0x0000000088300000| Untracked 
| 132|0x0000000088400000, 0x0000000088400000, 0x0000000088500000|  0%| F|  |TAMS 0x0000000088400000, 0x0000000088400000| Untracked 
| 133|0x0000000088500000, 0x0000000088500000, 0x0000000088600000|  0%| F|  |TAMS 0x0000000088500000, 0x0000000088500000| Untracked 
| 134|0x0000000088600000, 0x0000000088600000, 0x0000000088700000|  0%| F|  |TAMS 0x0000000088600000, 0x0000000088600000| Untracked 
| 135|0x0000000088700000, 0x0000000088700000, 0x0000000088800000|  0%| F|  |TAMS 0x0000000088700000, 0x0000000088700000| Untracked 
| 136|0x0000000088800000, 0x0000000088800000, 0x0000000088900000|  0%| F|  |TAMS 0x0000000088800000, 0x0000000088800000| Untracked 
| 137|0x0000000088900000, 0x0000000088900000, 0x0000000088a00000|  0%| F|  |TAMS 0x0000000088900000, 0x0000000088900000| Untracked 
| 138|0x0000000088a00000, 0x0000000088a00000, 0x0000000088b00000|  0%| F|  |TAMS 0x0000000088a00000, 0x0000000088a00000| Untracked 
| 139|0x0000000088b00000, 0x0000000088b00000, 0x0000000088c00000|  0%| F|  |TAMS 0x0000000088b00000, 0x0000000088b00000| Untracked 
| 140|0x0000000088c00000, 0x0000000088c00000, 0x0000000088d00000|  0%| F|  |TAMS 0x0000000088c00000, 0x0000000088c00000| Untracked 
| 141|0x0000000088d00000, 0x0000000088d00000, 0x0000000088e00000|  0%| F|  |TAMS 0x0000000088d00000, 0x0000000088d00000| Untracked 
| 142|0x0000000088e00000, 0x0000000088e00000, 0x0000000088f00000|  0%| F|  |TAMS 0x0000000088e00000, 0x0000000088e00000| Untracked 
| 143|0x0000000088f00000, 0x0000000088f00000, 0x0000000089000000|  0%| F|  |TAMS 0x0000000088f00000, 0x0000000088f00000| Untracked 
| 144|0x0000000089000000, 0x0000000089000000, 0x0000000089100000|  0%| F|  |TAMS 0x0000000089000000, 0x0000000089000000| Untracked 
| 145|0x0000000089100000, 0x0000000089100000, 0x0000000089200000|  0%| F|  |TAMS 0x0000000089100000, 0x0000000089100000| Untracked 
| 146|0x0000000089200000, 0x0000000089200000, 0x0000000089300000|  0%| F|  |TAMS 0x0000000089200000, 0x0000000089200000| Untracked 
| 147|0x0000000089300000, 0x0000000089300000, 0x0000000089400000|  0%| F|  |TAMS 0x0000000089300000, 0x0000000089300000| Untracked 
| 148|0x0000000089400000, 0x0000000089400000, 0x0000000089500000|  0%| F|  |TAMS 0x0000000089400000, 0x0000000089400000| Untracked 
| 149|0x0000000089500000, 0x0000000089500000, 0x0000000089600000|  0%| F|  |TAMS 0x0000000089500000, 0x0000000089500000| Untracked 
| 150|0x0000000089600000, 0x0000000089600000, 0x0000000089700000|  0%| F|  |TAMS 0x0000000089600000, 0x0000000089600000| Untracked 
| 151|0x0000000089700000, 0x0000000089700000, 0x0000000089800000|  0%| F|  |TAMS 0x0000000089700000, 0x0000000089700000| Untracked 
| 152|0x0000000089800000, 0x0000000089800000, 0x0000000089900000|  0%| F|  |TAMS 0x0000000089800000, 0x0000000089800000| Untracked 
| 153|0x0000000089900000, 0x0000000089900000, 0x0000000089a00000|  0%| F|  |TAMS 0x0000000089900000, 0x0000000089900000| Untracked 
| 154|0x0000000089a00000, 0x0000000089a00000, 0x0000000089b00000|  0%| F|  |TAMS 0x0000000089a00000, 0x0000000089a00000| Untracked 
| 155|0x0000000089b00000, 0x0000000089b00000, 0x0000000089c00000|  0%| F|  |TAMS 0x0000000089b00000, 0x0000000089b00000| Untracked 
| 156|0x0000000089c00000, 0x0000000089c00000, 0x0000000089d00000|  0%| F|  |TAMS 0x0000000089c00000, 0x0000000089c00000| Untracked 
| 157|0x0000000089d00000, 0x0000000089d00000, 0x0000000089e00000|  0%| F|  |TAMS 0x0000000089d00000, 0x0000000089d00000| Untracked 
| 158|0x0000000089e00000, 0x0000000089e00000, 0x0000000089f00000|  0%| F|  |TAMS 0x0000000089e00000, 0x0000000089e00000| Untracked 
| 159|0x0000000089f00000, 0x0000000089f00000, 0x000000008a000000|  0%| F|  |TAMS 0x0000000089f00000, 0x0000000089f00000| Untracked 
| 160|0x000000008a000000, 0x000000008a000000, 0x000000008a100000|  0%| F|  |TAMS 0x000000008a000000, 0x000000008a000000| Untracked 
| 161|0x000000008a100000, 0x000000008a100000, 0x000000008a200000|  0%| F|  |TAMS 0x000000008a100000, 0x000000008a100000| Untracked 
| 162|0x000000008a200000, 0x000000008a200000, 0x000000008a300000|  0%| F|  |TAMS 0x000000008a200000, 0x000000008a200000| Untracked 
| 163|0x000000008a300000, 0x000000008a300000, 0x000000008a400000|  0%| F|  |TAMS 0x000000008a300000, 0x000000008a300000| Untracked 
| 164|0x000000008a400000, 0x000000008a400000, 0x000000008a500000|  0%| F|  |TAMS 0x000000008a400000, 0x000000008a400000| Untracked 
| 165|0x000000008a500000, 0x000000008a500000, 0x000000008a600000|  0%| F|  |TAMS 0x000000008a500000, 0x000000008a500000| Untracked 
| 166|0x000000008a600000, 0x000000008a600000, 0x000000008a700000|  0%| F|  |TAMS 0x000000008a600000, 0x000000008a600000| Untracked 
| 167|0x000000008a700000, 0x000000008a700000, 0x000000008a800000|  0%| F|  |TAMS 0x000000008a700000, 0x000000008a700000| Untracked 
| 168|0x000000008a800000, 0x000000008a800000, 0x000000008a900000|  0%| F|  |TAMS 0x000000008a800000, 0x000000008a800000| Untracked 
| 169|0x000000008a900000, 0x000000008a900000, 0x000000008aa00000|  0%| F|  |TAMS 0x000000008a900000, 0x000000008a900000| Untracked 
| 170|0x000000008aa00000, 0x000000008aa00000, 0x000000008ab00000|  0%| F|  |TAMS 0x000000008aa00000, 0x000000008aa00000| Untracked 
| 171|0x000000008ab00000, 0x000000008ab00000, 0x000000008ac00000|  0%| F|  |TAMS 0x000000008ab00000, 0x000000008ab00000| Untracked 
| 172|0x000000008ac00000, 0x000000008ac00000, 0x000000008ad00000|  0%| F|  |TAMS 0x000000008ac00000, 0x000000008ac00000| Untracked 
| 173|0x000000008ad00000, 0x000000008ad00000, 0x000000008ae00000|  0%| F|  |TAMS 0x000000008ad00000, 0x000000008ad00000| Untracked 
| 174|0x000000008ae00000, 0x000000008ae00000, 0x000000008af00000|  0%| F|  |TAMS 0x000000008ae00000, 0x000000008ae00000| Untracked 
| 175|0x000000008af00000, 0x000000008af00000, 0x000000008b000000|  0%| F|  |TAMS 0x000000008af00000, 0x000000008af00000| Untracked 
| 176|0x000000008b000000, 0x000000008b000000, 0x000000008b100000|  0%| F|  |TAMS 0x000000008b000000, 0x000000008b000000| Untracked 
| 177|0x000000008b100000, 0x000000008b100000, 0x000000008b200000|  0%| F|  |TAMS 0x000000008b100000, 0x000000008b100000| Untracked 
| 178|0x000000008b200000, 0x000000008b200000, 0x000000008b300000|  0%| F|  |TAMS 0x000000008b200000, 0x000000008b200000| Untracked 
| 179|0x000000008b300000, 0x000000008b300000, 0x000000008b400000|  0%| F|  |TAMS 0x000000008b300000, 0x000000008b300000| Untracked 
| 180|0x000000008b400000, 0x000000008b400000, 0x000000008b500000|  0%| F|  |TAMS 0x000000008b400000, 0x000000008b400000| Untracked 
| 181|0x000000008b500000, 0x000000008b500000, 0x000000008b600000|  0%| F|  |TAMS 0x000000008b500000, 0x000000008b500000| Untracked 
| 182|0x000000008b600000, 0x000000008b600000, 0x000000008b700000|  0%| F|  |TAMS 0x000000008b600000, 0x000000008b600000| Untracked 
| 183|0x000000008b700000, 0x000000008b700000, 0x000000008b800000|  0%| F|  |TAMS 0x000000008b700000, 0x000000008b700000| Untracked 
| 184|0x000000008b800000, 0x000000008b800000, 0x000000008b900000|  0%| F|  |TAMS 0x000000008b800000, 0x000000008b800000| Untracked 
| 185|0x000000008b900000, 0x000000008b900000, 0x000000008ba00000|  0%| F|  |TAMS 0x000000008b900000, 0x000000008b900000| Untracked 
| 186|0x000000008ba00000, 0x000000008ba00000, 0x000000008bb00000|  0%| F|  |TAMS 0x000000008ba00000, 0x000000008ba00000| Untracked 
| 187|0x000000008bb00000, 0x000000008bb00000, 0x000000008bc00000|  0%| F|  |TAMS 0x000000008bb00000, 0x000000008bb00000| Untracked 
| 188|0x000000008bc00000, 0x000000008bc00000, 0x000000008bd00000|  0%| F|  |TAMS 0x000000008bc00000, 0x000000008bc00000| Untracked 
| 189|0x000000008bd00000, 0x000000008bd00000, 0x000000008be00000|  0%| F|  |TAMS 0x000000008bd00000, 0x000000008bd00000| Untracked 
| 190|0x000000008be00000, 0x000000008be00000, 0x000000008bf00000|  0%| F|  |TAMS 0x000000008be00000, 0x000000008be00000| Untracked 
| 191|0x000000008bf00000, 0x000000008bf00000, 0x000000008c000000|  0%| F|  |TAMS 0x000000008bf00000, 0x000000008bf00000| Untracked 
| 192|0x000000008c000000, 0x000000008c000000, 0x000000008c100000|  0%| F|  |TAMS 0x000000008c000000, 0x000000008c000000| Untracked 
| 193|0x000000008c100000, 0x000000008c100000, 0x000000008c200000|  0%| F|  |TAMS 0x000000008c100000, 0x000000008c100000| Untracked 
| 194|0x000000008c200000, 0x000000008c200000, 0x000000008c300000|  0%| F|  |TAMS 0x000000008c200000, 0x000000008c200000| Untracked 
| 195|0x000000008c300000, 0x000000008c300000, 0x000000008c400000|  0%| F|  |TAMS 0x000000008c300000, 0x000000008c300000| Untracked 
| 196|0x000000008c400000, 0x000000008c400000, 0x000000008c500000|  0%| F|  |TAMS 0x000000008c400000, 0x000000008c400000| Untracked 
| 197|0x000000008c500000, 0x000000008c500000, 0x000000008c600000|  0%| F|  |TAMS 0x000000008c500000, 0x000000008c500000| Untracked 
| 198|0x000000008c600000, 0x000000008c600000, 0x000000008c700000|  0%| F|  |TAMS 0x000000008c600000, 0x000000008c600000| Untracked 
| 199|0x000000008c700000, 0x000000008c700000, 0x000000008c800000|  0%| F|  |TAMS 0x000000008c700000, 0x000000008c700000| Untracked 
| 200|0x000000008c800000, 0x000000008c800000, 0x000000008c900000|  0%| F|  |TAMS 0x000000008c800000, 0x000000008c800000| Untracked 
| 201|0x000000008c900000, 0x000000008c900000, 0x000000008ca00000|  0%| F|  |TAMS 0x000000008c900000, 0x000000008c900000| Untracked 
| 202|0x000000008ca00000, 0x000000008ca00000, 0x000000008cb00000|  0%| F|  |TAMS 0x000000008ca00000, 0x000000008ca00000| Untracked 
| 203|0x000000008cb00000, 0x000000008cb00000, 0x000000008cc00000|  0%| F|  |TAMS 0x000000008cb00000, 0x000000008cb00000| Untracked 
| 204|0x000000008cc00000, 0x000000008cc00000, 0x000000008cd00000|  0%| F|  |TAMS 0x000000008cc00000, 0x000000008cc00000| Untracked 
| 205|0x000000008cd00000, 0x000000008cd00000, 0x000000008ce00000|  0%| F|  |TAMS 0x000000008cd00000, 0x000000008cd00000| Untracked 
| 206|0x000000008ce00000, 0x000000008ce00000, 0x000000008cf00000|  0%| F|  |TAMS 0x000000008ce00000, 0x000000008ce00000| Untracked 
| 207|0x000000008cf00000, 0x000000008cf00000, 0x000000008d000000|  0%| F|  |TAMS 0x000000008cf00000, 0x000000008cf00000| Untracked 
| 208|0x000000008d000000, 0x000000008d000000, 0x000000008d100000|  0%| F|  |TAMS 0x000000008d000000, 0x000000008d000000| Untracked 
| 209|0x000000008d100000, 0x000000008d100000, 0x000000008d200000|  0%| F|  |TAMS 0x000000008d100000, 0x000000008d100000| Untracked 
| 210|0x000000008d200000, 0x000000008d29a010, 0x000000008d300000| 60%| S|CS|TAMS 0x000000008d200000, 0x000000008d200000| Complete 
| 211|0x000000008d300000, 0x000000008d300000, 0x000000008d400000|  0%| F|  |TAMS 0x000000008d300000, 0x000000008d300000| Untracked 
| 212|0x000000008d400000, 0x000000008d400000, 0x000000008d500000|  0%| F|  |TAMS 0x000000008d400000, 0x000000008d400000| Untracked 
| 213|0x000000008d500000, 0x000000008d500000, 0x000000008d600000|  0%| F|  |TAMS 0x000000008d500000, 0x000000008d500000| Untracked 
| 214|0x000000008d600000, 0x000000008d600000, 0x000000008d700000|  0%| F|  |TAMS 0x000000008d600000, 0x000000008d600000| Untracked 

Card table byte_map: [0x000001e4c8f20000,0x000001e4c9320000] _byte_map_base: 0x000001e4c8b20000

Marking Bits (Prev, Next): (CMBitMap*) 0x000001e4b24b9020, (CMBitMap*) 0x000001e4b24b8fe8
 Prev Bits: [0x000001e4cb720000, 0x000001e4cd720000)
 Next Bits: [0x000001e4c9720000, 0x000001e4cb720000)

Polling page: 0x000001e4b0440000

Metaspace:

Usage:
  Non-class:     45.32 MB capacity,    44.50 MB ( 98%) used,   683.54 KB (  1%) free+waste,   156.06 KB ( <1%) overhead. 
      Class:      7.29 MB capacity,     6.63 MB ( 91%) used,   591.23 KB (  8%) free+waste,    79.00 KB (  1%) overhead. 
       Both:     52.61 MB capacity,    51.14 MB ( 97%) used,     1.24 MB (  2%) free+waste,   235.06 KB ( <1%) overhead. 

Virtual space:
  Non-class space:       54.00 MB reserved,      45.35 MB ( 84%) committed 
      Class space:      504.00 MB reserved,       7.38 MB (  1%) committed 
             Both:      558.00 MB reserved,      52.73 MB (  9%) committed 

Chunk freelists:
   Non-Class:  3.63 KB
       Class:  3.00 KB
        Both:  6.63 KB

CodeHeap 'non-profiled nmethods': size=120064Kb used=3556Kb max_used=3556Kb free=116507Kb
 bounds [0x000001e4c15e0000, 0x000001e4c1960000, 0x000001e4c8b20000]
CodeHeap 'profiled nmethods': size=120000Kb used=11578Kb max_used=11578Kb free=108422Kb
 bounds [0x000001e4ba0b0000, 0x000001e4bac00000, 0x000001e4c15e0000]
CodeHeap 'non-nmethods': size=5696Kb used=2237Kb max_used=2261Kb free=3458Kb
 bounds [0x000001e4b9b20000, 0x000001e4b9d90000, 0x000001e4ba0b0000]
 total_blobs=6375 nmethods=5560 adapters=726
 compilation: enabled
              stopped_count=0, restarted_count=0
 full_count=0

Compilation events (10 events):
Event: 1675.506 Thread 0x000001e4d0555800 5703   !   3       java.lang.reflect.Field::declaredAnnotations (82 bytes)
Event: 1675.508 Thread 0x000001e4d0555800 nmethod 5703 0x000001e4babfad90 code [0x000001e4babfaf80, 0x000001e4babfb528]
Event: 1675.508 Thread 0x000001e4d0555800 5704       3       org.gradle.model.internal.asm.MethodVisitorScope::_GOTO (9 bytes)
Event: 1675.509 Thread 0x000001e4d0555800 nmethod 5704 0x000001e4babfb790 code [0x000001e4babfb940, 0x000001e4babfbba8]
Event: 1679.626 Thread 0x000001e4d0555800 5705  s!   3       sun.nio.ch.NativeThreadSet::signalAndWait (134 bytes)
Event: 1679.656 Thread 0x000001e4d0555800 nmethod 5705 0x000001e4babfbc90 code [0x000001e4babfbe80, 0x000001e4babfc598]
Event: 1682.986 Thread 0x000001e4d0554800 5706       4       org.objectweb.asm.Label::resolve (219 bytes)
Event: 1683.048 Thread 0x000001e4d0554800 nmethod 5706 0x000001e4c1958c90 code [0x000001e4c1958e20, 0x000001e4c1959098]
Event: 1689.680 Thread 0x000001e4d0555800 5707   !   3       sun.nio.ch.FileLockTable::removeAll (148 bytes)
Event: 1690.008 Thread 0x000001e4d0555800 nmethod 5707 0x000001e4babfc810 code [0x000001e4babfcae0, 0x000001e4babfdf98]

GC Heap History (10 events):
Event: 1537.360 GC heap before
{Heap before GC invocations=44 (full 0):
 garbage-first heap   total 220160K, used 42953K [0x0000000080000000, 0x0000000100000000)
  region size 1024K, 10 young (10240K), 1 survivors (1024K)
 Metaspace       used 50896K, capacity 52303K, committed 52456K, reserved 563200K
  class space    used 6620K, capacity 7215K, committed 7296K, reserved 516096K
}
Event: 1537.536 GC heap after
{Heap after GC invocations=45 (full 0):
 garbage-first heap   total 220160K, used 34063K [0x0000000080000000, 0x0000000100000000)
  region size 1024K, 2 young (2048K), 2 survivors (2048K)
 Metaspace       used 50896K, capacity 52303K, committed 52456K, reserved 563200K
  class space    used 6620K, capacity 7215K, committed 7296K, reserved 516096K
}
Event: 1563.118 GC heap before
{Heap before GC invocations=45 (full 0):
 garbage-first heap   total 220160K, used 42255K [0x0000000080000000, 0x0000000100000000)
  region size 1024K, 10 young (10240K), 2 survivors (2048K)
 Metaspace       used 51157K, capacity 52615K, committed 52840K, reserved 563200K
  class space    used 6656K, capacity 7297K, committed 7424K, reserved 516096K
}
Event: 1563.264 GC heap after
{Heap after GC invocations=46 (full 0):
 garbage-first heap   total 220160K, used 34344K [0x0000000080000000, 0x0000000100000000)
  region size 1024K, 2 young (2048K), 2 survivors (2048K)
 Metaspace       used 51157K, capacity 52615K, committed 52840K, reserved 563200K
  class space    used 6656K, capacity 7297K, committed 7424K, reserved 516096K
}
Event: 1576.457 GC heap before
{Heap before GC invocations=46 (full 0):
 garbage-first heap   total 220160K, used 48680K [0x0000000080000000, 0x0000000100000000)
  region size 1024K, 10 young (10240K), 2 survivors (2048K)
 Metaspace       used 51332K, capacity 52876K, committed 53096K, reserved 563200K
  class space    used 6674K, capacity 7340K, committed 7424K, reserved 516096K
}
Event: 1577.215 GC heap after
{Heap after GC invocations=47 (full 0):
 garbage-first heap   total 220160K, used 41981K [0x0000000080000000, 0x0000000100000000)
  region size 1024K, 2 young (2048K), 2 survivors (2048K)
 Metaspace       used 51332K, capacity 52876K, committed 53096K, reserved 563200K
  class space    used 6674K, capacity 7340K, committed 7424K, reserved 516096K
}
Event: 1659.740 GC heap before
{Heap before GC invocations=47 (full 0):
 garbage-first heap   total 220160K, used 49149K [0x0000000080000000, 0x0000000100000000)
  region size 1024K, 10 young (10240K), 2 survivors (2048K)
 Metaspace       used 51952K, capacity 53474K, committed 53608K, reserved 563200K
  class space    used 6740K, capacity 7393K, committed 7424K, reserved 516096K
}
Event: 1659.798 GC heap after
{Heap after GC invocations=48 (full 0):
 garbage-first heap   total 220160K, used 42654K [0x0000000080000000, 0x0000000100000000)
  region size 1024K, 1 young (1024K), 1 survivors (1024K)
 Metaspace       used 51952K, capacity 53474K, committed 53608K, reserved 563200K
  class space    used 6740K, capacity 7393K, committed 7424K, reserved 516096K
}
Event: 1691.657 GC heap before
{Heap before GC invocations=48 (full 0):
 garbage-first heap   total 220160K, used 45726K [0x0000000080000000, 0x0000000100000000)
  region size 1024K, 5 young (5120K), 1 survivors (1024K)
 Metaspace       used 52365K, capacity 53875K, committed 53992K, reserved 569344K
  class space    used 6793K, capacity 7464K, committed 7552K, reserved 516096K
}
Event: 1691.751 GC heap after
{Heap after GC invocations=49 (full 0):
 garbage-first heap   total 220160K, used 42660K [0x0000000080000000, 0x0000000100000000)
  region size 1024K, 1 young (1024K), 1 survivors (1024K)
 Metaspace       used 52365K, capacity 53875K, committed 53992K, reserved 569344K
  class space    used 6793K, capacity 7464K, committed 7552K, reserved 516096K
}

Deoptimization events (10 events):
Event: 1543.898 Thread 0x000001e4d0f96800 Uncommon trap: reason=unstable_if action=reinterpret pc=0x000001e4c17eb99c method=java.util.concurrent.locks.ReentrantLock$Sync.nonfairTryAcquire(I)Z @ 19 c2
Event: 1555.941 Thread 0x000001e4d4fac800 Uncommon trap: reason=unstable_if action=reinterpret pc=0x000001e4c16ba2e8 method=java.util.concurrent.ConcurrentHashMap.transfer([Ljava/util/concurrent/ConcurrentHashMap$Node;[Ljava/util/concurrent/ConcurrentHashMap$Node;)V @ 34 c2
Event: 1555.999 Thread 0x000001e4d54ed800 Uncommon trap: reason=unstable_if action=reinterpret pc=0x000001e4c16ba408 method=java.util.concurrent.ConcurrentHashMap.transfer([Ljava/util/concurrent/ConcurrentHashMap$Node;[Ljava/util/concurrent/ConcurrentHashMap$Node;)V @ 273 c2
Event: 1563.274 Thread 0x000001e4d0f96800 Uncommon trap: reason=unstable_if action=reinterpret pc=0x000001e4c18e10c4 method=org.gradle.internal.snapshot.PathUtil.equalChars(CCLorg/gradle/internal/snapshot/CaseSensitivity;)Z @ 11 c2
Event: 1568.809 Thread 0x000001e4d0f96800 Uncommon trap: reason=unstable_if action=reinterpret pc=0x000001e4c1641e5c method=java.util.jar.Manifest$FastInputStream.readLine([BII)I @ 130 c2
Event: 1574.136 Thread 0x000001e4d0f96800 Uncommon trap: reason=unstable_if action=reinterpret pc=0x000001e4c186cd64 method=java.lang.StringCoding.newStringUTF8NoRepl([BII)Ljava/lang/String; @ 12 c2
Event: 1582.901 Thread 0x000001e4d0f96800 Uncommon trap: reason=unstable_if action=reinterpret pc=0x000001e4c1785e70 method=java.util.stream.StreamOpFlag.fromCharacteristics(Ljava/util/Spliterator;)I @ 10 c2
Event: 1591.466 Thread 0x000001e4d0f96800 Uncommon trap: reason=unstable_if action=reinterpret pc=0x000001e4c16a3a70 method=java.lang.String.replace(CC)Ljava/lang/String; @ 2 c2
Event: 1594.760 Thread 0x000001e4d0f96800 Uncommon trap: reason=unstable_if action=reinterpret pc=0x000001e4c1945d1c method=groovy.lang.MetaClassImpl.checkIfStdMethod(Lgroovy/lang/MetaMethod;)V @ 55 c2
Event: 1679.638 Thread 0x000001e4d0f96800 Uncommon trap: reason=predicate action=maybe_recompile pc=0x000001e4c16787b0 method=java.util.AbstractCollection.addAll(Ljava/util/Collection;)Z @ 15 c2

Classes redefined (0 events):
No events

Internal exceptions (10 events):
Event: 1599.561 Thread 0x000001e4d0f96800 Exception <a 'java/lang/ClassNotFoundException'{0x000000008d269db0}: org/gradle/api/internal/project/DefaultAntBuilderBeanInfo> (0x000000008d269db0) thrown at [./open/src/hotspot/share/classfile/systemDictionary.cpp, line 226]
Event: 1606.595 Thread 0x000001e4d0f96800 Exception <a 'java/lang/ClassNotFoundException'{0x000000008d2ded70}: org/gradle/api/internal/project/ant/BasicAntBuilderBeanInfo> (0x000000008d2ded70) thrown at [./open/src/hotspot/share/classfile/systemDictionary.cpp, line 226]
Event: 1610.069 Thread 0x000001e4d0f96800 Exception <a 'java/lang/ClassNotFoundException'{0x000000008d110138}: org/gradle/api/AntBuilderBeanInfo> (0x000000008d110138) thrown at [./open/src/hotspot/share/classfile/systemDictionary.cpp, line 226]
Event: 1614.163 Thread 0x000001e4d0f96800 Exception <a 'java/lang/ClassNotFoundException'{0x000000008d173170}: groovy/ant/AntBuilderBeanInfo> (0x000000008d173170) thrown at [./open/src/hotspot/share/classfile/systemDictionary.cpp, line 226]
Event: 1635.890 Thread 0x000001e4d0f96800 Exception <a 'java/lang/ClassNotFoundException'{0x000000008d08baf8}: groovy/util/BuilderSupportBeanInfo> (0x000000008d08baf8) thrown at [./open/src/hotspot/share/classfile/systemDictionary.cpp, line 226]
Event: 1650.808 Thread 0x000001e4d0f96800 Exception <a 'java/lang/ClassNotFoundException'{0x000000008cf93e98}: groovy/util/BuilderSupportCustomizer> (0x000000008cf93e98) thrown at [./open/src/hotspot/share/classfile/systemDictionary.cpp, line 226]
Event: 1659.017 Thread 0x000001e4d0f96800 Exception <a 'java/lang/ClassNotFoundException'{0x000000008cfd5d88}: groovy/ant/AntBuilderCustomizer> (0x000000008cfd5d88) thrown at [./open/src/hotspot/share/classfile/systemDictionary.cpp, line 226]
Event: 1660.348 Thread 0x000001e4d0f96800 Exception <a 'java/lang/ClassNotFoundException'{0x000000008d647d98}: org/gradle/api/AntBuilderCustomizer> (0x000000008d647d98) thrown at [./open/src/hotspot/share/classfile/systemDictionary.cpp, line 226]
Event: 1661.112 Thread 0x000001e4d0f96800 Exception <a 'java/lang/ClassNotFoundException'{0x000000008d6852d8}: org/gradle/api/internal/project/ant/BasicAntBuilderCustomizer> (0x000000008d6852d8) thrown at [./open/src/hotspot/share/classfile/systemDictionary.cpp, line 226]
Event: 1661.199 Thread 0x000001e4d0f96800 Exception <a 'java/lang/ClassNotFoundException'{0x000000008d6c76f8}: org/gradle/api/internal/project/DefaultAntBuilderCustomizer> (0x000000008d6c76f8) thrown at [./open/src/hotspot/share/classfile/systemDictionary.cpp, line 226]

Events (10 events):
Event: 1691.316 loading class com/sun/jmx/mbeanserver/SecureClassLoaderRepository done
Event: 1691.316 loading class com/sun/jmx/mbeanserver/JmxMBeanServer$1
Event: 1691.332 loading class com/sun/jmx/mbeanserver/JmxMBeanServer$1 done
Event: 1691.332 loading class com/sun/jmx/mbeanserver/Repository
Event: 1691.431 loading class com/sun/jmx/mbeanserver/Repository done
Event: 1691.466 loading class java/util/concurrent/locks/ReentrantReadWriteLock$FairSync
Event: 1691.485 loading class java/util/concurrent/locks/ReentrantReadWriteLock$FairSync done
Event: 1691.506 loading class com/sun/jmx/interceptor/DefaultMBeanServerInterceptor
Event: 1691.624 loading class com/sun/jmx/interceptor/MBeanServerInterceptor
Event: 1691.657 Executing VM operation: CollectForMetadataAllocation


Dynamic libraries:
0x00007ff7cc670000 - 0x00007ff7cc67f000 	C:\Program Files\Java\jdk-11.0.16.1\bin\java.exe
0x00007ffa03770000 - 0x00007ffa03984000 	C:\WINDOWS\SYSTEM32\ntdll.dll
0x00007ffa02a80000 - 0x00007ffa02b44000 	C:\WINDOWS\System32\KERNEL32.DLL
0x00007ffa00b20000 - 0x00007ffa00ec4000 	C:\WINDOWS\System32\KERNELBASE.dll
0x00007ffa00ed0000 - 0x00007ffa00fe1000 	C:\WINDOWS\System32\ucrtbase.dll
0x00007ff9c9b60000 - 0x00007ff9c9b78000 	C:\Program Files\Java\jdk-11.0.16.1\bin\jli.dll
0x00007ffa029d0000 - 0x00007ffa02a80000 	C:\WINDOWS\System32\ADVAPI32.dll
0x00007ffa02c40000 - 0x00007ffa02ce7000 	C:\WINDOWS\System32\msvcrt.dll
0x00007ffa01500000 - 0x00007ffa015a6000 	C:\WINDOWS\System32\sechost.dll
0x00007ffa01bc0000 - 0x00007ffa01cd7000 	C:\WINDOWS\System32\RPCRT4.dll
0x00007ffa026b0000 - 0x00007ffa0285e000 	C:\WINDOWS\System32\USER32.dll
0x00007ffa013b0000 - 0x00007ffa013d6000 	C:\WINDOWS\System32\win32u.dll
0x00007ffa036f0000 - 0x00007ffa03719000 	C:\WINDOWS\System32\GDI32.dll
0x00007ffa013e0000 - 0x00007ffa014f8000 	C:\WINDOWS\System32\gdi32full.dll
0x00007ffa00ff0000 - 0x00007ffa0108a000 	C:\WINDOWS\System32\msvcp_win.dll
0x00007ff9a42f0000 - 0x00007ff9a4305000 	C:\Program Files\Java\jdk-11.0.16.1\bin\VCRUNTIME140.dll
0x00007ff9eb0d0000 - 0x00007ff9eb363000 	C:\WINDOWS\WinSxS\amd64_microsoft.windows.common-controls_6595b64144ccf1df_6.0.22621.2215_none_270d72677387dfc3\COMCTL32.dll
0x00007ff9f8b20000 - 0x00007ff9f8b2a000 	C:\WINDOWS\SYSTEM32\VERSION.dll
0x00007ffa01b80000 - 0x00007ffa01bb1000 	C:\WINDOWS\System32\IMM32.DLL
0x00007ff99a650000 - 0x00007ff99a6eb000 	C:\Program Files\Java\jdk-11.0.16.1\bin\msvcp140.dll
0x00007ff984530000 - 0x00007ff985048000 	C:\Program Files\Java\jdk-11.0.16.1\bin\server\jvm.dll
0x00007ffa03720000 - 0x00007ffa03728000 	C:\WINDOWS\System32\PSAPI.DLL
0x00007ff9fbb40000 - 0x00007ff9fbb49000 	C:\WINDOWS\SYSTEM32\WSOCK32.dll
0x00007ff9fa870000 - 0x00007ff9fa8a4000 	C:\WINDOWS\SYSTEM32\WINMM.dll
0x00007ffa02d40000 - 0x00007ffa02db1000 	C:\WINDOWS\System32\ws2_32.DLL
0x00007ff9ffae0000 - 0x00007ff9ffaf8000 	C:\WINDOWS\SYSTEM32\kernel.appcore.dll
0x00007ff9fb680000 - 0x00007ff9fb690000 	C:\Program Files\Java\jdk-11.0.16.1\bin\verify.dll
0x00007ff9fe450000 - 0x00007ff9fe67e000 	C:\WINDOWS\SYSTEM32\DBGHELP.DLL
0x00007ffa02f20000 - 0x00007ffa032aa000 	C:\WINDOWS\System32\combase.dll
0x00007ffa02b50000 - 0x00007ffa02c27000 	C:\WINDOWS\System32\OLEAUT32.dll
0x00007ff9e66e0000 - 0x00007ff9e6712000 	C:\WINDOWS\SYSTEM32\dbgcore.DLL
0x00007ffa01100000 - 0x00007ffa0117a000 	C:\WINDOWS\System32\bcryptPrimitives.dll
0x00007ff9a5590000 - 0x00007ff9a55b8000 	C:\Program Files\Java\jdk-11.0.16.1\bin\java.dll
0x00007ff9e6220000 - 0x00007ff9e622a000 	C:\Program Files\Java\jdk-11.0.16.1\bin\jimage.dll
0x00007ff9a25f0000 - 0x00007ff9a2606000 	C:\Program Files\Java\jdk-11.0.16.1\bin\zip.dll
0x00007ffa01ce0000 - 0x00007ffa02503000 	C:\WINDOWS\System32\SHELL32.dll
0x00007ff9fea60000 - 0x00007ff9ff34a000 	C:\WINDOWS\SYSTEM32\windows.storage.dll
0x00007ff9fe920000 - 0x00007ff9fea5e000 	C:\WINDOWS\SYSTEM32\wintypes.dll
0x00007ffa02dd0000 - 0x00007ffa02ec3000 	C:\WINDOWS\System32\SHCORE.dll
0x00007ffa032b0000 - 0x00007ffa0330e000 	C:\WINDOWS\System32\shlwapi.dll
0x00007ffa00a50000 - 0x00007ffa00a76000 	C:\WINDOWS\SYSTEM32\profapi.dll
0x00007ff9a5570000 - 0x00007ff9a5589000 	C:\Program Files\Java\jdk-11.0.16.1\bin\net.dll
0x00007ff9f8f80000 - 0x00007ff9f90b7000 	C:\WINDOWS\SYSTEM32\WINHTTP.dll
0x00007ff9fffd0000 - 0x00007ffa00039000 	C:\WINDOWS\system32\mswsock.dll
0x00007ff9a2a40000 - 0x00007ff9a2a52000 	C:\Program Files\Java\jdk-11.0.16.1\bin\nio.dll
0x00007ff9cc690000 - 0x00007ff9cc6b7000 	C:\Users\Office Laptop2\.gradle\native\68d5fa5c4cc2d200863cafc0d521ce42e7d3e7ee720ec0a83991735586a16f82\windows-amd64\native-platform.dll
0x00007ff98e130000 - 0x00007ff98e274000 	C:\Users\Office Laptop2\.gradle\native\e376f236ea51e6404a007f0833ffe2c6e607c4080706a723a18a27aeea778392\windows-amd64\native-platform-file-events.dll
0x00007ff9d3ab0000 - 0x00007ff9d3ab9000 	C:\Program Files\Java\jdk-11.0.16.1\bin\management.dll
0x00007ff9cf730000 - 0x00007ff9cf73b000 	C:\Program Files\Java\jdk-11.0.16.1\bin\management_ext.dll
0x00007ffa00240000 - 0x00007ffa0025b000 	C:\WINDOWS\SYSTEM32\CRYPTSP.dll
0x00007ff9ffaa0000 - 0x00007ff9ffad5000 	C:\WINDOWS\system32\rsaenh.dll
0x00007ffa000e0000 - 0x00007ffa0010c000 	C:\WINDOWS\SYSTEM32\USERENV.dll
0x00007ffa00400000 - 0x00007ffa00428000 	C:\WINDOWS\SYSTEM32\bcrypt.dll
0x00007ffa00260000 - 0x00007ffa0026c000 	C:\WINDOWS\SYSTEM32\CRYPTBASE.dll
0x00007ff9ff5f0000 - 0x00007ff9ff61d000 	C:\WINDOWS\SYSTEM32\IPHLPAPI.DLL
0x00007ffa02d10000 - 0x00007ffa02d19000 	C:\WINDOWS\System32\NSI.dll
0x00007ff9f8c60000 - 0x00007ff9f8c79000 	C:\WINDOWS\SYSTEM32\dhcpcsvc6.DLL
0x00007ff9f8c40000 - 0x00007ff9f8c5f000 	C:\WINDOWS\SYSTEM32\dhcpcsvc.DLL
0x00007ff9ff620000 - 0x00007ff9ff712000 	C:\WINDOWS\SYSTEM32\DNSAPI.dll

dbghelp: loaded successfully - version: 4.0.5 - missing functions: none
symbol engine: initialized successfully - sym options: 0x614 - pdb path: .;C:\Program Files\Java\jdk-11.0.16.1\bin;C:\WINDOWS\SYSTEM32;C:\WINDOWS\WinSxS\amd64_microsoft.windows.common-controls_6595b64144ccf1df_6.0.22621.2215_none_270d72677387dfc3;C:\Program Files\Java\jdk-11.0.16.1\bin\server;C:\Users\Office Laptop2\.gradle\native\68d5fa5c4cc2d200863cafc0d521ce42e7d3e7ee720ec0a83991735586a16f82\windows-amd64;C:\Users\Office Laptop2\.gradle\native\e376f236ea51e6404a007f0833ffe2c6e607c4080706a723a18a27aeea778392\windows-amd64

VM Arguments:
jvm_args: -XX:MaxMetaspaceSize=512m --add-opens=java.base/java.util=ALL-UNNAMED --add-opens=java.base/java.lang=ALL-UNNAMED --add-opens=java.base/java.lang.invoke=ALL-UNNAMED --add-opens=java.prefs/java.util.prefs=ALL-UNNAMED --add-opens=java.base/java.nio.charset=ALL-UNNAMED --add-opens=java.base/java.net=ALL-UNNAMED --add-opens=java.base/java.util.concurrent.atomic=ALL-UNNAMED -Xmx2048m -Dfile.encoding=windows-1252 -Duser.country=IN -Duser.language=en -Duser.variant 
java_command: org.gradle.launcher.daemon.bootstrap.GradleDaemon 8.0.1
java_class_path (initial): C:\Users\Office Laptop2\.gradle\wrapper\dists\gradle-8.0.1-all\aro4hu1c3oeioove7l0i4i14o\gradle-8.0.1\lib\gradle-launcher-8.0.1.jar
Launcher Type: SUN_STANDARD

[Global flags]
     intx CICompilerCount                          = 3                                         {product} {ergonomic}
   size_t CompressedClassSpaceSize                 = 528482304                                 {product} {ergonomic}
     uint ConcGCThreads                            = 1                                         {product} {ergonomic}
     uint G1ConcRefinementThreads                  = 4                                         {product} {ergonomic}
   size_t G1HeapRegionSize                         = 1048576                                   {product} {ergonomic}
    uintx GCDrainStackTargetSize                   = 64                                        {product} {ergonomic}
   size_t InitialHeapSize                          = 132120576                                 {product} {ergonomic}
   size_t MarkStackSize                            = 4194304                                   {product} {ergonomic}
   size_t MaxHeapSize                              = 2147483648                                {product} {command line}
   size_t MaxMetaspaceSize                         = 536870912                                 {product} {command line}
   size_t MaxNewSize                               = 1287651328                                {product} {ergonomic}
   size_t MinHeapDeltaBytes                        = 1048576                                   {product} {ergonomic}
    uintx NonNMethodCodeHeapSize                   = 5830732                                {pd product} {ergonomic}
    uintx NonProfiledCodeHeapSize                  = 122913754                              {pd product} {ergonomic}
    uintx ProfiledCodeHeapSize                     = 122913754                              {pd product} {ergonomic}
    uintx ReservedCodeCacheSize                    = 251658240                              {pd product} {ergonomic}
     bool SegmentedCodeCache                       = true                                      {product} {ergonomic}
     bool UseCompressedClassPointers               = true                                 {lp64_product} {ergonomic}
     bool UseCompressedOops                        = true                                 {lp64_product} {ergonomic}
     bool UseG1GC                                  = true                                      {product} {ergonomic}
     bool UseLargePagesIndividualAllocation        = false                                  {pd product} {ergonomic}

Logging:
Log output configuration:
 #0: stdout all=warning uptime,level,tags
 #1: stderr all=off uptime,level,tags

Environment Variables:
JAVA_HOME=C:\Program Files\Java\jdk-11.0.16.1
CLASSPATH=C:\work\pilotapp\pilot-app-new\android\\gradle\wrapper\gradle-wrapper.jar
PATH=C:\work\pilotapp\pilot-app-new\node_modules\.bin;C:\work\pilotapp\pilot-app-new\node_modules\.bin;C:\work\pilotapp\node_modules\.bin;C:\work\node_modules\.bin;C:\node_modules\.bin;C:\Program Files\nodejs\node_modules\npm\node_modules\@npmcli\run-script\lib\node-gyp-bin;C:\work\pilotapp\pilot-app-new\node_modules\.bin;C:\work\pilotapp\pilot-app-new\node_modules\.bin;C:\work\pilotapp\node_modules\.bin;C:\work\node_modules\.bin;C:\node_modules\.bin;C:\Program Files\nodejs\node_modules\npm\node_modules\@npmcli\run-script\lib\node-gyp-bin;C:\Program Files\Common Files\Oracle\Java\javapath;C:\WINDOWS\system32;C:\WINDOWS;C:\WINDOWS\System32\Wbem;C:\WINDOWS\System32\WindowsPowerShell\v1.0\;C:\WINDOWS\System32\OpenSSH\;C:\Program Files\nodejs\;C:\Program Files\Git\cmd;C:\Program Files\Java\jdk-11.0.16.1;C:\Users\Office Laptop2\AppData\Roaming\npm;C:\Program Files (x86)\Microsoft SQL Server\160\Tools\Binn\;C:\Program Files\Microsoft SQL Server\160\Tools\Binn\;C:\Program Files\Microsoft SQL Server\Client SDK\ODBC\170\Tools\Binn\;C:\Program Files\Microsoft SQL Server\160\DTS\Binn\;C:\Program Files (x86)\Microsoft SQL Server\160\DTS\Binn\;C:\Program Files\Azure Data Studio\bin;C:\Gradle\gradle-8.2.1\bin;C:\Users\Office Laptop2\AppData\Local\Android\Sdk\emulator;C:\Users\Office Laptop2\AppData\Local\Android\Sdk\build-tools;C:\Users\Office Laptop2\AppData\Local\Android\Sdk\platform-tools;C:\Users\Office Laptop2\AppData\Local\Android\Sdk\cmdline-tools\latest\bin;C:\Users\Office Laptop2\AppData\Local\Android\Sdk\tools;C:\Users\Office Laptop2\.console-ninja\.bin;C:\Users\Office Laptop2\AppData\Local\Programs\Python\Python311\Scripts\;C:\Users\Office Laptop2\AppData\Local\Programs\Python\Python311\;C:\Users\Office Laptop2\AppData\Local\Programs\Microsoft VS Code\bin;;C:\Users\Office Laptop2\AppData\Local\Microsoft\WindowsApps;C:\Program Files\Azure Data Studio\bin
USERNAME=Office Laptop2
OS=Windows_NT
PROCESSOR_IDENTIFIER=Intel64 Family 6 Model 142 Stepping 12, GenuineIntel



---------------  S Y S T E M  ---------------

OS: Windows 11 , 64 bit Build 22621 (10.0.22621.2215)
Hyper-V role detected

CPU:total 4 (initial active 4) (2 cores per cpu, 2 threads per core) family 6 model 142 stepping 12 microcode 0xf0, cmov, cx8, fxsr, mmx, sse, sse2, sse3, ssse3, sse4.1, sse4.2, popcnt, avx, avx2, aes, clmul, erms, 3dnowpref, lzcnt, ht, tsc, tscinvbit, bmi1, bmi2, adx, fma

Memory: 4k page, system-wide physical 8026M (4M free)
TotalPageFile size 32602M (AvailPageFile size 0M)
current process WorkingSet (physical memory assigned to process): 35M, peak: 114M
current process commit charge ("private bytes"): 398M, peak: 399M

vm_info: Java HotSpot(TM) 64-Bit Server VM (11.0.16.1+1-LTS-1) for windows-amd64 JRE (11.0.16.1+1-LTS-1), built on Aug 16 2022 01:46:01 by "mach5one" with MS VC++ 15.9 (VS2017)

END.
