#
# There is insufficient memory for the Java Runtime Environment to continue.
# Native memory allocation (malloc) failed to allocate 1048176 bytes for Chunk::new
# Possible reasons:
#   The system is out of physical RAM or swap space
#   The process is running with CompressedOops enabled, and the Java Heap may be blocking the growth of the native heap
# Possible solutions:
#   Reduce memory load on the system
#   Increase physical memory or swap space
#   Check if swap backing store is full
#   Decrease Java heap size (-Xmx/-Xms)
#   Decrease number of Java threads
#   Decrease Java thread stack sizes (-Xss)
#   Set larger code cache with -XX:ReservedCodeCacheSize=
#   JVM is running with Unscaled Compressed Oops mode in which the Java heap is
#     placed in the first 4GB address space. The Java Heap base address is the
#     maximum limit for the native heap growth. Please use -XX:HeapBaseMinAddress
#     to set the Java Heap base and to place the Java Heap above 4GB virtual address.
# This output file may be truncated or incomplete.
#
#  Out of Memory Error (./open/src/hotspot/share/memory/arena.cpp:197), pid=24544, tid=15596
#
# JRE version: Java(TM) SE Runtime Environment 18.9 (11.0.16.1+1) (build 11.0.16.1+1-LTS-1)
# Java VM: Java HotSpot(TM) 64-Bit Server VM 18.9 (11.0.16.1+1-LTS-1, mixed mode, tiered, compressed oops, g1 gc, windows-amd64)
# No core dump will be written. Minidumps are not enabled by default on client versions of Windows
#

---------------  S U M M A R Y ------------

Command Line: -XX:MaxMetaspaceSize=512m --add-opens=java.base/java.util=ALL-UNNAMED --add-opens=java.base/java.lang=ALL-UNNAMED --add-opens=java.base/java.lang.invoke=ALL-UNNAMED --add-opens=java.prefs/java.util.prefs=ALL-UNNAMED --add-opens=java.base/java.nio.charset=ALL-UNNAMED --add-opens=java.base/java.net=ALL-UNNAMED --add-opens=java.base/java.util.concurrent.atomic=ALL-UNNAMED -Xmx2048m -Dfile.encoding=windows-1252 -Duser.country=IN -Duser.language=en -Duser.variant org.gradle.launcher.daemon.bootstrap.GradleDaemon 8.0.1

Host: Intel(R) Core(TM) i3-10110U CPU @ 2.10GHz, 4 cores, 7G,  Windows 11 , 64 bit Build 22621 (10.0.22621.2215)
Time: Tue Oct  3 13:11:09 2023 India Standard Time elapsed time: 2200.564095 seconds (0d 0h 36m 40s)

---------------  T H R E A D  ---------------

Current thread (0x00000220cc041800):  JavaThread "C2 CompilerThread0" daemon [_thread_in_native, id=15596, stack(0x00000085a2000000,0x00000085a2100000)]


Current CompileTask:
C2:2200572 7083       4       sun.reflect.generics.parser.SignatureParser::parsePackageNameAndSimpleClassTypeSignature (119 bytes)

Stack: [0x00000085a2000000,0x00000085a2100000]
Native frames: (J=compiled Java code, j=interpreted, Vv=VM code, C=native code)
V  [jvm.dll+0x62a3da]
V  [jvm.dll+0x76407f]
V  [jvm.dll+0x765729]
V  [jvm.dll+0x765db3]
V  [jvm.dll+0x23dc18]
V  [jvm.dll+0xb2a1c]
V  [jvm.dll+0xb2fdc]
V  [jvm.dll+0x2ae994]
V  [jvm.dll+0x53d98b]
V  [jvm.dll+0x200a07]
V  [jvm.dll+0x1fa79a]
V  [jvm.dll+0x1f774d]
V  [jvm.dll+0x177c81]
V  [jvm.dll+0x207186]
V  [jvm.dll+0x20531b]
V  [jvm.dll+0x729f60]
V  [jvm.dll+0x722b34]
V  [jvm.dll+0x629276]
C  [ucrtbase.dll+0x29363]
C  [KERNEL32.DLL+0x1257d]
C  [ntdll.dll+0x5aa68]


---------------  P R O C E S S  ---------------

Threads class SMR info:
_java_thread_list=0x00000220d21f4f70, length=64, elements={
0x00000220adf6f800, 0x00000220cb6e9800, 0x00000220cb6d8000, 0x00000220cb73e000,
0x00000220cb6f2000, 0x00000220cb6f3000, 0x00000220cc041800, 0x00000220cc044000,
0x00000220cc0a4800, 0x00000220cc1a5000, 0x00000220cd9bd800, 0x00000220ce7b6800,
0x00000220cce8d800, 0x00000220ccd96800, 0x00000220ce416000, 0x00000220ce2db000,
0x00000220cd332000, 0x00000220ce1e6000, 0x00000220cced5000, 0x00000220cced6000,
0x00000220cced7000, 0x00000220cced8800, 0x00000220cced3800, 0x00000220cced7800,
0x00000220cceda000, 0x00000220cced4800, 0x00000220cef6a800, 0x00000220cef6d800,
0x00000220cef6c000, 0x00000220cef6b800, 0x00000220cef6e800, 0x00000220cef72800,
0x00000220cef74800, 0x00000220cef75000, 0x00000220cef6f800, 0x00000220cef76000,
0x00000220cef70000, 0x00000220cef72000, 0x00000220cef76800, 0x00000220cef71000,
0x00000220cef77800, 0x00000220cef78800, 0x00000220cced9800, 0x00000220d04c5000,
0x00000220d04c3000, 0x00000220d04c7800, 0x00000220d04c5800, 0x00000220d04c9000,
0x00000220d04c8000, 0x00000220d04ca000, 0x00000220d04c4000, 0x00000220d04ca800,
0x00000220d04cb800, 0x00000220d04cc000, 0x00000220d04c6800, 0x00000220d04d1000,
0x00000220d04ce800, 0x00000220d04ce000, 0x00000220d04d2000, 0x00000220d04cd000,
0x00000220d04cf800, 0x00000220d04d0800, 0x00000220cf03b000, 0x00000220cf03c800
}

Java Threads: ( => current thread )
  0x00000220adf6f800 JavaThread "main" [_thread_blocked, id=28992, stack(0x00000085a1400000,0x00000085a1500000)]
  0x00000220cb6e9800 JavaThread "Reference Handler" daemon [_thread_blocked, id=33080, stack(0x00000085a1b00000,0x00000085a1c00000)]
  0x00000220cb6d8000 JavaThread "Finalizer" daemon [_thread_blocked, id=21224, stack(0x00000085a1c00000,0x00000085a1d00000)]
  0x00000220cb73e000 JavaThread "Signal Dispatcher" daemon [_thread_blocked, id=16128, stack(0x00000085a1d00000,0x00000085a1e00000)]
  0x00000220cb6f2000 JavaThread "Attach Listener" daemon [_thread_blocked, id=15280, stack(0x00000085a1e00000,0x00000085a1f00000)]
  0x00000220cb6f3000 JavaThread "Service Thread" daemon [_thread_blocked, id=2348, stack(0x00000085a1f00000,0x00000085a2000000)]
=>0x00000220cc041800 JavaThread "C2 CompilerThread0" daemon [_thread_in_native, id=15596, stack(0x00000085a2000000,0x00000085a2100000)]
  0x00000220cc044000 JavaThread "C1 CompilerThread0" daemon [_thread_blocked, id=36072, stack(0x00000085a2100000,0x00000085a2200000)]
  0x00000220cc0a4800 JavaThread "Sweeper thread" daemon [_thread_blocked, id=28440, stack(0x00000085a2200000,0x00000085a2300000)]
  0x00000220cc1a5000 JavaThread "Common-Cleaner" daemon [_thread_blocked, id=22116, stack(0x00000085a2300000,0x00000085a2400000)]
  0x00000220cd9bd800 JavaThread "Daemon health stats" [_thread_blocked, id=18872, stack(0x00000085a1100000,0x00000085a1200000)]
  0x00000220ce7b6800 JavaThread "Incoming local TCP Connector on port 56616" [_thread_in_native, id=33436, stack(0x00000085a1300000,0x00000085a1400000)]
  0x00000220cce8d800 JavaThread "Daemon periodic checks" [_thread_blocked, id=9204, stack(0x00000085a2700000,0x00000085a2800000)]
  0x00000220ccd96800 JavaThread "Daemon" [_thread_blocked, id=11976, stack(0x00000085a2800000,0x00000085a2900000)]
  0x00000220ce416000 JavaThread "Handler for socket connection from /127.0.0.1:56616 to /127.0.0.1:56677" [_thread_in_native, id=20176, stack(0x00000085a2900000,0x00000085a2a00000)]
  0x00000220ce2db000 JavaThread "Cancel handler" [_thread_blocked, id=26084, stack(0x00000085a2a00000,0x00000085a2b00000)]
  0x00000220cd332000 JavaThread "Daemon worker" [_thread_in_Java, id=31244, stack(0x00000085a2b00000,0x00000085a2c00000)]
  0x00000220ce1e6000 JavaThread "Asynchronous log dispatcher for DefaultDaemonConnection: socket connection from /127.0.0.1:56616 to /127.0.0.1:56677" [_thread_blocked, id=32636, stack(0x00000085a2c00000,0x00000085a2d00000)]
  0x00000220cced5000 JavaThread "Daemon client event forwarder" [_thread_blocked, id=6132, stack(0x00000085a2e00000,0x00000085a2f00000)]
  0x00000220cced6000 JavaThread "Cache worker for journal cache (C:\Users\Office Laptop2\.gradle\caches\journal-1)" [_thread_blocked, id=9960, stack(0x00000085a3000000,0x00000085a3100000)]
  0x00000220cced7000 JavaThread "File lock request listener" [_thread_in_native, id=16012, stack(0x00000085a3100000,0x00000085a3200000)]
  0x00000220cced8800 JavaThread "Cache worker for file hash cache (C:\Users\Office Laptop2\.gradle\caches\8.0.1\fileHashes)" [_thread_blocked, id=38332, stack(0x00000085a3200000,0x00000085a3300000)]
  0x00000220cced3800 JavaThread "File watcher server" daemon [_thread_in_native, id=17824, stack(0x00000085a3300000,0x00000085a3400000)]
  0x00000220cced7800 JavaThread "File watcher consumer" daemon [_thread_blocked, id=32324, stack(0x00000085a3400000,0x00000085a3500000)]
  0x00000220cceda000 JavaThread "Cache worker for checksums cache (C:\work\pilotapp\pilot-app-new\android\.gradle\8.0.1\checksums)" [_thread_blocked, id=31224, stack(0x00000085a3500000,0x00000085a3600000)]
  0x00000220cced4800 JavaThread "Cache worker for cache directory md-rule (C:\Users\Office Laptop2\.gradle\caches\8.0.1\md-rule)" [_thread_blocked, id=18736, stack(0x00000085a3600000,0x00000085a3700000)]
  0x00000220cef6a800 JavaThread "Cache worker for file content cache (C:\Users\Office Laptop2\.gradle\caches\8.0.1\fileContent)" [_thread_blocked, id=38700, stack(0x00000085a3700000,0x00000085a3800000)]
  0x00000220cef6d800 JavaThread "Cache worker for file hash cache (C:\work\pilotapp\pilot-app-new\android\.gradle\8.0.1\fileHashes)" [_thread_blocked, id=27736, stack(0x00000085a3800000,0x00000085a3900000)]
  0x00000220cef6c000 JavaThread "Cache worker for cache directory md-supplier (C:\Users\Office Laptop2\.gradle\caches\8.0.1\md-supplier)" [_thread_blocked, id=15080, stack(0x00000085a3900000,0x00000085a3a00000)]
  0x00000220cef6b800 JavaThread "Cache worker for execution history cache (C:\Users\Office Laptop2\.gradle\caches\8.0.1\executionHistory)" [_thread_blocked, id=26788, stack(0x00000085a3a00000,0x00000085a3b00000)]
  0x00000220cef6e800 JavaThread "jar transforms" [_thread_blocked, id=35076, stack(0x00000085a2d00000,0x00000085a2e00000)]
  0x00000220cef72800 JavaThread "jar transforms Thread 2" [_thread_blocked, id=3200, stack(0x00000085a3b00000,0x00000085a3c00000)]
  0x00000220cef74800 JavaThread "jar transforms Thread 3" [_thread_blocked, id=33708, stack(0x00000085a3c00000,0x00000085a3d00000)]
  0x00000220cef75000 JavaThread "jar transforms Thread 4" [_thread_blocked, id=19664, stack(0x00000085a3d00000,0x00000085a3e00000)]
  0x00000220cef6f800 JavaThread "Cache worker for kotlin-dsl (C:\Users\Office Laptop2\.gradle\caches\8.0.1\kotlin-dsl)" [_thread_blocked, id=35048, stack(0x00000085a2f00000,0x00000085a3000000)]
  0x00000220cef76000 JavaThread "Cache worker for dependencies-accessors (C:\work\pilotapp\pilot-app-new\android\.gradle\8.0.1\dependencies-accessors)" [_thread_blocked, id=18628, stack(0x00000085a3f00000,0x00000085a4000000)]
  0x00000220cef70000 JavaThread "Cache worker for Build Output Cleanup Cache (C:\work\pilotapp\pilot-app-new\node_modules\@react-native\gradle-plugin\.gradle\buildOutputCleanup)" [_thread_blocked, id=11140, stack(0x00000085a4000000,0x00000085a4100000)]
  0x00000220cef72000 JavaThread "Unconstrained build operations" [_thread_blocked, id=5936, stack(0x00000085a4100000,0x00000085a4200000)]
  0x00000220cef76800 JavaThread "Unconstrained build operations Thread 2" [_thread_blocked, id=2716, stack(0x00000085a4200000,0x00000085a4300000)]
  0x00000220cef71000 JavaThread "Unconstrained build operations Thread 3" [_thread_blocked, id=26696, stack(0x00000085a4300000,0x00000085a4400000)]
  0x00000220cef77800 JavaThread "Unconstrained build operations Thread 4" [_thread_blocked, id=4748, stack(0x00000085a4400000,0x00000085a4500000)]
  0x00000220cef78800 JavaThread "Unconstrained build operations Thread 5" [_thread_blocked, id=20120, stack(0x00000085a4500000,0x00000085a4600000)]
  0x00000220cced9800 JavaThread "Unconstrained build operations Thread 6" [_thread_blocked, id=28460, stack(0x00000085a4600000,0x00000085a4700000)]
  0x00000220d04c5000 JavaThread "Unconstrained build operations Thread 7" [_thread_blocked, id=38864, stack(0x00000085a4700000,0x00000085a4800000)]
  0x00000220d04c3000 JavaThread "Unconstrained build operations Thread 8" [_thread_blocked, id=31432, stack(0x00000085a4800000,0x00000085a4900000)]
  0x00000220d04c7800 JavaThread "Unconstrained build operations Thread 9" [_thread_blocked, id=16448, stack(0x00000085a4900000,0x00000085a4a00000)]
  0x00000220d04c5800 JavaThread "Unconstrained build operations Thread 10" [_thread_blocked, id=28352, stack(0x00000085a4a00000,0x00000085a4b00000)]
  0x00000220d04c9000 JavaThread "Unconstrained build operations Thread 11" [_thread_blocked, id=17260, stack(0x00000085a4b00000,0x00000085a4c00000)]
  0x00000220d04c8000 JavaThread "Unconstrained build operations Thread 12" [_thread_blocked, id=29992, stack(0x00000085a4c00000,0x00000085a4d00000)]
  0x00000220d04ca000 JavaThread "Unconstrained build operations Thread 13" [_thread_blocked, id=16636, stack(0x00000085a4d00000,0x00000085a4e00000)]
  0x00000220d04c4000 JavaThread "Unconstrained build operations Thread 14" [_thread_blocked, id=19704, stack(0x00000085a4e00000,0x00000085a4f00000)]
  0x00000220d04ca800 JavaThread "Unconstrained build operations Thread 15" [_thread_blocked, id=19132, stack(0x00000085a4f00000,0x00000085a5000000)]
  0x00000220d04cb800 JavaThread "Unconstrained build operations Thread 16" [_thread_blocked, id=34040, stack(0x00000085a5000000,0x00000085a5100000)]
  0x00000220d04cc000 JavaThread "Unconstrained build operations Thread 17" [_thread_blocked, id=4896, stack(0x00000085a5100000,0x00000085a5200000)]
  0x00000220d04c6800 JavaThread "Unconstrained build operations Thread 18" [_thread_blocked, id=1480, stack(0x00000085a5200000,0x00000085a5300000)]
  0x00000220d04d1000 JavaThread "Unconstrained build operations Thread 19" [_thread_blocked, id=38356, stack(0x00000085a5300000,0x00000085a5400000)]
  0x00000220d04ce800 JavaThread "Unconstrained build operations Thread 20" [_thread_blocked, id=8708, stack(0x00000085a5400000,0x00000085a5500000)]
  0x00000220d04ce000 JavaThread "Unconstrained build operations Thread 21" [_thread_blocked, id=4184, stack(0x00000085a5500000,0x00000085a5600000)]
  0x00000220d04d2000 JavaThread "Unconstrained build operations Thread 22" [_thread_blocked, id=35476, stack(0x00000085a5600000,0x00000085a5700000)]
  0x00000220d04cd000 JavaThread "Unconstrained build operations Thread 23" [_thread_blocked, id=2564, stack(0x00000085a5700000,0x00000085a5800000)]
  0x00000220d04cf800 JavaThread "Unconstrained build operations Thread 24" [_thread_blocked, id=34404, stack(0x00000085a5800000,0x00000085a5900000)]
  0x00000220d04d0800 JavaThread "Unconstrained build operations Thread 25" [_thread_blocked, id=36368, stack(0x00000085a5900000,0x00000085a5a00000)]
  0x00000220cf03b000 JavaThread "Unconstrained build operations Thread 26" [_thread_blocked, id=30244, stack(0x00000085a5a00000,0x00000085a5b00000)]
  0x00000220cf03c800 JavaThread "Memory manager" [_thread_blocked, id=26680, stack(0x00000085a3e00000,0x00000085a3f00000)]

Other Threads:
  0x00000220cb6d4800 VMThread "VM Thread" [stack: 0x00000085a1a00000,0x00000085a1b00000] [id=7976]
  0x00000220cc211800 WatcherThread [stack: 0x00000085a2400000,0x00000085a2500000] [id=38644]
  0x00000220adf81800 GCTaskThread "GC Thread#0" [stack: 0x00000085a1500000,0x00000085a1600000] [id=19432]
  0x00000220cc84f000 GCTaskThread "GC Thread#1" [stack: 0x00000085a2500000,0x00000085a2600000] [id=24772]
  0x00000220cc84f800 GCTaskThread "GC Thread#2" [stack: 0x00000085a2600000,0x00000085a2700000] [id=22296]
  0x00000220cce96000 GCTaskThread "GC Thread#3" [stack: 0x00000085a1200000,0x00000085a1300000] [id=8000]
  0x00000220adfb1000 ConcurrentGCThread "G1 Main Marker" [stack: 0x00000085a1600000,0x00000085a1700000] [id=25096]
  0x00000220adfb3800 ConcurrentGCThread "G1 Conc#0" [stack: 0x00000085a1700000,0x00000085a1800000] [id=34768]
  0x00000220ae032000 ConcurrentGCThread "G1 Refine#0" [stack: 0x00000085a1800000,0x00000085a1900000] [id=29508]
  0x00000220cb551800 ConcurrentGCThread "G1 Young RemSet Sampling" [stack: 0x00000085a1900000,0x00000085a1a00000] [id=29392]

Threads with active compile tasks:
C2 CompilerThread0  2200740 7083       4       sun.reflect.generics.parser.SignatureParser::parsePackageNameAndSimpleClassTypeSignature (119 bytes)

VM state:not at safepoint (normal execution)

VM Mutex/Monitor currently owned by a thread: None

Heap address: 0x0000000080000000, size: 2048 MB, Compressed Oops mode: 32-bit
Narrow klass base: 0x0000000000000000, Narrow klass shift: 3
Compressed class space size: 528482304 Address: 0x0000000100000000

Heap:
 garbage-first heap   total 225280K, used 63826K [0x0000000080000000, 0x0000000100000000)
  region size 1024K, 15 young (15360K), 2 survivors (2048K)
 Metaspace       used 65983K, capacity 67836K, committed 67944K, reserved 575488K
  class space    used 8659K, capacity 9464K, committed 9472K, reserved 516096K
Heap Regions: E=young(eden), S=young(survivor), O=old, HS=humongous(starts), HC=humongous(continues), CS=collection set, F=free, A=archive, TAMS=top-at-mark-start (previous, next)
|   0|0x0000000080000000, 0x0000000080100000, 0x0000000080100000|100%| O|  |TAMS 0x0000000080100000, 0x0000000080000000| Untracked 
|   1|0x0000000080100000, 0x0000000080200000, 0x0000000080200000|100%| O|  |TAMS 0x0000000080200000, 0x0000000080100000| Untracked 
|   2|0x0000000080200000, 0x0000000080300000, 0x0000000080300000|100%|HS|  |TAMS 0x0000000080300000, 0x0000000080200000| Complete 
|   3|0x0000000080300000, 0x0000000080400000, 0x0000000080400000|100%|HC|  |TAMS 0x0000000080400000, 0x0000000080300000| Complete 
|   4|0x0000000080400000, 0x0000000080500000, 0x0000000080500000|100%|HC|  |TAMS 0x0000000080500000, 0x0000000080400000| Complete 
|   5|0x0000000080500000, 0x0000000080600000, 0x0000000080600000|100%|HC|  |TAMS 0x0000000080600000, 0x0000000080500000| Complete 
|   6|0x0000000080600000, 0x0000000080700000, 0x0000000080700000|100%| O|  |TAMS 0x0000000080700000, 0x0000000080600000| Untracked 
|   7|0x0000000080700000, 0x0000000080800000, 0x0000000080800000|100%| O|  |TAMS 0x0000000080800000, 0x0000000080700000| Untracked 
|   8|0x0000000080800000, 0x0000000080900000, 0x0000000080900000|100%| O|  |TAMS 0x0000000080900000, 0x0000000080800000| Untracked 
|   9|0x0000000080900000, 0x0000000080a00000, 0x0000000080a00000|100%| O|  |TAMS 0x0000000080a00000, 0x0000000080900000| Untracked 
|  10|0x0000000080a00000, 0x0000000080b00000, 0x0000000080b00000|100%| O|  |TAMS 0x0000000080b00000, 0x0000000080a00000| Untracked 
|  11|0x0000000080b00000, 0x0000000080c00000, 0x0000000080c00000|100%| O|  |TAMS 0x0000000080c00000, 0x0000000080b00000| Untracked 
|  12|0x0000000080c00000, 0x0000000080d00000, 0x0000000080d00000|100%| O|  |TAMS 0x0000000080d00000, 0x0000000080c00000| Untracked 
|  13|0x0000000080d00000, 0x0000000080e00000, 0x0000000080e00000|100%| O|  |TAMS 0x0000000080e00000, 0x0000000080d00000| Untracked 
|  14|0x0000000080e00000, 0x0000000080f00000, 0x0000000080f00000|100%| O|  |TAMS 0x0000000080f00000, 0x0000000080e00000| Untracked 
|  15|0x0000000080f00000, 0x0000000081000000, 0x0000000081000000|100%| O|  |TAMS 0x0000000081000000, 0x0000000080f00000| Untracked 
|  16|0x0000000081000000, 0x0000000081100000, 0x0000000081100000|100%| O|  |TAMS 0x0000000081100000, 0x0000000081000000| Untracked 
|  17|0x0000000081100000, 0x0000000081200000, 0x0000000081200000|100%| O|  |TAMS 0x0000000081200000, 0x0000000081100000| Untracked 
|  18|0x0000000081200000, 0x0000000081300000, 0x0000000081300000|100%| O|  |TAMS 0x0000000081300000, 0x0000000081200000| Untracked 
|  19|0x0000000081300000, 0x0000000081400000, 0x0000000081400000|100%| O|  |TAMS 0x0000000081400000, 0x0000000081300000| Untracked 
|  20|0x0000000081400000, 0x0000000081500000, 0x0000000081500000|100%| O|  |TAMS 0x0000000081500000, 0x0000000081400000| Untracked 
|  21|0x0000000081500000, 0x0000000081600000, 0x0000000081600000|100%| O|  |TAMS 0x0000000081600000, 0x0000000081500000| Untracked 
|  22|0x0000000081600000, 0x0000000081700000, 0x0000000081700000|100%| O|  |TAMS 0x0000000081700000, 0x0000000081600000| Untracked 
|  23|0x0000000081700000, 0x0000000081800000, 0x0000000081800000|100%| O|  |TAMS 0x0000000081800000, 0x0000000081700000| Untracked 
|  24|0x0000000081800000, 0x0000000081900000, 0x0000000081900000|100%| O|  |TAMS 0x0000000081900000, 0x0000000081800000| Untracked 
|  25|0x0000000081900000, 0x0000000081a00000, 0x0000000081a00000|100%| O|  |TAMS 0x0000000081a00000, 0x0000000081900000| Untracked 
|  26|0x0000000081a00000, 0x0000000081b00000, 0x0000000081b00000|100%| O|  |TAMS 0x0000000081b00000, 0x0000000081a00000| Untracked 
|  27|0x0000000081b00000, 0x0000000081c00000, 0x0000000081c00000|100%| O|  |TAMS 0x0000000081c00000, 0x0000000081b00000| Untracked 
|  28|0x0000000081c00000, 0x0000000081d00000, 0x0000000081d00000|100%| O|  |TAMS 0x0000000081d00000, 0x0000000081c00000| Untracked 
|  29|0x0000000081d00000, 0x0000000081e00000, 0x0000000081e00000|100%| O|  |TAMS 0x0000000081e00000, 0x0000000081d00000| Untracked 
|  30|0x0000000081e00000, 0x0000000081f00000, 0x0000000081f00000|100%| O|  |TAMS 0x0000000081f00000, 0x0000000081e00000| Untracked 
|  31|0x0000000081f00000, 0x0000000082000000, 0x0000000082000000|100%| O|  |TAMS 0x0000000082000000, 0x0000000081f00000| Untracked 
|  32|0x0000000082000000, 0x0000000082100000, 0x0000000082100000|100%| O|  |TAMS 0x0000000082100000, 0x0000000082000000| Untracked 
|  33|0x0000000082100000, 0x0000000082200000, 0x0000000082200000|100%|HS|  |TAMS 0x0000000082200000, 0x0000000082100000| Complete 
|  34|0x0000000082200000, 0x0000000082300000, 0x0000000082300000|100%|HC|  |TAMS 0x0000000082300000, 0x0000000082200000| Complete 
|  35|0x0000000082300000, 0x0000000082400000, 0x0000000082400000|100%|HS|  |TAMS 0x0000000082400000, 0x0000000082300000| Complete 
|  36|0x0000000082400000, 0x0000000082500000, 0x0000000082500000|100%|HC|  |TAMS 0x0000000082500000, 0x0000000082400000| Complete 
|  37|0x0000000082500000, 0x0000000082600000, 0x0000000082600000|100%|HC|  |TAMS 0x0000000082600000, 0x0000000082500000| Complete 
|  38|0x0000000082600000, 0x0000000082700000, 0x0000000082700000|100%|HC|  |TAMS 0x0000000082700000, 0x0000000082600000| Complete 
|  39|0x0000000082700000, 0x0000000082800000, 0x0000000082800000|100%| O|  |TAMS 0x0000000082800000, 0x0000000082700000| Untracked 
|  40|0x0000000082800000, 0x0000000082900000, 0x0000000082900000|100%| O|  |TAMS 0x0000000082900000, 0x0000000082800000| Untracked 
|  41|0x0000000082900000, 0x0000000082a00000, 0x0000000082a00000|100%| O|  |TAMS 0x0000000082a00000, 0x0000000082900000| Untracked 
|  42|0x0000000082a00000, 0x0000000082b00000, 0x0000000082b00000|100%| O|  |TAMS 0x0000000082b00000, 0x0000000082a00000| Untracked 
|  43|0x0000000082b00000, 0x0000000082c00000, 0x0000000082c00000|100%| O|  |TAMS 0x0000000082c00000, 0x0000000082b00000| Untracked 
|  44|0x0000000082c00000, 0x0000000082d00000, 0x0000000082d00000|100%| O|  |TAMS 0x0000000082d00000, 0x0000000082c00000| Untracked 
|  45|0x0000000082d00000, 0x0000000082e00000, 0x0000000082e00000|100%| O|  |TAMS 0x0000000082d83a00, 0x0000000082d00000| Untracked 
|  46|0x0000000082e00000, 0x0000000082f00000, 0x0000000082f00000|100%| O|  |TAMS 0x0000000082e00000, 0x0000000082e00000| Untracked 
|  47|0x0000000082f00000, 0x0000000083000000, 0x0000000083000000|100%| O|  |TAMS 0x0000000082f00000, 0x0000000082f00000| Untracked 
|  48|0x0000000083000000, 0x0000000083100000, 0x0000000083100000|100%| O|  |TAMS 0x0000000083000000, 0x0000000083000000| Untracked 
|  49|0x0000000083100000, 0x0000000083136200, 0x0000000083200000| 21%| O|  |TAMS 0x0000000083100000, 0x0000000083100000| Untracked 
|  50|0x0000000083200000, 0x0000000083200000, 0x0000000083300000|  0%| F|  |TAMS 0x0000000083200000, 0x0000000083200000| Untracked 
|  51|0x0000000083300000, 0x0000000083300000, 0x0000000083400000|  0%| F|  |TAMS 0x0000000083300000, 0x0000000083300000| Untracked 
|  52|0x0000000083400000, 0x0000000083400000, 0x0000000083500000|  0%| F|  |TAMS 0x0000000083400000, 0x0000000083400000| Untracked 
|  53|0x0000000083500000, 0x0000000083500000, 0x0000000083600000|  0%| F|  |TAMS 0x0000000083500000, 0x0000000083500000| Untracked 
|  54|0x0000000083600000, 0x0000000083600000, 0x0000000083700000|  0%| F|  |TAMS 0x0000000083600000, 0x0000000083600000| Untracked 
|  55|0x0000000083700000, 0x0000000083700000, 0x0000000083800000|  0%| F|  |TAMS 0x0000000083700000, 0x0000000083700000| Untracked 
|  56|0x0000000083800000, 0x0000000083800000, 0x0000000083900000|  0%| F|  |TAMS 0x0000000083800000, 0x0000000083800000| Untracked 
|  57|0x0000000083900000, 0x0000000083900000, 0x0000000083a00000|  0%| F|  |TAMS 0x0000000083900000, 0x0000000083900000| Untracked 
|  58|0x0000000083a00000, 0x0000000083a00000, 0x0000000083b00000|  0%| F|  |TAMS 0x0000000083a00000, 0x0000000083a00000| Untracked 
|  59|0x0000000083b00000, 0x0000000083b00000, 0x0000000083c00000|  0%| F|  |TAMS 0x0000000083b00000, 0x0000000083b00000| Untracked 
|  60|0x0000000083c00000, 0x0000000083c00000, 0x0000000083d00000|  0%| F|  |TAMS 0x0000000083c00000, 0x0000000083c00000| Untracked 
|  61|0x0000000083d00000, 0x0000000083d00000, 0x0000000083e00000|  0%| F|  |TAMS 0x0000000083d00000, 0x0000000083d00000| Untracked 
|  62|0x0000000083e00000, 0x0000000083e00000, 0x0000000083f00000|  0%| F|  |TAMS 0x0000000083e00000, 0x0000000083e00000| Untracked 
|  63|0x0000000083f00000, 0x0000000083f00000, 0x0000000084000000|  0%| F|  |TAMS 0x0000000083f00000, 0x0000000083f00000| Untracked 
|  64|0x0000000084000000, 0x0000000084000000, 0x0000000084100000|  0%| F|  |TAMS 0x0000000084000000, 0x0000000084000000| Untracked 
|  65|0x0000000084100000, 0x0000000084100000, 0x0000000084200000|  0%| F|  |TAMS 0x0000000084100000, 0x0000000084100000| Untracked 
|  66|0x0000000084200000, 0x0000000084200000, 0x0000000084300000|  0%| F|  |TAMS 0x0000000084200000, 0x0000000084200000| Untracked 
|  67|0x0000000084300000, 0x0000000084300000, 0x0000000084400000|  0%| F|  |TAMS 0x0000000084300000, 0x0000000084300000| Untracked 
|  68|0x0000000084400000, 0x0000000084400000, 0x0000000084500000|  0%| F|  |TAMS 0x0000000084400000, 0x0000000084400000| Untracked 
|  69|0x0000000084500000, 0x0000000084500000, 0x0000000084600000|  0%| F|  |TAMS 0x0000000084500000, 0x0000000084500000| Untracked 
|  70|0x0000000084600000, 0x0000000084600000, 0x0000000084700000|  0%| F|  |TAMS 0x0000000084600000, 0x0000000084600000| Untracked 
|  71|0x0000000084700000, 0x0000000084700000, 0x0000000084800000|  0%| F|  |TAMS 0x0000000084700000, 0x0000000084700000| Untracked 
|  72|0x0000000084800000, 0x0000000084800000, 0x0000000084900000|  0%| F|  |TAMS 0x0000000084800000, 0x0000000084800000| Untracked 
|  73|0x0000000084900000, 0x0000000084900000, 0x0000000084a00000|  0%| F|  |TAMS 0x0000000084900000, 0x0000000084900000| Untracked 
|  74|0x0000000084a00000, 0x0000000084a00000, 0x0000000084b00000|  0%| F|  |TAMS 0x0000000084a00000, 0x0000000084a00000| Untracked 
|  75|0x0000000084b00000, 0x0000000084b00000, 0x0000000084c00000|  0%| F|  |TAMS 0x0000000084b00000, 0x0000000084b00000| Untracked 
|  76|0x0000000084c00000, 0x0000000084c00000, 0x0000000084d00000|  0%| F|  |TAMS 0x0000000084c00000, 0x0000000084c00000| Untracked 
|  77|0x0000000084d00000, 0x0000000084d00000, 0x0000000084e00000|  0%| F|  |TAMS 0x0000000084d00000, 0x0000000084d00000| Untracked 
|  78|0x0000000084e00000, 0x0000000084e00000, 0x0000000084f00000|  0%| F|  |TAMS 0x0000000084e00000, 0x0000000084e00000| Untracked 
|  79|0x0000000084f00000, 0x0000000084f00000, 0x0000000085000000|  0%| F|  |TAMS 0x0000000084f00000, 0x0000000084f00000| Untracked 
|  80|0x0000000085000000, 0x0000000085000000, 0x0000000085100000|  0%| F|  |TAMS 0x0000000085000000, 0x0000000085000000| Untracked 
|  81|0x0000000085100000, 0x0000000085100000, 0x0000000085200000|  0%| F|  |TAMS 0x0000000085100000, 0x0000000085100000| Untracked 
|  82|0x0000000085200000, 0x0000000085200000, 0x0000000085300000|  0%| F|  |TAMS 0x0000000085200000, 0x0000000085200000| Untracked 
|  83|0x0000000085300000, 0x0000000085300000, 0x0000000085400000|  0%| F|  |TAMS 0x0000000085300000, 0x0000000085300000| Untracked 
|  84|0x0000000085400000, 0x0000000085400000, 0x0000000085500000|  0%| F|  |TAMS 0x0000000085400000, 0x0000000085400000| Untracked 
|  85|0x0000000085500000, 0x0000000085500000, 0x0000000085600000|  0%| F|  |TAMS 0x0000000085500000, 0x0000000085500000| Untracked 
|  86|0x0000000085600000, 0x0000000085600000, 0x0000000085700000|  0%| F|  |TAMS 0x0000000085600000, 0x0000000085600000| Untracked 
|  87|0x0000000085700000, 0x0000000085700000, 0x0000000085800000|  0%| F|  |TAMS 0x0000000085700000, 0x0000000085700000| Untracked 
|  88|0x0000000085800000, 0x0000000085800000, 0x0000000085900000|  0%| F|  |TAMS 0x0000000085800000, 0x0000000085800000| Untracked 
|  89|0x0000000085900000, 0x0000000085900000, 0x0000000085a00000|  0%| F|  |TAMS 0x0000000085900000, 0x0000000085900000| Untracked 
|  90|0x0000000085a00000, 0x0000000085a00000, 0x0000000085b00000|  0%| F|  |TAMS 0x0000000085a00000, 0x0000000085a00000| Untracked 
|  91|0x0000000085b00000, 0x0000000085b00000, 0x0000000085c00000|  0%| F|  |TAMS 0x0000000085b00000, 0x0000000085b00000| Untracked 
|  92|0x0000000085c00000, 0x0000000085c00000, 0x0000000085d00000|  0%| F|  |TAMS 0x0000000085c00000, 0x0000000085c00000| Untracked 
|  93|0x0000000085d00000, 0x0000000085d00000, 0x0000000085e00000|  0%| F|  |TAMS 0x0000000085d00000, 0x0000000085d00000| Untracked 
|  94|0x0000000085e00000, 0x0000000085e00000, 0x0000000085f00000|  0%| F|  |TAMS 0x0000000085e00000, 0x0000000085e00000| Untracked 
|  95|0x0000000085f00000, 0x0000000085f00000, 0x0000000086000000|  0%| F|  |TAMS 0x0000000085f00000, 0x0000000085f00000| Untracked 
|  96|0x0000000086000000, 0x0000000086000000, 0x0000000086100000|  0%| F|  |TAMS 0x0000000086000000, 0x0000000086000000| Untracked 
|  97|0x0000000086100000, 0x0000000086100000, 0x0000000086200000|  0%| F|  |TAMS 0x0000000086100000, 0x0000000086100000| Untracked 
|  98|0x0000000086200000, 0x0000000086200000, 0x0000000086300000|  0%| F|  |TAMS 0x0000000086200000, 0x0000000086200000| Untracked 
|  99|0x0000000086300000, 0x0000000086300000, 0x0000000086400000|  0%| F|  |TAMS 0x0000000086300000, 0x0000000086300000| Untracked 
| 100|0x0000000086400000, 0x0000000086400000, 0x0000000086500000|  0%| F|  |TAMS 0x0000000086400000, 0x0000000086400000| Untracked 
| 101|0x0000000086500000, 0x0000000086500000, 0x0000000086600000|  0%| F|  |TAMS 0x0000000086500000, 0x0000000086500000| Untracked 
| 102|0x0000000086600000, 0x0000000086600000, 0x0000000086700000|  0%| F|  |TAMS 0x0000000086600000, 0x0000000086600000| Untracked 
| 103|0x0000000086700000, 0x0000000086700000, 0x0000000086800000|  0%| F|  |TAMS 0x0000000086700000, 0x0000000086700000| Untracked 
| 104|0x0000000086800000, 0x0000000086800000, 0x0000000086900000|  0%| F|  |TAMS 0x0000000086800000, 0x0000000086800000| Untracked 
| 105|0x0000000086900000, 0x0000000086900000, 0x0000000086a00000|  0%| F|  |TAMS 0x0000000086900000, 0x0000000086900000| Untracked 
| 106|0x0000000086a00000, 0x0000000086a00000, 0x0000000086b00000|  0%| F|  |TAMS 0x0000000086a00000, 0x0000000086a00000| Untracked 
| 107|0x0000000086b00000, 0x0000000086b00000, 0x0000000086c00000|  0%| F|  |TAMS 0x0000000086b00000, 0x0000000086b00000| Untracked 
| 108|0x0000000086c00000, 0x0000000086c00000, 0x0000000086d00000|  0%| F|  |TAMS 0x0000000086c00000, 0x0000000086c00000| Untracked 
| 109|0x0000000086d00000, 0x0000000086d00000, 0x0000000086e00000|  0%| F|  |TAMS 0x0000000086d00000, 0x0000000086d00000| Untracked 
| 110|0x0000000086e00000, 0x0000000086e00000, 0x0000000086f00000|  0%| F|  |TAMS 0x0000000086e00000, 0x0000000086e00000| Untracked 
| 111|0x0000000086f00000, 0x0000000086f00000, 0x0000000087000000|  0%| F|  |TAMS 0x0000000086f00000, 0x0000000086f00000| Untracked 
| 112|0x0000000087000000, 0x0000000087000000, 0x0000000087100000|  0%| F|  |TAMS 0x0000000087000000, 0x0000000087000000| Untracked 
| 113|0x0000000087100000, 0x0000000087100000, 0x0000000087200000|  0%| F|  |TAMS 0x0000000087100000, 0x0000000087100000| Untracked 
| 114|0x0000000087200000, 0x0000000087200000, 0x0000000087300000|  0%| F|  |TAMS 0x0000000087200000, 0x0000000087200000| Untracked 
| 115|0x0000000087300000, 0x0000000087300000, 0x0000000087400000|  0%| F|  |TAMS 0x0000000087300000, 0x0000000087300000| Untracked 
| 116|0x0000000087400000, 0x0000000087400000, 0x0000000087500000|  0%| F|  |TAMS 0x0000000087400000, 0x0000000087400000| Untracked 
| 117|0x0000000087500000, 0x0000000087500000, 0x0000000087600000|  0%| F|  |TAMS 0x0000000087500000, 0x0000000087500000| Untracked 
| 118|0x0000000087600000, 0x0000000087600000, 0x0000000087700000|  0%| F|  |TAMS 0x0000000087600000, 0x0000000087600000| Untracked 
| 119|0x0000000087700000, 0x0000000087700000, 0x0000000087800000|  0%| F|  |TAMS 0x0000000087700000, 0x0000000087700000| Untracked 
| 120|0x0000000087800000, 0x0000000087800000, 0x0000000087900000|  0%| F|  |TAMS 0x0000000087800000, 0x0000000087800000| Untracked 
| 121|0x0000000087900000, 0x0000000087900000, 0x0000000087a00000|  0%| F|  |TAMS 0x0000000087900000, 0x0000000087900000| Untracked 
| 122|0x0000000087a00000, 0x0000000087a00000, 0x0000000087b00000|  0%| F|  |TAMS 0x0000000087a00000, 0x0000000087a00000| Untracked 
| 123|0x0000000087b00000, 0x0000000087b00000, 0x0000000087c00000|  0%| F|  |TAMS 0x0000000087b00000, 0x0000000087b00000| Untracked 
| 124|0x0000000087c00000, 0x0000000087c00000, 0x0000000087d00000|  0%| F|  |TAMS 0x0000000087c00000, 0x0000000087c00000| Untracked 
| 125|0x0000000087d00000, 0x0000000087d00000, 0x0000000087e00000|  0%| F|  |TAMS 0x0000000087d00000, 0x0000000087d00000| Untracked 
| 126|0x0000000087e00000, 0x0000000087e00000, 0x0000000087f00000|  0%| F|  |TAMS 0x0000000087e00000, 0x0000000087e00000| Untracked 
| 127|0x0000000087f00000, 0x0000000087f00000, 0x0000000088000000|  0%| F|  |TAMS 0x0000000087f00000, 0x0000000087f00000| Untracked 
| 128|0x0000000088000000, 0x0000000088000000, 0x0000000088100000|  0%| F|  |TAMS 0x0000000088000000, 0x0000000088000000| Untracked 
| 129|0x0000000088100000, 0x0000000088100000, 0x0000000088200000|  0%| F|  |TAMS 0x0000000088100000, 0x0000000088100000| Untracked 
| 130|0x0000000088200000, 0x0000000088200000, 0x0000000088300000|  0%| F|  |TAMS 0x0000000088200000, 0x0000000088200000| Untracked 
| 131|0x0000000088300000, 0x0000000088300000, 0x0000000088400000|  0%| F|  |TAMS 0x0000000088300000, 0x0000000088300000| Untracked 
| 132|0x0000000088400000, 0x0000000088400000, 0x0000000088500000|  0%| F|  |TAMS 0x0000000088400000, 0x0000000088400000| Untracked 
| 133|0x0000000088500000, 0x0000000088500000, 0x0000000088600000|  0%| F|  |TAMS 0x0000000088500000, 0x0000000088500000| Untracked 
| 134|0x0000000088600000, 0x0000000088600000, 0x0000000088700000|  0%| F|  |TAMS 0x0000000088600000, 0x0000000088600000| Untracked 
| 135|0x0000000088700000, 0x0000000088700000, 0x0000000088800000|  0%| F|  |TAMS 0x0000000088700000, 0x0000000088700000| Untracked 
| 136|0x0000000088800000, 0x0000000088800000, 0x0000000088900000|  0%| F|  |TAMS 0x0000000088800000, 0x0000000088800000| Untracked 
| 137|0x0000000088900000, 0x0000000088900000, 0x0000000088a00000|  0%| F|  |TAMS 0x0000000088900000, 0x0000000088900000| Untracked 
| 138|0x0000000088a00000, 0x0000000088a00000, 0x0000000088b00000|  0%| F|  |TAMS 0x0000000088a00000, 0x0000000088a00000| Untracked 
| 139|0x0000000088b00000, 0x0000000088b00000, 0x0000000088c00000|  0%| F|  |TAMS 0x0000000088b00000, 0x0000000088b00000| Untracked 
| 140|0x0000000088c00000, 0x0000000088c00000, 0x0000000088d00000|  0%| F|  |TAMS 0x0000000088c00000, 0x0000000088c00000| Untracked 
| 141|0x0000000088d00000, 0x0000000088d00000, 0x0000000088e00000|  0%| F|  |TAMS 0x0000000088d00000, 0x0000000088d00000| Untracked 
| 142|0x0000000088e00000, 0x0000000088e00000, 0x0000000088f00000|  0%| F|  |TAMS 0x0000000088e00000, 0x0000000088e00000| Untracked 
| 143|0x0000000088f00000, 0x0000000088f00000, 0x0000000089000000|  0%| F|  |TAMS 0x0000000088f00000, 0x0000000088f00000| Untracked 
| 144|0x0000000089000000, 0x0000000089000000, 0x0000000089100000|  0%| F|  |TAMS 0x0000000089000000, 0x0000000089000000| Untracked 
| 145|0x0000000089100000, 0x0000000089100000, 0x0000000089200000|  0%| F|  |TAMS 0x0000000089100000, 0x0000000089100000| Untracked 
| 146|0x0000000089200000, 0x0000000089200000, 0x0000000089300000|  0%| F|  |TAMS 0x0000000089200000, 0x0000000089200000| Untracked 
| 147|0x0000000089300000, 0x0000000089300000, 0x0000000089400000|  0%| F|  |TAMS 0x0000000089300000, 0x0000000089300000| Untracked 
| 148|0x0000000089400000, 0x0000000089400000, 0x0000000089500000|  0%| F|  |TAMS 0x0000000089400000, 0x0000000089400000| Untracked 
| 149|0x0000000089500000, 0x0000000089500000, 0x0000000089600000|  0%| F|  |TAMS 0x0000000089500000, 0x0000000089500000| Untracked 
| 150|0x0000000089600000, 0x0000000089600000, 0x0000000089700000|  0%| F|  |TAMS 0x0000000089600000, 0x0000000089600000| Untracked 
| 151|0x0000000089700000, 0x0000000089700000, 0x0000000089800000|  0%| F|  |TAMS 0x0000000089700000, 0x0000000089700000| Untracked 
| 152|0x0000000089800000, 0x0000000089800000, 0x0000000089900000|  0%| F|  |TAMS 0x0000000089800000, 0x0000000089800000| Untracked 
| 153|0x0000000089900000, 0x0000000089900000, 0x0000000089a00000|  0%| F|  |TAMS 0x0000000089900000, 0x0000000089900000| Untracked 
| 154|0x0000000089a00000, 0x0000000089a00000, 0x0000000089b00000|  0%| F|  |TAMS 0x0000000089a00000, 0x0000000089a00000| Untracked 
| 155|0x0000000089b00000, 0x0000000089b00000, 0x0000000089c00000|  0%| F|  |TAMS 0x0000000089b00000, 0x0000000089b00000| Untracked 
| 156|0x0000000089c00000, 0x0000000089c00000, 0x0000000089d00000|  0%| F|  |TAMS 0x0000000089c00000, 0x0000000089c00000| Untracked 
| 157|0x0000000089d00000, 0x0000000089d00000, 0x0000000089e00000|  0%| F|  |TAMS 0x0000000089d00000, 0x0000000089d00000| Untracked 
| 158|0x0000000089e00000, 0x0000000089e00000, 0x0000000089f00000|  0%| F|  |TAMS 0x0000000089e00000, 0x0000000089e00000| Untracked 
| 159|0x0000000089f00000, 0x0000000089f00000, 0x000000008a000000|  0%| F|  |TAMS 0x0000000089f00000, 0x0000000089f00000| Untracked 
| 160|0x000000008a000000, 0x000000008a000000, 0x000000008a100000|  0%| F|  |TAMS 0x000000008a000000, 0x000000008a000000| Untracked 
| 161|0x000000008a100000, 0x000000008a100000, 0x000000008a200000|  0%| F|  |TAMS 0x000000008a100000, 0x000000008a100000| Untracked 
| 162|0x000000008a200000, 0x000000008a200000, 0x000000008a300000|  0%| F|  |TAMS 0x000000008a200000, 0x000000008a200000| Untracked 
| 163|0x000000008a300000, 0x000000008a300000, 0x000000008a400000|  0%| F|  |TAMS 0x000000008a300000, 0x000000008a300000| Untracked 
| 164|0x000000008a400000, 0x000000008a400000, 0x000000008a500000|  0%| F|  |TAMS 0x000000008a400000, 0x000000008a400000| Untracked 
| 165|0x000000008a500000, 0x000000008a500000, 0x000000008a600000|  0%| F|  |TAMS 0x000000008a500000, 0x000000008a500000| Untracked 
| 166|0x000000008a600000, 0x000000008a600000, 0x000000008a700000|  0%| F|  |TAMS 0x000000008a600000, 0x000000008a600000| Untracked 
| 167|0x000000008a700000, 0x000000008a700000, 0x000000008a800000|  0%| F|  |TAMS 0x000000008a700000, 0x000000008a700000| Untracked 
| 168|0x000000008a800000, 0x000000008a800000, 0x000000008a900000|  0%| F|  |TAMS 0x000000008a800000, 0x000000008a800000| Untracked 
| 169|0x000000008a900000, 0x000000008a900000, 0x000000008aa00000|  0%| F|  |TAMS 0x000000008a900000, 0x000000008a900000| Untracked 
| 170|0x000000008aa00000, 0x000000008aa00000, 0x000000008ab00000|  0%| F|  |TAMS 0x000000008aa00000, 0x000000008aa00000| Untracked 
| 171|0x000000008ab00000, 0x000000008ab00000, 0x000000008ac00000|  0%| F|  |TAMS 0x000000008ab00000, 0x000000008ab00000| Untracked 
| 172|0x000000008ac00000, 0x000000008ac00000, 0x000000008ad00000|  0%| F|  |TAMS 0x000000008ac00000, 0x000000008ac00000| Untracked 
| 173|0x000000008ad00000, 0x000000008ad00000, 0x000000008ae00000|  0%| F|  |TAMS 0x000000008ad00000, 0x000000008ad00000| Untracked 
| 174|0x000000008ae00000, 0x000000008ae00000, 0x000000008af00000|  0%| F|  |TAMS 0x000000008ae00000, 0x000000008ae00000| Untracked 
| 175|0x000000008af00000, 0x000000008af00000, 0x000000008b000000|  0%| F|  |TAMS 0x000000008af00000, 0x000000008af00000| Untracked 
| 176|0x000000008b000000, 0x000000008b000000, 0x000000008b100000|  0%| F|  |TAMS 0x000000008b000000, 0x000000008b000000| Untracked 
| 177|0x000000008b100000, 0x000000008b100000, 0x000000008b200000|  0%| F|  |TAMS 0x000000008b100000, 0x000000008b100000| Untracked 
| 178|0x000000008b200000, 0x000000008b200000, 0x000000008b300000|  0%| F|  |TAMS 0x000000008b200000, 0x000000008b200000| Untracked 
| 179|0x000000008b300000, 0x000000008b300000, 0x000000008b400000|  0%| F|  |TAMS 0x000000008b300000, 0x000000008b300000| Untracked 
| 180|0x000000008b400000, 0x000000008b400000, 0x000000008b500000|  0%| F|  |TAMS 0x000000008b400000, 0x000000008b400000| Untracked 
| 181|0x000000008b500000, 0x000000008b500000, 0x000000008b600000|  0%| F|  |TAMS 0x000000008b500000, 0x000000008b500000| Untracked 
| 182|0x000000008b600000, 0x000000008b600000, 0x000000008b700000|  0%| F|  |TAMS 0x000000008b600000, 0x000000008b600000| Untracked 
| 183|0x000000008b700000, 0x000000008b700000, 0x000000008b800000|  0%| F|  |TAMS 0x000000008b700000, 0x000000008b700000| Untracked 
| 184|0x000000008b800000, 0x000000008b800000, 0x000000008b900000|  0%| F|  |TAMS 0x000000008b800000, 0x000000008b800000| Untracked 
| 185|0x000000008b900000, 0x000000008b900000, 0x000000008ba00000|  0%| F|  |TAMS 0x000000008b900000, 0x000000008b900000| Untracked 
| 186|0x000000008ba00000, 0x000000008ba00000, 0x000000008bb00000|  0%| F|  |TAMS 0x000000008ba00000, 0x000000008ba00000| Untracked 
| 187|0x000000008bb00000, 0x000000008bb00000, 0x000000008bc00000|  0%| F|  |TAMS 0x000000008bb00000, 0x000000008bb00000| Untracked 
| 188|0x000000008bc00000, 0x000000008bc00000, 0x000000008bd00000|  0%| F|  |TAMS 0x000000008bc00000, 0x000000008bc00000| Untracked 
| 189|0x000000008bd00000, 0x000000008bd00000, 0x000000008be00000|  0%| F|  |TAMS 0x000000008bd00000, 0x000000008bd00000| Untracked 
| 190|0x000000008be00000, 0x000000008be00000, 0x000000008bf00000|  0%| F|  |TAMS 0x000000008be00000, 0x000000008be00000| Untracked 
| 191|0x000000008bf00000, 0x000000008bf00000, 0x000000008c000000|  0%| F|  |TAMS 0x000000008bf00000, 0x000000008bf00000| Untracked 
| 192|0x000000008c000000, 0x000000008c000000, 0x000000008c100000|  0%| F|  |TAMS 0x000000008c000000, 0x000000008c000000| Untracked 
| 193|0x000000008c100000, 0x000000008c100000, 0x000000008c200000|  0%| F|  |TAMS 0x000000008c100000, 0x000000008c100000| Untracked 
| 194|0x000000008c200000, 0x000000008c200000, 0x000000008c300000|  0%| F|  |TAMS 0x000000008c200000, 0x000000008c200000| Untracked 
| 195|0x000000008c300000, 0x000000008c300000, 0x000000008c400000|  0%| F|  |TAMS 0x000000008c300000, 0x000000008c300000| Untracked 
| 196|0x000000008c400000, 0x000000008c400000, 0x000000008c500000|  0%| F|  |TAMS 0x000000008c400000, 0x000000008c400000| Untracked 
| 197|0x000000008c500000, 0x000000008c500000, 0x000000008c600000|  0%| F|  |TAMS 0x000000008c500000, 0x000000008c500000| Untracked 
| 198|0x000000008c600000, 0x000000008c600000, 0x000000008c700000|  0%| F|  |TAMS 0x000000008c600000, 0x000000008c600000| Untracked 
| 199|0x000000008c700000, 0x000000008c700000, 0x000000008c800000|  0%| F|  |TAMS 0x000000008c700000, 0x000000008c700000| Untracked 
| 200|0x000000008c800000, 0x000000008c800000, 0x000000008c900000|  0%| F|  |TAMS 0x000000008c800000, 0x000000008c800000| Untracked 
| 201|0x000000008c900000, 0x000000008c900000, 0x000000008ca00000|  0%| F|  |TAMS 0x000000008c900000, 0x000000008c900000| Untracked 
| 202|0x000000008ca00000, 0x000000008ca00000, 0x000000008cb00000|  0%| F|  |TAMS 0x000000008ca00000, 0x000000008ca00000| Untracked 
| 203|0x000000008cb00000, 0x000000008cb1e640, 0x000000008cc00000| 11%| S|CS|TAMS 0x000000008cb00000, 0x000000008cb00000| Complete 
| 204|0x000000008cc00000, 0x000000008cc00000, 0x000000008cd00000|  0%| F|  |TAMS 0x000000008cc00000, 0x000000008cc00000| Untracked 
| 205|0x000000008cd00000, 0x000000008ce00000, 0x000000008ce00000|100%| S|CS|TAMS 0x000000008cd00000, 0x000000008cd00000| Complete 
| 206|0x000000008ce00000, 0x000000008ce00000, 0x000000008cf00000|  0%| F|  |TAMS 0x000000008ce00000, 0x000000008ce00000| Untracked 
| 207|0x000000008cf00000, 0x000000008cf988b8, 0x000000008d000000| 59%| E|  |TAMS 0x000000008cf00000, 0x000000008cf00000| Complete 
| 208|0x000000008d000000, 0x000000008d100000, 0x000000008d100000|100%| E|CS|TAMS 0x000000008d000000, 0x000000008d000000| Complete 
| 209|0x000000008d100000, 0x000000008d200000, 0x000000008d200000|100%| E|CS|TAMS 0x000000008d100000, 0x000000008d100000| Complete 
| 210|0x000000008d200000, 0x000000008d300000, 0x000000008d300000|100%| E|CS|TAMS 0x000000008d200000, 0x000000008d200000| Complete 
| 211|0x000000008d300000, 0x000000008d400000, 0x000000008d400000|100%| E|CS|TAMS 0x000000008d300000, 0x000000008d300000| Complete 
| 212|0x000000008d400000, 0x000000008d500000, 0x000000008d500000|100%| E|CS|TAMS 0x000000008d400000, 0x000000008d400000| Complete 
| 213|0x000000008d500000, 0x000000008d600000, 0x000000008d600000|100%| E|CS|TAMS 0x000000008d500000, 0x000000008d500000| Complete 
| 214|0x000000008d600000, 0x000000008d700000, 0x000000008d700000|100%| E|CS|TAMS 0x000000008d600000, 0x000000008d600000| Complete 
| 215|0x000000008d700000, 0x000000008d800000, 0x000000008d800000|100%| E|CS|TAMS 0x000000008d700000, 0x000000008d700000| Complete 
| 216|0x000000008d800000, 0x000000008d900000, 0x000000008d900000|100%| E|CS|TAMS 0x000000008d800000, 0x000000008d800000| Complete 
| 217|0x000000008d900000, 0x000000008da00000, 0x000000008da00000|100%| E|CS|TAMS 0x000000008d900000, 0x000000008d900000| Complete 
| 218|0x000000008da00000, 0x000000008db00000, 0x000000008db00000|100%| E|CS|TAMS 0x000000008da00000, 0x000000008da00000| Complete 
| 219|0x000000008db00000, 0x000000008dc00000, 0x000000008dc00000|100%| E|CS|TAMS 0x000000008db00000, 0x000000008db00000| Complete 

Card table byte_map: [0x00000220c4a10000,0x00000220c4e10000] _byte_map_base: 0x00000220c4610000

Marking Bits (Prev, Next): (CMBitMap*) 0x00000220adfa8598, (CMBitMap*) 0x00000220adfa85d0
 Prev Bits: [0x00000220c5210000, 0x00000220c7210000)
 Next Bits: [0x00000220c7210000, 0x00000220c9210000)

Polling page: 0x00000220abf80000

Metaspace:

Usage:
  Non-class:     57.00 MB capacity,    55.98 MB ( 98%) used,   850.41 KB (  1%) free+waste,   197.50 KB ( <1%) overhead. 
      Class:      9.24 MB capacity,     8.46 MB ( 92%) used,   705.42 KB (  7%) free+waste,    98.75 KB (  1%) overhead. 
       Both:     66.25 MB capacity,    64.44 MB ( 97%) used,     1.52 MB (  2%) free+waste,   296.25 KB ( <1%) overhead. 

Virtual space:
  Non-class space:       58.00 MB reserved,      57.10 MB ( 98%) committed 
      Class space:      504.00 MB reserved,       9.25 MB (  2%) committed 
             Both:      562.00 MB reserved,      66.35 MB ( 12%) committed 

Chunk freelists:
   Non-Class:  4.50 KB
       Class:  1.00 KB
        Both:  5.50 KB

CodeHeap 'non-profiled nmethods': size=120064Kb used=4462Kb max_used=4462Kb free=115601Kb
 bounds [0x00000220bd0d0000, 0x00000220bd530000, 0x00000220c4610000]
CodeHeap 'profiled nmethods': size=120000Kb used=14971Kb max_used=14971Kb free=105028Kb
 bounds [0x00000220b5ba0000, 0x00000220b6a40000, 0x00000220bd0d0000]
CodeHeap 'non-nmethods': size=5696Kb used=2267Kb max_used=2309Kb free=3428Kb
 bounds [0x00000220b5610000, 0x00000220b5880000, 0x00000220b5ba0000]
 total_blobs=7790 nmethods=6928 adapters=772
 compilation: enabled
              stopped_count=0, restarted_count=0
 full_count=0

Compilation events (10 events):
Event: 2186.041 Thread 0x00000220cc044000 nmethod 7078 0x00000220b6a36910 code [0x00000220b6a36c80, 0x00000220b6a38508]
Event: 2186.042 Thread 0x00000220cc044000 7079       3       com.sun.beans.TypeResolver::prepare (234 bytes)
Event: 2186.077 Thread 0x00000220cc044000 nmethod 7079 0x00000220b6a38c10 code [0x00000220b6a39060, 0x00000220b6a3b698]
Event: 2193.819 Thread 0x00000220cc044000 7080       3       org.gradle.util.GradleVersion::current (4 bytes)
Event: 2193.930 Thread 0x00000220cc044000 nmethod 7080 0x00000220b6a3c090 code [0x00000220b6a3c220, 0x00000220b6a3c358]
Event: 2197.021 Thread 0x00000220cc044000 7082       3       org.codehaus.groovy.reflection.CachedClass::getNewMetaMethods (166 bytes)
Event: 2197.081 Thread 0x00000220cc044000 nmethod 7082 0x00000220b6a3c410 code [0x00000220b6a3c720, 0x00000220b6a3db28]
Event: 2197.988 Thread 0x00000220cc041800 7083       4       sun.reflect.generics.parser.SignatureParser::parsePackageNameAndSimpleClassTypeSignature (119 bytes)
Event: 2198.932 Thread 0x00000220cc044000 7086       3       java.util.stream.AbstractPipeline::evaluateToArrayNode (78 bytes)
Event: 2199.214 Thread 0x00000220cc044000 nmethod 7086 0x00000220b6a3e190 code [0x00000220b6a3e3a0, 0x00000220b6a3ea18]

GC Heap History (10 events):
Event: 1864.960 GC heap before
{Heap before GC invocations=70 (full 0):
 garbage-first heap   total 187392K, used 56678K [0x0000000080000000, 0x0000000100000000)
  region size 1024K, 10 young (10240K), 2 survivors (2048K)
 Metaspace       used 63229K, capacity 64933K, committed 65000K, reserved 573440K
  class space    used 8290K, capacity 9041K, committed 9088K, reserved 516096K
}
Event: 1864.964 GC heap after
{Heap after GC invocations=71 (full 0):
 garbage-first heap   total 187392K, used 49660K [0x0000000080000000, 0x0000000100000000)
  region size 1024K, 2 young (2048K), 2 survivors (2048K)
 Metaspace       used 63229K, capacity 64933K, committed 65000K, reserved 573440K
  class space    used 8290K, capacity 9041K, committed 9088K, reserved 516096K
}
Event: 1872.073 GC heap before
{Heap before GC invocations=71 (full 0):
 garbage-first heap   total 187392K, used 58876K [0x0000000080000000, 0x0000000100000000)
  region size 1024K, 12 young (12288K), 2 survivors (2048K)
 Metaspace       used 63738K, capacity 65565K, committed 65896K, reserved 573440K
  class space    used 8351K, capacity 9116K, committed 9216K, reserved 516096K
}
Event: 1872.164 GC heap after
{Heap after GC invocations=72 (full 0):
 garbage-first heap   total 225280K, used 51280K [0x0000000080000000, 0x0000000100000000)
  region size 1024K, 2 young (2048K), 2 survivors (2048K)
 Metaspace       used 63738K, capacity 65565K, committed 65896K, reserved 573440K
  class space    used 8351K, capacity 9116K, committed 9216K, reserved 516096K
}
Event: 1885.134 GC heap before
{Heap before GC invocations=72 (full 0):
 garbage-first heap   total 225280K, used 59472K [0x0000000080000000, 0x0000000100000000)
  region size 1024K, 11 young (11264K), 2 survivors (2048K)
 Metaspace       used 63949K, capacity 65790K, committed 65896K, reserved 573440K
  class space    used 8370K, capacity 9124K, committed 9216K, reserved 516096K
}
Event: 1885.142 GC heap after
{Heap after GC invocations=73 (full 0):
 garbage-first heap   total 225280K, used 50791K [0x0000000080000000, 0x0000000100000000)
  region size 1024K, 1 young (1024K), 1 survivors (1024K)
 Metaspace       used 63949K, capacity 65790K, committed 65896K, reserved 573440K
  class space    used 8370K, capacity 9124K, committed 9216K, reserved 516096K
}
Event: 2006.802 GC heap before
{Heap before GC invocations=73 (full 0):
 garbage-first heap   total 225280K, used 65127K [0x0000000080000000, 0x0000000100000000)
  region size 1024K, 15 young (15360K), 1 survivors (1024K)
 Metaspace       used 64920K, capacity 66806K, committed 67048K, reserved 575488K
  class space    used 8504K, capacity 9290K, committed 9344K, reserved 516096K
}
Event: 2007.243 GC heap after
{Heap after GC invocations=74 (full 0):
 garbage-first heap   total 225280K, used 51095K [0x0000000080000000, 0x0000000100000000)
  region size 1024K, 1 young (1024K), 1 survivors (1024K)
 Metaspace       used 64920K, capacity 66806K, committed 67048K, reserved 575488K
  class space    used 8504K, capacity 9290K, committed 9344K, reserved 516096K
}
Event: 2114.185 GC heap before
{Heap before GC invocations=74 (full 0):
 garbage-first heap   total 225280K, used 65431K [0x0000000080000000, 0x0000000100000000)
  region size 1024K, 15 young (15360K), 1 survivors (1024K)
 Metaspace       used 65940K, capacity 67731K, committed 67944K, reserved 575488K
  class space    used 8652K, capacity 9428K, committed 9472K, reserved 516096K
}
Event: 2114.540 GC heap after
{Heap after GC invocations=75 (full 0):
 garbage-first heap   total 225280K, used 51538K [0x0000000080000000, 0x0000000100000000)
  region size 1024K, 2 young (2048K), 2 survivors (2048K)
 Metaspace       used 65940K, capacity 67731K, committed 67944K, reserved 575488K
  class space    used 8652K, capacity 9428K, committed 9472K, reserved 516096K
}

Deoptimization events (10 events):
Event: 1884.537 Thread 0x00000220cd332000 Uncommon trap: reason=class_check action=maybe_recompile pc=0x00000220bd2f12c0 method=jdk.internal.loader.URLClassPath.getLoader(I)Ljdk/internal/loader/URLClassPath$Loader; @ 190 c2
Event: 1884.537 Thread 0x00000220cd332000 Uncommon trap: reason=class_check action=maybe_recompile pc=0x00000220bd493c60 method=jdk.internal.loader.URLClassPath.getResource(Ljava/lang/String;Z)Ljdk/internal/loader/Resource; @ 53 c2
Event: 1885.192 Thread 0x00000220cd332000 Uncommon trap: reason=class_check action=maybe_recompile pc=0x00000220bd2f12c0 method=jdk.internal.loader.URLClassPath.getLoader(I)Ljdk/internal/loader/URLClassPath$Loader; @ 190 c2
Event: 1885.193 Thread 0x00000220cd332000 Uncommon trap: reason=class_check action=maybe_recompile pc=0x00000220bd493c60 method=jdk.internal.loader.URLClassPath.getResource(Ljava/lang/String;Z)Ljdk/internal/loader/Resource; @ 53 c2
Event: 1885.490 Thread 0x00000220cd332000 Uncommon trap: reason=class_check action=maybe_recompile pc=0x00000220bd32c3f0 method=jdk.internal.loader.URLClassPath.getResource(Ljava/lang/String;Z)Ljdk/internal/loader/Resource; @ 53 c2
Event: 1910.996 Thread 0x00000220cced5000 Uncommon trap: reason=unstable_if action=reinterpret pc=0x00000220bd395f08 method=java.util.concurrent.locks.AbstractQueuedSynchronizer$ConditionObject.awaitNanos(J)J @ 79 c2
Event: 2028.918 Thread 0x00000220cd332000 Uncommon trap: reason=class_check action=maybe_recompile pc=0x00000220bd501b7c method=java.util.TreeMap.put(Ljava/lang/Object;Ljava/lang/Object;)Ljava/lang/Object; @ 127 c2
Event: 2029.729 Thread 0x00000220cd332000 Uncommon trap: reason=class_check action=maybe_recompile pc=0x00000220bd501b7c method=java.util.TreeMap.put(Ljava/lang/Object;Ljava/lang/Object;)Ljava/lang/Object; @ 127 c2
Event: 2069.430 Thread 0x00000220cd332000 Uncommon trap: reason=bimorphic_or_optimized_type_check action=maybe_recompile pc=0x00000220bd332950 method=java.lang.Throwable.<init>(Ljava/lang/String;Ljava/lang/Throwable;)V @ 24 c2
Event: 2095.357 Thread 0x00000220cd332000 Uncommon trap: reason=class_check action=make_not_entrant pc=0x00000220bd52984c method=java.util.ArrayList.toArray([Ljava/lang/Object;)[Ljava/lang/Object; @ 21 c2

Classes redefined (0 events):
No events

Internal exceptions (10 events):
Event: 2182.102 Thread 0x00000220cd332000 Exception <a 'java/lang/ClassNotFoundException'{0x000000008d348a98}: org/gradle/api/internal/DefaultDomainObjectCollectionCustomizer> (0x000000008d348a98) thrown at [./open/src/hotspot/share/classfile/systemDictionary.cpp, line 226]
Event: 2183.300 Thread 0x00000220cd332000 Exception <a 'java/lang/ClassNotFoundException'{0x000000008d399dd0}: org/gradle/api/internal/DefaultNamedDomainObjectCollectionCustomizer> (0x000000008d399dd0) thrown at [./open/src/hotspot/share/classfile/systemDictionary.cpp, line 226]
Event: 2183.775 Thread 0x00000220cd332000 Exception <a 'java/lang/ClassNotFoundException'{0x000000008d3eedf8}: org/gradle/api/internal/DefaultNamedDomainObjectListCustomizer> (0x000000008d3eedf8) thrown at [./open/src/hotspot/share/classfile/systemDictionary.cpp, line 226]
Event: 2184.133 Thread 0x00000220cd332000 Exception <a 'java/lang/ClassNotFoundException'{0x000000008d24fcf8}: org/gradle/api/internal/artifacts/DefaultArtifactRepositoryContainerCustomizer> (0x000000008d24fcf8) thrown at [./open/src/hotspot/share/classfile/systemDictionary.cpp, line 226]
Event: 2184.475 Thread 0x00000220cd332000 Exception <a 'java/lang/ClassNotFoundException'{0x000000008d2a2378}: org/gradle/api/internal/artifacts/dsl/DefaultRepositoryHandlerCustomizer> (0x000000008d2a2378) thrown at [./open/src/hotspot/share/classfile/systemDictionary.cpp, line 226]
Event: 2185.784 Thread 0x00000220cd332000 Exception <a 'java/lang/ClassNotFoundException'{0x000000008d1338b0}: org/gradle/api/internal/artifacts/dsl/DefaultRepositoryHandler_DecoratedCustomizer> (0x000000008d1338b0) thrown at [./open/src/hotspot/share/classfile/systemDictionary.cpp, line 226]
Event: 2197.327 Thread 0x00000220cd332000 Exception <a 'java/lang/ClassNotFoundException'{0x000000008d05d2d0}: org/gradle/api/internal/artifacts/dsl/dependencies/DefaultDependencyHandler_DecoratedBeanInfo> (0x000000008d05d2d0) thrown at [./open/src/hotspot/share/classfile/systemDictionary.cpp, li
Event: 2197.436 Thread 0x00000220cd332000 Exception <a 'java/lang/ClassNotFoundException'{0x000000008d0a33b0}: org/gradle/api/internal/artifacts/dsl/dependencies/DefaultDependencyHandlerBeanInfo> (0x000000008d0a33b0) thrown at [./open/src/hotspot/share/classfile/systemDictionary.cpp, line 226]
Event: 2197.515 Thread 0x00000220cd332000 Exception <a 'java/lang/ClassNotFoundException'{0x000000008d0e8eb0}: org/gradle/api/internal/artifacts/dsl/dependencies/DefaultDependencyHandlerCustomizer> (0x000000008d0e8eb0) thrown at [./open/src/hotspot/share/classfile/systemDictionary.cpp, line 226]
Event: 2198.289 Thread 0x00000220cd332000 Exception <a 'java/lang/ClassNotFoundException'{0x000000008cf58f50}: org/gradle/api/internal/artifacts/dsl/dependencies/DefaultDependencyHandler_DecoratedCustomizer> (0x000000008cf58f50) thrown at [./open/src/hotspot/share/classfile/systemDictionary.cpp, 

Events (10 events):
Event: 2197.515 loading class org/gradle/api/internal/artifacts/dsl/dependencies/DefaultDependencyHandlerCustomizer
Event: 2197.515 loading class org/gradle/api/internal/artifacts/dsl/dependencies/DefaultDependencyHandlerCustomizer done
Event: 2198.145 loading class org/gradle/api/internal/artifacts/dsl/dependencies/DefaultDependencyHandler_DecoratedCustomizer
Event: 2198.145 loading class org/gradle/api/internal/artifacts/dsl/dependencies/DefaultDependencyHandler_DecoratedCustomizer done
Event: 2198.223 loading class org/gradle/api/internal/artifacts/dsl/dependencies/DefaultDependencyHandler_DecoratedCustomizer
Event: 2198.223 loading class org/gradle/api/internal/artifacts/dsl/dependencies/DefaultDependencyHandler_DecoratedCustomizer done
Event: 2198.223 loading class org/gradle/api/internal/artifacts/dsl/dependencies/DefaultDependencyHandler_DecoratedCustomizer
Event: 2198.223 loading class org/gradle/api/internal/artifacts/dsl/dependencies/DefaultDependencyHandler_DecoratedCustomizer done
Event: 2198.289 loading class org/gradle/api/internal/artifacts/dsl/dependencies/DefaultDependencyHandler_DecoratedCustomizer
Event: 2198.289 loading class org/gradle/api/internal/artifacts/dsl/dependencies/DefaultDependencyHandler_DecoratedCustomizer done


Dynamic libraries:
0x00007ff7cc670000 - 0x00007ff7cc67f000 	C:\Program Files\Java\jdk-11.0.16.1\bin\java.exe
0x00007ffa03770000 - 0x00007ffa03984000 	C:\WINDOWS\SYSTEM32\ntdll.dll
0x00007ffa02a80000 - 0x00007ffa02b44000 	C:\WINDOWS\System32\KERNEL32.DLL
0x00007ffa00b20000 - 0x00007ffa00ec4000 	C:\WINDOWS\System32\KERNELBASE.dll
0x00007ffa00ed0000 - 0x00007ffa00fe1000 	C:\WINDOWS\System32\ucrtbase.dll
0x00007ff9c9b60000 - 0x00007ff9c9b78000 	C:\Program Files\Java\jdk-11.0.16.1\bin\jli.dll
0x00007ffa029d0000 - 0x00007ffa02a80000 	C:\WINDOWS\System32\ADVAPI32.dll
0x00007ffa02c40000 - 0x00007ffa02ce7000 	C:\WINDOWS\System32\msvcrt.dll
0x00007ffa01500000 - 0x00007ffa015a6000 	C:\WINDOWS\System32\sechost.dll
0x00007ffa01bc0000 - 0x00007ffa01cd7000 	C:\WINDOWS\System32\RPCRT4.dll
0x00007ffa026b0000 - 0x00007ffa0285e000 	C:\WINDOWS\System32\USER32.dll
0x00007ffa013b0000 - 0x00007ffa013d6000 	C:\WINDOWS\System32\win32u.dll
0x00007ffa036f0000 - 0x00007ffa03719000 	C:\WINDOWS\System32\GDI32.dll
0x00007ffa013e0000 - 0x00007ffa014f8000 	C:\WINDOWS\System32\gdi32full.dll
0x00007ffa00ff0000 - 0x00007ffa0108a000 	C:\WINDOWS\System32\msvcp_win.dll
0x00007ff9a42f0000 - 0x00007ff9a4305000 	C:\Program Files\Java\jdk-11.0.16.1\bin\VCRUNTIME140.dll
0x00007ff9eb0d0000 - 0x00007ff9eb363000 	C:\WINDOWS\WinSxS\amd64_microsoft.windows.common-controls_6595b64144ccf1df_6.0.22621.2215_none_270d72677387dfc3\COMCTL32.dll
0x00007ff9f8b20000 - 0x00007ff9f8b2a000 	C:\WINDOWS\SYSTEM32\VERSION.dll
0x00007ffa01b80000 - 0x00007ffa01bb1000 	C:\WINDOWS\System32\IMM32.DLL
0x00007ff99a650000 - 0x00007ff99a6eb000 	C:\Program Files\Java\jdk-11.0.16.1\bin\msvcp140.dll
0x00007ff984530000 - 0x00007ff985048000 	C:\Program Files\Java\jdk-11.0.16.1\bin\server\jvm.dll
0x00007ffa03720000 - 0x00007ffa03728000 	C:\WINDOWS\System32\PSAPI.DLL
0x00007ff9fbb40000 - 0x00007ff9fbb49000 	C:\WINDOWS\SYSTEM32\WSOCK32.dll
0x00007ffa02d40000 - 0x00007ffa02db1000 	C:\WINDOWS\System32\WS2_32.dll
0x00007ff9fa870000 - 0x00007ff9fa8a4000 	C:\WINDOWS\SYSTEM32\WINMM.dll
0x00007ff9ffae0000 - 0x00007ff9ffaf8000 	C:\WINDOWS\SYSTEM32\kernel.appcore.dll
0x00007ff9fb680000 - 0x00007ff9fb690000 	C:\Program Files\Java\jdk-11.0.16.1\bin\verify.dll
0x00007ff9fe450000 - 0x00007ff9fe67e000 	C:\WINDOWS\SYSTEM32\DBGHELP.DLL
0x00007ffa02f20000 - 0x00007ffa032aa000 	C:\WINDOWS\System32\combase.dll
0x00007ffa02b50000 - 0x00007ffa02c27000 	C:\WINDOWS\System32\OLEAUT32.dll
0x00007ff9e66e0000 - 0x00007ff9e6712000 	C:\WINDOWS\SYSTEM32\dbgcore.DLL
0x00007ffa01100000 - 0x00007ffa0117a000 	C:\WINDOWS\System32\bcryptPrimitives.dll
0x00007ff9a5590000 - 0x00007ff9a55b8000 	C:\Program Files\Java\jdk-11.0.16.1\bin\java.dll
0x00007ff9e6220000 - 0x00007ff9e622a000 	C:\Program Files\Java\jdk-11.0.16.1\bin\jimage.dll
0x00007ff9a25f0000 - 0x00007ff9a2606000 	C:\Program Files\Java\jdk-11.0.16.1\bin\zip.dll
0x00007ffa01ce0000 - 0x00007ffa02503000 	C:\WINDOWS\System32\SHELL32.dll
0x00007ff9fea60000 - 0x00007ff9ff34a000 	C:\WINDOWS\SYSTEM32\windows.storage.dll
0x00007ff9fe920000 - 0x00007ff9fea5e000 	C:\WINDOWS\SYSTEM32\wintypes.dll
0x00007ffa02dd0000 - 0x00007ffa02ec3000 	C:\WINDOWS\System32\SHCORE.dll
0x00007ffa032b0000 - 0x00007ffa0330e000 	C:\WINDOWS\System32\shlwapi.dll
0x00007ffa00a50000 - 0x00007ffa00a76000 	C:\WINDOWS\SYSTEM32\profapi.dll
0x00007ff9a5570000 - 0x00007ff9a5589000 	C:\Program Files\Java\jdk-11.0.16.1\bin\net.dll
0x00007ff9f8f80000 - 0x00007ff9f90b7000 	C:\WINDOWS\SYSTEM32\WINHTTP.dll
0x00007ff9fffd0000 - 0x00007ffa00039000 	C:\WINDOWS\system32\mswsock.dll
0x00007ff9a2a40000 - 0x00007ff9a2a52000 	C:\Program Files\Java\jdk-11.0.16.1\bin\nio.dll
0x00007ff9cc690000 - 0x00007ff9cc6b7000 	C:\Users\Office Laptop2\.gradle\native\68d5fa5c4cc2d200863cafc0d521ce42e7d3e7ee720ec0a83991735586a16f82\windows-amd64\native-platform.dll
0x00007ff98e130000 - 0x00007ff98e274000 	C:\Users\Office Laptop2\.gradle\native\e376f236ea51e6404a007f0833ffe2c6e607c4080706a723a18a27aeea778392\windows-amd64\native-platform-file-events.dll
0x00007ff9d3ab0000 - 0x00007ff9d3ab9000 	C:\Program Files\Java\jdk-11.0.16.1\bin\management.dll
0x00007ff9cf730000 - 0x00007ff9cf73b000 	C:\Program Files\Java\jdk-11.0.16.1\bin\management_ext.dll
0x00007ffa00240000 - 0x00007ffa0025b000 	C:\WINDOWS\SYSTEM32\CRYPTSP.dll
0x00007ff9ffaa0000 - 0x00007ff9ffad5000 	C:\WINDOWS\system32\rsaenh.dll
0x00007ffa000e0000 - 0x00007ffa0010c000 	C:\WINDOWS\SYSTEM32\USERENV.dll
0x00007ffa00400000 - 0x00007ffa00428000 	C:\WINDOWS\SYSTEM32\bcrypt.dll
0x00007ffa00260000 - 0x00007ffa0026c000 	C:\WINDOWS\SYSTEM32\CRYPTBASE.dll
0x00007ff9ff5f0000 - 0x00007ff9ff61d000 	C:\WINDOWS\SYSTEM32\IPHLPAPI.DLL
0x00007ffa02d10000 - 0x00007ffa02d19000 	C:\WINDOWS\System32\NSI.dll
0x00007ff9f8c60000 - 0x00007ff9f8c79000 	C:\WINDOWS\SYSTEM32\dhcpcsvc6.DLL
0x00007ff9f8c40000 - 0x00007ff9f8c5f000 	C:\WINDOWS\SYSTEM32\dhcpcsvc.DLL
0x00007ff9ff620000 - 0x00007ff9ff712000 	C:\WINDOWS\SYSTEM32\DNSAPI.dll

dbghelp: loaded successfully - version: 4.0.5 - missing functions: none
symbol engine: initialized successfully - sym options: 0x614 - pdb path: .;C:\Program Files\Java\jdk-11.0.16.1\bin;C:\WINDOWS\SYSTEM32;C:\WINDOWS\WinSxS\amd64_microsoft.windows.common-controls_6595b64144ccf1df_6.0.22621.2215_none_270d72677387dfc3;C:\Program Files\Java\jdk-11.0.16.1\bin\server;C:\Users\Office Laptop2\.gradle\native\68d5fa5c4cc2d200863cafc0d521ce42e7d3e7ee720ec0a83991735586a16f82\windows-amd64;C:\Users\Office Laptop2\.gradle\native\e376f236ea51e6404a007f0833ffe2c6e607c4080706a723a18a27aeea778392\windows-amd64

VM Arguments:
jvm_args: -XX:MaxMetaspaceSize=512m --add-opens=java.base/java.util=ALL-UNNAMED --add-opens=java.base/java.lang=ALL-UNNAMED --add-opens=java.base/java.lang.invoke=ALL-UNNAMED --add-opens=java.prefs/java.util.prefs=ALL-UNNAMED --add-opens=java.base/java.nio.charset=ALL-UNNAMED --add-opens=java.base/java.net=ALL-UNNAMED --add-opens=java.base/java.util.concurrent.atomic=ALL-UNNAMED -Xmx2048m -Dfile.encoding=windows-1252 -Duser.country=IN -Duser.language=en -Duser.variant 
java_command: org.gradle.launcher.daemon.bootstrap.GradleDaemon 8.0.1
java_class_path (initial): C:\Users\Office Laptop2\.gradle\wrapper\dists\gradle-8.0.1-all\aro4hu1c3oeioove7l0i4i14o\gradle-8.0.1\lib\gradle-launcher-8.0.1.jar
Launcher Type: SUN_STANDARD

[Global flags]
     intx CICompilerCount                          = 3                                         {product} {ergonomic}
   size_t CompressedClassSpaceSize                 = 528482304                                 {product} {ergonomic}
     uint ConcGCThreads                            = 1                                         {product} {ergonomic}
     uint G1ConcRefinementThreads                  = 4                                         {product} {ergonomic}
   size_t G1HeapRegionSize                         = 1048576                                   {product} {ergonomic}
    uintx GCDrainStackTargetSize                   = 64                                        {product} {ergonomic}
   size_t InitialHeapSize                          = 132120576                                 {product} {ergonomic}
   size_t MarkStackSize                            = 4194304                                   {product} {ergonomic}
   size_t MaxHeapSize                              = 2147483648                                {product} {command line}
   size_t MaxMetaspaceSize                         = 536870912                                 {product} {command line}
   size_t MaxNewSize                               = 1287651328                                {product} {ergonomic}
   size_t MinHeapDeltaBytes                        = 1048576                                   {product} {ergonomic}
    uintx NonNMethodCodeHeapSize                   = 5830732                                {pd product} {ergonomic}
    uintx NonProfiledCodeHeapSize                  = 122913754                              {pd product} {ergonomic}
    uintx ProfiledCodeHeapSize                     = 122913754                              {pd product} {ergonomic}
    uintx ReservedCodeCacheSize                    = 251658240                              {pd product} {ergonomic}
     bool SegmentedCodeCache                       = true                                      {product} {ergonomic}
     bool UseCompressedClassPointers               = true                                 {lp64_product} {ergonomic}
     bool UseCompressedOops                        = true                                 {lp64_product} {ergonomic}
     bool UseG1GC                                  = true                                      {product} {ergonomic}
     bool UseLargePagesIndividualAllocation        = false                                  {pd product} {ergonomic}

Logging:
Log output configuration:
 #0: stdout all=warning uptime,level,tags
 #1: stderr all=off uptime,level,tags

Environment Variables:
JAVA_HOME=C:\Program Files\Java\jdk-11.0.16.1
CLASSPATH=C:\work\pilotapp\pilot-app-new\android\\gradle\wrapper\gradle-wrapper.jar
PATH=C:\work\pilotapp\pilot-app-new\node_modules\.bin;C:\work\pilotapp\pilot-app-new\node_modules\.bin;C:\work\pilotapp\node_modules\.bin;C:\work\node_modules\.bin;C:\node_modules\.bin;C:\Program Files\nodejs\node_modules\npm\node_modules\@npmcli\run-script\lib\node-gyp-bin;C:\work\pilotapp\pilot-app-new\node_modules\.bin;C:\work\pilotapp\pilot-app-new\node_modules\.bin;C:\work\pilotapp\node_modules\.bin;C:\work\node_modules\.bin;C:\node_modules\.bin;C:\Program Files\nodejs\node_modules\npm\node_modules\@npmcli\run-script\lib\node-gyp-bin;C:\Program Files\Common Files\Oracle\Java\javapath;C:\WINDOWS\system32;C:\WINDOWS;C:\WINDOWS\System32\Wbem;C:\WINDOWS\System32\WindowsPowerShell\v1.0\;C:\WINDOWS\System32\OpenSSH\;C:\Program Files\nodejs\;C:\Program Files\Git\cmd;C:\Program Files\Java\jdk-11.0.16.1;C:\Users\Office Laptop2\AppData\Roaming\npm;C:\Program Files (x86)\Microsoft SQL Server\160\Tools\Binn\;C:\Program Files\Microsoft SQL Server\160\Tools\Binn\;C:\Program Files\Microsoft SQL Server\Client SDK\ODBC\170\Tools\Binn\;C:\Program Files\Microsoft SQL Server\160\DTS\Binn\;C:\Program Files (x86)\Microsoft SQL Server\160\DTS\Binn\;C:\Program Files\Azure Data Studio\bin;C:\Gradle\gradle-8.2.1\bin;C:\Users\Office Laptop2\AppData\Local\Android\Sdk\emulator;C:\Users\Office Laptop2\AppData\Local\Android\Sdk\build-tools;C:\Users\Office Laptop2\AppData\Local\Android\Sdk\platform-tools;C:\Users\Office Laptop2\AppData\Local\Android\Sdk\cmdline-tools\latest\bin;C:\Users\Office Laptop2\AppData\Local\Android\Sdk\tools;C:\Users\Office Laptop2\.console-ninja\.bin;C:\Users\Office Laptop2\AppData\Local\Programs\Python\Python311\Scripts\;C:\Users\Office Laptop2\AppData\Local\Programs\Python\Python311\;C:\Users\Office Laptop2\AppData\Local\Programs\Microsoft VS Code\bin;;C:\Users\Office Laptop2\AppData\Local\Microsoft\WindowsApps;C:\Program Files\Azure Data Studio\bin
USERNAME=Office Laptop2
OS=Windows_NT
PROCESSOR_IDENTIFIER=Intel64 Family 6 Model 142 Stepping 12, GenuineIntel



---------------  S Y S T E M  ---------------

OS: Windows 11 , 64 bit Build 22621 (10.0.22621.2215)
Hyper-V role detected

CPU:total 4 (initial active 4) (2 cores per cpu, 2 threads per core) family 6 model 142 stepping 12 microcode 0xf0, cmov, cx8, fxsr, mmx, sse, sse2, sse3, ssse3, sse4.1, sse4.2, popcnt, avx, avx2, aes, clmul, erms, 3dnowpref, lzcnt, ht, tsc, tscinvbit, bmi1, bmi2, adx, fma

Memory: 4k page, system-wide physical 8026M (21M free)
TotalPageFile size 32602M (AvailPageFile size 10M)
current process WorkingSet (physical memory assigned to process): 40M, peak: 168M
current process commit charge ("private bytes"): 430M, peak: 445M

vm_info: Java HotSpot(TM) 64-Bit Server VM (11.0.16.1+1-LTS-1) for windows-amd64 JRE (11.0.16.1+1-LTS-1), built on Aug 16 2022 01:46:01 by "mach5one" with MS VC++ 15.9 (VS2017)

END.
