#
# There is insufficient memory for the Java Runtime Environment to continue.
# Native memory allocation (malloc) failed to allocate 107856 bytes for Chunk::new
# Possible reasons:
#   The system is out of physical RAM or swap space
#   The process is running with CompressedOops enabled, and the Java Heap may be blocking the growth of the native heap
# Possible solutions:
#   Reduce memory load on the system
#   Increase physical memory or swap space
#   Check if swap backing store is full
#   Decrease Java heap size (-Xmx/-Xms)
#   Decrease number of Java threads
#   Decrease Java thread stack sizes (-Xss)
#   Set larger code cache with -XX:ReservedCodeCacheSize=
#   JVM is running with Unscaled Compressed Oops mode in which the Java heap is
#     placed in the first 4GB address space. The Java Heap base address is the
#     maximum limit for the native heap growth. Please use -XX:HeapBaseMinAddress
#     to set the Java Heap base and to place the Java Heap above 4GB virtual address.
# This output file may be truncated or incomplete.
#
#  Out of Memory Error (./open/src/hotspot/share/memory/arena.cpp:197), pid=18644, tid=37276
#
# JRE version: Java(TM) SE Runtime Environment 18.9 (11.0.16.1+1) (build 11.0.16.1+1-LTS-1)
# Java VM: Java HotSpot(TM) 64-Bit Server VM 18.9 (11.0.16.1+1-LTS-1, mixed mode, tiered, compressed oops, g1 gc, windows-amd64)
# No core dump will be written. Minidumps are not enabled by default on client versions of Windows
#

---------------  S U M M A R Y ------------

Command Line: -Xmx64m -Xms64m -Dorg.gradle.appname=gradlew org.gradle.wrapper.GradleWrapperMain tasks

Host: Intel(R) Core(TM) i3-10110U CPU @ 2.10GHz, 4 cores, 7G,  Windows 11 , 64 bit Build 22621 (10.0.22621.2215)
Time: Tue Oct  3 12:31:48 2023 India Standard Time elapsed time: 81.774361 seconds (0d 0h 1m 21s)

---------------  T H R E A D  ---------------

Current thread (0x000001fbf9860000):  JavaThread "C2 CompilerThread0" daemon [_thread_in_native, id=37276, stack(0x000000c890b00000,0x000000c890c00000)]


Current CompileTask:
C2:  81774  376       4       java.lang.StringLatin1::toLowerCase (180 bytes)

Stack: [0x000000c890b00000,0x000000c890c00000]
Native frames: (J=compiled Java code, j=interpreted, Vv=VM code, C=native code)
V  [jvm.dll+0x62a3da]
V  [jvm.dll+0x76407f]
V  [jvm.dll+0x765729]
V  [jvm.dll+0x765db3]
V  [jvm.dll+0x23dc18]
V  [jvm.dll+0xb2a1c]
V  [jvm.dll+0xb2fdc]
V  [jvm.dll+0x2ae994]
V  [jvm.dll+0x53d98b]
V  [jvm.dll+0x200a07]
V  [jvm.dll+0x1fa79a]
V  [jvm.dll+0x1f774d]
V  [jvm.dll+0x177c81]
V  [jvm.dll+0x207186]
V  [jvm.dll+0x20531b]
V  [jvm.dll+0x729f60]
V  [jvm.dll+0x722b34]
V  [jvm.dll+0x629276]
C  [ucrtbase.dll+0x29363]
C  [KERNEL32.DLL+0x1257d]
C  [ntdll.dll+0x5aa68]


---------------  P R O C E S S  ---------------

Threads class SMR info:
_java_thread_list=0x000001fbf9a99720, length=10, elements={
0x000001fbe02f9000, 0x000001fbf983c000, 0x000001fbf983d000, 0x000001fbf9858800,
0x000001fbf985b800, 0x000001fbf985c800, 0x000001fbf9860000, 0x000001fbf98a3000,
0x000001fbf9a08800, 0x000001fbf9b11000
}

Java Threads: ( => current thread )
  0x000001fbe02f9000 JavaThread "main" [_thread_in_native, id=31860, stack(0x000000c88ff00000,0x000000c890000000)]
  0x000001fbf983c000 JavaThread "Reference Handler" daemon [_thread_blocked, id=30824, stack(0x000000c890600000,0x000000c890700000)]
  0x000001fbf983d000 JavaThread "Finalizer" daemon [_thread_blocked, id=33860, stack(0x000000c890700000,0x000000c890800000)]
  0x000001fbf9858800 JavaThread "Signal Dispatcher" daemon [_thread_blocked, id=37264, stack(0x000000c890800000,0x000000c890900000)]
  0x000001fbf985b800 JavaThread "Attach Listener" daemon [_thread_blocked, id=37268, stack(0x000000c890900000,0x000000c890a00000)]
  0x000001fbf985c800 JavaThread "Service Thread" daemon [_thread_blocked, id=37272, stack(0x000000c890a00000,0x000000c890b00000)]
=>0x000001fbf9860000 JavaThread "C2 CompilerThread0" daemon [_thread_in_native, id=37276, stack(0x000000c890b00000,0x000000c890c00000)]
  0x000001fbf98a3000 JavaThread "C1 CompilerThread0" daemon [_thread_blocked, id=37288, stack(0x000000c890c00000,0x000000c890d00000)]
  0x000001fbf9a08800 JavaThread "Sweeper thread" daemon [_thread_blocked, id=37292, stack(0x000000c890d00000,0x000000c890e00000)]
  0x000001fbf9b11000 JavaThread "Common-Cleaner" daemon [_thread_blocked, id=33836, stack(0x000000c890f00000,0x000000c891000000)]

Other Threads:
  0x000001fbf9813000 VMThread "VM Thread" [stack: 0x000000c890500000,0x000000c890600000] [id=28392]
  0x000001fbf9ae3800 WatcherThread [stack: 0x000000c890e00000,0x000000c890f00000] [id=37744]
  0x000001fbe0310000 GCTaskThread "GC Thread#0" [stack: 0x000000c890000000,0x000000c890100000] [id=29784]
  0x000001fbe0316000 ConcurrentGCThread "G1 Main Marker" [stack: 0x000000c890100000,0x000000c890200000] [id=29212]
  0x000001fbe0317000 ConcurrentGCThread "G1 Conc#0" [stack: 0x000000c890200000,0x000000c890300000] [id=2456]
  0x000001fbe036c800 ConcurrentGCThread "G1 Refine#0" [stack: 0x000000c890300000,0x000000c890400000] [id=5396]
  0x000001fbe036d800 ConcurrentGCThread "G1 Young RemSet Sampling" [stack: 0x000000c890400000,0x000000c890500000] [id=17500]

Threads with active compile tasks:
C2 CompilerThread0    82384  376       4       java.lang.StringLatin1::toLowerCase (180 bytes)

VM state:not at safepoint (normal execution)

VM Mutex/Monitor currently owned by a thread: None

Heap address: 0x00000000fc000000, size: 64 MB, Compressed Oops mode: 32-bit
Narrow klass base: 0x0000000000000000, Narrow klass shift: 3
Compressed class space size: 1073741824 Address: 0x0000000100000000

Heap:
 garbage-first heap   total 65536K, used 5120K [0x00000000fc000000, 0x0000000100000000)
  region size 1024K, 6 young (6144K), 0 survivors (0K)
 Metaspace       used 7056K, capacity 7224K, committed 7424K, reserved 1056768K
  class space    used 627K, capacity 682K, committed 768K, reserved 1048576K
Heap Regions: E=young(eden), S=young(survivor), O=old, HS=humongous(starts), HC=humongous(continues), CS=collection set, F=free, A=archive, TAMS=top-at-mark-start (previous, next)
|   0|0x00000000fc000000, 0x00000000fc000000, 0x00000000fc100000|  0%| F|  |TAMS 0x00000000fc000000, 0x00000000fc000000| Untracked 
|   1|0x00000000fc100000, 0x00000000fc100000, 0x00000000fc200000|  0%| F|  |TAMS 0x00000000fc100000, 0x00000000fc100000| Untracked 
|   2|0x00000000fc200000, 0x00000000fc200000, 0x00000000fc300000|  0%| F|  |TAMS 0x00000000fc200000, 0x00000000fc200000| Untracked 
|   3|0x00000000fc300000, 0x00000000fc300000, 0x00000000fc400000|  0%| F|  |TAMS 0x00000000fc300000, 0x00000000fc300000| Untracked 
|   4|0x00000000fc400000, 0x00000000fc400000, 0x00000000fc500000|  0%| F|  |TAMS 0x00000000fc400000, 0x00000000fc400000| Untracked 
|   5|0x00000000fc500000, 0x00000000fc500000, 0x00000000fc600000|  0%| F|  |TAMS 0x00000000fc500000, 0x00000000fc500000| Untracked 
|   6|0x00000000fc600000, 0x00000000fc600000, 0x00000000fc700000|  0%| F|  |TAMS 0x00000000fc600000, 0x00000000fc600000| Untracked 
|   7|0x00000000fc700000, 0x00000000fc700000, 0x00000000fc800000|  0%| F|  |TAMS 0x00000000fc700000, 0x00000000fc700000| Untracked 
|   8|0x00000000fc800000, 0x00000000fc800000, 0x00000000fc900000|  0%| F|  |TAMS 0x00000000fc800000, 0x00000000fc800000| Untracked 
|   9|0x00000000fc900000, 0x00000000fc900000, 0x00000000fca00000|  0%| F|  |TAMS 0x00000000fc900000, 0x00000000fc900000| Untracked 
|  10|0x00000000fca00000, 0x00000000fca00000, 0x00000000fcb00000|  0%| F|  |TAMS 0x00000000fca00000, 0x00000000fca00000| Untracked 
|  11|0x00000000fcb00000, 0x00000000fcb00000, 0x00000000fcc00000|  0%| F|  |TAMS 0x00000000fcb00000, 0x00000000fcb00000| Untracked 
|  12|0x00000000fcc00000, 0x00000000fcc00000, 0x00000000fcd00000|  0%| F|  |TAMS 0x00000000fcc00000, 0x00000000fcc00000| Untracked 
|  13|0x00000000fcd00000, 0x00000000fcd00000, 0x00000000fce00000|  0%| F|  |TAMS 0x00000000fcd00000, 0x00000000fcd00000| Untracked 
|  14|0x00000000fce00000, 0x00000000fce00000, 0x00000000fcf00000|  0%| F|  |TAMS 0x00000000fce00000, 0x00000000fce00000| Untracked 
|  15|0x00000000fcf00000, 0x00000000fcf00000, 0x00000000fd000000|  0%| F|  |TAMS 0x00000000fcf00000, 0x00000000fcf00000| Untracked 
|  16|0x00000000fd000000, 0x00000000fd000000, 0x00000000fd100000|  0%| F|  |TAMS 0x00000000fd000000, 0x00000000fd000000| Untracked 
|  17|0x00000000fd100000, 0x00000000fd100000, 0x00000000fd200000|  0%| F|  |TAMS 0x00000000fd100000, 0x00000000fd100000| Untracked 
|  18|0x00000000fd200000, 0x00000000fd200000, 0x00000000fd300000|  0%| F|  |TAMS 0x00000000fd200000, 0x00000000fd200000| Untracked 
|  19|0x00000000fd300000, 0x00000000fd300000, 0x00000000fd400000|  0%| F|  |TAMS 0x00000000fd300000, 0x00000000fd300000| Untracked 
|  20|0x00000000fd400000, 0x00000000fd400000, 0x00000000fd500000|  0%| F|  |TAMS 0x00000000fd400000, 0x00000000fd400000| Untracked 
|  21|0x00000000fd500000, 0x00000000fd500000, 0x00000000fd600000|  0%| F|  |TAMS 0x00000000fd500000, 0x00000000fd500000| Untracked 
|  22|0x00000000fd600000, 0x00000000fd600000, 0x00000000fd700000|  0%| F|  |TAMS 0x00000000fd600000, 0x00000000fd600000| Untracked 
|  23|0x00000000fd700000, 0x00000000fd700000, 0x00000000fd800000|  0%| F|  |TAMS 0x00000000fd700000, 0x00000000fd700000| Untracked 
|  24|0x00000000fd800000, 0x00000000fd800000, 0x00000000fd900000|  0%| F|  |TAMS 0x00000000fd800000, 0x00000000fd800000| Untracked 
|  25|0x00000000fd900000, 0x00000000fd900000, 0x00000000fda00000|  0%| F|  |TAMS 0x00000000fd900000, 0x00000000fd900000| Untracked 
|  26|0x00000000fda00000, 0x00000000fda00000, 0x00000000fdb00000|  0%| F|  |TAMS 0x00000000fda00000, 0x00000000fda00000| Untracked 
|  27|0x00000000fdb00000, 0x00000000fdb00000, 0x00000000fdc00000|  0%| F|  |TAMS 0x00000000fdb00000, 0x00000000fdb00000| Untracked 
|  28|0x00000000fdc00000, 0x00000000fdc00000, 0x00000000fdd00000|  0%| F|  |TAMS 0x00000000fdc00000, 0x00000000fdc00000| Untracked 
|  29|0x00000000fdd00000, 0x00000000fdd00000, 0x00000000fde00000|  0%| F|  |TAMS 0x00000000fdd00000, 0x00000000fdd00000| Untracked 
|  30|0x00000000fde00000, 0x00000000fde00000, 0x00000000fdf00000|  0%| F|  |TAMS 0x00000000fde00000, 0x00000000fde00000| Untracked 
|  31|0x00000000fdf00000, 0x00000000fdf00000, 0x00000000fe000000|  0%| F|  |TAMS 0x00000000fdf00000, 0x00000000fdf00000| Untracked 
|  32|0x00000000fe000000, 0x00000000fe000000, 0x00000000fe100000|  0%| F|  |TAMS 0x00000000fe000000, 0x00000000fe000000| Untracked 
|  33|0x00000000fe100000, 0x00000000fe100000, 0x00000000fe200000|  0%| F|  |TAMS 0x00000000fe100000, 0x00000000fe100000| Untracked 
|  34|0x00000000fe200000, 0x00000000fe200000, 0x00000000fe300000|  0%| F|  |TAMS 0x00000000fe200000, 0x00000000fe200000| Untracked 
|  35|0x00000000fe300000, 0x00000000fe300000, 0x00000000fe400000|  0%| F|  |TAMS 0x00000000fe300000, 0x00000000fe300000| Untracked 
|  36|0x00000000fe400000, 0x00000000fe400000, 0x00000000fe500000|  0%| F|  |TAMS 0x00000000fe400000, 0x00000000fe400000| Untracked 
|  37|0x00000000fe500000, 0x00000000fe500000, 0x00000000fe600000|  0%| F|  |TAMS 0x00000000fe500000, 0x00000000fe500000| Untracked 
|  38|0x00000000fe600000, 0x00000000fe600000, 0x00000000fe700000|  0%| F|  |TAMS 0x00000000fe600000, 0x00000000fe600000| Untracked 
|  39|0x00000000fe700000, 0x00000000fe700000, 0x00000000fe800000|  0%| F|  |TAMS 0x00000000fe700000, 0x00000000fe700000| Untracked 
|  40|0x00000000fe800000, 0x00000000fe800000, 0x00000000fe900000|  0%| F|  |TAMS 0x00000000fe800000, 0x00000000fe800000| Untracked 
|  41|0x00000000fe900000, 0x00000000fe900000, 0x00000000fea00000|  0%| F|  |TAMS 0x00000000fe900000, 0x00000000fe900000| Untracked 
|  42|0x00000000fea00000, 0x00000000fea00000, 0x00000000feb00000|  0%| F|  |TAMS 0x00000000fea00000, 0x00000000fea00000| Untracked 
|  43|0x00000000feb00000, 0x00000000feb00000, 0x00000000fec00000|  0%| F|  |TAMS 0x00000000feb00000, 0x00000000feb00000| Untracked 
|  44|0x00000000fec00000, 0x00000000fec00000, 0x00000000fed00000|  0%| F|  |TAMS 0x00000000fec00000, 0x00000000fec00000| Untracked 
|  45|0x00000000fed00000, 0x00000000fed00000, 0x00000000fee00000|  0%| F|  |TAMS 0x00000000fed00000, 0x00000000fed00000| Untracked 
|  46|0x00000000fee00000, 0x00000000fee00000, 0x00000000fef00000|  0%| F|  |TAMS 0x00000000fee00000, 0x00000000fee00000| Untracked 
|  47|0x00000000fef00000, 0x00000000fef00000, 0x00000000ff000000|  0%| F|  |TAMS 0x00000000fef00000, 0x00000000fef00000| Untracked 
|  48|0x00000000ff000000, 0x00000000ff000000, 0x00000000ff100000|  0%| F|  |TAMS 0x00000000ff000000, 0x00000000ff000000| Untracked 
|  49|0x00000000ff100000, 0x00000000ff100000, 0x00000000ff200000|  0%| F|  |TAMS 0x00000000ff100000, 0x00000000ff100000| Untracked 
|  50|0x00000000ff200000, 0x00000000ff200000, 0x00000000ff300000|  0%| F|  |TAMS 0x00000000ff200000, 0x00000000ff200000| Untracked 
|  51|0x00000000ff300000, 0x00000000ff300000, 0x00000000ff400000|  0%| F|  |TAMS 0x00000000ff300000, 0x00000000ff300000| Untracked 
|  52|0x00000000ff400000, 0x00000000ff400000, 0x00000000ff500000|  0%| F|  |TAMS 0x00000000ff400000, 0x00000000ff400000| Untracked 
|  53|0x00000000ff500000, 0x00000000ff500000, 0x00000000ff600000|  0%| F|  |TAMS 0x00000000ff500000, 0x00000000ff500000| Untracked 
|  54|0x00000000ff600000, 0x00000000ff600000, 0x00000000ff700000|  0%| F|  |TAMS 0x00000000ff600000, 0x00000000ff600000| Untracked 
|  55|0x00000000ff700000, 0x00000000ff700000, 0x00000000ff800000|  0%| F|  |TAMS 0x00000000ff700000, 0x00000000ff700000| Untracked 
|  56|0x00000000ff800000, 0x00000000ff800000, 0x00000000ff900000|  0%| F|  |TAMS 0x00000000ff800000, 0x00000000ff800000| Untracked 
|  57|0x00000000ff900000, 0x00000000ff900000, 0x00000000ffa00000|  0%| F|  |TAMS 0x00000000ff900000, 0x00000000ff900000| Untracked 
|  58|0x00000000ffa00000, 0x00000000ffb00000, 0x00000000ffb00000|100%| E|  |TAMS 0x00000000ffa00000, 0x00000000ffa00000| Complete 
|  59|0x00000000ffb00000, 0x00000000ffc00000, 0x00000000ffc00000|100%| E|CS|TAMS 0x00000000ffb00000, 0x00000000ffb00000| Complete 
|  60|0x00000000ffc00000, 0x00000000ffd00000, 0x00000000ffd00000|100%| E|CS|TAMS 0x00000000ffc00000, 0x00000000ffc00000| Complete 
|  61|0x00000000ffd00000, 0x00000000ffe00000, 0x00000000ffe00000|100%| E|CS|TAMS 0x00000000ffd00000, 0x00000000ffd00000| Complete 
|  62|0x00000000ffe00000, 0x00000000fff00000, 0x00000000fff00000|100%| E|CS|TAMS 0x00000000ffe00000, 0x00000000ffe00000| Complete 
|  63|0x00000000fff00000, 0x0000000100000000, 0x0000000100000000|100%| E|CS|TAMS 0x00000000fff00000, 0x00000000fff00000| Complete 

Card table byte_map: [0x000001fbe0130000,0x000001fbe0150000] _byte_map_base: 0x000001fbdf950000

Marking Bits (Prev, Next): (CMBitMap*) 0x000001fbe0314b08, (CMBitMap*) 0x000001fbe0314b40
 Prev Bits: [0x000001fbe0170000, 0x000001fbe0270000)
 Next Bits: [0x000001fbf69a0000, 0x000001fbf6aa0000)

Polling page: 0x000001fbde220000

Metaspace:

Usage:
  Non-class:      6.39 MB capacity,     6.28 MB ( 98%) used,   107.31 KB (  2%) free+waste,     5.00 KB ( <1%) overhead. 
      Class:    682.00 KB capacity,   627.27 KB ( 92%) used,    52.29 KB (  8%) free+waste,     2.44 KB ( <1%) overhead. 
       Both:      7.05 MB capacity,     6.89 MB ( 98%) used,   159.60 KB (  2%) free+waste,     7.44 KB ( <1%) overhead. 

Virtual space:
  Non-class space:        8.00 MB reserved,       6.50 MB ( 81%) committed 
      Class space:        1.00 GB reserved,     768.00 KB ( <1%) committed 
             Both:        1.01 GB reserved,       7.25 MB ( <1%) committed 

Chunk freelists:
   Non-Class:  6.25 KB
       Class:  0 bytes
        Both:  6.25 KB

CodeHeap 'non-profiled nmethods': size=120064Kb used=103Kb max_used=103Kb free=119960Kb
 bounds [0x000001fbef460000, 0x000001fbef6d0000, 0x000001fbf69a0000]
CodeHeap 'profiled nmethods': size=120000Kb used=621Kb max_used=621Kb free=119378Kb
 bounds [0x000001fbe7f30000, 0x000001fbe81a0000, 0x000001fbef460000]
CodeHeap 'non-nmethods': size=5696Kb used=1060Kb max_used=1072Kb free=4636Kb
 bounds [0x000001fbe79a0000, 0x000001fbe7c10000, 0x000001fbe7f30000]
 total_blobs=729 nmethods=375 adapters=266
 compilation: enabled
              stopped_count=0, restarted_count=0
 full_count=0

Compilation events (10 events):
Event: 78.692 Thread 0x000001fbf98a3000  372       3       java.util.LinkedHashMap$Entry::<init> (10 bytes)
Event: 78.692 Thread 0x000001fbf98a3000 nmethod 372 0x000001fbe7fca890 code [0x000001fbe7fcaa40, 0x000001fbe7fcad18]
Event: 78.692 Thread 0x000001fbf98a3000  373       3       java.util.LinkedHashMap$LinkedHashIterator::hasNext (13 bytes)
Event: 78.692 Thread 0x000001fbf98a3000 nmethod 373 0x000001fbe7fcae10 code [0x000001fbe7fcafa0, 0x000001fbe7fcb0f8]
Event: 78.714 Thread 0x000001fbf9860000 nmethod 370% 0x000001fbef479190 code [0x000001fbef479340, 0x000001fbef4798d8]
Event: 80.535 Thread 0x000001fbf9860000  374       4       java.lang.String::checkBoundsOffCount (61 bytes)
Event: 80.536 Thread 0x000001fbf9860000 nmethod 374 0x000001fbef479b90 code [0x000001fbef479d00, 0x000001fbef479d98]
Event: 80.807 Thread 0x000001fbf98a3000  375       3       java.util.Collections$UnmodifiableCollection$1::next (10 bytes)
Event: 80.807 Thread 0x000001fbf98a3000 nmethod 375 0x000001fbe7fcb190 code [0x000001fbe7fcb340, 0x000001fbe7fcb508]
Event: 80.807 Thread 0x000001fbf9860000  376       4       java.lang.StringLatin1::toLowerCase (180 bytes)

GC Heap History (0 events):
No events

Deoptimization events (1 events):
Event: 15.794 Thread 0x000001fbe02f9000 Uncommon trap: reason=unstable_if action=reinterpret pc=0x000001fbef462310 method=java.lang.String.hashCode()I @ 14 c2

Classes redefined (0 events):
No events

Internal exceptions (3 events):
Event: 65.387 Thread 0x000001fbe02f9000 Exception <a 'java/lang/NoSuchMethodError'{0x00000000ffc2d900}: java.lang.invoke.DirectMethodHandle$Holder.invokeStaticInit(Ljava/lang/Object;Ljava/lang/Object;)I> (0x00000000ffc2d900) thrown at [./open/src/hotspot/share/interpreter/linkResolver.cpp, line
Event: 68.011 Thread 0x000001fbe02f9000 Exception <a 'java/lang/NoSuchMethodError'{0x00000000ffb0b8c8}: java.lang.invoke.DirectMethodHandle$Holder.invokeSpecial(Ljava/lang/Object;Ljava/lang/Object;Ljava/lang/Object;Ljava/lang/Object;)I> (0x00000000ffb0b8c8) thrown at [./open/src/hotspot/share/i
Event: 69.977 Thread 0x000001fbe02f9000 Exception <a 'java/lang/NoSuchMethodError'{0x00000000ffb44c28}: java.lang.invoke.DirectMethodHandle$Holder.invokeSpecialIFC(Ljava/lang/Object;Ljava/lang/Object;I)I> (0x00000000ffb44c28) thrown at [./open/src/hotspot/share/interpreter/linkResolver.cpp, lin

Events (10 events):
Event: 69.971 loading class org/gradle/internal/InternalTransformer
Event: 69.971 loading class org/gradle/internal/InternalTransformer done
Event: 70.005 loading class org/gradle/internal/IoActions
Event: 70.005 loading class org/gradle/internal/IoActions done
Event: 70.006 loading class org/gradle/api/Action
Event: 70.006 loading class org/gradle/api/Action done
Event: 78.459 loading class jdk/internal/util/ArraysSupport
Event: 78.463 loading class jdk/internal/util/ArraysSupport done
Event: 80.807 Thread 0x000001fbe02f9000 DEOPT PACKING pc=0x000001fbe7f806e8 sp=0x000000c88fffd310
Event: 80.807 Thread 0x000001fbe02f9000 DEOPT UNPACKING pc=0x000001fbe79c6dde sp=0x000000c88fffc7e0 mode 0


Dynamic libraries:
0x00007ff7cc670000 - 0x00007ff7cc67f000 	C:\Program Files\Java\jdk-11.0.16.1\bin\java.exe
0x00007ffa03770000 - 0x00007ffa03984000 	C:\WINDOWS\SYSTEM32\ntdll.dll
0x00007ffa02a80000 - 0x00007ffa02b44000 	C:\WINDOWS\System32\KERNEL32.DLL
0x00007ffa00b20000 - 0x00007ffa00ec4000 	C:\WINDOWS\System32\KERNELBASE.dll
0x00007ffa00ed0000 - 0x00007ffa00fe1000 	C:\WINDOWS\System32\ucrtbase.dll
0x00007ff9c9b60000 - 0x00007ff9c9b78000 	C:\Program Files\Java\jdk-11.0.16.1\bin\jli.dll
0x00007ff9a42f0000 - 0x00007ff9a4305000 	C:\Program Files\Java\jdk-11.0.16.1\bin\VCRUNTIME140.dll
0x00007ffa029d0000 - 0x00007ffa02a80000 	C:\WINDOWS\System32\ADVAPI32.dll
0x00007ffa02c40000 - 0x00007ffa02ce7000 	C:\WINDOWS\System32\msvcrt.dll
0x00007ffa01500000 - 0x00007ffa015a6000 	C:\WINDOWS\System32\sechost.dll
0x00007ffa01bc0000 - 0x00007ffa01cd7000 	C:\WINDOWS\System32\RPCRT4.dll
0x00007ffa026b0000 - 0x00007ffa0285e000 	C:\WINDOWS\System32\USER32.dll
0x00007ffa013b0000 - 0x00007ffa013d6000 	C:\WINDOWS\System32\win32u.dll
0x00007ffa036f0000 - 0x00007ffa03719000 	C:\WINDOWS\System32\GDI32.dll
0x00007ffa013e0000 - 0x00007ffa014f8000 	C:\WINDOWS\System32\gdi32full.dll
0x00007ff9eb0d0000 - 0x00007ff9eb363000 	C:\WINDOWS\WinSxS\amd64_microsoft.windows.common-controls_6595b64144ccf1df_6.0.22621.2215_none_270d72677387dfc3\COMCTL32.dll
0x00007ffa00ff0000 - 0x00007ffa0108a000 	C:\WINDOWS\System32\msvcp_win.dll
0x00007ff9f8b20000 - 0x00007ff9f8b2a000 	C:\WINDOWS\SYSTEM32\VERSION.dll
0x00007ffa01b80000 - 0x00007ffa01bb1000 	C:\WINDOWS\System32\IMM32.DLL
0x00007ff99a650000 - 0x00007ff99a6eb000 	C:\Program Files\Java\jdk-11.0.16.1\bin\msvcp140.dll
0x00007ff984530000 - 0x00007ff985048000 	C:\Program Files\Java\jdk-11.0.16.1\bin\server\jvm.dll
0x00007ffa03720000 - 0x00007ffa03728000 	C:\WINDOWS\System32\PSAPI.DLL
0x00007ff9fbb40000 - 0x00007ff9fbb49000 	C:\WINDOWS\SYSTEM32\WSOCK32.dll
0x00007ffa02d40000 - 0x00007ffa02db1000 	C:\WINDOWS\System32\WS2_32.dll
0x00007ff9fa870000 - 0x00007ff9fa8a4000 	C:\WINDOWS\SYSTEM32\WINMM.dll
0x00007ff9ffae0000 - 0x00007ff9ffaf8000 	C:\WINDOWS\SYSTEM32\kernel.appcore.dll
0x00007ff9fb680000 - 0x00007ff9fb690000 	C:\Program Files\Java\jdk-11.0.16.1\bin\verify.dll
0x00007ff9fe450000 - 0x00007ff9fe67e000 	C:\WINDOWS\SYSTEM32\DBGHELP.DLL
0x00007ffa02f20000 - 0x00007ffa032aa000 	C:\WINDOWS\System32\combase.dll
0x00007ffa02b50000 - 0x00007ffa02c27000 	C:\WINDOWS\System32\OLEAUT32.dll
0x00007ff9e66e0000 - 0x00007ff9e6712000 	C:\WINDOWS\SYSTEM32\dbgcore.DLL
0x00007ffa01100000 - 0x00007ffa0117a000 	C:\WINDOWS\System32\bcryptPrimitives.dll
0x00007ff9a5590000 - 0x00007ff9a55b8000 	C:\Program Files\Java\jdk-11.0.16.1\bin\java.dll
0x00007ff9e6220000 - 0x00007ff9e622a000 	C:\Program Files\Java\jdk-11.0.16.1\bin\jimage.dll
0x00007ff9a25f0000 - 0x00007ff9a2606000 	C:\Program Files\Java\jdk-11.0.16.1\bin\zip.dll
0x00007ffa01ce0000 - 0x00007ffa02503000 	C:\WINDOWS\System32\SHELL32.dll
0x00007ff9fea60000 - 0x00007ff9ff34a000 	C:\WINDOWS\SYSTEM32\windows.storage.dll
0x00007ff9fe920000 - 0x00007ff9fea5e000 	C:\WINDOWS\SYSTEM32\wintypes.dll
0x00007ffa02dd0000 - 0x00007ffa02ec3000 	C:\WINDOWS\System32\SHCORE.dll
0x00007ffa032b0000 - 0x00007ffa0330e000 	C:\WINDOWS\System32\shlwapi.dll
0x00007ffa00a50000 - 0x00007ffa00a76000 	C:\WINDOWS\SYSTEM32\profapi.dll
0x00007ff9a5570000 - 0x00007ff9a5589000 	C:\Program Files\Java\jdk-11.0.16.1\bin\net.dll
0x00007ff9f8f80000 - 0x00007ff9f90b7000 	C:\WINDOWS\SYSTEM32\WINHTTP.dll
0x00007ff9fffd0000 - 0x00007ffa00039000 	C:\WINDOWS\system32\mswsock.dll
0x00007ff9a2a40000 - 0x00007ff9a2a52000 	C:\Program Files\Java\jdk-11.0.16.1\bin\nio.dll

dbghelp: loaded successfully - version: 4.0.5 - missing functions: none
symbol engine: initialized successfully - sym options: 0x614 - pdb path: .;C:\Program Files\Java\jdk-11.0.16.1\bin;C:\WINDOWS\SYSTEM32;C:\WINDOWS\WinSxS\amd64_microsoft.windows.common-controls_6595b64144ccf1df_6.0.22621.2215_none_270d72677387dfc3;C:\Program Files\Java\jdk-11.0.16.1\bin\server

VM Arguments:
jvm_args: -Xmx64m -Xms64m -Dorg.gradle.appname=gradlew 
java_command: org.gradle.wrapper.GradleWrapperMain tasks
java_class_path (initial): C:\work\pilotapp\pilot-app-new\android\\gradle\wrapper\gradle-wrapper.jar
Launcher Type: SUN_STANDARD

[Global flags]
     intx CICompilerCount                          = 3                                         {product} {ergonomic}
     uint ConcGCThreads                            = 1                                         {product} {ergonomic}
     uint G1ConcRefinementThreads                  = 4                                         {product} {ergonomic}
   size_t G1HeapRegionSize                         = 1048576                                   {product} {ergonomic}
    uintx GCDrainStackTargetSize                   = 64                                        {product} {ergonomic}
   size_t InitialHeapSize                          = 67108864                                  {product} {command line}
   size_t MarkStackSize                            = 4194304                                   {product} {ergonomic}
   size_t MaxHeapSize                              = 67108864                                  {product} {command line}
   size_t MaxNewSize                               = 39845888                                  {product} {ergonomic}
   size_t MinHeapDeltaBytes                        = 1048576                                   {product} {ergonomic}
    uintx NonNMethodCodeHeapSize                   = 5830732                                {pd product} {ergonomic}
    uintx NonProfiledCodeHeapSize                  = 122913754                              {pd product} {ergonomic}
    uintx ProfiledCodeHeapSize                     = 122913754                              {pd product} {ergonomic}
    uintx ReservedCodeCacheSize                    = 251658240                              {pd product} {ergonomic}
     bool SegmentedCodeCache                       = true                                      {product} {ergonomic}
     bool UseCompressedClassPointers               = true                                 {lp64_product} {ergonomic}
     bool UseCompressedOops                        = true                                 {lp64_product} {ergonomic}
     bool UseG1GC                                  = true                                      {product} {ergonomic}
     bool UseLargePagesIndividualAllocation        = false                                  {pd product} {ergonomic}

Logging:
Log output configuration:
 #0: stdout all=warning uptime,level,tags
 #1: stderr all=off uptime,level,tags

Environment Variables:
JAVA_HOME=C:\Program Files\Java\jdk-11.0.16.1
CLASSPATH=C:\work\pilotapp\pilot-app-new\android\\gradle\wrapper\gradle-wrapper.jar
PATH=C:\work\pilotapp\pilot-app-new\node_modules\.bin;C:\work\pilotapp\pilot-app-new\node_modules\.bin;C:\work\pilotapp\node_modules\.bin;C:\work\node_modules\.bin;C:\node_modules\.bin;C:\Program Files\nodejs\node_modules\npm\node_modules\@npmcli\run-script\lib\node-gyp-bin;C:\work\pilotapp\pilot-app-new\node_modules\.bin;C:\work\pilotapp\pilot-app-new\node_modules\.bin;C:\work\pilotapp\node_modules\.bin;C:\work\node_modules\.bin;C:\node_modules\.bin;C:\Program Files\nodejs\node_modules\npm\node_modules\@npmcli\run-script\lib\node-gyp-bin;C:\Program Files\Common Files\Oracle\Java\javapath;C:\WINDOWS\system32;C:\WINDOWS;C:\WINDOWS\System32\Wbem;C:\WINDOWS\System32\WindowsPowerShell\v1.0\;C:\WINDOWS\System32\OpenSSH\;C:\Program Files\nodejs\;C:\Program Files\Git\cmd;C:\Program Files\Java\jdk-11.0.16.1;C:\Users\Office Laptop2\AppData\Roaming\npm;C:\Program Files (x86)\Microsoft SQL Server\160\Tools\Binn\;C:\Program Files\Microsoft SQL Server\160\Tools\Binn\;C:\Program Files\Microsoft SQL Server\Client SDK\ODBC\170\Tools\Binn\;C:\Program Files\Microsoft SQL Server\160\DTS\Binn\;C:\Program Files (x86)\Microsoft SQL Server\160\DTS\Binn\;C:\Program Files\Azure Data Studio\bin;C:\Gradle\gradle-8.2.1\bin;C:\Users\Office Laptop2\AppData\Local\Android\Sdk\emulator;C:\Users\Office Laptop2\AppData\Local\Android\Sdk\build-tools;C:\Users\Office Laptop2\AppData\Local\Android\Sdk\platform-tools;C:\Users\Office Laptop2\AppData\Local\Android\Sdk\cmdline-tools\latest\bin;C:\Users\Office Laptop2\AppData\Local\Android\Sdk\tools;C:\Users\Office Laptop2\.console-ninja\.bin;C:\Users\Office Laptop2\AppData\Local\Programs\Python\Python311\Scripts\;C:\Users\Office Laptop2\AppData\Local\Programs\Python\Python311\;C:\Users\Office Laptop2\AppData\Local\Programs\Microsoft VS Code\bin;;C:\Users\Office Laptop2\AppData\Local\Microsoft\WindowsApps;C:\Program Files\Azure Data Studio\bin
USERNAME=Office Laptop2
OS=Windows_NT
PROCESSOR_IDENTIFIER=Intel64 Family 6 Model 142 Stepping 12, GenuineIntel



---------------  S Y S T E M  ---------------

OS: Windows 11 , 64 bit Build 22621 (10.0.22621.2215)
Hyper-V role detected

CPU:total 4 (initial active 4) (2 cores per cpu, 2 threads per core) family 6 model 142 stepping 12 microcode 0xf0, cmov, cx8, fxsr, mmx, sse, sse2, sse3, ssse3, sse4.1, sse4.2, popcnt, avx, avx2, aes, clmul, erms, 3dnowpref, lzcnt, ht, tsc, tscinvbit, bmi1, bmi2, adx, fma

Memory: 4k page, system-wide physical 8026M (95M free)
TotalPageFile size 32602M (AvailPageFile size 31M)
current process WorkingSet (physical memory assigned to process): 16M, peak: 20M
current process commit charge ("private bytes"): 135M, peak: 135M

vm_info: Java HotSpot(TM) 64-Bit Server VM (11.0.16.1+1-LTS-1) for windows-amd64 JRE (11.0.16.1+1-LTS-1), built on Aug 16 2022 01:46:01 by "mach5one" with MS VC++ 15.9 (VS2017)

END.
