#
# There is insufficient memory for the Java Runtime Environment to continue.
# Native memory allocation (malloc) failed to allocate 2185136 bytes for Chunk::new
# Possible reasons:
#   The system is out of physical RAM or swap space
#   The process is running with CompressedOops enabled, and the Java Heap may be blocking the growth of the native heap
# Possible solutions:
#   Reduce memory load on the system
#   Increase physical memory or swap space
#   Check if swap backing store is full
#   Decrease Java heap size (-Xmx/-Xms)
#   Decrease number of Java threads
#   Decrease Java thread stack sizes (-Xss)
#   Set larger code cache with -XX:ReservedCodeCacheSize=
#   JVM is running with Unscaled Compressed Oops mode in which the Java heap is
#     placed in the first 4GB address space. The Java Heap base address is the
#     maximum limit for the native heap growth. Please use -XX:HeapBaseMinAddress
#     to set the Java Heap base and to place the Java Heap above 4GB virtual address.
# This output file may be truncated or incomplete.
#
#  Out of Memory Error (arena.cpp:189), pid=19608, tid=20188
#
# JRE version: Java(TM) SE Runtime Environment (17.0.10+11) (build 17.0.10+11-LTS-240)
# Java VM: Java HotSpot(TM) 64-Bit Server VM (17.0.10+11-LTS-240, mixed mode, sharing, tiered, compressed oops, compressed class ptrs, g1 gc, windows-amd64)
# No core dump will be written. Minidumps are not enabled by default on client versions of Windows
#

---------------  S U M M A R Y ------------

Command Line: -XX:MaxMetaspaceSize=512m --add-opens=java.base/java.util=ALL-UNNAMED --add-opens=java.base/java.lang=ALL-UNNAMED --add-opens=java.base/java.lang.invoke=ALL-UNNAMED --add-opens=java.prefs/java.util.prefs=ALL-UNNAMED --add-opens=java.base/java.nio.charset=ALL-UNNAMED --add-opens=java.base/java.net=ALL-UNNAMED --add-opens=java.base/java.util.concurrent.atomic=ALL-UNNAMED -Xmx2048m -Dfile.encoding=windows-1252 -Duser.country=US -Duser.language=en -Duser.variant org.gradle.launcher.daemon.bootstrap.GradleDaemon 8.0.1

Host: Intel(R) Core(TM) i5-7300U CPU @ 2.60GHz, 4 cores, 7G,  Windows 10 , 64 bit Build 19041 (10.0.19041.3636)
Time: Thu Apr 18 13:57:16 2024 India Standard Time elapsed time: 1364.605093 seconds (0d 0h 22m 44s)

---------------  T H R E A D  ---------------

Current thread (0x0000022eff2c76a0):  JavaThread "C2 CompilerThread0" daemon [_thread_in_native, id=20188, stack(0x0000005a5a400000,0x0000005a5a500000)]


Current CompileTask:
C2:1364605 13046   !   4       org.gradle.cache.internal.LockOnDemandCrossProcessCacheAccess::incrementLockCount (193 bytes)

Stack: [0x0000005a5a400000,0x0000005a5a500000]
Native frames: (J=compiled Java code, j=interpreted, Vv=VM code, C=native code)
V  [jvm.dll+0x677a5a]
V  [jvm.dll+0x7d8b2d]
V  [jvm.dll+0x7da48e]
V  [jvm.dll+0x7daaf3]
V  [jvm.dll+0x2455ff]
V  [jvm.dll+0xaaafb]
V  [jvm.dll+0xab09c]
V  [jvm.dll+0x361b5f]
V  [jvm.dll+0x32c211]
V  [jvm.dll+0x32b6aa]
V  [jvm.dll+0x21794f]
V  [jvm.dll+0x216d81]
V  [jvm.dll+0x1a3410]
V  [jvm.dll+0x226aeb]
V  [jvm.dll+0x224cab]
V  [jvm.dll+0x78e45c]
V  [jvm.dll+0x78888a]
V  [jvm.dll+0x676935]
C  [ucrtbase.dll+0x21bb2]
C  [KERNEL32.DLL+0x17344]
C  [ntdll.dll+0x526b1]


---------------  P R O C E S S  ---------------

Threads class SMR info:
_java_thread_list=0x0000022ea7af4330, length=86, elements={
0x0000022ee7959f10, 0x0000022eff2ab520, 0x0000022eff2ae2c0, 0x0000022eff2c0950,
0x0000022eff2c2430, 0x0000022eff2c4d10, 0x0000022eff2c69f0, 0x0000022eff2c76a0,
0x0000022eff2ca070, 0x0000022eff33a7e0, 0x0000022eff4a3e50, 0x0000022eff4a6340,
0x0000022ea54a3f10, 0x0000022ea567c040, 0x0000022ea5604920, 0x0000022ea5416f80,
0x0000022ea6037ff0, 0x0000022ea6036190, 0x0000022ea6038a10, 0x0000022ea6038500,
0x0000022ea6038f20, 0x0000022ea6035770, 0x0000022ea750c9a0, 0x0000022ea750fc40,
0x0000022ea750bf80, 0x0000022ea7511080, 0x0000022ea7510660, 0x0000022ea7510150,
0x0000022ea75133f0, 0x0000022ea750ceb0, 0x0000022ea7513900, 0x0000022ea7510b70,
0x0000022ea750d3c0, 0x0000022ea750e2f0, 0x0000022ea75129d0, 0x0000022ea750e800,
0x0000022ea7511aa0, 0x0000022ea7511fb0, 0x0000022ea7512ee0, 0x0000022ea75124c0,
0x0000022ea7511590, 0x0000022ea750d8d0, 0x0000022ea750ed10, 0x0000022ea750f220,
0x0000022ea750f730, 0x0000022ea6037ae0, 0x0000022ea6035c80, 0x0000022ea6036bb0,
0x0000022ea60370c0, 0x0000022ea60375d0, 0x0000022ea6cded50, 0x0000022ea6cdf260,
0x0000022ea6cdd400, 0x0000022ea6cde330, 0x0000022ea6cde840, 0x0000022ea6cdcef0,
0x0000022ea6cdd910, 0x0000022ea6ce06a0, 0x0000022ea6ce0190, 0x0000022ea6ce2f20,
0x0000022ea6ce1ae0, 0x0000022ea6cdc9e0, 0x0000022ea6cdde20, 0x0000022ea6cdf770,
0x0000022ea6cdfc80, 0x0000022ea6ce10c0, 0x0000022ea6ce2500, 0x0000022ea6cdc4d0,
0x0000022ea6ce3e50, 0x0000022ea6b9dd00, 0x0000022ea6b97cd0, 0x0000022ea6b99b30,
0x0000022ea6b99110, 0x0000022ea6b9aa60, 0x0000022ea6b9ec30, 0x0000022ea6b9a040,
0x0000022ea6b986f0, 0x0000022ea6b9f650, 0x0000022ea6b99620, 0x0000022ea6b9e720,
0x0000022ea6b9f140, 0x0000022ea6b9e210, 0x0000022ea6b981e0, 0x0000022ea6b9af70,
0x0000022ea6b9b480, 0x0000022ea6ce15d0
}

Java Threads: ( => current thread )
  0x0000022ee7959f10 JavaThread "main" [_thread_blocked, id=19896, stack(0x0000005a59600000,0x0000005a59700000)]
  0x0000022eff2ab520 JavaThread "Reference Handler" daemon [_thread_blocked, id=20156, stack(0x0000005a59e00000,0x0000005a59f00000)]
  0x0000022eff2ae2c0 JavaThread "Finalizer" daemon [_thread_blocked, id=20160, stack(0x0000005a59f00000,0x0000005a5a000000)]
  0x0000022eff2c0950 JavaThread "Signal Dispatcher" daemon [_thread_blocked, id=20172, stack(0x0000005a5a000000,0x0000005a5a100000)]
  0x0000022eff2c2430 JavaThread "Attach Listener" daemon [_thread_blocked, id=20176, stack(0x0000005a5a100000,0x0000005a5a200000)]
  0x0000022eff2c4d10 JavaThread "Service Thread" daemon [_thread_blocked, id=20180, stack(0x0000005a5a200000,0x0000005a5a300000)]
  0x0000022eff2c69f0 JavaThread "Monitor Deflation Thread" daemon [_thread_blocked, id=20184, stack(0x0000005a5a300000,0x0000005a5a400000)]
=>0x0000022eff2c76a0 JavaThread "C2 CompilerThread0" daemon [_thread_in_native, id=20188, stack(0x0000005a5a400000,0x0000005a5a500000)]
  0x0000022eff2ca070 JavaThread "C1 CompilerThread0" daemon [_thread_blocked, id=20196, stack(0x0000005a5a500000,0x0000005a5a600000)]
  0x0000022eff33a7e0 JavaThread "Sweeper thread" daemon [_thread_blocked, id=20200, stack(0x0000005a5a600000,0x0000005a5a700000)]
  0x0000022eff4a3e50 JavaThread "Common-Cleaner" daemon [_thread_blocked, id=20252, stack(0x0000005a5a700000,0x0000005a5a800000)]
  0x0000022eff4a6340 JavaThread "Notification Thread" daemon [_thread_blocked, id=20256, stack(0x0000005a5a800000,0x0000005a5a900000)]
  0x0000022ea54a3f10 JavaThread "Daemon health stats" [_thread_blocked, id=444, stack(0x0000005a5ad00000,0x0000005a5ae00000)]
  0x0000022ea567c040 JavaThread "Incoming local TCP Connector on port 50163" [_thread_in_native, id=10484, stack(0x0000005a5ae00000,0x0000005a5af00000)]
  0x0000022ea5604920 JavaThread "Daemon periodic checks" [_thread_in_native, id=18256, stack(0x0000005a5af00000,0x0000005a5b000000)]
  0x0000022ea5416f80 JavaThread "Daemon" [_thread_blocked, id=20044, stack(0x0000005a5b000000,0x0000005a5b100000)]
  0x0000022ea6037ff0 JavaThread "Daemon worker" [_thread_blocked, id=15756, stack(0x0000005a5b300000,0x0000005a5b400000)]
  0x0000022ea6036190 JavaThread "Cache worker for journal cache (C:\Users\Admin\.gradle\caches\journal-1)" [_thread_blocked, id=21864, stack(0x0000005a5b700000,0x0000005a5b800000)]
  0x0000022ea6038a10 JavaThread "File lock request listener" [_thread_in_native, id=21868, stack(0x0000005a5b800000,0x0000005a5b900000)]
  0x0000022ea6038500 JavaThread "Cache worker for file hash cache (C:\Users\Admin\.gradle\caches\8.0.1\fileHashes)" [_thread_blocked, id=22044, stack(0x0000005a5bc00000,0x0000005a5bd00000)]
  0x0000022ea6038f20 JavaThread "File watcher server" daemon [_thread_in_native, id=19772, stack(0x0000005a5bd00000,0x0000005a5be00000)]
  0x0000022ea6035770 JavaThread "File watcher consumer" daemon [_thread_blocked, id=21112, stack(0x0000005a5be00000,0x0000005a5bf00000)]
  0x0000022ea750c9a0 JavaThread "Cache worker for file content cache (C:\Users\Admin\.gradle\caches\8.0.1\fileContent)" [_thread_blocked, id=22248, stack(0x0000005a5c100000,0x0000005a5c200000)]
  0x0000022ea750fc40 JavaThread "Cache worker for execution history cache (C:\Users\Admin\.gradle\caches\8.0.1\executionHistory)" [_thread_blocked, id=20972, stack(0x0000005a5c500000,0x0000005a5c600000)]
  0x0000022ea750bf80 JavaThread "jar transforms" [_thread_blocked, id=9396, stack(0x0000005a59500000,0x0000005a59600000)]
  0x0000022ea7511080 JavaThread "jar transforms Thread 2" [_thread_blocked, id=21028, stack(0x0000005a59700000,0x0000005a59800000)]
  0x0000022ea7510660 JavaThread "jar transforms Thread 3" [_thread_blocked, id=21148, stack(0x0000005a5b500000,0x0000005a5b600000)]
  0x0000022ea7510150 JavaThread "jar transforms Thread 4" [_thread_blocked, id=19560, stack(0x0000005a5c600000,0x0000005a5c700000)]
  0x0000022ea75133f0 JavaThread "Cache worker for kotlin-dsl (C:\Users\Admin\.gradle\caches\8.0.1\kotlin-dsl)" [_thread_blocked, id=14728, stack(0x0000005a5b900000,0x0000005a5ba00000)]
  0x0000022ea750ceb0 JavaThread "Handler for socket connection from /127.0.0.1:50163 to /127.0.0.1:50324" [_thread_in_native, id=24316, stack(0x0000005a5b100000,0x0000005a5b200000)]
  0x0000022ea7513900 JavaThread "Cancel handler" [_thread_blocked, id=24324, stack(0x0000005a5b200000,0x0000005a5b300000)]
  0x0000022ea7510b70 JavaThread "Asynchronous log dispatcher for DefaultDaemonConnection: socket connection from /127.0.0.1:50163 to /127.0.0.1:50324" [_thread_blocked, id=24368, stack(0x0000005a5b400000,0x0000005a5b500000)]
  0x0000022ea750d3c0 JavaThread "Daemon client event forwarder" [_thread_blocked, id=24380, stack(0x0000005a5ba00000,0x0000005a5bb00000)]
  0x0000022ea750e2f0 JavaThread "Cache worker for checksums cache (D:\pilotapp-main\android\.gradle\8.0.1\checksums)" [_thread_blocked, id=24384, stack(0x0000005a5bb00000,0x0000005a5bc00000)]
  0x0000022ea75129d0 JavaThread "Cache worker for cache directory md-rule (C:\Users\Admin\.gradle\caches\8.0.1\md-rule)" [_thread_blocked, id=24388, stack(0x0000005a5bf00000,0x0000005a5c000000)]
  0x0000022ea750e800 JavaThread "Cache worker for file hash cache (D:\pilotapp-main\android\.gradle\8.0.1\fileHashes)" [_thread_blocked, id=24392, stack(0x0000005a5c000000,0x0000005a5c100000)]
  0x0000022ea7511aa0 JavaThread "Cache worker for cache directory md-supplier (C:\Users\Admin\.gradle\caches\8.0.1\md-supplier)" [_thread_blocked, id=24404, stack(0x0000005a5c200000,0x0000005a5c300000)]
  0x0000022ea7511fb0 JavaThread "Cache worker for dependencies-accessors (D:\pilotapp-main\android\.gradle\8.0.1\dependencies-accessors)" [_thread_blocked, id=1796, stack(0x0000005a5b600000,0x0000005a5b700000)]
  0x0000022ea7512ee0 JavaThread "Cache worker for Build Output Cleanup Cache (D:\pilotapp-main\node_modules\@react-native\gradle-plugin\.gradle\buildOutputCleanup)" [_thread_blocked, id=16176, stack(0x0000005a5c400000,0x0000005a5c500000)]
  0x0000022ea75124c0 JavaThread "Unconstrained build operations" [_thread_blocked, id=19988, stack(0x0000005a5c700000,0x0000005a5c800000)]
  0x0000022ea7511590 JavaThread "Unconstrained build operations Thread 2" [_thread_blocked, id=23160, stack(0x0000005a5c800000,0x0000005a5c900000)]
  0x0000022ea750d8d0 JavaThread "Unconstrained build operations Thread 3" [_thread_blocked, id=24516, stack(0x0000005a5c900000,0x0000005a5ca00000)]
  0x0000022ea750ed10 JavaThread "Unconstrained build operations Thread 4" [_thread_blocked, id=13440, stack(0x0000005a5ca00000,0x0000005a5cb00000)]
  0x0000022ea750f220 JavaThread "Unconstrained build operations Thread 5" [_thread_blocked, id=22948, stack(0x0000005a5cb00000,0x0000005a5cc00000)]
  0x0000022ea750f730 JavaThread "Unconstrained build operations Thread 6" [_thread_blocked, id=15860, stack(0x0000005a5cc00000,0x0000005a5cd00000)]
  0x0000022ea6037ae0 JavaThread "Unconstrained build operations Thread 7" [_thread_blocked, id=5620, stack(0x0000005a5cd00000,0x0000005a5ce00000)]
  0x0000022ea6035c80 JavaThread "Unconstrained build operations Thread 8" [_thread_blocked, id=21944, stack(0x0000005a5ce00000,0x0000005a5cf00000)]
  0x0000022ea6036bb0 JavaThread "Unconstrained build operations Thread 9" [_thread_blocked, id=20960, stack(0x0000005a5cf00000,0x0000005a5d000000)]
  0x0000022ea60370c0 JavaThread "Unconstrained build operations Thread 10" [_thread_blocked, id=17900, stack(0x0000005a5d000000,0x0000005a5d100000)]
  0x0000022ea60375d0 JavaThread "Unconstrained build operations Thread 11" [_thread_blocked, id=20100, stack(0x0000005a5d100000,0x0000005a5d200000)]
  0x0000022ea6cded50 JavaThread "Unconstrained build operations Thread 12" [_thread_blocked, id=15900, stack(0x0000005a5d200000,0x0000005a5d300000)]
  0x0000022ea6cdf260 JavaThread "Unconstrained build operations Thread 13" [_thread_blocked, id=3348, stack(0x0000005a5d300000,0x0000005a5d400000)]
  0x0000022ea6cdd400 JavaThread "Unconstrained build operations Thread 14" [_thread_blocked, id=11752, stack(0x0000005a5d400000,0x0000005a5d500000)]
  0x0000022ea6cde330 JavaThread "Unconstrained build operations Thread 15" [_thread_blocked, id=23860, stack(0x0000005a5d500000,0x0000005a5d600000)]
  0x0000022ea6cde840 JavaThread "Unconstrained build operations Thread 16" [_thread_blocked, id=17332, stack(0x0000005a5d600000,0x0000005a5d700000)]
  0x0000022ea6cdcef0 JavaThread "Unconstrained build operations Thread 17" [_thread_blocked, id=16052, stack(0x0000005a5d700000,0x0000005a5d800000)]
  0x0000022ea6cdd910 JavaThread "Unconstrained build operations Thread 18" [_thread_blocked, id=8116, stack(0x0000005a5d800000,0x0000005a5d900000)]
  0x0000022ea6ce06a0 JavaThread "Unconstrained build operations Thread 19" [_thread_blocked, id=13744, stack(0x0000005a5d900000,0x0000005a5da00000)]
  0x0000022ea6ce0190 JavaThread "Unconstrained build operations Thread 20" [_thread_blocked, id=20924, stack(0x0000005a5da00000,0x0000005a5db00000)]
  0x0000022ea6ce2f20 JavaThread "Unconstrained build operations Thread 21" [_thread_blocked, id=2084, stack(0x0000005a5db00000,0x0000005a5dc00000)]
  0x0000022ea6ce1ae0 JavaThread "Unconstrained build operations Thread 22" [_thread_blocked, id=21340, stack(0x0000005a5dc00000,0x0000005a5dd00000)]
  0x0000022ea6cdc9e0 JavaThread "Unconstrained build operations Thread 23" [_thread_blocked, id=22344, stack(0x0000005a5dd00000,0x0000005a5de00000)]
  0x0000022ea6cdde20 JavaThread "Unconstrained build operations Thread 24" [_thread_blocked, id=21424, stack(0x0000005a5de00000,0x0000005a5df00000)]
  0x0000022ea6cdf770 JavaThread "Unconstrained build operations Thread 25" [_thread_blocked, id=22880, stack(0x0000005a5df00000,0x0000005a5e000000)]
  0x0000022ea6cdfc80 JavaThread "Unconstrained build operations Thread 26" [_thread_blocked, id=19948, stack(0x0000005a5e000000,0x0000005a5e100000)]
  0x0000022ea6ce10c0 JavaThread "Memory manager" [_thread_blocked, id=25056, stack(0x0000005a5e100000,0x0000005a5e200000)]
  0x0000022ea6ce2500 JavaThread "Cache worker for Build Output Cleanup Cache (D:\pilotapp-main\android\.gradle\buildOutputCleanup)" [_thread_blocked, id=25468, stack(0x0000005a5e300000,0x0000005a5e400000)]
  0x0000022ea6cdc4d0 JavaThread "Execution worker" [_thread_blocked, id=23232, stack(0x0000005a5e500000,0x0000005a5e600000)]
  0x0000022ea6ce3e50 JavaThread "Execution worker Thread 2" [_thread_blocked, id=21580, stack(0x0000005a5e600000,0x0000005a5e700000)]
  0x0000022ea6b9dd00 JavaThread "Execution worker Thread 3" [_thread_blocked, id=24460, stack(0x0000005a5e700000,0x0000005a5e800000)]
  0x0000022ea6b97cd0 JavaThread "Cache worker for execution history cache (D:\pilotapp-main\node_modules\@react-native\gradle-plugin\.gradle\8.0.1\executionHistory)" [_thread_blocked, id=21316, stack(0x0000005a5e800000,0x0000005a5e900000)]
  0x0000022ea6b99b30 JavaThread "Unconstrained build operations Thread 27" [_thread_blocked, id=24100, stack(0x0000005a5e900000,0x0000005a5ea00000)]
  0x0000022ea6b99110 JavaThread "Unconstrained build operations Thread 28" [_thread_blocked, id=23296, stack(0x0000005a5ea00000,0x0000005a5eb00000)]
  0x0000022ea6b9aa60 JavaThread "Unconstrained build operations Thread 29" [_thread_blocked, id=24224, stack(0x0000005a5eb00000,0x0000005a5ec00000)]
  0x0000022ea6b9ec30 JavaThread "Unconstrained build operations Thread 30" [_thread_blocked, id=22656, stack(0x0000005a5ec00000,0x0000005a5ed00000)]
  0x0000022ea6b9a040 JavaThread "Unconstrained build operations Thread 31" [_thread_blocked, id=19872, stack(0x0000005a5ed00000,0x0000005a5ee00000)]
  0x0000022ea6b986f0 JavaThread "Unconstrained build operations Thread 32" [_thread_blocked, id=23616, stack(0x0000005a5ee00000,0x0000005a5ef00000)]
  0x0000022ea6b9f650 JavaThread "Unconstrained build operations Thread 33" [_thread_blocked, id=24456, stack(0x0000005a5ef00000,0x0000005a5f000000)]
  0x0000022ea6b99620 JavaThread "Unconstrained build operations Thread 34" [_thread_blocked, id=23872, stack(0x0000005a5f000000,0x0000005a5f100000)]
  0x0000022ea6b9e720 JavaThread "Unconstrained build operations Thread 35" [_thread_blocked, id=17672, stack(0x0000005a5f100000,0x0000005a5f200000)]
  0x0000022ea6b9f140 JavaThread "Unconstrained build operations Thread 36" [_thread_blocked, id=12616, stack(0x0000005a5f200000,0x0000005a5f300000)]
  0x0000022ea6b9e210 JavaThread "Unconstrained build operations Thread 37" [_thread_blocked, id=20108, stack(0x0000005a5f300000,0x0000005a5f400000)]
  0x0000022ea6b981e0 JavaThread "Unconstrained build operations Thread 38" [_thread_blocked, id=21916, stack(0x0000005a5f400000,0x0000005a5f500000)]
  0x0000022ea6b9af70 JavaThread "Unconstrained build operations Thread 39" [_thread_blocked, id=5096, stack(0x0000005a5f500000,0x0000005a5f600000)]
  0x0000022ea6b9b480 JavaThread "Unconstrained build operations Thread 40" [_thread_blocked, id=24312, stack(0x0000005a5f600000,0x0000005a5f700000)]
  0x0000022ea6ce15d0 JavaThread "File lock release action executor Thread 7" [_thread_in_vm, id=24448, stack(0x0000005a5e400000,0x0000005a5e500000)]

Other Threads:
  0x0000022eff2a69b0 VMThread "VM Thread" [stack: 0x0000005a59d00000,0x0000005a59e00000] [id=20104]
  0x0000022eff4a8830 WatcherThread [stack: 0x0000005a5a900000,0x0000005a5aa00000] [id=20260]
  0x0000022ee79b4840 GCTaskThread "GC Thread#0" [stack: 0x0000005a59800000,0x0000005a59900000] [id=20016]
  0x0000022ea5303fe0 GCTaskThread "GC Thread#1" [stack: 0x0000005a5aa00000,0x0000005a5ab00000] [id=20604]
  0x0000022eff706900 GCTaskThread "GC Thread#2" [stack: 0x0000005a5ab00000,0x0000005a5ac00000] [id=20608]
  0x0000022ea50d4470 GCTaskThread "GC Thread#3" [stack: 0x0000005a5ac00000,0x0000005a5ad00000] [id=21144]
  0x0000022ee79c56a0 ConcurrentGCThread "G1 Main Marker" [stack: 0x0000005a59900000,0x0000005a59a00000] [id=20020]
  0x0000022ee79c6fd0 ConcurrentGCThread "G1 Conc#0" [stack: 0x0000005a59a00000,0x0000005a59b00000] [id=20024]
  0x0000022eff160090 ConcurrentGCThread "G1 Refine#0" [stack: 0x0000005a59b00000,0x0000005a59c00000] [id=20028]
  0x0000022ea50e82e0 ConcurrentGCThread "G1 Refine#1" [stack: 0x0000005a5c300000,0x0000005a5c400000] [id=22316]
  0x0000022eff1609d0 ConcurrentGCThread "G1 Service" [stack: 0x0000005a59c00000,0x0000005a59d00000] [id=20032]

Threads with active compile tasks:
C2 CompilerThread0  1364740 13046   !   4       org.gradle.cache.internal.LockOnDemandCrossProcessCacheAccess::incrementLockCount (193 bytes)

VM state: not at safepoint (normal execution)

VM Mutex/Monitor currently owned by a thread: None

Heap address: 0x0000000080000000, size: 2048 MB, Compressed Oops mode: 32-bit

CDS archive(s) mapped at: [0x0000022e86000000-0x0000022e86bd0000-0x0000022e86bd0000), size 12386304, SharedBaseAddress: 0x0000022e86000000, ArchiveRelocationMode: 1.
Compressed class space mapped at: 0x0000022e87000000-0x0000022ea1000000, reserved size: 436207616
Narrow klass base: 0x0000022e86000000, Narrow klass shift: 0, Narrow klass range: 0x100000000

GC Precious Log:
 CPUs: 4 total, 4 available
 Memory: 8067M
 Large Page Support: Disabled
 NUMA Support: Disabled
 Compressed Oops: Enabled (32-bit)
 Heap Region Size: 1M
 Heap Min Capacity: 8M
 Heap Initial Capacity: 128M
 Heap Max Capacity: 2G
 Pre-touch: Disabled
 Parallel Workers: 4
 Concurrent Workers: 1
 Concurrent Refinement Workers: 4
 Periodic GC: Disabled

Heap:
 garbage-first heap   total 254976K, used 151105K [0x0000000080000000, 0x0000000100000000)
  region size 1024K, 5 young (5120K), 1 survivors (1024K)
 Metaspace       used 86092K, committed 87168K, reserved 557056K
  class space    used 11923K, committed 12416K, reserved 425984K

Heap Regions: E=young(eden), S=young(survivor), O=old, HS=humongous(starts), HC=humongous(continues), CS=collection set, F=free, OA=open archive, CA=closed archive, TAMS=top-at-mark-start (previous, next)
|   0|0x0000000080000000, 0x0000000080100000, 0x0000000080100000|100%| O|  |TAMS 0x0000000080100000, 0x0000000080000000| Untracked 
|   1|0x0000000080100000, 0x0000000080200000, 0x0000000080200000|100%| O|  |TAMS 0x0000000080200000, 0x0000000080100000| Updating 
|   2|0x0000000080200000, 0x0000000080300000, 0x0000000080300000|100%|HS|  |TAMS 0x0000000080300000, 0x0000000080200000| Complete 
|   3|0x0000000080300000, 0x0000000080400000, 0x0000000080400000|100%|HC|  |TAMS 0x0000000080400000, 0x0000000080300000| Complete 
|   4|0x0000000080400000, 0x0000000080500000, 0x0000000080500000|100%|HC|  |TAMS 0x0000000080500000, 0x0000000080400000| Complete 
|   5|0x0000000080500000, 0x0000000080600000, 0x0000000080600000|100%|HC|  |TAMS 0x0000000080600000, 0x0000000080500000| Complete 
|   6|0x0000000080600000, 0x0000000080700000, 0x0000000080700000|100%| O|  |TAMS 0x0000000080700000, 0x0000000080600000| Untracked 
|   7|0x0000000080700000, 0x0000000080800000, 0x0000000080800000|100%| O|  |TAMS 0x0000000080800000, 0x0000000080700000| Untracked 
|   8|0x0000000080800000, 0x0000000080900000, 0x0000000080900000|100%| O|  |TAMS 0x0000000080900000, 0x0000000080800000| Untracked 
|   9|0x0000000080900000, 0x0000000080a00000, 0x0000000080a00000|100%| O|  |TAMS 0x0000000080a00000, 0x0000000080900000| Untracked 
|  10|0x0000000080a00000, 0x0000000080b00000, 0x0000000080b00000|100%| O|  |TAMS 0x0000000080b00000, 0x0000000080a00000| Untracked 
|  11|0x0000000080b00000, 0x0000000080c00000, 0x0000000080c00000|100%| O|  |TAMS 0x0000000080c00000, 0x0000000080b00000| Untracked 
|  12|0x0000000080c00000, 0x0000000080d00000, 0x0000000080d00000|100%| O|  |TAMS 0x0000000080d00000, 0x0000000080c00000| Updating 
|  13|0x0000000080d00000, 0x0000000080e00000, 0x0000000080e00000|100%| O|  |TAMS 0x0000000080e00000, 0x0000000080d00000| Untracked 
|  14|0x0000000080e00000, 0x0000000080f00000, 0x0000000080f00000|100%| O|  |TAMS 0x0000000080f00000, 0x0000000080e00000| Untracked 
|  15|0x0000000080f00000, 0x0000000081000000, 0x0000000081000000|100%| O|  |TAMS 0x0000000081000000, 0x0000000080f00000| Untracked 
|  16|0x0000000081000000, 0x0000000081100000, 0x0000000081100000|100%| O|  |TAMS 0x0000000081100000, 0x0000000081000000| Untracked 
|  17|0x0000000081100000, 0x0000000081200000, 0x0000000081200000|100%| O|  |TAMS 0x0000000081200000, 0x0000000081100000| Untracked 
|  18|0x0000000081200000, 0x0000000081300000, 0x0000000081300000|100%| O|  |TAMS 0x0000000081300000, 0x0000000081200000| Untracked 
|  19|0x0000000081300000, 0x0000000081400000, 0x0000000081400000|100%| O|  |TAMS 0x0000000081400000, 0x0000000081300000| Untracked 
|  20|0x0000000081400000, 0x0000000081500000, 0x0000000081500000|100%| O|  |TAMS 0x0000000081500000, 0x0000000081400000| Untracked 
|  21|0x0000000081500000, 0x0000000081600000, 0x0000000081600000|100%| O|  |TAMS 0x0000000081600000, 0x0000000081500000| Untracked 
|  22|0x0000000081600000, 0x0000000081700000, 0x0000000081700000|100%| O|  |TAMS 0x0000000081700000, 0x0000000081600000| Untracked 
|  23|0x0000000081700000, 0x0000000081800000, 0x0000000081800000|100%| O|  |TAMS 0x0000000081800000, 0x0000000081700000| Updating 
|  24|0x0000000081800000, 0x0000000081900000, 0x0000000081900000|100%| O|  |TAMS 0x0000000081900000, 0x0000000081800000| Updating 
|  25|0x0000000081900000, 0x0000000081a00000, 0x0000000081a00000|100%| O|  |TAMS 0x0000000081a00000, 0x0000000081900000| Updating 
|  26|0x0000000081a00000, 0x0000000081b00000, 0x0000000081b00000|100%| O|  |TAMS 0x0000000081b00000, 0x0000000081a00000| Untracked 
|  27|0x0000000081b00000, 0x0000000081c00000, 0x0000000081c00000|100%| O|  |TAMS 0x0000000081c00000, 0x0000000081b00000| Untracked 
|  28|0x0000000081c00000, 0x0000000081d00000, 0x0000000081d00000|100%| O|  |TAMS 0x0000000081d00000, 0x0000000081c00000| Updating 
|  29|0x0000000081d00000, 0x0000000081e00000, 0x0000000081e00000|100%| O|  |TAMS 0x0000000081e00000, 0x0000000081d00000| Updating 
|  30|0x0000000081e00000, 0x0000000081f00000, 0x0000000081f00000|100%| O|  |TAMS 0x0000000081f00000, 0x0000000081e00000| Untracked 
|  31|0x0000000081f00000, 0x0000000082000000, 0x0000000082000000|100%| O|  |TAMS 0x0000000082000000, 0x0000000081f00000| Updating 
|  32|0x0000000082000000, 0x0000000082100000, 0x0000000082100000|100%| O|  |TAMS 0x0000000082100000, 0x0000000082000000| Untracked 
|  33|0x0000000082100000, 0x0000000082200000, 0x0000000082200000|100%| O|  |TAMS 0x0000000082200000, 0x0000000082100000| Untracked 
|  34|0x0000000082200000, 0x0000000082300000, 0x0000000082300000|100%| O|  |TAMS 0x0000000082300000, 0x0000000082200000| Untracked 
|  35|0x0000000082300000, 0x0000000082400000, 0x0000000082400000|100%| O|  |TAMS 0x0000000082400000, 0x0000000082300000| Untracked 
|  36|0x0000000082400000, 0x0000000082500000, 0x0000000082500000|100%| O|  |TAMS 0x0000000082500000, 0x0000000082400000| Untracked 
|  37|0x0000000082500000, 0x0000000082600000, 0x0000000082600000|100%|HS|  |TAMS 0x0000000082600000, 0x0000000082500000| Complete 
|  38|0x0000000082600000, 0x0000000082700000, 0x0000000082700000|100%|HC|  |TAMS 0x0000000082700000, 0x0000000082600000| Complete 
|  39|0x0000000082700000, 0x0000000082800000, 0x0000000082800000|100%| O|  |TAMS 0x0000000082800000, 0x0000000082700000| Updating 
|  40|0x0000000082800000, 0x0000000082900000, 0x0000000082900000|100%| O|  |TAMS 0x0000000082900000, 0x0000000082800000| Untracked 
|  41|0x0000000082900000, 0x0000000082a00000, 0x0000000082a00000|100%|HS|  |TAMS 0x0000000082a00000, 0x0000000082900000| Complete 
|  42|0x0000000082a00000, 0x0000000082b00000, 0x0000000082b00000|100%|HC|  |TAMS 0x0000000082b00000, 0x0000000082a00000| Complete 
|  43|0x0000000082b00000, 0x0000000082c00000, 0x0000000082c00000|100%|HC|  |TAMS 0x0000000082c00000, 0x0000000082b00000| Complete 
|  44|0x0000000082c00000, 0x0000000082d00000, 0x0000000082d00000|100%|HC|  |TAMS 0x0000000082d00000, 0x0000000082c00000| Complete 
|  45|0x0000000082d00000, 0x0000000082e00000, 0x0000000082e00000|100%| O|  |TAMS 0x0000000082e00000, 0x0000000082d00000| Untracked 
|  46|0x0000000082e00000, 0x0000000082f00000, 0x0000000082f00000|100%| O|  |TAMS 0x0000000082f00000, 0x0000000082e00000| Untracked 
|  47|0x0000000082f00000, 0x0000000083000000, 0x0000000083000000|100%| O|  |TAMS 0x0000000083000000, 0x0000000082f00000| Untracked 
|  48|0x0000000083000000, 0x0000000083100000, 0x0000000083100000|100%| O|  |TAMS 0x0000000083100000, 0x0000000083000000| Untracked 
|  49|0x0000000083100000, 0x0000000083200000, 0x0000000083200000|100%| O|  |TAMS 0x0000000083200000, 0x0000000083100000| Updating 
|  50|0x0000000083200000, 0x0000000083300000, 0x0000000083300000|100%| O|  |TAMS 0x0000000083300000, 0x0000000083200000| Untracked 
|  51|0x0000000083300000, 0x0000000083400000, 0x0000000083400000|100%| O|  |TAMS 0x0000000083400000, 0x0000000083300000| Untracked 
|  52|0x0000000083400000, 0x0000000083500000, 0x0000000083500000|100%| O|  |TAMS 0x0000000083500000, 0x0000000083400000| Untracked 
|  53|0x0000000083500000, 0x0000000083600000, 0x0000000083600000|100%| O|  |TAMS 0x0000000083600000, 0x0000000083500000| Untracked 
|  54|0x0000000083600000, 0x0000000083700000, 0x0000000083700000|100%| O|  |TAMS 0x0000000083700000, 0x0000000083600000| Untracked 
|  55|0x0000000083700000, 0x0000000083800000, 0x0000000083800000|100%| O|  |TAMS 0x0000000083800000, 0x0000000083700000| Updating 
|  56|0x0000000083800000, 0x0000000083900000, 0x0000000083900000|100%| O|  |TAMS 0x0000000083900000, 0x0000000083800000| Updating 
|  57|0x0000000083900000, 0x0000000083a00000, 0x0000000083a00000|100%| O|  |TAMS 0x0000000083a00000, 0x0000000083900000| Untracked 
|  58|0x0000000083a00000, 0x0000000083b00000, 0x0000000083b00000|100%| O|  |TAMS 0x0000000083b00000, 0x0000000083a00000| Updating 
|  59|0x0000000083b00000, 0x0000000083c00000, 0x0000000083c00000|100%| O|  |TAMS 0x0000000083c00000, 0x0000000083b00000| Untracked 
|  60|0x0000000083c00000, 0x0000000083d00000, 0x0000000083d00000|100%| O|  |TAMS 0x0000000083d00000, 0x0000000083c00000| Untracked 
|  61|0x0000000083d00000, 0x0000000083e00000, 0x0000000083e00000|100%| O|  |TAMS 0x0000000083e00000, 0x0000000083d00000| Updating 
|  62|0x0000000083e00000, 0x0000000083f00000, 0x0000000083f00000|100%|HS|  |TAMS 0x0000000083f00000, 0x0000000083e00000| Complete 
|  63|0x0000000083f00000, 0x0000000084000000, 0x0000000084000000|100%|HS|  |TAMS 0x0000000084000000, 0x0000000083f00000| Complete 
|  64|0x0000000084000000, 0x0000000084100000, 0x0000000084100000|100%| O|  |TAMS 0x0000000084100000, 0x0000000084000000| Untracked 
|  65|0x0000000084100000, 0x0000000084200000, 0x0000000084200000|100%| O|  |TAMS 0x0000000084200000, 0x0000000084100000| Updating 
|  66|0x0000000084200000, 0x0000000084300000, 0x0000000084300000|100%| O|  |TAMS 0x0000000084300000, 0x0000000084200000| Untracked 
|  67|0x0000000084300000, 0x0000000084400000, 0x0000000084400000|100%| O|  |TAMS 0x0000000084400000, 0x0000000084300000| Updating 
|  68|0x0000000084400000, 0x0000000084500000, 0x0000000084500000|100%| O|  |TAMS 0x0000000084500000, 0x0000000084400000| Untracked 
|  69|0x0000000084500000, 0x0000000084600000, 0x0000000084600000|100%| O|  |TAMS 0x0000000084600000, 0x0000000084500000| Untracked 
|  70|0x0000000084600000, 0x0000000084700000, 0x0000000084700000|100%| O|  |TAMS 0x0000000084700000, 0x0000000084600000| Untracked 
|  71|0x0000000084700000, 0x0000000084800000, 0x0000000084800000|100%| O|  |TAMS 0x0000000084800000, 0x0000000084700000| Untracked 
|  72|0x0000000084800000, 0x0000000084900000, 0x0000000084900000|100%| O|  |TAMS 0x0000000084900000, 0x0000000084800000| Untracked 
|  73|0x0000000084900000, 0x0000000084a00000, 0x0000000084a00000|100%| O|  |TAMS 0x0000000084a00000, 0x0000000084900000| Untracked 
|  74|0x0000000084a00000, 0x0000000084b00000, 0x0000000084b00000|100%| O|  |TAMS 0x0000000084b00000, 0x0000000084a00000| Updating 
|  75|0x0000000084b00000, 0x0000000084c00000, 0x0000000084c00000|100%| O|  |TAMS 0x0000000084c00000, 0x0000000084b00000| Untracked 
|  76|0x0000000084c00000, 0x0000000084d00000, 0x0000000084d00000|100%| O|  |TAMS 0x0000000084d00000, 0x0000000084c00000| Untracked 
|  77|0x0000000084d00000, 0x0000000084e00000, 0x0000000084e00000|100%| O|  |TAMS 0x0000000084e00000, 0x0000000084d00000| Untracked 
|  78|0x0000000084e00000, 0x0000000084f00000, 0x0000000084f00000|100%| O|  |TAMS 0x0000000084f00000, 0x0000000084e00000| Untracked 
|  79|0x0000000084f00000, 0x0000000085000000, 0x0000000085000000|100%| O|  |TAMS 0x0000000085000000, 0x0000000084f00000| Untracked 
|  80|0x0000000085000000, 0x0000000085100000, 0x0000000085100000|100%| O|  |TAMS 0x0000000085100000, 0x0000000085000000| Untracked 
|  81|0x0000000085100000, 0x0000000085200000, 0x0000000085200000|100%| O|  |TAMS 0x0000000085200000, 0x0000000085100000| Updating 
|  82|0x0000000085200000, 0x0000000085300000, 0x0000000085300000|100%| O|  |TAMS 0x0000000085300000, 0x0000000085200000| Untracked 
|  83|0x0000000085300000, 0x0000000085400000, 0x0000000085400000|100%| O|  |TAMS 0x0000000085400000, 0x0000000085300000| Untracked 
|  84|0x0000000085400000, 0x0000000085500000, 0x0000000085500000|100%| O|  |TAMS 0x0000000085500000, 0x0000000085400000| Untracked 
|  85|0x0000000085500000, 0x0000000085600000, 0x0000000085600000|100%| O|  |TAMS 0x0000000085600000, 0x0000000085500000| Untracked 
|  86|0x0000000085600000, 0x0000000085700000, 0x0000000085700000|100%| O|  |TAMS 0x0000000085700000, 0x0000000085600000| Untracked 
|  87|0x0000000085700000, 0x0000000085800000, 0x0000000085800000|100%| O|  |TAMS 0x0000000085800000, 0x0000000085700000| Untracked 
|  88|0x0000000085800000, 0x0000000085900000, 0x0000000085900000|100%|HS|  |TAMS 0x0000000085900000, 0x0000000085800000| Complete 
|  89|0x0000000085900000, 0x0000000085a00000, 0x0000000085a00000|100%|HC|  |TAMS 0x0000000085a00000, 0x0000000085900000| Complete 
|  90|0x0000000085a00000, 0x0000000085b00000, 0x0000000085b00000|100%|HS|  |TAMS 0x0000000085b00000, 0x0000000085a00000| Complete 
|  91|0x0000000085b00000, 0x0000000085c00000, 0x0000000085c00000|100%|HC|  |TAMS 0x0000000085c00000, 0x0000000085b00000| Complete 
|  92|0x0000000085c00000, 0x0000000085d00000, 0x0000000085d00000|100%|HC|  |TAMS 0x0000000085d00000, 0x0000000085c00000| Complete 
|  93|0x0000000085d00000, 0x0000000085e00000, 0x0000000085e00000|100%|HC|  |TAMS 0x0000000085e00000, 0x0000000085d00000| Complete 
|  94|0x0000000085e00000, 0x0000000085f00000, 0x0000000085f00000|100%| O|  |TAMS 0x0000000085f00000, 0x0000000085e00000| Updating 
|  95|0x0000000085f00000, 0x0000000086000000, 0x0000000086000000|100%| O|  |TAMS 0x0000000086000000, 0x0000000085f00000| Untracked 
|  96|0x0000000086000000, 0x0000000086100000, 0x0000000086100000|100%| O|  |TAMS 0x0000000086100000, 0x0000000086000000| Untracked 
|  97|0x0000000086100000, 0x0000000086200000, 0x0000000086200000|100%| O|  |TAMS 0x0000000086200000, 0x0000000086100000| Untracked 
|  98|0x0000000086200000, 0x0000000086300000, 0x0000000086300000|100%| O|  |TAMS 0x0000000086300000, 0x0000000086200000| Untracked 
|  99|0x0000000086300000, 0x0000000086400000, 0x0000000086400000|100%| O|  |TAMS 0x0000000086400000, 0x0000000086300000| Untracked 
| 100|0x0000000086400000, 0x0000000086500000, 0x0000000086500000|100%| O|  |TAMS 0x0000000086500000, 0x0000000086400000| Untracked 
| 101|0x0000000086500000, 0x0000000086600000, 0x0000000086600000|100%| O|  |TAMS 0x0000000086600000, 0x0000000086500000| Untracked 
| 102|0x0000000086600000, 0x0000000086700000, 0x0000000086700000|100%| O|  |TAMS 0x0000000086700000, 0x0000000086600000| Untracked 
| 103|0x0000000086700000, 0x0000000086800000, 0x0000000086800000|100%| O|  |TAMS 0x0000000086800000, 0x0000000086700000| Untracked 
| 104|0x0000000086800000, 0x0000000086900000, 0x0000000086900000|100%| O|  |TAMS 0x0000000086900000, 0x0000000086800000| Untracked 
| 105|0x0000000086900000, 0x0000000086a00000, 0x0000000086a00000|100%| O|  |TAMS 0x0000000086a00000, 0x0000000086900000| Untracked 
| 106|0x0000000086a00000, 0x0000000086b00000, 0x0000000086b00000|100%| O|  |TAMS 0x0000000086b00000, 0x0000000086a00000| Updating 
| 107|0x0000000086b00000, 0x0000000086c00000, 0x0000000086c00000|100%|HS|  |TAMS 0x0000000086c00000, 0x0000000086b00000| Complete 
| 108|0x0000000086c00000, 0x0000000086d00000, 0x0000000086d00000|100%|HS|  |TAMS 0x0000000086d00000, 0x0000000086c00000| Complete 
| 109|0x0000000086d00000, 0x0000000086e00000, 0x0000000086e00000|100%|HS|  |TAMS 0x0000000086e00000, 0x0000000086d00000| Complete 
| 110|0x0000000086e00000, 0x0000000086f00000, 0x0000000086f00000|100%|HS|  |TAMS 0x0000000086f00000, 0x0000000086e00000| Complete 
| 111|0x0000000086f00000, 0x0000000087000000, 0x0000000087000000|100%|HC|  |TAMS 0x0000000087000000, 0x0000000086f00000| Complete 
| 112|0x0000000087000000, 0x0000000087100000, 0x0000000087100000|100%|HC|  |TAMS 0x0000000087100000, 0x0000000087000000| Complete 
| 113|0x0000000087100000, 0x0000000087200000, 0x0000000087200000|100%| O|  |TAMS 0x0000000087200000, 0x0000000087100000| Untracked 
| 114|0x0000000087200000, 0x0000000087300000, 0x0000000087300000|100%| O|  |TAMS 0x0000000087300000, 0x0000000087200000| Untracked 
| 115|0x0000000087300000, 0x0000000087400000, 0x0000000087400000|100%| O|  |TAMS 0x0000000087400000, 0x0000000087300000| Untracked 
| 116|0x0000000087400000, 0x0000000087500000, 0x0000000087500000|100%| O|  |TAMS 0x0000000087500000, 0x0000000087400000| Updating 
| 117|0x0000000087500000, 0x0000000087600000, 0x0000000087600000|100%|HS|  |TAMS 0x0000000087600000, 0x0000000087500000| Complete 
| 118|0x0000000087600000, 0x0000000087700000, 0x0000000087700000|100%|HC|  |TAMS 0x0000000087700000, 0x0000000087600000| Complete 
| 119|0x0000000087700000, 0x0000000087800000, 0x0000000087800000|100%| O|  |TAMS 0x0000000087800000, 0x0000000087700000| Untracked 
| 120|0x0000000087800000, 0x0000000087900000, 0x0000000087900000|100%| O|  |TAMS 0x0000000087900000, 0x0000000087800000| Untracked 
| 121|0x0000000087900000, 0x0000000087a00000, 0x0000000087a00000|100%| O|  |TAMS 0x0000000087a00000, 0x0000000087900000| Updating 
| 122|0x0000000087a00000, 0x0000000087b00000, 0x0000000087b00000|100%| O|  |TAMS 0x0000000087b00000, 0x0000000087a00000| Updating 
| 123|0x0000000087b00000, 0x0000000087c00000, 0x0000000087c00000|100%| O|  |TAMS 0x0000000087c00000, 0x0000000087b00000| Untracked 
| 124|0x0000000087c00000, 0x0000000087d00000, 0x0000000087d00000|100%| O|  |TAMS 0x0000000087d00000, 0x0000000087c00000| Updating 
| 125|0x0000000087d00000, 0x0000000087e00000, 0x0000000087e00000|100%| O|  |TAMS 0x0000000087e00000, 0x0000000087d00000| Updating 
| 126|0x0000000087e00000, 0x0000000087f00000, 0x0000000087f00000|100%| O|  |TAMS 0x0000000087f00000, 0x0000000087e00000| Untracked 
| 127|0x0000000087f00000, 0x0000000088000000, 0x0000000088000000|100%| O|  |TAMS 0x0000000088000000, 0x0000000087f00000| Untracked 
| 128|0x0000000088000000, 0x0000000088100000, 0x0000000088100000|100%| O|  |TAMS 0x0000000088100000, 0x0000000088000000| Updating 
| 129|0x0000000088100000, 0x0000000088200000, 0x0000000088200000|100%| O|  |TAMS 0x0000000088200000, 0x0000000088100000| Untracked 
| 130|0x0000000088200000, 0x0000000088300000, 0x0000000088300000|100%| O|  |TAMS 0x0000000088300000, 0x0000000088200000| Updating 
| 131|0x0000000088300000, 0x0000000088400000, 0x0000000088400000|100%|HS|  |TAMS 0x0000000088400000, 0x0000000088300000| Complete 
| 132|0x0000000088400000, 0x0000000088500000, 0x0000000088500000|100%|HC|  |TAMS 0x0000000088500000, 0x0000000088400000| Complete 
| 133|0x0000000088500000, 0x0000000088600000, 0x0000000088600000|100%|HC|  |TAMS 0x0000000088600000, 0x0000000088500000| Complete 
| 134|0x0000000088600000, 0x0000000088700000, 0x0000000088700000|100%| O|  |TAMS 0x0000000088700000, 0x0000000088600000| Updating 
| 135|0x0000000088700000, 0x0000000088800000, 0x0000000088800000|100%|HS|  |TAMS 0x0000000088800000, 0x0000000088700000| Complete 
| 136|0x0000000088800000, 0x0000000088900000, 0x0000000088900000|100%|HC|  |TAMS 0x0000000088900000, 0x0000000088800000| Complete 
| 137|0x0000000088900000, 0x0000000088a00000, 0x0000000088a00000|100%| O|  |TAMS 0x0000000088a00000, 0x0000000088900000| Untracked 
| 138|0x0000000088a00000, 0x0000000088b00000, 0x0000000088b00000|100%| O|  |TAMS 0x0000000088b00000, 0x0000000088a00000| Untracked 
| 139|0x0000000088b00000, 0x0000000088c00000, 0x0000000088c00000|100%| O|  |TAMS 0x0000000088c00000, 0x0000000088b00000| Untracked 
| 140|0x0000000088c00000, 0x0000000088d00000, 0x0000000088d00000|100%| O|  |TAMS 0x0000000088d00000, 0x0000000088c00000| Untracked 
| 141|0x0000000088d00000, 0x0000000088e00000, 0x0000000088e00000|100%| O|  |TAMS 0x0000000088e00000, 0x0000000088d00000| Untracked 
| 142|0x0000000088e00000, 0x0000000088f00000, 0x0000000088f00000|100%| O|  |TAMS 0x0000000088e1f800, 0x0000000088e00000| Untracked 
| 143|0x0000000088f00000, 0x0000000088f90400, 0x0000000089000000| 56%| O|  |TAMS 0x0000000088f00000, 0x0000000088f00000| Updating 
| 144|0x0000000089000000, 0x0000000089000000, 0x0000000089100000|  0%| F|  |TAMS 0x0000000089000000, 0x0000000089000000| Untracked 
| 145|0x0000000089100000, 0x0000000089100000, 0x0000000089200000|  0%| F|  |TAMS 0x0000000089100000, 0x0000000089100000| Untracked 
| 146|0x0000000089200000, 0x0000000089200000, 0x0000000089300000|  0%| F|  |TAMS 0x0000000089200000, 0x0000000089200000| Untracked 
| 147|0x0000000089300000, 0x0000000089300000, 0x0000000089400000|  0%| F|  |TAMS 0x0000000089300000, 0x0000000089300000| Untracked 
| 148|0x0000000089400000, 0x0000000089400000, 0x0000000089500000|  0%| F|  |TAMS 0x0000000089400000, 0x0000000089400000| Untracked 
| 149|0x0000000089500000, 0x0000000089500000, 0x0000000089600000|  0%| F|  |TAMS 0x0000000089500000, 0x0000000089500000| Untracked 
| 150|0x0000000089600000, 0x0000000089600000, 0x0000000089700000|  0%| F|  |TAMS 0x0000000089600000, 0x0000000089600000| Untracked 
| 151|0x0000000089700000, 0x0000000089700000, 0x0000000089800000|  0%| F|  |TAMS 0x0000000089700000, 0x0000000089700000| Untracked 
| 152|0x0000000089800000, 0x0000000089800000, 0x0000000089900000|  0%| F|  |TAMS 0x0000000089800000, 0x0000000089800000| Untracked 
| 153|0x0000000089900000, 0x0000000089900000, 0x0000000089a00000|  0%| F|  |TAMS 0x0000000089900000, 0x0000000089900000| Untracked 
| 154|0x0000000089a00000, 0x0000000089a00000, 0x0000000089b00000|  0%| F|  |TAMS 0x0000000089a00000, 0x0000000089a00000| Untracked 
| 155|0x0000000089b00000, 0x0000000089b00000, 0x0000000089c00000|  0%| F|  |TAMS 0x0000000089b00000, 0x0000000089b00000| Untracked 
| 156|0x0000000089c00000, 0x0000000089c00000, 0x0000000089d00000|  0%| F|  |TAMS 0x0000000089c00000, 0x0000000089c00000| Untracked 
| 157|0x0000000089d00000, 0x0000000089e00000, 0x0000000089e00000|100%| S|CS|TAMS 0x0000000089d00000, 0x0000000089d00000| Complete 
| 158|0x0000000089e00000, 0x0000000089e00000, 0x0000000089f00000|  0%| F|  |TAMS 0x0000000089e00000, 0x0000000089e00000| Untracked 
| 159|0x0000000089f00000, 0x0000000089f00000, 0x000000008a000000|  0%| F|  |TAMS 0x0000000089f00000, 0x0000000089f00000| Untracked 
| 160|0x000000008a000000, 0x000000008a000000, 0x000000008a100000|  0%| F|  |TAMS 0x000000008a000000, 0x000000008a000000| Untracked 
| 161|0x000000008a100000, 0x000000008a1a30f8, 0x000000008a200000| 63%| E|  |TAMS 0x000000008a100000, 0x000000008a100000| Complete 
| 162|0x000000008a200000, 0x000000008a300000, 0x000000008a300000|100%| E|CS|TAMS 0x000000008a200000, 0x000000008a200000| Complete 
| 163|0x000000008a300000, 0x000000008a400000, 0x000000008a400000|100%| E|CS|TAMS 0x000000008a300000, 0x000000008a300000| Complete 
| 164|0x000000008a400000, 0x000000008a500000, 0x000000008a500000|100%| E|CS|TAMS 0x000000008a400000, 0x000000008a400000| Complete 
| 165|0x000000008a500000, 0x000000008a500000, 0x000000008a600000|  0%| F|  |TAMS 0x000000008a500000, 0x000000008a500000| Untracked 
| 166|0x000000008a600000, 0x000000008a600000, 0x000000008a700000|  0%| F|  |TAMS 0x000000008a600000, 0x000000008a600000| Untracked 
| 167|0x000000008a700000, 0x000000008a700000, 0x000000008a800000|  0%| F|  |TAMS 0x000000008a700000, 0x000000008a700000| Untracked 
| 168|0x000000008a800000, 0x000000008a800000, 0x000000008a900000|  0%| F|  |TAMS 0x000000008a800000, 0x000000008a800000| Untracked 
| 169|0x000000008a900000, 0x000000008a900000, 0x000000008aa00000|  0%| F|  |TAMS 0x000000008a900000, 0x000000008a900000| Untracked 
| 170|0x000000008aa00000, 0x000000008aa00000, 0x000000008ab00000|  0%| F|  |TAMS 0x000000008aa00000, 0x000000008aa00000| Untracked 
| 171|0x000000008ab00000, 0x000000008ab00000, 0x000000008ac00000|  0%| F|  |TAMS 0x000000008ab00000, 0x000000008ab00000| Untracked 
| 172|0x000000008ac00000, 0x000000008ac00000, 0x000000008ad00000|  0%| F|  |TAMS 0x000000008ac00000, 0x000000008ac00000| Untracked 
| 173|0x000000008ad00000, 0x000000008ad00000, 0x000000008ae00000|  0%| F|  |TAMS 0x000000008ad00000, 0x000000008ad00000| Untracked 
| 174|0x000000008ae00000, 0x000000008ae00000, 0x000000008af00000|  0%| F|  |TAMS 0x000000008ae00000, 0x000000008ae00000| Untracked 
| 175|0x000000008af00000, 0x000000008af00000, 0x000000008b000000|  0%| F|  |TAMS 0x000000008af00000, 0x000000008af00000| Untracked 
| 176|0x000000008b000000, 0x000000008b000000, 0x000000008b100000|  0%| F|  |TAMS 0x000000008b000000, 0x000000008b000000| Untracked 
| 177|0x000000008b100000, 0x000000008b100000, 0x000000008b200000|  0%| F|  |TAMS 0x000000008b100000, 0x000000008b100000| Untracked 
| 178|0x000000008b200000, 0x000000008b200000, 0x000000008b300000|  0%| F|  |TAMS 0x000000008b200000, 0x000000008b200000| Untracked 
| 179|0x000000008b300000, 0x000000008b300000, 0x000000008b400000|  0%| F|  |TAMS 0x000000008b300000, 0x000000008b300000| Untracked 
| 180|0x000000008b400000, 0x000000008b400000, 0x000000008b500000|  0%| F|  |TAMS 0x000000008b400000, 0x000000008b400000| Untracked 
| 181|0x000000008b500000, 0x000000008b500000, 0x000000008b600000|  0%| F|  |TAMS 0x000000008b500000, 0x000000008b500000| Untracked 
| 182|0x000000008b600000, 0x000000008b600000, 0x000000008b700000|  0%| F|  |TAMS 0x000000008b600000, 0x000000008b600000| Untracked 
| 183|0x000000008b700000, 0x000000008b700000, 0x000000008b800000|  0%| F|  |TAMS 0x000000008b700000, 0x000000008b700000| Untracked 
| 184|0x000000008b800000, 0x000000008b800000, 0x000000008b900000|  0%| F|  |TAMS 0x000000008b800000, 0x000000008b800000| Untracked 
| 185|0x000000008b900000, 0x000000008b900000, 0x000000008ba00000|  0%| F|  |TAMS 0x000000008b900000, 0x000000008b900000| Untracked 
| 186|0x000000008ba00000, 0x000000008ba00000, 0x000000008bb00000|  0%| F|  |TAMS 0x000000008ba00000, 0x000000008ba00000| Untracked 
| 187|0x000000008bb00000, 0x000000008bb00000, 0x000000008bc00000|  0%| F|  |TAMS 0x000000008bb00000, 0x000000008bb00000| Untracked 
| 188|0x000000008bc00000, 0x000000008bc00000, 0x000000008bd00000|  0%| F|  |TAMS 0x000000008bc00000, 0x000000008bc00000| Untracked 
| 189|0x000000008bd00000, 0x000000008bd00000, 0x000000008be00000|  0%| F|  |TAMS 0x000000008bd00000, 0x000000008bd00000| Untracked 
| 190|0x000000008be00000, 0x000000008be00000, 0x000000008bf00000|  0%| F|  |TAMS 0x000000008be00000, 0x000000008be00000| Untracked 
| 191|0x000000008bf00000, 0x000000008bf00000, 0x000000008c000000|  0%| F|  |TAMS 0x000000008bf00000, 0x000000008bf00000| Untracked 
| 192|0x000000008c000000, 0x000000008c000000, 0x000000008c100000|  0%| F|  |TAMS 0x000000008c000000, 0x000000008c000000| Untracked 
| 193|0x000000008c100000, 0x000000008c100000, 0x000000008c200000|  0%| F|  |TAMS 0x000000008c100000, 0x000000008c100000| Untracked 
| 194|0x000000008c200000, 0x000000008c200000, 0x000000008c300000|  0%| F|  |TAMS 0x000000008c200000, 0x000000008c200000| Untracked 
| 195|0x000000008c300000, 0x000000008c300000, 0x000000008c400000|  0%| F|  |TAMS 0x000000008c300000, 0x000000008c300000| Untracked 
| 196|0x000000008c400000, 0x000000008c400000, 0x000000008c500000|  0%| F|  |TAMS 0x000000008c400000, 0x000000008c400000| Untracked 
| 197|0x000000008c500000, 0x000000008c500000, 0x000000008c600000|  0%| F|  |TAMS 0x000000008c500000, 0x000000008c500000| Untracked 
| 198|0x000000008c600000, 0x000000008c600000, 0x000000008c700000|  0%| F|  |TAMS 0x000000008c600000, 0x000000008c600000| Untracked 
| 199|0x000000008c700000, 0x000000008c700000, 0x000000008c800000|  0%| F|  |TAMS 0x000000008c700000, 0x000000008c700000| Untracked 
| 200|0x000000008c800000, 0x000000008c800000, 0x000000008c900000|  0%| F|  |TAMS 0x000000008c800000, 0x000000008c800000| Untracked 
| 201|0x000000008c900000, 0x000000008c900000, 0x000000008ca00000|  0%| F|  |TAMS 0x000000008c900000, 0x000000008c900000| Untracked 
| 202|0x000000008ca00000, 0x000000008ca00000, 0x000000008cb00000|  0%| F|  |TAMS 0x000000008ca00000, 0x000000008ca00000| Untracked 
| 203|0x000000008cb00000, 0x000000008cb00000, 0x000000008cc00000|  0%| F|  |TAMS 0x000000008cb00000, 0x000000008cb00000| Untracked 
| 204|0x000000008cc00000, 0x000000008cc00000, 0x000000008cd00000|  0%| F|  |TAMS 0x000000008cc00000, 0x000000008cc00000| Untracked 
| 205|0x000000008cd00000, 0x000000008cd00000, 0x000000008ce00000|  0%| F|  |TAMS 0x000000008cd00000, 0x000000008cd00000| Untracked 
| 206|0x000000008ce00000, 0x000000008ce00000, 0x000000008cf00000|  0%| F|  |TAMS 0x000000008ce00000, 0x000000008ce00000| Untracked 
| 207|0x000000008cf00000, 0x000000008cf00000, 0x000000008d000000|  0%| F|  |TAMS 0x000000008cf00000, 0x000000008cf00000| Untracked 
| 208|0x000000008d000000, 0x000000008d000000, 0x000000008d100000|  0%| F|  |TAMS 0x000000008d000000, 0x000000008d000000| Untracked 
| 209|0x000000008d100000, 0x000000008d100000, 0x000000008d200000|  0%| F|  |TAMS 0x000000008d100000, 0x000000008d100000| Untracked 
| 210|0x000000008d200000, 0x000000008d200000, 0x000000008d300000|  0%| F|  |TAMS 0x000000008d200000, 0x000000008d200000| Untracked 
| 211|0x000000008d300000, 0x000000008d300000, 0x000000008d400000|  0%| F|  |TAMS 0x000000008d300000, 0x000000008d300000| Untracked 
| 212|0x000000008d400000, 0x000000008d400000, 0x000000008d500000|  0%| F|  |TAMS 0x000000008d400000, 0x000000008d400000| Untracked 
| 213|0x000000008d500000, 0x000000008d500000, 0x000000008d600000|  0%| F|  |TAMS 0x000000008d500000, 0x000000008d500000| Untracked 
| 214|0x000000008d600000, 0x000000008d600000, 0x000000008d700000|  0%| F|  |TAMS 0x000000008d600000, 0x000000008d600000| Untracked 
| 215|0x000000008d700000, 0x000000008d700000, 0x000000008d800000|  0%| F|  |TAMS 0x000000008d700000, 0x000000008d700000| Untracked 
| 216|0x000000008d800000, 0x000000008d800000, 0x000000008d900000|  0%| F|  |TAMS 0x000000008d800000, 0x000000008d800000| Untracked 
| 217|0x000000008d900000, 0x000000008d900000, 0x000000008da00000|  0%| F|  |TAMS 0x000000008d900000, 0x000000008d900000| Untracked 
| 218|0x000000008da00000, 0x000000008da00000, 0x000000008db00000|  0%| F|  |TAMS 0x000000008da00000, 0x000000008da00000| Untracked 
| 219|0x000000008db00000, 0x000000008db00000, 0x000000008dc00000|  0%| F|  |TAMS 0x000000008db00000, 0x000000008db00000| Untracked 
| 220|0x000000008dc00000, 0x000000008dc00000, 0x000000008dd00000|  0%| F|  |TAMS 0x000000008dc00000, 0x000000008dc00000| Untracked 
| 221|0x000000008dd00000, 0x000000008dd00000, 0x000000008de00000|  0%| F|  |TAMS 0x000000008dd00000, 0x000000008dd00000| Untracked 
| 222|0x000000008de00000, 0x000000008de00000, 0x000000008df00000|  0%| F|  |TAMS 0x000000008de00000, 0x000000008de00000| Untracked 
| 223|0x000000008df00000, 0x000000008df00000, 0x000000008e000000|  0%| F|  |TAMS 0x000000008df00000, 0x000000008df00000| Untracked 
| 224|0x000000008e000000, 0x000000008e000000, 0x000000008e100000|  0%| F|  |TAMS 0x000000008e000000, 0x000000008e000000| Untracked 
| 225|0x000000008e100000, 0x000000008e100000, 0x000000008e200000|  0%| F|  |TAMS 0x000000008e100000, 0x000000008e100000| Untracked 
| 226|0x000000008e200000, 0x000000008e200000, 0x000000008e300000|  0%| F|  |TAMS 0x000000008e200000, 0x000000008e200000| Untracked 
| 227|0x000000008e300000, 0x000000008e300000, 0x000000008e400000|  0%| F|  |TAMS 0x000000008e300000, 0x000000008e300000| Untracked 
| 228|0x000000008e400000, 0x000000008e400000, 0x000000008e500000|  0%| F|  |TAMS 0x000000008e400000, 0x000000008e400000| Untracked 
| 229|0x000000008e500000, 0x000000008e500000, 0x000000008e600000|  0%| F|  |TAMS 0x000000008e500000, 0x000000008e500000| Untracked 
| 230|0x000000008e600000, 0x000000008e600000, 0x000000008e700000|  0%| F|  |TAMS 0x000000008e600000, 0x000000008e600000| Untracked 
| 231|0x000000008e700000, 0x000000008e700000, 0x000000008e800000|  0%| F|  |TAMS 0x000000008e700000, 0x000000008e700000| Untracked 
| 232|0x000000008e800000, 0x000000008e800000, 0x000000008e900000|  0%| F|  |TAMS 0x000000008e800000, 0x000000008e800000| Untracked 
| 233|0x000000008e900000, 0x000000008e900000, 0x000000008ea00000|  0%| F|  |TAMS 0x000000008e900000, 0x000000008e900000| Untracked 
| 234|0x000000008ea00000, 0x000000008ea00000, 0x000000008eb00000|  0%| F|  |TAMS 0x000000008ea00000, 0x000000008ea00000| Untracked 
| 235|0x000000008eb00000, 0x000000008eb00000, 0x000000008ec00000|  0%| F|  |TAMS 0x000000008eb00000, 0x000000008eb00000| Untracked 
| 236|0x000000008ec00000, 0x000000008ec00000, 0x000000008ed00000|  0%| F|  |TAMS 0x000000008ec00000, 0x000000008ec00000| Untracked 
| 237|0x000000008ed00000, 0x000000008ed00000, 0x000000008ee00000|  0%| F|  |TAMS 0x000000008ed00000, 0x000000008ed00000| Untracked 
| 238|0x000000008ee00000, 0x000000008ee00000, 0x000000008ef00000|  0%| F|  |TAMS 0x000000008ee00000, 0x000000008ee00000| Untracked 
| 239|0x000000008ef00000, 0x000000008ef00000, 0x000000008f000000|  0%| F|  |TAMS 0x000000008ef00000, 0x000000008ef00000| Untracked 
| 240|0x000000008f000000, 0x000000008f000000, 0x000000008f100000|  0%| F|  |TAMS 0x000000008f000000, 0x000000008f000000| Untracked 
| 241|0x000000008f100000, 0x000000008f100000, 0x000000008f200000|  0%| F|  |TAMS 0x000000008f100000, 0x000000008f100000| Untracked 
| 242|0x000000008f200000, 0x000000008f200000, 0x000000008f300000|  0%| F|  |TAMS 0x000000008f200000, 0x000000008f200000| Untracked 
| 243|0x000000008f300000, 0x000000008f300000, 0x000000008f400000|  0%| F|  |TAMS 0x000000008f300000, 0x000000008f300000| Untracked 
| 244|0x000000008f400000, 0x000000008f400000, 0x000000008f500000|  0%| F|  |TAMS 0x000000008f400000, 0x000000008f400000| Untracked 
| 245|0x000000008f500000, 0x000000008f500000, 0x000000008f600000|  0%| F|  |TAMS 0x000000008f500000, 0x000000008f500000| Untracked 
| 246|0x000000008f600000, 0x000000008f600000, 0x000000008f700000|  0%| F|  |TAMS 0x000000008f600000, 0x000000008f600000| Untracked 
| 247|0x000000008f700000, 0x000000008f700000, 0x000000008f800000|  0%| F|  |TAMS 0x000000008f700000, 0x000000008f700000| Untracked 
| 248|0x000000008f800000, 0x000000008f800000, 0x000000008f900000|  0%| F|  |TAMS 0x000000008f800000, 0x000000008f800000| Untracked 

Card table byte_map: [0x0000022efe610000,0x0000022efea10000] _byte_map_base: 0x0000022efe210000

Marking Bits (Prev, Next): (CMBitMap*) 0x0000022ee79b4d70, (CMBitMap*) 0x0000022ee79b4db0
 Prev Bits: [0x0000022e80000000, 0x0000022e82000000)
 Next Bits: [0x0000022e82000000, 0x0000022e84000000)

Polling page: 0x0000022ee5910000

Metaspace:

Usage:
  Non-class:     72.43 MB used.
      Class:     11.64 MB used.
       Both:     84.07 MB used.

Virtual space:
  Non-class space:      128.00 MB reserved,      73.00 MB ( 57%) committed,  2 nodes.
      Class space:      416.00 MB reserved,      12.12 MB (  3%) committed,  1 nodes.
             Both:      544.00 MB reserved,      85.12 MB ( 16%) committed. 

Chunk freelists:
   Non-Class:  7.03 MB
       Class:  3.71 MB
        Both:  10.74 MB

MaxMetaspaceSize: 512.00 MB
CompressedClassSpaceSize: 416.00 MB
Initial GC threshold: 21.00 MB
Current GC threshold: 141.88 MB
CDS: on
MetaspaceReclaimPolicy: balanced
 - commit_granule_bytes: 65536.
 - commit_granule_words: 8192.
 - virtual_space_node_default_size: 8388608.
 - enlarge_chunks_in_place: 1.
 - new_chunks_are_fully_committed: 0.
 - uncommit_free_chunks: 1.
 - use_allocation_guard: 0.
 - handle_deallocations: 1.


Internal statistics:

num_allocs_failed_limit: 6.
num_arena_births: 1214.
num_arena_deaths: 0.
num_vsnodes_births: 3.
num_vsnodes_deaths: 0.
num_space_committed: 1362.
num_space_uncommitted: 0.
num_chunks_returned_to_freelist: 6.
num_chunks_taken_from_freelist: 4985.
num_chunk_merges: 6.
num_chunk_splits: 3232.
num_chunks_enlarged: 2051.
num_inconsistent_stats: 0.

CodeHeap 'non-profiled nmethods': size=120000Kb used=6957Kb max_used=7282Kb free=113042Kb
 bounds [0x0000022ef6ce0000, 0x0000022ef7420000, 0x0000022efe210000]
CodeHeap 'profiled nmethods': size=120000Kb used=21618Kb max_used=22673Kb free=98382Kb
 bounds [0x0000022eef210000, 0x0000022ef0840000, 0x0000022ef6740000]
CodeHeap 'non-nmethods': size=5760Kb used=2395Kb max_used=2498Kb free=3364Kb
 bounds [0x0000022ef6740000, 0x0000022ef69e0000, 0x0000022ef6ce0000]
 total_blobs=11889 nmethods=10955 adapters=846
 compilation: enabled
              stopped_count=0, restarted_count=0
 full_count=0

Compilation events (20 events):
Event: 1362.371 Thread 0x0000022eff2ca070 nmethod 13039 0x0000022ef07e1c90 code [0x0000022ef07e1f40, 0x0000022ef07e3078]
Event: 1363.327 Thread 0x0000022eff2ca070 13040       3       org.gradle.api.internal.artifacts.DefaultResolvableArtifact::getFile (22 bytes)
Event: 1363.328 Thread 0x0000022eff2ca070 nmethod 13040 0x0000022eefcb9710 code [0x0000022eefcb9900, 0x0000022eefcb9e28]
Event: 1363.778 Thread 0x0000022eff2ca070 13041       3       org.gradle.internal.classpath.DefaultCachedClasspathTransformer::shouldUseFromCache (30 bytes)
Event: 1363.780 Thread 0x0000022eff2ca070 nmethod 13041 0x0000022eefdf4110 code [0x0000022eefdf42e0, 0x0000022eefdf4758]
Event: 1363.781 Thread 0x0000022eff2ca070 13042       3       org.gradle.internal.classpath.DefaultCachedClasspathTransformer$$Lambda$447/0x0000022e87432818::<init> (26 bytes)
Event: 1363.782 Thread 0x0000022eff2ca070 nmethod 13042 0x0000022eef83a010 code [0x0000022eef83a1c0, 0x0000022eef83a498]
Event: 1363.782 Thread 0x0000022eff2ca070 13043       3       org.gradle.internal.classpath.DefaultCachedClasspathTransformer$$Lambda$419/0x0000022e874276a8::apply (17 bytes)
Event: 1363.783 Thread 0x0000022eff2ca070 nmethod 13043 0x0000022eefe0d410 code [0x0000022eefe0d5c0, 0x0000022eefe0d868]
Event: 1363.783 Thread 0x0000022eff2ca070 13044       3       org.gradle.internal.classpath.DefaultCachedClasspathTransformer::cachedFile (81 bytes)
Event: 1363.791 Thread 0x0000022eff2ca070 nmethod 13044 0x0000022eef9ace10 code [0x0000022eef9ad240, 0x0000022eef9af398]
Event: 1363.791 Thread 0x0000022eff2ca070 13045       3       org.gradle.internal.classpath.DefaultCachedClasspathTransformer::snapshotOf (14 bytes)
Event: 1363.793 Thread 0x0000022eff2ca070 nmethod 13045 0x0000022eefb12010 code [0x0000022eefb12280, 0x0000022eefb12da8]
Event: 1363.821 Thread 0x0000022eff2c76a0 13046   !   4       org.gradle.cache.internal.LockOnDemandCrossProcessCacheAccess::incrementLockCount (193 bytes)
Event: 1363.848 Thread 0x0000022eff2ca070 13047       3       org.gradle.internal.classpath.DefaultCachedClasspathTransformer::transformFile (29 bytes)
Event: 1363.851 Thread 0x0000022eff2ca070 nmethod 13047 0x0000022eefd38210 code [0x0000022eefd38440, 0x0000022eefd38e38]
Event: 1363.852 Thread 0x0000022eff2ca070 13048   !   3       org.gradle.internal.classpath.InstrumentingClasspathFileTransformer::transform (251 bytes)
Event: 1363.861 Thread 0x0000022eff2ca070 nmethod 13048 0x0000022ef06d0490 code [0x0000022ef06d0aa0, 0x0000022ef06d3b88]
Event: 1363.861 Thread 0x0000022eff2ca070 13049       3       java.io.File::isFile (34 bytes)
Event: 1363.863 Thread 0x0000022eff2ca070 nmethod 13049 0x0000022eefbc1b90 code [0x0000022eefbc1d80, 0x0000022eefbc22c8]

GC Heap History (20 events):
Event: 1303.119 GC heap before
{Heap before GC invocations=57 (full 0):
 garbage-first heap   total 168960K, used 134375K [0x0000000080000000, 0x0000000100000000)
  region size 1024K, 31 young (31744K), 4 survivors (4096K)
 Metaspace       used 83141K, committed 84096K, reserved 557056K
  class space    used 11531K, committed 11968K, reserved 425984K
}
Event: 1303.160 GC heap after
{Heap after GC invocations=58 (full 0):
 garbage-first heap   total 168960K, used 112979K [0x0000000080000000, 0x0000000100000000)
  region size 1024K, 4 young (4096K), 4 survivors (4096K)
 Metaspace       used 83141K, committed 84096K, reserved 557056K
  class space    used 11531K, committed 11968K, reserved 425984K
}
Event: 1311.350 GC heap before
{Heap before GC invocations=58 (full 0):
 garbage-first heap   total 168960K, used 142675K [0x0000000080000000, 0x0000000100000000)
  region size 1024K, 28 young (28672K), 4 survivors (4096K)
 Metaspace       used 83231K, committed 84160K, reserved 557056K
  class space    used 11533K, committed 11968K, reserved 425984K
}
Event: 1311.378 GC heap after
{Heap after GC invocations=59 (full 0):
 garbage-first heap   total 168960K, used 123314K [0x0000000080000000, 0x0000000100000000)
  region size 1024K, 4 young (4096K), 4 survivors (4096K)
 Metaspace       used 83231K, committed 84160K, reserved 557056K
  class space    used 11533K, committed 11968K, reserved 425984K
}
Event: 1318.134 GC heap before
{Heap before GC invocations=59 (full 0):
 garbage-first heap   total 168960K, used 141746K [0x0000000080000000, 0x0000000100000000)
  region size 1024K, 21 young (21504K), 4 survivors (4096K)
 Metaspace       used 84604K, committed 85568K, reserved 557056K
  class space    used 11710K, committed 12160K, reserved 425984K
}
Event: 1318.148 GC heap after
{Heap after GC invocations=60 (full 0):
 garbage-first heap   total 168960K, used 130539K [0x0000000080000000, 0x0000000100000000)
  region size 1024K, 3 young (3072K), 3 survivors (3072K)
 Metaspace       used 84604K, committed 85568K, reserved 557056K
  class space    used 11710K, committed 12160K, reserved 425984K
}
Event: 1320.734 GC heap before
{Heap before GC invocations=60 (full 0):
 garbage-first heap   total 168960K, used 142827K [0x0000000080000000, 0x0000000100000000)
  region size 1024K, 15 young (15360K), 3 survivors (3072K)
 Metaspace       used 85079K, committed 86144K, reserved 557056K
  class space    used 11798K, committed 12288K, reserved 425984K
}
Event: 1320.747 GC heap after
{Heap after GC invocations=61 (full 0):
 garbage-first heap   total 168960K, used 132100K [0x0000000080000000, 0x0000000100000000)
  region size 1024K, 2 young (2048K), 2 survivors (2048K)
 Metaspace       used 85079K, committed 86144K, reserved 557056K
  class space    used 11798K, committed 12288K, reserved 425984K
}
Event: 1322.336 GC heap before
{Heap before GC invocations=61 (full 0):
 garbage-first heap   total 168960K, used 142340K [0x0000000080000000, 0x0000000100000000)
  region size 1024K, 13 young (13312K), 2 survivors (2048K)
 Metaspace       used 85639K, committed 86656K, reserved 557056K
  class space    used 11874K, committed 12352K, reserved 425984K
}
Event: 1322.349 GC heap after
{Heap after GC invocations=62 (full 0):
 garbage-first heap   total 168960K, used 134035K [0x0000000080000000, 0x0000000100000000)
  region size 1024K, 2 young (2048K), 2 survivors (2048K)
 Metaspace       used 85639K, committed 86656K, reserved 557056K
  class space    used 11874K, committed 12352K, reserved 425984K
}
Event: 1327.268 GC heap before
{Heap before GC invocations=62 (full 0):
 garbage-first heap   total 168960K, used 145299K [0x0000000080000000, 0x0000000100000000)
  region size 1024K, 13 young (13312K), 2 survivors (2048K)
 Metaspace       used 85849K, committed 86912K, reserved 557056K
  class space    used 11897K, committed 12416K, reserved 425984K
}
Event: 1327.280 GC heap after
{Heap after GC invocations=63 (full 0):
 garbage-first heap   total 168960K, used 135976K [0x0000000080000000, 0x0000000100000000)
  region size 1024K, 2 young (2048K), 2 survivors (2048K)
 Metaspace       used 85849K, committed 86912K, reserved 557056K
  class space    used 11897K, committed 12416K, reserved 425984K
}
Event: 1334.977 GC heap before
{Heap before GC invocations=63 (full 0):
 garbage-first heap   total 168960K, used 147240K [0x0000000080000000, 0x0000000100000000)
  region size 1024K, 11 young (11264K), 2 survivors (2048K)
 Metaspace       used 85884K, committed 86912K, reserved 557056K
  class space    used 11902K, committed 12416K, reserved 425984K
}
Event: 1334.990 GC heap after
{Heap after GC invocations=64 (full 0):
 garbage-first heap   total 168960K, used 139085K [0x0000000080000000, 0x0000000100000000)
  region size 1024K, 2 young (2048K), 2 survivors (2048K)
 Metaspace       used 85884K, committed 86912K, reserved 557056K
  class space    used 11902K, committed 12416K, reserved 425984K
}
Event: 1337.110 GC heap before
{Heap before GC invocations=64 (full 0):
 garbage-first heap   total 168960K, used 146253K [0x0000000080000000, 0x0000000100000000)
  region size 1024K, 8 young (8192K), 2 survivors (2048K)
 Metaspace       used 85922K, committed 86976K, reserved 557056K
  class space    used 11905K, committed 12416K, reserved 425984K
}
Event: 1337.121 GC heap after
{Heap after GC invocations=65 (full 0):
 garbage-first heap   total 168960K, used 144843K [0x0000000080000000, 0x0000000100000000)
  region size 1024K, 1 young (1024K), 1 survivors (1024K)
 Metaspace       used 85922K, committed 86976K, reserved 557056K
  class space    used 11905K, committed 12416K, reserved 425984K
}
Event: 1351.705 GC heap before
{Heap before GC invocations=65 (full 0):
 garbage-first heap   total 168960K, used 152011K [0x0000000080000000, 0x0000000100000000)
  region size 1024K, 8 young (8192K), 1 survivors (1024K)
 Metaspace       used 86025K, committed 87040K, reserved 557056K
  class space    used 11918K, committed 12416K, reserved 425984K
}
Event: 1351.714 GC heap after
{Heap after GC invocations=66 (full 0):
 garbage-first heap   total 168960K, used 146558K [0x0000000080000000, 0x0000000100000000)
  region size 1024K, 1 young (1024K), 1 survivors (1024K)
 Metaspace       used 86025K, committed 87040K, reserved 557056K
  class space    used 11918K, committed 12416K, reserved 425984K
}
Event: 1362.055 GC heap before
{Heap before GC invocations=66 (full 0):
 garbage-first heap   total 168960K, used 153726K [0x0000000080000000, 0x0000000100000000)
  region size 1024K, 8 young (8192K), 1 survivors (1024K)
 Metaspace       used 86081K, committed 87168K, reserved 557056K
  class space    used 11923K, committed 12416K, reserved 425984K
}
Event: 1362.309 GC heap after
{Heap after GC invocations=67 (full 0):
 garbage-first heap   total 168960K, used 148033K [0x0000000080000000, 0x0000000100000000)
  region size 1024K, 1 young (1024K), 1 survivors (1024K)
 Metaspace       used 86081K, committed 87168K, reserved 557056K
  class space    used 11923K, committed 12416K, reserved 425984K
}

Deoptimization events (20 events):
Event: 1325.957 Thread 0x0000022ea6037ff0 Uncommon trap: trap_request=0xffffffbe fr.pc=0x0000022ef6f0be6c relative=0x00000000000008cc
Event: 1325.957 Thread 0x0000022ea6037ff0 Uncommon trap: reason=profile_predicate action=maybe_recompile pc=0x0000022ef6f0be6c method=groovy.lang.MetaClassImpl$MethodIndexAction.iterate()V @ 78 c2
Event: 1325.957 Thread 0x0000022ea6037ff0 DEOPT PACKING pc=0x0000022ef6f0be6c sp=0x0000005a5b3f9160
Event: 1325.957 Thread 0x0000022ea6037ff0 DEOPT UNPACKING pc=0x0000022ef67923a3 sp=0x0000005a5b3f9138 mode 2
Event: 1325.958 Thread 0x0000022ea6037ff0 Uncommon trap: trap_request=0xffffffbe fr.pc=0x0000022ef6f0be6c relative=0x00000000000008cc
Event: 1325.958 Thread 0x0000022ea6037ff0 Uncommon trap: reason=profile_predicate action=maybe_recompile pc=0x0000022ef6f0be6c method=groovy.lang.MetaClassImpl$MethodIndexAction.iterate()V @ 78 c2
Event: 1325.958 Thread 0x0000022ea6037ff0 DEOPT PACKING pc=0x0000022ef6f0be6c sp=0x0000005a5b3f9160
Event: 1325.958 Thread 0x0000022ea6037ff0 DEOPT UNPACKING pc=0x0000022ef67923a3 sp=0x0000005a5b3f9138 mode 2
Event: 1334.349 Thread 0x0000022ea6037ff0 Uncommon trap: trap_request=0xffffffbe fr.pc=0x0000022ef6f0be6c relative=0x00000000000008cc
Event: 1334.349 Thread 0x0000022ea6037ff0 Uncommon trap: reason=profile_predicate action=maybe_recompile pc=0x0000022ef6f0be6c method=groovy.lang.MetaClassImpl$MethodIndexAction.iterate()V @ 78 c2
Event: 1334.349 Thread 0x0000022ea6037ff0 DEOPT PACKING pc=0x0000022ef6f0be6c sp=0x0000005a5b3f91f0
Event: 1334.349 Thread 0x0000022ea6037ff0 DEOPT UNPACKING pc=0x0000022ef67923a3 sp=0x0000005a5b3f91c8 mode 2
Event: 1334.350 Thread 0x0000022ea6037ff0 Uncommon trap: trap_request=0xffffffbe fr.pc=0x0000022ef6f0be6c relative=0x00000000000008cc
Event: 1334.350 Thread 0x0000022ea6037ff0 Uncommon trap: reason=profile_predicate action=maybe_recompile pc=0x0000022ef6f0be6c method=groovy.lang.MetaClassImpl$MethodIndexAction.iterate()V @ 78 c2
Event: 1334.350 Thread 0x0000022ea6037ff0 DEOPT PACKING pc=0x0000022ef6f0be6c sp=0x0000005a5b3f91f0
Event: 1334.350 Thread 0x0000022ea6037ff0 DEOPT UNPACKING pc=0x0000022ef67923a3 sp=0x0000005a5b3f91c8 mode 2
Event: 1335.969 Thread 0x0000022ea6037ff0 Uncommon trap: trap_request=0xffffff45 fr.pc=0x0000022ef6d62ce8 relative=0x0000000000000d68
Event: 1335.969 Thread 0x0000022ea6037ff0 Uncommon trap: reason=unstable_if action=reinterpret pc=0x0000022ef6d62ce8 method=java.util.jar.JarFile.match([B[B[B[B)I @ 52 c2
Event: 1335.969 Thread 0x0000022ea6037ff0 DEOPT PACKING pc=0x0000022ef6d62ce8 sp=0x0000005a5b3f48f0
Event: 1335.970 Thread 0x0000022ea6037ff0 DEOPT UNPACKING pc=0x0000022ef67923a3 sp=0x0000005a5b3f47e8 mode 2

Classes unloaded (0 events):
No events

Classes redefined (0 events):
No events

Internal exceptions (20 events):
Event: 1322.121 Thread 0x0000022ea6037ff0 Exception <a 'java/lang/ClassNotFoundException'{0x0000000089d75d60}: com/android/build/gradle/internal/api/ReadOnlyBaseConfigBeanInfo> (0x0000000089d75d60) 
thrown [s\open\src\hotspot\share\classfile\systemDictionary.cpp, line 256]
Event: 1322.122 Thread 0x0000022ea6037ff0 Exception <a 'java/lang/ClassNotFoundException'{0x0000000089d82b18}: com/android/build/gradle/internal/api/ReadOnlyBaseConfigCustomizer> (0x0000000089d82b18) 
thrown [s\open\src\hotspot\share\classfile\systemDictionary.cpp, line 256]
Event: 1322.125 Thread 0x0000022ea6037ff0 Exception <a 'java/lang/ClassNotFoundException'{0x0000000089da06c8}: com/android/build/gradle/internal/api/ReadOnlyBuildTypeCustomizer> (0x0000000089da06c8) 
thrown [s\open\src\hotspot\share\classfile\systemDictionary.cpp, line 256]
Event: 1322.232 Thread 0x0000022ea6037ff0 Exception <a 'java/lang/NoClassDefFoundError'{0x0000000089b67e90}: org/jetbrains/kotlin/gradle/plugin/KotlinBasePluginWrapper> (0x0000000089b67e90) 
thrown [s\open\src\hotspot\share\oops\constantPool.cpp, line 835]
Event: 1325.960 Thread 0x0000022ea6037ff0 Exception <a 'java/lang/ClassNotFoundException'{0x000000008a2c9fa0}: build_29h9xold4pzuukwl96rzfm5n4BeanInfo> (0x000000008a2c9fa0) 
thrown [s\open\src\hotspot\share\classfile\systemDictionary.cpp, line 256]
Event: 1325.961 Thread 0x0000022ea6037ff0 Exception <a 'java/lang/ClassNotFoundException'{0x000000008a2d0820}: build_29h9xold4pzuukwl96rzfm5n4Customizer> (0x000000008a2d0820) 
thrown [s\open\src\hotspot\share\classfile\systemDictionary.cpp, line 256]
Event: 1334.351 Thread 0x0000022ea6037ff0 Exception <a 'java/lang/ClassNotFoundException'{0x0000000089d14738}: build_29h9xold4pzuukwl96rzfm5n4BeanInfo> (0x0000000089d14738) 
thrown [s\open\src\hotspot\share\classfile\systemDictionary.cpp, line 256]
Event: 1334.352 Thread 0x0000022ea6037ff0 Exception <a 'java/lang/ClassNotFoundException'{0x0000000089d1af58}: build_29h9xold4pzuukwl96rzfm5n4Customizer> (0x0000000089d1af58) 
thrown [s\open\src\hotspot\share\classfile\systemDictionary.cpp, line 256]
Event: 1336.204 Thread 0x0000022ea6037ff0 Exception <a 'java/lang/ClassNotFoundException'{0x000000008a0759c0}: build_29h9xold4pzuukwl96rzfm5n4$_run_closure1BeanInfo> (0x000000008a0759c0) 
thrown [s\open\src\hotspot\share\classfile\systemDictionary.cpp, line 256]
Event: 1336.218 Thread 0x0000022ea6037ff0 Exception <a 'java/lang/ClassNotFoundException'{0x000000008a080ee0}: build_29h9xold4pzuukwl96rzfm5n4$_run_closure1Customizer> (0x000000008a080ee0) 
thrown [s\open\src\hotspot\share\classfile\systemDictionary.cpp, line 256]
Event: 1337.676 Thread 0x0000022ea6037ff0 Exception <a 'java/lang/NoClassDefFoundError'{0x000000008a4a3010}: org/jetbrains/kotlin/gradle/plugin/KotlinBasePluginWrapper> (0x000000008a4a3010) 
thrown [s\open\src\hotspot\share\oops\constantPool.cpp, line 835]
Event: 1349.651 Thread 0x0000022ea6037ff0 Exception <a 'java/lang/ClassNotFoundException'{0x000000008a2af1d0}: build_63tdr84u8nn3u5iysallom1zrBeanInfo> (0x000000008a2af1d0) 
thrown [s\open\src\hotspot\share\classfile\systemDictionary.cpp, line 256]
Event: 1349.653 Thread 0x0000022ea6037ff0 Exception <a 'java/lang/ClassNotFoundException'{0x000000008a2b5a50}: build_63tdr84u8nn3u5iysallom1zrCustomizer> (0x000000008a2b5a50) 
thrown [s\open\src\hotspot\share\classfile\systemDictionary.cpp, line 256]
Event: 1351.285 Thread 0x0000022ea6037ff0 Exception <a 'java/lang/ClassNotFoundException'{0x000000008a1e43c0}: build_63tdr84u8nn3u5iysallom1zrBeanInfo> (0x000000008a1e43c0) 
thrown [s\open\src\hotspot\share\classfile\systemDictionary.cpp, line 256]
Event: 1351.286 Thread 0x0000022ea6037ff0 Exception <a 'java/lang/ClassNotFoundException'{0x000000008a1eaec8}: build_63tdr84u8nn3u5iysallom1zrCustomizer> (0x000000008a1eaec8) 
thrown [s\open\src\hotspot\share\classfile\systemDictionary.cpp, line 256]
Event: 1351.380 Thread 0x0000022ea6037ff0 Exception <a 'java/lang/ClassNotFoundException'{0x0000000089f42730}: build_63tdr84u8nn3u5iysallom1zr$_run_closure1BeanInfo> (0x0000000089f42730) 
thrown [s\open\src\hotspot\share\classfile\systemDictionary.cpp, line 256]
Event: 1351.381 Thread 0x0000022ea6037ff0 Exception <a 'java/lang/ClassNotFoundException'{0x0000000089f4c390}: build_63tdr84u8nn3u5iysallom1zr$_run_closure1Customizer> (0x0000000089f4c390) 
thrown [s\open\src\hotspot\share\classfile\systemDictionary.cpp, line 256]
Event: 1351.752 Thread 0x0000022ea6037ff0 Exception <a 'java/lang/NoClassDefFoundError'{0x000000008a49f3b8}: org/jetbrains/kotlin/gradle/plugin/KotlinBasePluginWrapper> (0x000000008a49f3b8) 
thrown [s\open\src\hotspot\share\oops\constantPool.cpp, line 835]
Event: 1354.104 Thread 0x0000022ea6037ff0 Exception <a 'java/lang/ClassNotFoundException'{0x000000008a3ed2d8}: build_78qdjvapq9k2jx21fcwqgje91BeanInfo> (0x000000008a3ed2d8) 
thrown [s\open\src\hotspot\share\classfile\systemDictionary.cpp, line 256]
Event: 1354.105 Thread 0x0000022ea6037ff0 Exception <a 'java/lang/ClassNotFoundException'{0x000000008a3f3b58}: build_78qdjvapq9k2jx21fcwqgje91Customizer> (0x000000008a3f3b58) 
thrown [s\open\src\hotspot\share\classfile\systemDictionary.cpp, line 256]

VM Operations (20 events):
Event: 1352.726 Executing VM operation: Cleanup
Event: 1352.841 Executing VM operation: Cleanup done
Event: 1353.847 Executing VM operation: Cleanup
Event: 1354.083 Executing VM operation: Cleanup done
Event: 1355.095 Executing VM operation: Cleanup
Event: 1355.954 Executing VM operation: Cleanup done
Event: 1356.961 Executing VM operation: Cleanup
Event: 1356.961 Executing VM operation: Cleanup done
Event: 1357.968 Executing VM operation: Cleanup
Event: 1357.968 Executing VM operation: Cleanup done
Event: 1358.980 Executing VM operation: Cleanup
Event: 1359.315 Executing VM operation: Cleanup done
Event: 1360.325 Executing VM operation: Cleanup
Event: 1360.750 Executing VM operation: Cleanup done
Event: 1361.936 Executing VM operation: G1CollectForAllocation
Event: 1362.316 Executing VM operation: G1CollectForAllocation done
Event: 1363.329 Executing VM operation: Cleanup
Event: 1363.330 Executing VM operation: Cleanup done
Event: 1364.110 Executing VM operation: G1Concurrent
Event: 1364.351 Executing VM operation: G1Concurrent done

Events (20 events):
Event: 1320.459 loading class java/lang/IntegerCustomizer
Event: 1320.459 loading class java/lang/IntegerCustomizer done
Event: 1320.835 loading class java/util/TreeSetBeanInfo
Event: 1320.835 loading class java/util/TreeSetBeanInfo done
Event: 1320.836 loading class java/util/TreeSetBeanInfo
Event: 1320.836 loading class java/util/TreeSetBeanInfo done
Event: 1320.837 loading class java/util/AbstractSetBeanInfo
Event: 1320.837 loading class java/util/AbstractSetBeanInfo done
Event: 1320.837 loading class java/util/AbstractSetBeanInfo
Event: 1320.837 loading class java/util/AbstractSetBeanInfo done
Event: 1320.838 loading class java/util/AbstractSetCustomizer
Event: 1320.838 loading class java/util/AbstractSetCustomizer done
Event: 1320.839 loading class java/util/AbstractSetCustomizer
Event: 1320.839 loading class java/util/AbstractSetCustomizer done
Event: 1320.839 loading class java/util/TreeSetCustomizer
Event: 1320.839 loading class java/util/TreeSetCustomizer done
Event: 1320.840 loading class java/util/TreeSetCustomizer
Event: 1320.840 loading class java/util/TreeSetCustomizer done
Event: 1320.987 loading class java/io/LineNumberReader
Event: 1320.988 loading class java/io/LineNumberReader done


Dynamic libraries:
0x00007ff77fe90000 - 0x00007ff77fea0000 	C:\Program Files\Java\jdk-17\bin\java.exe
0x00007ff98b3b0000 - 0x00007ff98b5a8000 	C:\Windows\SYSTEM32\ntdll.dll
0x00007ff98ac80000 - 0x00007ff98ad3d000 	C:\Windows\System32\KERNEL32.DLL
0x00007ff988c50000 - 0x00007ff988f46000 	C:\Windows\System32\KERNELBASE.dll
0x00007ff988f50000 - 0x00007ff989050000 	C:\Windows\System32\ucrtbase.dll
0x00007ff982660000 - 0x00007ff982679000 	C:\Program Files\Java\jdk-17\bin\jli.dll
0x00007ff98a610000 - 0x00007ff98a6c0000 	C:\Windows\System32\ADVAPI32.dll
0x00007ff989520000 - 0x00007ff9895be000 	C:\Windows\System32\msvcrt.dll
0x00007ff98a1f0000 - 0x00007ff98a290000 	C:\Windows\System32\sechost.dll
0x00007ff9895c0000 - 0x00007ff9896e3000 	C:\Windows\System32\RPCRT4.dll
0x00007ff988a60000 - 0x00007ff988a87000 	C:\Windows\System32\bcrypt.dll
0x00007ff98a330000 - 0x00007ff98a4cf000 	C:\Windows\System32\USER32.dll
0x00007ff988ae0000 - 0x00007ff988b02000 	C:\Windows\System32\win32u.dll
0x00007ff98a2f0000 - 0x00007ff98a31b000 	C:\Windows\System32\GDI32.dll
0x00007ff989050000 - 0x00007ff989167000 	C:\Windows\System32\gdi32full.dll
0x00007ff989170000 - 0x00007ff98920d000 	C:\Windows\System32\msvcp_win.dll
0x00007ff9825a0000 - 0x00007ff9825bb000 	C:\Program Files\Java\jdk-17\bin\VCRUNTIME140.dll
0x00007ff97a370000 - 0x00007ff97a60a000 	C:\Windows\WinSxS\amd64_microsoft.windows.common-controls_6595b64144ccf1df_6.0.19041.3636_none_60b6a03d71f818d5\COMCTL32.dll
0x00007ff97e860000 - 0x00007ff97e86a000 	C:\Windows\SYSTEM32\VERSION.dll
0x00007ff989e60000 - 0x00007ff989e92000 	C:\Windows\System32\IMM32.DLL
0x00007ff982850000 - 0x00007ff98285c000 	C:\Program Files\Java\jdk-17\bin\vcruntime140_1.dll
0x00007ff95fdd0000 - 0x00007ff95fe5e000 	C:\Program Files\Java\jdk-17\bin\msvcp140.dll
0x00007ff950610000 - 0x00007ff9511ef000 	C:\Program Files\Java\jdk-17\bin\server\jvm.dll
0x00007ff98a770000 - 0x00007ff98a778000 	C:\Windows\System32\PSAPI.DLL
0x00007ff96f410000 - 0x00007ff96f419000 	C:\Windows\SYSTEM32\WSOCK32.dll
0x00007ff98abf0000 - 0x00007ff98ac5b000 	C:\Windows\System32\WS2_32.dll
0x00007ff96f290000 - 0x00007ff96f2b7000 	C:\Windows\SYSTEM32\WINMM.dll
0x00007ff987280000 - 0x00007ff987292000 	C:\Windows\SYSTEM32\kernel.appcore.dll
0x00007ff982700000 - 0x00007ff98270a000 	C:\Program Files\Java\jdk-17\bin\jimage.dll
0x00007ff987070000 - 0x00007ff987254000 	C:\Windows\SYSTEM32\DBGHELP.DLL
0x00007ff97ade0000 - 0x00007ff97ae14000 	C:\Windows\SYSTEM32\dbgcore.DLL
0x00007ff988b10000 - 0x00007ff988b92000 	C:\Windows\System32\bcryptPrimitives.dll
0x00007ff95fcf0000 - 0x00007ff95fd15000 	C:\Program Files\Java\jdk-17\bin\java.dll
0x00007ff959510000 - 0x00007ff9595e7000 	C:\Program Files\Java\jdk-17\bin\jsvml.dll
0x00007ff9896f0000 - 0x00007ff989e5b000 	C:\Windows\System32\SHELL32.dll
0x00007ff986800000 - 0x00007ff986f9e000 	C:\Windows\SYSTEM32\windows.storage.dll
0x00007ff98ad40000 - 0x00007ff98b093000 	C:\Windows\System32\combase.dll
0x00007ff988490000 - 0x00007ff9884be000 	C:\Windows\SYSTEM32\Wldp.dll
0x00007ff9893f0000 - 0x00007ff9894bd000 	C:\Windows\System32\OLEAUT32.dll
0x00007ff98a560000 - 0x00007ff98a60d000 	C:\Windows\System32\SHCORE.dll
0x00007ff989ea0000 - 0x00007ff989ef5000 	C:\Windows\System32\shlwapi.dll
0x00007ff988990000 - 0x00007ff9889b3000 	C:\Windows\SYSTEM32\profapi.dll
0x00007ff982300000 - 0x00007ff982319000 	C:\Program Files\Java\jdk-17\bin\net.dll
0x00007ff97a9c0000 - 0x00007ff97aaca000 	C:\Windows\SYSTEM32\WINHTTP.dll
0x00007ff9881f0000 - 0x00007ff98825a000 	C:\Windows\system32\mswsock.dll
0x00007ff979b70000 - 0x00007ff979b86000 	C:\Program Files\Java\jdk-17\bin\nio.dll
0x00007ff9691d0000 - 0x00007ff9691e8000 	C:\Program Files\Java\jdk-17\bin\zip.dll
0x00007ff97a8e0000 - 0x00007ff97a8f0000 	C:\Program Files\Java\jdk-17\bin\verify.dll
0x00007ff9828d0000 - 0x00007ff9828f7000 	C:\Users\Admin\.gradle\native\68d5fa5c4cc2d200863cafc0d521ce42e7d3e7ee720ec0a83991735586a16f82\windows-amd64\native-platform.dll
0x00007ff95c3a0000 - 0x00007ff95c4e4000 	C:\Users\Admin\.gradle\native\e376f236ea51e6404a007f0833ffe2c6e607c4080706a723a18a27aeea778392\windows-amd64\native-platform-file-events.dll
0x00007ff982750000 - 0x00007ff98275a000 	C:\Program Files\Java\jdk-17\bin\management.dll
0x00007ff982740000 - 0x00007ff98274b000 	C:\Program Files\Java\jdk-17\bin\management_ext.dll
0x00007ff9883e0000 - 0x00007ff9883f8000 	C:\Windows\SYSTEM32\CRYPTSP.dll
0x00007ff987aa0000 - 0x00007ff987ad4000 	C:\Windows\system32\rsaenh.dll
0x00007ff988910000 - 0x00007ff98893e000 	C:\Windows\SYSTEM32\USERENV.dll
0x00007ff988400000 - 0x00007ff98840c000 	C:\Windows\SYSTEM32\CRYPTBASE.dll
0x00007ff987e80000 - 0x00007ff987ebb000 	C:\Windows\SYSTEM32\IPHLPAPI.DLL
0x00007ff9893e0000 - 0x00007ff9893e8000 	C:\Windows\System32\NSI.dll
0x00007ff97fad0000 - 0x00007ff97fae7000 	C:\Windows\SYSTEM32\dhcpcsvc6.DLL
0x00007ff97fd50000 - 0x00007ff97fd6d000 	C:\Windows\SYSTEM32\dhcpcsvc.DLL
0x00007ff987ed0000 - 0x00007ff987f9b000 	C:\Windows\SYSTEM32\DNSAPI.dll
0x00007ff982730000 - 0x00007ff98273e000 	C:\Program Files\Java\jdk-17\bin\sunmscapi.dll
0x00007ff989210000 - 0x00007ff98936e000 	C:\Windows\System32\CRYPT32.dll
0x00007ff988500000 - 0x00007ff988528000 	C:\Windows\SYSTEM32\ncrypt.dll
0x00007ff9884c0000 - 0x00007ff9884fb000 	C:\Windows\SYSTEM32\NTASN1.dll
0x00007ff977c50000 - 0x00007ff977c57000 	C:\Windows\system32\wshunix.dll

dbghelp: loaded successfully - version: 4.0.5 - missing functions: none
symbol engine: initialized successfully - sym options: 0x614 - pdb path: .;C:\Program Files\Java\jdk-17\bin;C:\Windows\SYSTEM32;C:\Windows\WinSxS\amd64_microsoft.windows.common-controls_6595b64144ccf1df_6.0.19041.3636_none_60b6a03d71f818d5;C:\Program Files\Java\jdk-17\bin\server;C:\Users\Admin\.gradle\native\68d5fa5c4cc2d200863cafc0d521ce42e7d3e7ee720ec0a83991735586a16f82\windows-amd64;C:\Users\Admin\.gradle\native\e376f236ea51e6404a007f0833ffe2c6e607c4080706a723a18a27aeea778392\windows-amd64

VM Arguments:
jvm_args: -XX:MaxMetaspaceSize=512m --add-opens=java.base/java.util=ALL-UNNAMED --add-opens=java.base/java.lang=ALL-UNNAMED --add-opens=java.base/java.lang.invoke=ALL-UNNAMED --add-opens=java.prefs/java.util.prefs=ALL-UNNAMED --add-opens=java.base/java.nio.charset=ALL-UNNAMED --add-opens=java.base/java.net=ALL-UNNAMED --add-opens=java.base/java.util.concurrent.atomic=ALL-UNNAMED -Xmx2048m -Dfile.encoding=windows-1252 -Duser.country=US -Duser.language=en -Duser.variant 
java_command: org.gradle.launcher.daemon.bootstrap.GradleDaemon 8.0.1
java_class_path (initial): C:\Users\Admin\.gradle\wrapper\dists\gradle-8.0.1-all\aro4hu1c3oeioove7l0i4i14o\gradle-8.0.1\lib\gradle-launcher-8.0.1.jar
Launcher Type: SUN_STANDARD

[Global flags]
     intx CICompilerCount                          = 3                                         {product} {ergonomic}
   size_t CompressedClassSpaceSize                 = 436207616                                 {product} {ergonomic}
     uint ConcGCThreads                            = 1                                         {product} {ergonomic}
     uint G1ConcRefinementThreads                  = 4                                         {product} {ergonomic}
   size_t G1HeapRegionSize                         = 1048576                                   {product} {ergonomic}
    uintx GCDrainStackTargetSize                   = 64                                        {product} {ergonomic}
   size_t InitialHeapSize                          = 134217728                                 {product} {ergonomic}
   size_t MarkStackSize                            = 4194304                                   {product} {ergonomic}
   size_t MaxHeapSize                              = 2147483648                                {product} {command line}
   size_t MaxMetaspaceSize                         = 536870912                                 {product} {command line}
   size_t MaxNewSize                               = 1287651328                                {product} {ergonomic}
   size_t MinHeapDeltaBytes                        = 1048576                                   {product} {ergonomic}
   size_t MinHeapSize                              = 8388608                                   {product} {ergonomic}
    uintx NonNMethodCodeHeapSize                   = 5832780                                {pd product} {ergonomic}
    uintx NonProfiledCodeHeapSize                  = 122912730                              {pd product} {ergonomic}
    uintx ProfiledCodeHeapSize                     = 122912730                              {pd product} {ergonomic}
    uintx ReservedCodeCacheSize                    = 251658240                              {pd product} {ergonomic}
     bool SegmentedCodeCache                       = true                                      {product} {ergonomic}
   size_t SoftMaxHeapSize                          = 2147483648                             {manageable} {ergonomic}
     bool UseCompressedClassPointers               = true                           {product lp64_product} {ergonomic}
     bool UseCompressedOops                        = true                           {product lp64_product} {ergonomic}
     bool UseG1GC                                  = true                                      {product} {ergonomic}
     bool UseLargePagesIndividualAllocation        = false                                  {pd product} {ergonomic}

Logging:
Log output configuration:
 #0: stdout all=warning uptime,level,tags
 #1: stderr all=off uptime,level,tags

Environment Variables:
JAVA_HOME=C:\Program Files\Java\jdk-17
CLASSPATH=D:\pilotapp-main\android\\gradle\wrapper\gradle-wrapper.jar
PATH=D:\pilotapp-main\node_modules\.bin;D:\pilotapp-main\node_modules\.bin;D:\node_modules\.bin;C:\Program Files\nodejs\node_modules\npm\node_modules\@npmcli\run-script\lib\node-gyp-bin;D:\pilotapp-main\node_modules\.bin;D:\node_modules\.bin;C:\Program Files\nodejs\node_modules\npm\node_modules\@npmcli\run-script\lib\node-gyp-bin;C:\Program Files\Common Files\Oracle\Java\javapath;%LOCALAPPDATA%\Android\Sdk\platform-tools;C:\Windows\system32;C:\Windows;C:\Windows\System32\Wbem;C:\Windows\System32\WindowsPowerShell\v1.0\;C:\Windows\System32\OpenSSH\;C:\Program Files\nodejs\;C:\Program Files\Java\jdk-17;C:\Users\Admin\AppData\Local\Android\Sdk;C:\Program Files (x86)\Microsoft SQL Server\160\DTS\Binn\;C:\Program Files\Azure Data Studio\bin;C:\Program Files\gradle-8.2.1-bin\gradle-8.2.1\bin;c:\Program Files (x86)\Intel\Intel(R) Management Engine Components\DAL;c:\Program Files\Intel\Intel(R) Management Engine Components\DAL;C:\Program Files\Git\cmd;C:\Program Files (x86)\Windows Kits\10\Windows Performance Toolkit\;C:\Users\Admin\AppData\Local\Programs\Python\Python313\Scripts\;C:\Users\Admin\AppData\Local\Programs\Python\Python313\;C:\Users\Admin\AppData\Local\Programs\Python\Launcher\;C:\Program Files\MySQL\MySQL Shell 8.0\bin\;C:\Users\Admin\.console-ninja\.bin;C:\Users\Admin\AppData\Local\jdk-11.0.2\bin;C:\Users\Admin\AppData\Local\jdk-11.0.2\bin;C:\Users\Admin\AppData\Local\Microsoft\WindowsApps;C:\Users\Admin\AppData\Local\Programs\Microsoft VS Code\bin;C:\Users\Admin\AppData\Roaming\npm;C:\Users\Admin\AppData\Local\Android\Sdk\platform-tools
USERNAME=Admin
LANG=en_US.UTF-8
OS=Windows_NT
PROCESSOR_IDENTIFIER=Intel64 Family 6 Model 142 Stepping 9, GenuineIntel



---------------  S Y S T E M  ---------------

OS:
 Windows 10 , 64 bit Build 19041 (10.0.19041.3636)
OS uptime: 4 days 2:05 hours

CPU: total 4 (initial active 4) (2 cores per cpu, 2 threads per core) family 6 model 142 stepping 9 microcode 0xea, cx8, cmov, fxsr, ht, mmx, 3dnowpref, sse, sse2, sse3, ssse3, sse4.1, sse4.2, popcnt, lzcnt, tsc, tscinvbit, avx, avx2, aes, erms, clmul, bmi1, bmi2, rtm, adx, fma, vzeroupper, clflush, clflushopt

Memory: 4k page, system-wide physical 8067M (344M free)
TotalPageFile size 24874M (AvailPageFile size 0M)
current process WorkingSet (physical memory assigned to process): 274M, peak: 297M
current process commit charge ("private bytes"): 530M, peak: 532M

vm_info: Java HotSpot(TM) 64-Bit Server VM (17.0.10+11-LTS-240) for windows-amd64 JRE (17.0.10+11-LTS-240), built on Dec 19 2023 21:47:25 by "mach5one" with MS VC++ 17.1 (VS2022)

END.
