#
# There is insufficient memory for the Java Runtime Environment to continue.
# Native memory allocation (malloc) failed to allocate 1091920 bytes for Chunk::new
# Possible reasons:
#   The system is out of physical RAM or swap space
#   The process is running with CompressedOops enabled, and the Java Heap may be blocking the growth of the native heap
# Possible solutions:
#   Reduce memory load on the system
#   Increase physical memory or swap space
#   Check if swap backing store is full
#   Decrease Java heap size (-Xmx/-Xms)
#   Decrease number of Java threads
#   Decrease Java thread stack sizes (-Xss)
#   Set larger code cache with -XX:ReservedCodeCacheSize=
#   JVM is running with Unscaled Compressed Oops mode in which the Java heap is
#     placed in the first 4GB address space. The Java Heap base address is the
#     maximum limit for the native heap growth. Please use -XX:HeapBaseMinAddress
#     to set the Java Heap base and to place the Java Heap above 4GB virtual address.
# This output file may be truncated or incomplete.
#
#  Out of Memory Error (arena.cpp:189), pid=10592, tid=20008
#
# JRE version: Java(TM) SE Runtime Environment (17.0.10+11) (build 17.0.10+11-LTS-240)
# Java VM: Java HotSpot(TM) 64-Bit Server VM (17.0.10+11-LTS-240, mixed mode, sharing, tiered, compressed oops, compressed class ptrs, g1 gc, windows-amd64)
# No core dump will be written. Minidumps are not enabled by default on client versions of Windows
#

---------------  S U M M A R Y ------------

Command Line: -XX:MaxMetaspaceSize=512m --add-opens=java.base/java.util=ALL-UNNAMED --add-opens=java.base/java.lang=ALL-UNNAMED --add-opens=java.base/java.lang.invoke=ALL-UNNAMED --add-opens=java.prefs/java.util.prefs=ALL-UNNAMED --add-opens=java.base/java.nio.charset=ALL-UNNAMED --add-opens=java.base/java.net=ALL-UNNAMED --add-opens=java.base/java.util.concurrent.atomic=ALL-UNNAMED -Xmx2048m -Dfile.encoding=windows-1252 -Duser.country=US -Duser.language=en -Duser.variant org.gradle.launcher.daemon.bootstrap.GradleDaemon 8.0.1

Host: Intel(R) Core(TM) i5-7300U CPU @ 2.60GHz, 4 cores, 7G,  Windows 10 , 64 bit Build 19041 (10.0.19041.3636)
Time: Thu Apr 18 13:57:16 2024 India Standard Time elapsed time: 1365.850314 seconds (0d 0h 22m 45s)

---------------  T H R E A D  ---------------

Current thread (0x000001b8eb9c6d70):  JavaThread "C2 CompilerThread0" daemon [_thread_in_native, id=20008, stack(0x00000085e0300000,0x00000085e0400000)]


Current CompileTask:
C2:1365850 13184       4       org.gradle.internal.logging.sink.OutputEventTransformer::onOutput (399 bytes)

Stack: [0x00000085e0300000,0x00000085e0400000]
Native frames: (J=compiled Java code, j=interpreted, Vv=VM code, C=native code)
V  [jvm.dll+0x677a5a]
V  [jvm.dll+0x7d8b2d]
V  [jvm.dll+0x7da48e]
V  [jvm.dll+0x7daaf3]
V  [jvm.dll+0x2455ff]
V  [jvm.dll+0xaaafb]
V  [jvm.dll+0xab09c]
V  [jvm.dll+0x361bae]
V  [jvm.dll+0x32c211]
V  [jvm.dll+0x32b6aa]
V  [jvm.dll+0x21794f]
V  [jvm.dll+0x216d81]
V  [jvm.dll+0x1a3410]
V  [jvm.dll+0x226aeb]
V  [jvm.dll+0x224cab]
V  [jvm.dll+0x78e45c]
V  [jvm.dll+0x78888a]
V  [jvm.dll+0x676935]
C  [ucrtbase.dll+0x21bb2]
C  [KERNEL32.DLL+0x17344]
C  [ntdll.dll+0x526b1]


---------------  P R O C E S S  ---------------

Threads class SMR info:
_java_thread_list=0x000001b8f44d2c30, length=86, elements={
0x000001b8cc109f10, 0x000001b8eb9aa500, 0x000001b8eb9ad2a0, 0x000001b8eb9c0020,
0x000001b8eb9c1b00, 0x000001b8eb9c43e0, 0x000001b8eb9c60c0, 0x000001b8eb9c6d70,
0x000001b8eb9fa600, 0x000001b8eba41a80, 0x000001b8ebc15b80, 0x000001b8ebc18070,
0x000001b8f1590db0, 0x000001b8f0680900, 0x000001b8f18bd770, 0x000001b8f07c7b50,
0x000001b8f0459bd0, 0x000001b8f0db6050, 0x000001b8ebcee400, 0x000001b8ebced9e0,
0x000001b8ebcecfc0, 0x000001b8ebcedef0, 0x000001b8ebcecab0, 0x000001b8ebceb670,
0x000001b8ebceb160, 0x000001b8ebced4d0, 0x000001b8f2d46610, 0x000001b8f2d42950,
0x000001b8f2d43370, 0x000001b8f2d41a20, 0x000001b8f2d447b0, 0x000001b8f2d43d90,
0x000001b8f2d42e60, 0x000001b8f2d41000, 0x000001b8f2d44cc0, 0x000001b8f2d42440,
0x000001b8f2d456e0, 0x000001b8f2d45bf0, 0x000001b8f2d405e0, 0x000001b8f2d46b20,
0x000001b8f2d47540, 0x000001b8f2d47a50, 0x000001b8f2d40af0, 0x000001b8f2d41510,
0x000001b8ebcec090, 0x000001b8ebcebb80, 0x000001b8f2725810, 0x000001b8f27248e0,
0x000001b8f2722a80, 0x000001b8f2725300, 0x000001b8f2725d20, 0x000001b8f2726230,
0x000001b8f27239b0, 0x000001b8f2722060, 0x000001b8f2722570, 0x000001b8f2724df0,
0x000001b8f2723ec0, 0x000001b8f2726740, 0x000001b8f2726c50, 0x000001b8f2727b80,
0x000001b8f27243d0, 0x000001b8f2728ab0, 0x000001b8f27294d0, 0x000001b8f2727670,
0x000001b8f2728090, 0x000001b8f2727160, 0x000001b8f2728fc0, 0x000001b8f131a9f0,
0x000001b8f1316310, 0x000001b8f1317750, 0x000001b8f131af00, 0x000001b8f1318b90,
0x000001b8f1319fd0, 0x000001b8f131a4e0, 0x000001b8f1315e00, 0x000001b8f13144b0,
0x000001b8f1313fa0, 0x000001b8f13149c0, 0x000001b8f1316820, 0x000001b8f1316d30,
0x000001b8f1314ed0, 0x000001b8f13153e0, 0x000001b8f131b920, 0x000001b8f13158f0,
0x000001b8f1318170, 0x000001b8f2d43880
}

Java Threads: ( => current thread )
  0x000001b8cc109f10 JavaThread "main" [_thread_blocked, id=19652, stack(0x00000085df500000,0x00000085df600000)]
  0x000001b8eb9aa500 JavaThread "Reference Handler" daemon [_thread_blocked, id=19900, stack(0x00000085dfd00000,0x00000085dfe00000)]
  0x000001b8eb9ad2a0 JavaThread "Finalizer" daemon [_thread_blocked, id=19904, stack(0x00000085dfe00000,0x00000085dff00000)]
  0x000001b8eb9c0020 JavaThread "Signal Dispatcher" daemon [_thread_blocked, id=19992, stack(0x00000085dff00000,0x00000085e0000000)]
  0x000001b8eb9c1b00 JavaThread "Attach Listener" daemon [_thread_blocked, id=19996, stack(0x00000085e0000000,0x00000085e0100000)]
  0x000001b8eb9c43e0 JavaThread "Service Thread" daemon [_thread_blocked, id=20000, stack(0x00000085e0100000,0x00000085e0200000)]
  0x000001b8eb9c60c0 JavaThread "Monitor Deflation Thread" daemon [_thread_blocked, id=20004, stack(0x00000085e0200000,0x00000085e0300000)]
=>0x000001b8eb9c6d70 JavaThread "C2 CompilerThread0" daemon [_thread_in_native, id=20008, stack(0x00000085e0300000,0x00000085e0400000)]
  0x000001b8eb9fa600 JavaThread "C1 CompilerThread0" daemon [_thread_blocked, id=20012, stack(0x00000085e0400000,0x00000085e0500000)]
  0x000001b8eba41a80 JavaThread "Sweeper thread" daemon [_thread_blocked, id=20036, stack(0x00000085e0500000,0x00000085e0600000)]
  0x000001b8ebc15b80 JavaThread "Common-Cleaner" daemon [_thread_blocked, id=20072, stack(0x00000085e0600000,0x00000085e0700000)]
  0x000001b8ebc18070 JavaThread "Notification Thread" daemon [_thread_blocked, id=20076, stack(0x00000085e0700000,0x00000085e0800000)]
  0x000001b8f1590db0 JavaThread "Daemon health stats" [_thread_blocked, id=21264, stack(0x00000085e0c00000,0x00000085e0d00000)]
  0x000001b8f0680900 JavaThread "Incoming local TCP Connector on port 50164" [_thread_in_native, id=10516, stack(0x00000085e0d00000,0x00000085e0e00000)]
  0x000001b8f18bd770 JavaThread "Daemon periodic checks" [_thread_in_native, id=1436, stack(0x00000085e0e00000,0x00000085e0f00000)]
  0x000001b8f07c7b50 JavaThread "Daemon" [_thread_blocked, id=12360, stack(0x00000085e0f00000,0x00000085e1000000)]
  0x000001b8f0459bd0 JavaThread "Handler for socket connection from /127.0.0.1:50164 to /127.0.0.1:50171" [_thread_in_native, id=15304, stack(0x00000085e1000000,0x00000085e1100000)]
  0x000001b8f0db6050 JavaThread "Cancel handler" [_thread_blocked, id=19464, stack(0x00000085e1100000,0x00000085e1200000)]
  0x000001b8ebcee400 JavaThread "Daemon worker" [_thread_in_Java, id=21588, stack(0x00000085e1200000,0x00000085e1300000)]
  0x000001b8ebced9e0 JavaThread "Asynchronous log dispatcher for DefaultDaemonConnection: socket connection from /127.0.0.1:50164 to /127.0.0.1:50171" [_thread_blocked, id=21604, stack(0x00000085e1300000,0x00000085e1400000)]
  0x000001b8ebcecfc0 JavaThread "Daemon client event forwarder" [_thread_blocked, id=21636, stack(0x00000085e1500000,0x00000085e1600000)]
  0x000001b8ebcedef0 JavaThread "Cache worker for journal cache (C:\Users\Admin\.gradle\caches\journal-1)" [_thread_blocked, id=21980, stack(0x00000085e1600000,0x00000085e1700000)]
  0x000001b8ebcecab0 JavaThread "File lock request listener" [_thread_in_native, id=21996, stack(0x00000085e1700000,0x00000085e1800000)]
  0x000001b8ebceb670 JavaThread "Cache worker for file hash cache (C:\Users\Admin\.gradle\caches\8.0.1\fileHashes)" [_thread_blocked, id=22244, stack(0x00000085e1b00000,0x00000085e1c00000)]
  0x000001b8ebceb160 JavaThread "File watcher server" daemon [_thread_in_native, id=20760, stack(0x00000085e1c00000,0x00000085e1d00000)]
  0x000001b8ebced4d0 JavaThread "File watcher consumer" daemon [_thread_blocked, id=20680, stack(0x00000085e1d00000,0x00000085e1e00000)]
  0x000001b8f2d46610 JavaThread "Cache worker for checksums cache (D:\pilotapp-main\android\.gradle\8.0.1\checksums)" [_thread_blocked, id=13844, stack(0x00000085e1e00000,0x00000085e1f00000)]
  0x000001b8f2d42950 JavaThread "Cache worker for cache directory md-rule (C:\Users\Admin\.gradle\caches\8.0.1\md-rule)" [_thread_blocked, id=21068, stack(0x00000085e1f00000,0x00000085e2000000)]
  0x000001b8f2d43370 JavaThread "Cache worker for file content cache (C:\Users\Admin\.gradle\caches\8.0.1\fileContent)" [_thread_blocked, id=21900, stack(0x00000085e2000000,0x00000085e2100000)]
  0x000001b8f2d41a20 JavaThread "Cache worker for file hash cache (D:\pilotapp-main\android\.gradle\8.0.1\fileHashes)" [_thread_blocked, id=4992, stack(0x00000085e2100000,0x00000085e2200000)]
  0x000001b8f2d447b0 JavaThread "Cache worker for cache directory md-supplier (C:\Users\Admin\.gradle\caches\8.0.1\md-supplier)" [_thread_blocked, id=20092, stack(0x00000085e2300000,0x00000085e2400000)]
  0x000001b8f2d43d90 JavaThread "Cache worker for execution history cache (C:\Users\Admin\.gradle\caches\8.0.1\executionHistory)" [_thread_blocked, id=18116, stack(0x00000085e2400000,0x00000085e2500000)]
  0x000001b8f2d42e60 JavaThread "jar transforms" [_thread_blocked, id=13284, stack(0x00000085df400000,0x00000085df500000)]
  0x000001b8f2d41000 JavaThread "jar transforms Thread 2" [_thread_blocked, id=21708, stack(0x00000085df600000,0x00000085df700000)]
  0x000001b8f2d44cc0 JavaThread "jar transforms Thread 3" [_thread_blocked, id=7088, stack(0x00000085e1400000,0x00000085e1500000)]
  0x000001b8f2d42440 JavaThread "jar transforms Thread 4" [_thread_blocked, id=20812, stack(0x00000085e2500000,0x00000085e2600000)]
  0x000001b8f2d456e0 JavaThread "Cache worker for kotlin-dsl (C:\Users\Admin\.gradle\caches\8.0.1\kotlin-dsl)" [_thread_blocked, id=22080, stack(0x00000085e1800000,0x00000085e1900000)]
  0x000001b8f2d45bf0 JavaThread "Cache worker for dependencies-accessors (D:\pilotapp-main\android\.gradle\8.0.1\dependencies-accessors)" [_thread_blocked, id=640, stack(0x00000085e2600000,0x00000085e2700000)]
  0x000001b8f2d405e0 JavaThread "Cache worker for Build Output Cleanup Cache (D:\pilotapp-main\node_modules\@react-native\gradle-plugin\.gradle\buildOutputCleanup)" [_thread_blocked, id=16088, stack(0x00000085e2700000,0x00000085e2800000)]
  0x000001b8f2d46b20 JavaThread "Unconstrained build operations" [_thread_blocked, id=22488, stack(0x00000085e1a00000,0x00000085e1b00000)]
  0x000001b8f2d47540 JavaThread "Unconstrained build operations Thread 2" [_thread_blocked, id=13484, stack(0x00000085e2800000,0x00000085e2900000)]
  0x000001b8f2d47a50 JavaThread "Unconstrained build operations Thread 3" [_thread_blocked, id=22132, stack(0x00000085e2900000,0x00000085e2a00000)]
  0x000001b8f2d40af0 JavaThread "Unconstrained build operations Thread 4" [_thread_blocked, id=8052, stack(0x00000085e2a00000,0x00000085e2b00000)]
  0x000001b8f2d41510 JavaThread "Unconstrained build operations Thread 5" [_thread_blocked, id=23300, stack(0x00000085e2b00000,0x00000085e2c00000)]
  0x000001b8ebcec090 JavaThread "Unconstrained build operations Thread 6" [_thread_blocked, id=15332, stack(0x00000085e2c00000,0x00000085e2d00000)]
  0x000001b8ebcebb80 JavaThread "Unconstrained build operations Thread 7" [_thread_blocked, id=23412, stack(0x00000085e2d00000,0x00000085e2e00000)]
  0x000001b8f2725810 JavaThread "Unconstrained build operations Thread 8" [_thread_blocked, id=17248, stack(0x00000085e2e00000,0x00000085e2f00000)]
  0x000001b8f27248e0 JavaThread "Unconstrained build operations Thread 9" [_thread_blocked, id=13712, stack(0x00000085e2f00000,0x00000085e3000000)]
  0x000001b8f2722a80 JavaThread "Unconstrained build operations Thread 10" [_thread_blocked, id=3360, stack(0x00000085e3000000,0x00000085e3100000)]
  0x000001b8f2725300 JavaThread "Unconstrained build operations Thread 11" [_thread_blocked, id=20936, stack(0x00000085e3100000,0x00000085e3200000)]
  0x000001b8f2725d20 JavaThread "Unconstrained build operations Thread 12" [_thread_blocked, id=17904, stack(0x00000085e3200000,0x00000085e3300000)]
  0x000001b8f2726230 JavaThread "Unconstrained build operations Thread 13" [_thread_blocked, id=18104, stack(0x00000085e3300000,0x00000085e3400000)]
  0x000001b8f27239b0 JavaThread "Unconstrained build operations Thread 14" [_thread_blocked, id=5804, stack(0x00000085e3400000,0x00000085e3500000)]
  0x000001b8f2722060 JavaThread "Unconstrained build operations Thread 15" [_thread_blocked, id=17604, stack(0x00000085e3500000,0x00000085e3600000)]
  0x000001b8f2722570 JavaThread "Unconstrained build operations Thread 16" [_thread_blocked, id=23556, stack(0x00000085e3600000,0x00000085e3700000)]
  0x000001b8f2724df0 JavaThread "Unconstrained build operations Thread 17" [_thread_blocked, id=23560, stack(0x00000085e3700000,0x00000085e3800000)]
  0x000001b8f2723ec0 JavaThread "Unconstrained build operations Thread 18" [_thread_blocked, id=23564, stack(0x00000085e3800000,0x00000085e3900000)]
  0x000001b8f2726740 JavaThread "Unconstrained build operations Thread 19" [_thread_blocked, id=23568, stack(0x00000085e3900000,0x00000085e3a00000)]
  0x000001b8f2726c50 JavaThread "Unconstrained build operations Thread 20" [_thread_blocked, id=23572, stack(0x00000085e3a00000,0x00000085e3b00000)]
  0x000001b8f2727b80 JavaThread "Unconstrained build operations Thread 21" [_thread_blocked, id=23576, stack(0x00000085e3b00000,0x00000085e3c00000)]
  0x000001b8f27243d0 JavaThread "Unconstrained build operations Thread 22" [_thread_blocked, id=23580, stack(0x00000085e3c00000,0x00000085e3d00000)]
  0x000001b8f2728ab0 JavaThread "Unconstrained build operations Thread 23" [_thread_blocked, id=23584, stack(0x00000085e3d00000,0x00000085e3e00000)]
  0x000001b8f27294d0 JavaThread "Unconstrained build operations Thread 24" [_thread_blocked, id=23588, stack(0x00000085e3e00000,0x00000085e3f00000)]
  0x000001b8f2727670 JavaThread "Unconstrained build operations Thread 25" [_thread_blocked, id=23592, stack(0x00000085e3f00000,0x00000085e4000000)]
  0x000001b8f2728090 JavaThread "Unconstrained build operations Thread 26" [_thread_blocked, id=23596, stack(0x00000085e4000000,0x00000085e4100000)]
  0x000001b8f2727160 JavaThread "Memory manager" [_thread_blocked, id=24372, stack(0x00000085e4100000,0x00000085e4200000)]
  0x000001b8f2728fc0 JavaThread "Cache worker for Build Output Cleanup Cache (D:\pilotapp-main\android\.gradle\buildOutputCleanup)" [_thread_blocked, id=16540, stack(0x00000085e4200000,0x00000085e4300000)]
  0x000001b8f131a9f0 JavaThread "Execution worker" [_thread_blocked, id=23620, stack(0x00000085e4500000,0x00000085e4600000)]
  0x000001b8f1316310 JavaThread "Execution worker Thread 2" [_thread_blocked, id=21936, stack(0x00000085e4600000,0x00000085e4700000)]
  0x000001b8f1317750 JavaThread "Execution worker Thread 3" [_thread_blocked, id=18248, stack(0x00000085e4700000,0x00000085e4800000)]
  0x000001b8f131af00 JavaThread "Cache worker for execution history cache (D:\pilotapp-main\node_modules\@react-native\gradle-plugin\.gradle\8.0.1\executionHistory)" [_thread_blocked, id=23008, stack(0x00000085e4800000,0x00000085e4900000)]
  0x000001b8f1318b90 JavaThread "Unconstrained build operations Thread 27" [_thread_blocked, id=23808, stack(0x00000085e4900000,0x00000085e4a00000)]
  0x000001b8f1319fd0 JavaThread "Unconstrained build operations Thread 28" [_thread_blocked, id=18436, stack(0x00000085e4a00000,0x00000085e4b00000)]
  0x000001b8f131a4e0 JavaThread "Unconstrained build operations Thread 29" [_thread_blocked, id=24504, stack(0x00000085e4b00000,0x00000085e4c00000)]
  0x000001b8f1315e00 JavaThread "Unconstrained build operations Thread 30" [_thread_blocked, id=22600, stack(0x00000085e4c00000,0x00000085e4d00000)]
  0x000001b8f13144b0 JavaThread "Unconstrained build operations Thread 31" [_thread_blocked, id=18916, stack(0x00000085e4d00000,0x00000085e4e00000)]
  0x000001b8f1313fa0 JavaThread "Unconstrained build operations Thread 32" [_thread_blocked, id=22492, stack(0x00000085e4e00000,0x00000085e4f00000)]
  0x000001b8f13149c0 JavaThread "Unconstrained build operations Thread 33" [_thread_blocked, id=23180, stack(0x00000085e4f00000,0x00000085e5000000)]
  0x000001b8f1316820 JavaThread "Unconstrained build operations Thread 34" [_thread_blocked, id=1328, stack(0x00000085e5000000,0x00000085e5100000)]
  0x000001b8f1316d30 JavaThread "Unconstrained build operations Thread 35" [_thread_blocked, id=24220, stack(0x00000085e5100000,0x00000085e5200000)]
  0x000001b8f1314ed0 JavaThread "Unconstrained build operations Thread 36" [_thread_blocked, id=13296, stack(0x00000085e5200000,0x00000085e5300000)]
  0x000001b8f13153e0 JavaThread "Unconstrained build operations Thread 37" [_thread_blocked, id=21760, stack(0x00000085e5300000,0x00000085e5400000)]
  0x000001b8f131b920 JavaThread "Unconstrained build operations Thread 38" [_thread_blocked, id=24328, stack(0x00000085e5400000,0x00000085e5500000)]
  0x000001b8f13158f0 JavaThread "Unconstrained build operations Thread 39" [_thread_blocked, id=6040, stack(0x00000085e5500000,0x00000085e5600000)]
  0x000001b8f1318170 JavaThread "Unconstrained build operations Thread 40" [_thread_blocked, id=21412, stack(0x00000085e5600000,0x00000085e5700000)]
  0x000001b8f2d43880 JavaThread "File lock release action executor Thread 6" [_thread_blocked, id=14584, stack(0x00000085e1900000,0x00000085e1a00000)]

Other Threads:
  0x000001b8eb9a5990 VMThread "VM Thread" [stack: 0x00000085dfc00000,0x00000085dfd00000] [id=19832]
  0x000001b8ebc1a560 WatcherThread [stack: 0x00000085e0800000,0x00000085e0900000] [id=20080]
  0x000001b8cc164840 GCTaskThread "GC Thread#0" [stack: 0x00000085df700000,0x00000085df800000] [id=19708]
  0x000001b8f0061540 GCTaskThread "GC Thread#1" [stack: 0x00000085e0900000,0x00000085e0a00000] [id=20576]
  0x000001b8f00ca580 GCTaskThread "GC Thread#2" [stack: 0x00000085e0a00000,0x00000085e0b00000] [id=20580]
  0x000001b8f0c4c3f0 GCTaskThread "GC Thread#3" [stack: 0x00000085e0b00000,0x00000085e0c00000] [id=21176]
  0x000001b8cc1756a0 ConcurrentGCThread "G1 Main Marker" [stack: 0x00000085df800000,0x00000085df900000] [id=19712]
  0x000001b8cc176fd0 ConcurrentGCThread "G1 Conc#0" [stack: 0x00000085df900000,0x00000085dfa00000] [id=19716]
  0x000001b8eb860090 ConcurrentGCThread "G1 Refine#0" [stack: 0x00000085dfa00000,0x00000085dfb00000] [id=19720]
  0x000001b8f0b75ed0 ConcurrentGCThread "G1 Refine#1" [stack: 0x00000085e2200000,0x00000085e2300000] [id=14348]
  0x000001b8eb8609d0 ConcurrentGCThread "G1 Service" [stack: 0x00000085dfb00000,0x00000085dfc00000] [id=19724]

Threads with active compile tasks:
C2 CompilerThread0  1365990 13184       4       org.gradle.internal.logging.sink.OutputEventTransformer::onOutput (399 bytes)

VM state: not at safepoint (normal execution)

VM Mutex/Monitor currently owned by a thread: None

Heap address: 0x0000000080000000, size: 2048 MB, Compressed Oops mode: 32-bit

CDS archive(s) mapped at: [0x000001b880000000-0x000001b880bd0000-0x000001b880bd0000), size 12386304, SharedBaseAddress: 0x000001b880000000, ArchiveRelocationMode: 1.
Compressed class space mapped at: 0x000001b881000000-0x000001b89b000000, reserved size: 436207616
Narrow klass base: 0x000001b880000000, Narrow klass shift: 0, Narrow klass range: 0x100000000

GC Precious Log:
 CPUs: 4 total, 4 available
 Memory: 8067M
 Large Page Support: Disabled
 NUMA Support: Disabled
 Compressed Oops: Enabled (32-bit)
 Heap Region Size: 1M
 Heap Min Capacity: 8M
 Heap Initial Capacity: 128M
 Heap Max Capacity: 2G
 Pre-touch: Disabled
 Parallel Workers: 4
 Concurrent Workers: 1
 Concurrent Refinement Workers: 4
 Periodic GC: Disabled

Heap:
 garbage-first heap   total 245760K, used 157784K [0x0000000080000000, 0x0000000100000000)
  region size 1024K, 6 young (6144K), 2 survivors (2048K)
 Metaspace       used 85830K, committed 86976K, reserved 557056K
  class space    used 11902K, committed 12416K, reserved 425984K

Heap Regions: E=young(eden), S=young(survivor), O=old, HS=humongous(starts), HC=humongous(continues), CS=collection set, F=free, OA=open archive, CA=closed archive, TAMS=top-at-mark-start (previous, next)
|   0|0x0000000080000000, 0x0000000080100000, 0x0000000080100000|100%| O|  |TAMS 0x0000000080100000, 0x0000000080000000| Untracked 
|   1|0x0000000080100000, 0x0000000080200000, 0x0000000080200000|100%| O|  |TAMS 0x0000000080200000, 0x0000000080100000| Untracked 
|   2|0x0000000080200000, 0x0000000080300000, 0x0000000080300000|100%|HS|  |TAMS 0x0000000080300000, 0x0000000080200000| Complete 
|   3|0x0000000080300000, 0x0000000080400000, 0x0000000080400000|100%|HC|  |TAMS 0x0000000080400000, 0x0000000080300000| Complete 
|   4|0x0000000080400000, 0x0000000080500000, 0x0000000080500000|100%|HC|  |TAMS 0x0000000080500000, 0x0000000080400000| Complete 
|   5|0x0000000080500000, 0x0000000080600000, 0x0000000080600000|100%|HC|  |TAMS 0x0000000080600000, 0x0000000080500000| Complete 
|   6|0x0000000080600000, 0x0000000080700000, 0x0000000080700000|100%| O|  |TAMS 0x0000000080700000, 0x0000000080600000| Untracked 
|   7|0x0000000080700000, 0x0000000080800000, 0x0000000080800000|100%| O|  |TAMS 0x0000000080800000, 0x0000000080700000| Untracked 
|   8|0x0000000080800000, 0x0000000080900000, 0x0000000080900000|100%| O|  |TAMS 0x0000000080900000, 0x0000000080800000| Untracked 
|   9|0x0000000080900000, 0x0000000080a00000, 0x0000000080a00000|100%| O|  |TAMS 0x0000000080a00000, 0x0000000080900000| Untracked 
|  10|0x0000000080a00000, 0x0000000080b00000, 0x0000000080b00000|100%| O|  |TAMS 0x0000000080b00000, 0x0000000080a00000| Untracked 
|  11|0x0000000080b00000, 0x0000000080c00000, 0x0000000080c00000|100%| O|  |TAMS 0x0000000080c00000, 0x0000000080b00000| Untracked 
|  12|0x0000000080c00000, 0x0000000080d00000, 0x0000000080d00000|100%| O|  |TAMS 0x0000000080d00000, 0x0000000080c00000| Untracked 
|  13|0x0000000080d00000, 0x0000000080e00000, 0x0000000080e00000|100%| O|  |TAMS 0x0000000080e00000, 0x0000000080d00000| Untracked 
|  14|0x0000000080e00000, 0x0000000080f00000, 0x0000000080f00000|100%| O|  |TAMS 0x0000000080f00000, 0x0000000080e00000| Untracked 
|  15|0x0000000080f00000, 0x0000000081000000, 0x0000000081000000|100%| O|  |TAMS 0x0000000081000000, 0x0000000080f00000| Untracked 
|  16|0x0000000081000000, 0x0000000081100000, 0x0000000081100000|100%| O|  |TAMS 0x0000000081100000, 0x0000000081000000| Untracked 
|  17|0x0000000081100000, 0x0000000081200000, 0x0000000081200000|100%| O|  |TAMS 0x0000000081200000, 0x0000000081100000| Untracked 
|  18|0x0000000081200000, 0x0000000081300000, 0x0000000081300000|100%| O|  |TAMS 0x0000000081300000, 0x0000000081200000| Untracked 
|  19|0x0000000081300000, 0x0000000081400000, 0x0000000081400000|100%| O|  |TAMS 0x0000000081400000, 0x0000000081300000| Untracked 
|  20|0x0000000081400000, 0x0000000081500000, 0x0000000081500000|100%| O|  |TAMS 0x0000000081500000, 0x0000000081400000| Untracked 
|  21|0x0000000081500000, 0x0000000081600000, 0x0000000081600000|100%| O|  |TAMS 0x0000000081600000, 0x0000000081500000| Untracked 
|  22|0x0000000081600000, 0x0000000081700000, 0x0000000081700000|100%| O|  |TAMS 0x0000000081700000, 0x0000000081600000| Untracked 
|  23|0x0000000081700000, 0x0000000081800000, 0x0000000081800000|100%| O|  |TAMS 0x0000000081800000, 0x0000000081700000| Untracked 
|  24|0x0000000081800000, 0x0000000081900000, 0x0000000081900000|100%| O|  |TAMS 0x0000000081900000, 0x0000000081800000| Untracked 
|  25|0x0000000081900000, 0x0000000081a00000, 0x0000000081a00000|100%| O|  |TAMS 0x0000000081a00000, 0x0000000081900000| Untracked 
|  26|0x0000000081a00000, 0x0000000081b00000, 0x0000000081b00000|100%| O|  |TAMS 0x0000000081b00000, 0x0000000081a00000| Untracked 
|  27|0x0000000081b00000, 0x0000000081c00000, 0x0000000081c00000|100%| O|  |TAMS 0x0000000081c00000, 0x0000000081b00000| Untracked 
|  28|0x0000000081c00000, 0x0000000081d00000, 0x0000000081d00000|100%| O|  |TAMS 0x0000000081d00000, 0x0000000081c00000| Untracked 
|  29|0x0000000081d00000, 0x0000000081e00000, 0x0000000081e00000|100%| O|  |TAMS 0x0000000081e00000, 0x0000000081d00000| Untracked 
|  30|0x0000000081e00000, 0x0000000081f00000, 0x0000000081f00000|100%|HS|  |TAMS 0x0000000081f00000, 0x0000000081e00000| Complete 
|  31|0x0000000081f00000, 0x0000000082000000, 0x0000000082000000|100%|HC|  |TAMS 0x0000000082000000, 0x0000000081f00000| Complete 
|  32|0x0000000082000000, 0x0000000082100000, 0x0000000082100000|100%| O|  |TAMS 0x0000000082100000, 0x0000000082000000| Untracked 
|  33|0x0000000082100000, 0x0000000082200000, 0x0000000082200000|100%| O|  |TAMS 0x0000000082200000, 0x0000000082100000| Untracked 
|  34|0x0000000082200000, 0x0000000082300000, 0x0000000082300000|100%| O|  |TAMS 0x0000000082300000, 0x0000000082200000| Untracked 
|  35|0x0000000082300000, 0x0000000082400000, 0x0000000082400000|100%| O|  |TAMS 0x0000000082400000, 0x0000000082300000| Untracked 
|  36|0x0000000082400000, 0x0000000082500000, 0x0000000082500000|100%| O|  |TAMS 0x0000000082500000, 0x0000000082400000| Untracked 
|  37|0x0000000082500000, 0x0000000082600000, 0x0000000082600000|100%|HS|  |TAMS 0x0000000082600000, 0x0000000082500000| Complete 
|  38|0x0000000082600000, 0x0000000082700000, 0x0000000082700000|100%|HC|  |TAMS 0x0000000082700000, 0x0000000082600000| Complete 
|  39|0x0000000082700000, 0x0000000082800000, 0x0000000082800000|100%|HC|  |TAMS 0x0000000082800000, 0x0000000082700000| Complete 
|  40|0x0000000082800000, 0x0000000082900000, 0x0000000082900000|100%|HC|  |TAMS 0x0000000082900000, 0x0000000082800000| Complete 
|  41|0x0000000082900000, 0x0000000082a00000, 0x0000000082a00000|100%| O|  |TAMS 0x0000000082a00000, 0x0000000082900000| Untracked 
|  42|0x0000000082a00000, 0x0000000082b00000, 0x0000000082b00000|100%| O|  |TAMS 0x0000000082b00000, 0x0000000082a00000| Untracked 
|  43|0x0000000082b00000, 0x0000000082c00000, 0x0000000082c00000|100%| O|  |TAMS 0x0000000082c00000, 0x0000000082b00000| Untracked 
|  44|0x0000000082c00000, 0x0000000082d00000, 0x0000000082d00000|100%| O|  |TAMS 0x0000000082d00000, 0x0000000082c00000| Untracked 
|  45|0x0000000082d00000, 0x0000000082e00000, 0x0000000082e00000|100%| O|  |TAMS 0x0000000082e00000, 0x0000000082d00000| Untracked 
|  46|0x0000000082e00000, 0x0000000082f00000, 0x0000000082f00000|100%| O|  |TAMS 0x0000000082f00000, 0x0000000082e00000| Untracked 
|  47|0x0000000082f00000, 0x0000000083000000, 0x0000000083000000|100%| O|  |TAMS 0x0000000083000000, 0x0000000082f00000| Untracked 
|  48|0x0000000083000000, 0x0000000083100000, 0x0000000083100000|100%| O|  |TAMS 0x0000000083100000, 0x0000000083000000| Untracked 
|  49|0x0000000083100000, 0x0000000083200000, 0x0000000083200000|100%| O|  |TAMS 0x0000000083200000, 0x0000000083100000| Untracked 
|  50|0x0000000083200000, 0x0000000083300000, 0x0000000083300000|100%| O|  |TAMS 0x0000000083300000, 0x0000000083200000| Untracked 
|  51|0x0000000083300000, 0x0000000083400000, 0x0000000083400000|100%| O|  |TAMS 0x0000000083400000, 0x0000000083300000| Untracked 
|  52|0x0000000083400000, 0x0000000083500000, 0x0000000083500000|100%| O|  |TAMS 0x0000000083500000, 0x0000000083400000| Untracked 
|  53|0x0000000083500000, 0x0000000083600000, 0x0000000083600000|100%| O|  |TAMS 0x0000000083600000, 0x0000000083500000| Untracked 
|  54|0x0000000083600000, 0x0000000083700000, 0x0000000083700000|100%| O|  |TAMS 0x0000000083700000, 0x0000000083600000| Untracked 
|  55|0x0000000083700000, 0x0000000083800000, 0x0000000083800000|100%| O|  |TAMS 0x0000000083800000, 0x0000000083700000| Untracked 
|  56|0x0000000083800000, 0x0000000083900000, 0x0000000083900000|100%| O|  |TAMS 0x0000000083900000, 0x0000000083800000| Untracked 
|  57|0x0000000083900000, 0x0000000083a00000, 0x0000000083a00000|100%|HS|  |TAMS 0x0000000083a00000, 0x0000000083900000| Complete 
|  58|0x0000000083a00000, 0x0000000083b00000, 0x0000000083b00000|100%|HS|  |TAMS 0x0000000083b00000, 0x0000000083a00000| Complete 
|  59|0x0000000083b00000, 0x0000000083c00000, 0x0000000083c00000|100%| O|  |TAMS 0x0000000083c00000, 0x0000000083b00000| Untracked 
|  60|0x0000000083c00000, 0x0000000083d00000, 0x0000000083d00000|100%| O|  |TAMS 0x0000000083d00000, 0x0000000083c00000| Untracked 
|  61|0x0000000083d00000, 0x0000000083e00000, 0x0000000083e00000|100%| O|  |TAMS 0x0000000083e00000, 0x0000000083d00000| Untracked 
|  62|0x0000000083e00000, 0x0000000083f00000, 0x0000000083f00000|100%| O|  |TAMS 0x0000000083f00000, 0x0000000083e00000| Untracked 
|  63|0x0000000083f00000, 0x0000000084000000, 0x0000000084000000|100%| O|  |TAMS 0x0000000084000000, 0x0000000083f00000| Untracked 
|  64|0x0000000084000000, 0x0000000084100000, 0x0000000084100000|100%| O|  |TAMS 0x0000000084100000, 0x0000000084000000| Untracked 
|  65|0x0000000084100000, 0x0000000084200000, 0x0000000084200000|100%| O|  |TAMS 0x0000000084200000, 0x0000000084100000| Untracked 
|  66|0x0000000084200000, 0x0000000084300000, 0x0000000084300000|100%| O|  |TAMS 0x0000000084300000, 0x0000000084200000| Untracked 
|  67|0x0000000084300000, 0x0000000084400000, 0x0000000084400000|100%| O|  |TAMS 0x0000000084400000, 0x0000000084300000| Untracked 
|  68|0x0000000084400000, 0x0000000084500000, 0x0000000084500000|100%| O|  |TAMS 0x0000000084500000, 0x0000000084400000| Untracked 
|  69|0x0000000084500000, 0x0000000084600000, 0x0000000084600000|100%| O|  |TAMS 0x0000000084600000, 0x0000000084500000| Untracked 
|  70|0x0000000084600000, 0x0000000084700000, 0x0000000084700000|100%| O|  |TAMS 0x0000000084700000, 0x0000000084600000| Untracked 
|  71|0x0000000084700000, 0x0000000084800000, 0x0000000084800000|100%| O|  |TAMS 0x0000000084800000, 0x0000000084700000| Untracked 
|  72|0x0000000084800000, 0x0000000084900000, 0x0000000084900000|100%| O|  |TAMS 0x0000000084900000, 0x0000000084800000| Untracked 
|  73|0x0000000084900000, 0x0000000084a00000, 0x0000000084a00000|100%| O|  |TAMS 0x0000000084a00000, 0x0000000084900000| Untracked 
|  74|0x0000000084a00000, 0x0000000084b00000, 0x0000000084b00000|100%| O|  |TAMS 0x0000000084b00000, 0x0000000084a00000| Untracked 
|  75|0x0000000084b00000, 0x0000000084c00000, 0x0000000084c00000|100%| O|  |TAMS 0x0000000084c00000, 0x0000000084b00000| Untracked 
|  76|0x0000000084c00000, 0x0000000084d00000, 0x0000000084d00000|100%| O|  |TAMS 0x0000000084d00000, 0x0000000084c00000| Untracked 
|  77|0x0000000084d00000, 0x0000000084e00000, 0x0000000084e00000|100%| O|  |TAMS 0x0000000084e00000, 0x0000000084d00000| Untracked 
|  78|0x0000000084e00000, 0x0000000084f00000, 0x0000000084f00000|100%| O|  |TAMS 0x0000000084f00000, 0x0000000084e00000| Untracked 
|  79|0x0000000084f00000, 0x0000000085000000, 0x0000000085000000|100%| O|  |TAMS 0x0000000085000000, 0x0000000084f00000| Untracked 
|  80|0x0000000085000000, 0x0000000085100000, 0x0000000085100000|100%| O|  |TAMS 0x0000000085100000, 0x0000000085000000| Untracked 
|  81|0x0000000085100000, 0x0000000085200000, 0x0000000085200000|100%| O|  |TAMS 0x0000000085200000, 0x0000000085100000| Untracked 
|  82|0x0000000085200000, 0x0000000085300000, 0x0000000085300000|100%| O|  |TAMS 0x0000000085300000, 0x0000000085200000| Untracked 
|  83|0x0000000085300000, 0x0000000085400000, 0x0000000085400000|100%|HS|  |TAMS 0x0000000085400000, 0x0000000085300000| Complete 
|  84|0x0000000085400000, 0x0000000085500000, 0x0000000085500000|100%|HC|  |TAMS 0x0000000085500000, 0x0000000085400000| Complete 
|  85|0x0000000085500000, 0x0000000085600000, 0x0000000085600000|100%|HS|  |TAMS 0x0000000085600000, 0x0000000085500000| Complete 
|  86|0x0000000085600000, 0x0000000085700000, 0x0000000085700000|100%|HC|  |TAMS 0x0000000085700000, 0x0000000085600000| Complete 
|  87|0x0000000085700000, 0x0000000085800000, 0x0000000085800000|100%|HC|  |TAMS 0x0000000085800000, 0x0000000085700000| Complete 
|  88|0x0000000085800000, 0x0000000085900000, 0x0000000085900000|100%|HC|  |TAMS 0x0000000085900000, 0x0000000085800000| Complete 
|  89|0x0000000085900000, 0x0000000085a00000, 0x0000000085a00000|100%| O|  |TAMS 0x0000000085a00000, 0x0000000085900000| Untracked 
|  90|0x0000000085a00000, 0x0000000085b00000, 0x0000000085b00000|100%| O|  |TAMS 0x0000000085b00000, 0x0000000085a00000| Untracked 
|  91|0x0000000085b00000, 0x0000000085c00000, 0x0000000085c00000|100%| O|  |TAMS 0x0000000085c00000, 0x0000000085b00000| Untracked 
|  92|0x0000000085c00000, 0x0000000085d00000, 0x0000000085d00000|100%| O|  |TAMS 0x0000000085d00000, 0x0000000085c00000| Untracked 
|  93|0x0000000085d00000, 0x0000000085e00000, 0x0000000085e00000|100%| O|  |TAMS 0x0000000085e00000, 0x0000000085d00000| Untracked 
|  94|0x0000000085e00000, 0x0000000085f00000, 0x0000000085f00000|100%| O|  |TAMS 0x0000000085f00000, 0x0000000085e00000| Untracked 
|  95|0x0000000085f00000, 0x0000000086000000, 0x0000000086000000|100%| O|  |TAMS 0x0000000086000000, 0x0000000085f00000| Untracked 
|  96|0x0000000086000000, 0x0000000086100000, 0x0000000086100000|100%| O|  |TAMS 0x0000000086100000, 0x0000000086000000| Untracked 
|  97|0x0000000086100000, 0x0000000086200000, 0x0000000086200000|100%|HS|  |TAMS 0x0000000086200000, 0x0000000086100000| Complete 
|  98|0x0000000086200000, 0x0000000086300000, 0x0000000086300000|100%| O|  |TAMS 0x0000000086300000, 0x0000000086200000| Untracked 
|  99|0x0000000086300000, 0x0000000086400000, 0x0000000086400000|100%| O|  |TAMS 0x0000000086400000, 0x0000000086300000| Untracked 
| 100|0x0000000086400000, 0x0000000086500000, 0x0000000086500000|100%| O|  |TAMS 0x0000000086500000, 0x0000000086400000| Untracked 
| 101|0x0000000086500000, 0x0000000086600000, 0x0000000086600000|100%| O|  |TAMS 0x0000000086600000, 0x0000000086500000| Untracked 
| 102|0x0000000086600000, 0x0000000086700000, 0x0000000086700000|100%| O|  |TAMS 0x0000000086700000, 0x0000000086600000| Untracked 
| 103|0x0000000086700000, 0x0000000086800000, 0x0000000086800000|100%| O|  |TAMS 0x0000000086800000, 0x0000000086700000| Untracked 
| 104|0x0000000086800000, 0x0000000086900000, 0x0000000086900000|100%| O|  |TAMS 0x0000000086900000, 0x0000000086800000| Untracked 
| 105|0x0000000086900000, 0x0000000086a00000, 0x0000000086a00000|100%| O|  |TAMS 0x0000000086a00000, 0x0000000086900000| Untracked 
| 106|0x0000000086a00000, 0x0000000086b00000, 0x0000000086b00000|100%|HS|  |TAMS 0x0000000086a00000, 0x0000000086a00000| Complete 
| 107|0x0000000086b00000, 0x0000000086c00000, 0x0000000086c00000|100%|HC|  |TAMS 0x0000000086b00000, 0x0000000086b00000| Complete 
| 108|0x0000000086c00000, 0x0000000086d00000, 0x0000000086d00000|100%|HS|  |TAMS 0x0000000086d00000, 0x0000000086c00000| Complete 
| 109|0x0000000086d00000, 0x0000000086e00000, 0x0000000086e00000|100%|HS|  |TAMS 0x0000000086e00000, 0x0000000086d00000| Complete 
| 110|0x0000000086e00000, 0x0000000086f00000, 0x0000000086f00000|100%|HS|  |TAMS 0x0000000086f00000, 0x0000000086e00000| Complete 
| 111|0x0000000086f00000, 0x0000000087000000, 0x0000000087000000|100%|HC|  |TAMS 0x0000000087000000, 0x0000000086f00000| Complete 
| 112|0x0000000087000000, 0x0000000087100000, 0x0000000087100000|100%|HC|  |TAMS 0x0000000087100000, 0x0000000087000000| Complete 
| 113|0x0000000087100000, 0x0000000087200000, 0x0000000087200000|100%|HS|  |TAMS 0x0000000087200000, 0x0000000087100000| Complete 
| 114|0x0000000087200000, 0x0000000087300000, 0x0000000087300000|100%|HC|  |TAMS 0x0000000087300000, 0x0000000087200000| Complete 
| 115|0x0000000087300000, 0x0000000087400000, 0x0000000087400000|100%| O|  |TAMS 0x0000000087400000, 0x0000000087300000| Untracked 
| 116|0x0000000087400000, 0x0000000087500000, 0x0000000087500000|100%| O|  |TAMS 0x0000000087500000, 0x0000000087400000| Untracked 
| 117|0x0000000087500000, 0x0000000087600000, 0x0000000087600000|100%| O|  |TAMS 0x0000000087600000, 0x0000000087500000| Untracked 
| 118|0x0000000087600000, 0x0000000087600000, 0x0000000087700000|  0%| F|  |TAMS 0x0000000087600000, 0x0000000087600000| Untracked 
| 119|0x0000000087700000, 0x0000000087800000, 0x0000000087800000|100%| O|  |TAMS 0x0000000087800000, 0x0000000087700000| Untracked 
| 120|0x0000000087800000, 0x0000000087900000, 0x0000000087900000|100%| O|  |TAMS 0x0000000087900000, 0x0000000087800000| Untracked 
| 121|0x0000000087900000, 0x0000000087a00000, 0x0000000087a00000|100%| O|  |TAMS 0x0000000087a00000, 0x0000000087900000| Untracked 
| 122|0x0000000087a00000, 0x0000000087b00000, 0x0000000087b00000|100%| O|  |TAMS 0x0000000087b00000, 0x0000000087a00000| Untracked 
| 123|0x0000000087b00000, 0x0000000087c00000, 0x0000000087c00000|100%| O|  |TAMS 0x0000000087c00000, 0x0000000087b00000| Untracked 
| 124|0x0000000087c00000, 0x0000000087c00000, 0x0000000087d00000|  0%| F|  |TAMS 0x0000000087c00000, 0x0000000087c00000| Untracked 
| 125|0x0000000087d00000, 0x0000000087e00000, 0x0000000087e00000|100%| O|  |TAMS 0x0000000087e00000, 0x0000000087d00000| Untracked 
| 126|0x0000000087e00000, 0x0000000087f00000, 0x0000000087f00000|100%| O|  |TAMS 0x0000000087f00000, 0x0000000087e00000| Untracked 
| 127|0x0000000087f00000, 0x0000000088000000, 0x0000000088000000|100%|HS|  |TAMS 0x0000000088000000, 0x0000000087f00000| Complete 
| 128|0x0000000088000000, 0x0000000088100000, 0x0000000088100000|100%|HC|  |TAMS 0x0000000088100000, 0x0000000088000000| Complete 
| 129|0x0000000088100000, 0x0000000088200000, 0x0000000088200000|100%|HC|  |TAMS 0x0000000088200000, 0x0000000088100000| Complete 
| 130|0x0000000088200000, 0x0000000088300000, 0x0000000088300000|100%|HS|  |TAMS 0x0000000088300000, 0x0000000088200000| Complete 
| 131|0x0000000088300000, 0x0000000088400000, 0x0000000088400000|100%|HC|  |TAMS 0x0000000088400000, 0x0000000088300000| Complete 
| 132|0x0000000088400000, 0x0000000088500000, 0x0000000088500000|100%| O|  |TAMS 0x0000000088500000, 0x0000000088400000| Untracked 
| 133|0x0000000088500000, 0x0000000088600000, 0x0000000088600000|100%| O|  |TAMS 0x0000000088600000, 0x0000000088500000| Untracked 
| 134|0x0000000088600000, 0x0000000088700000, 0x0000000088700000|100%| O|  |TAMS 0x0000000088700000, 0x0000000088600000| Untracked 
| 135|0x0000000088700000, 0x0000000088800000, 0x0000000088800000|100%| O|  |TAMS 0x0000000088800000, 0x0000000088700000| Untracked 
| 136|0x0000000088800000, 0x0000000088900000, 0x0000000088900000|100%| O|  |TAMS 0x0000000088900000, 0x0000000088800000| Untracked 
| 137|0x0000000088900000, 0x0000000088a00000, 0x0000000088a00000|100%| O|  |TAMS 0x0000000088a00000, 0x0000000088900000| Untracked 
| 138|0x0000000088a00000, 0x0000000088b00000, 0x0000000088b00000|100%| O|  |TAMS 0x0000000088b00000, 0x0000000088a00000| Untracked 
| 139|0x0000000088b00000, 0x0000000088c00000, 0x0000000088c00000|100%| O|  |TAMS 0x0000000088c00000, 0x0000000088b00000| Untracked 
| 140|0x0000000088c00000, 0x0000000088d00000, 0x0000000088d00000|100%| O|  |TAMS 0x0000000088ca1400, 0x0000000088c00000| Untracked 
| 141|0x0000000088d00000, 0x0000000088e00000, 0x0000000088e00000|100%|HS|  |TAMS 0x0000000088d00000, 0x0000000088d00000| Complete 
| 142|0x0000000088e00000, 0x0000000088f00000, 0x0000000088f00000|100%|HS|  |TAMS 0x0000000088e00000, 0x0000000088e00000| Complete 
| 143|0x0000000088f00000, 0x0000000088f00000, 0x0000000089000000|  0%| F|  |TAMS 0x0000000088f00000, 0x0000000088f00000| Untracked 
| 144|0x0000000089000000, 0x0000000089100000, 0x0000000089100000|100%| O|  |TAMS 0x0000000089000000, 0x0000000089000000| Untracked 
| 145|0x0000000089100000, 0x0000000089200000, 0x0000000089200000|100%| O|  |TAMS 0x0000000089100000, 0x0000000089100000| Untracked 
| 146|0x0000000089200000, 0x0000000089300000, 0x0000000089300000|100%| O|  |TAMS 0x0000000089200000, 0x0000000089200000| Untracked 
| 147|0x0000000089300000, 0x0000000089400000, 0x0000000089400000|100%| O|  |TAMS 0x0000000089300000, 0x0000000089300000| Untracked 
| 148|0x0000000089400000, 0x0000000089500000, 0x0000000089500000|100%| O|  |TAMS 0x0000000089400000, 0x0000000089400000| Untracked 
| 149|0x0000000089500000, 0x0000000089600000, 0x0000000089600000|100%| O|  |TAMS 0x0000000089500000, 0x0000000089500000| Untracked 
| 150|0x0000000089600000, 0x0000000089700000, 0x0000000089700000|100%| O|  |TAMS 0x0000000089600000, 0x0000000089600000| Untracked 
| 151|0x0000000089700000, 0x0000000089800000, 0x0000000089800000|100%| O|  |TAMS 0x0000000089700000, 0x0000000089700000| Untracked 
| 152|0x0000000089800000, 0x0000000089816200, 0x0000000089900000|  8%| O|  |TAMS 0x0000000089800000, 0x0000000089800000| Untracked 
| 153|0x0000000089900000, 0x0000000089900000, 0x0000000089a00000|  0%| F|  |TAMS 0x0000000089900000, 0x0000000089900000| Untracked 
| 154|0x0000000089a00000, 0x0000000089a00000, 0x0000000089b00000|  0%| F|  |TAMS 0x0000000089a00000, 0x0000000089a00000| Untracked 
| 155|0x0000000089b00000, 0x0000000089b00000, 0x0000000089c00000|  0%| F|  |TAMS 0x0000000089b00000, 0x0000000089b00000| Untracked 
| 156|0x0000000089c00000, 0x0000000089c00000, 0x0000000089d00000|  0%| F|  |TAMS 0x0000000089c00000, 0x0000000089c00000| Untracked 
| 157|0x0000000089d00000, 0x0000000089d00000, 0x0000000089e00000|  0%| F|  |TAMS 0x0000000089d00000, 0x0000000089d00000| Untracked 
| 158|0x0000000089e00000, 0x0000000089e00000, 0x0000000089f00000|  0%| F|  |TAMS 0x0000000089e00000, 0x0000000089e00000| Untracked 
| 159|0x0000000089f00000, 0x0000000089f00000, 0x000000008a000000|  0%| F|  |TAMS 0x0000000089f00000, 0x0000000089f00000| Untracked 
| 160|0x000000008a000000, 0x000000008a000000, 0x000000008a100000|  0%| F|  |TAMS 0x000000008a000000, 0x000000008a000000| Untracked 
| 161|0x000000008a100000, 0x000000008a100000, 0x000000008a200000|  0%| F|  |TAMS 0x000000008a100000, 0x000000008a100000| Untracked 
| 162|0x000000008a200000, 0x000000008a200000, 0x000000008a300000|  0%| F|  |TAMS 0x000000008a200000, 0x000000008a200000| Untracked 
| 163|0x000000008a300000, 0x000000008a300000, 0x000000008a400000|  0%| F|  |TAMS 0x000000008a300000, 0x000000008a300000| Untracked 
| 164|0x000000008a400000, 0x000000008a400000, 0x000000008a500000|  0%| F|  |TAMS 0x000000008a400000, 0x000000008a400000| Untracked 
| 165|0x000000008a500000, 0x000000008a500000, 0x000000008a600000|  0%| F|  |TAMS 0x000000008a500000, 0x000000008a500000| Untracked 
| 166|0x000000008a600000, 0x000000008a600000, 0x000000008a700000|  0%| F|  |TAMS 0x000000008a600000, 0x000000008a600000| Untracked 
| 167|0x000000008a700000, 0x000000008a700000, 0x000000008a800000|  0%| F|  |TAMS 0x000000008a700000, 0x000000008a700000| Untracked 
| 168|0x000000008a800000, 0x000000008a800000, 0x000000008a900000|  0%| F|  |TAMS 0x000000008a800000, 0x000000008a800000| Untracked 
| 169|0x000000008a900000, 0x000000008a900000, 0x000000008aa00000|  0%| F|  |TAMS 0x000000008a900000, 0x000000008a900000| Untracked 
| 170|0x000000008aa00000, 0x000000008aa00000, 0x000000008ab00000|  0%| F|  |TAMS 0x000000008aa00000, 0x000000008aa00000| Untracked 
| 171|0x000000008ab00000, 0x000000008ab00000, 0x000000008ac00000|  0%| F|  |TAMS 0x000000008ab00000, 0x000000008ab00000| Untracked 
| 172|0x000000008ac00000, 0x000000008ac00000, 0x000000008ad00000|  0%| F|  |TAMS 0x000000008ac00000, 0x000000008ac00000| Untracked 
| 173|0x000000008ad00000, 0x000000008ad00000, 0x000000008ae00000|  0%| F|  |TAMS 0x000000008ad00000, 0x000000008ad00000| Untracked 
| 174|0x000000008ae00000, 0x000000008ae00000, 0x000000008af00000|  0%| F|  |TAMS 0x000000008ae00000, 0x000000008ae00000| Untracked 
| 175|0x000000008af00000, 0x000000008af00000, 0x000000008b000000|  0%| F|  |TAMS 0x000000008af00000, 0x000000008af00000| Untracked 
| 176|0x000000008b000000, 0x000000008b000000, 0x000000008b100000|  0%| F|  |TAMS 0x000000008b000000, 0x000000008b000000| Untracked 
| 177|0x000000008b100000, 0x000000008b100000, 0x000000008b200000|  0%| F|  |TAMS 0x000000008b100000, 0x000000008b100000| Untracked 
| 178|0x000000008b200000, 0x000000008b200000, 0x000000008b300000|  0%| F|  |TAMS 0x000000008b200000, 0x000000008b200000| Untracked 
| 179|0x000000008b300000, 0x000000008b300000, 0x000000008b400000|  0%| F|  |TAMS 0x000000008b300000, 0x000000008b300000| Untracked 
| 180|0x000000008b400000, 0x000000008b400000, 0x000000008b500000|  0%| F|  |TAMS 0x000000008b400000, 0x000000008b400000| Untracked 
| 181|0x000000008b500000, 0x000000008b500000, 0x000000008b600000|  0%| F|  |TAMS 0x000000008b500000, 0x000000008b500000| Untracked 
| 182|0x000000008b600000, 0x000000008b600000, 0x000000008b700000|  0%| F|  |TAMS 0x000000008b600000, 0x000000008b600000| Untracked 
| 183|0x000000008b700000, 0x000000008b700000, 0x000000008b800000|  0%| F|  |TAMS 0x000000008b700000, 0x000000008b700000| Untracked 
| 184|0x000000008b800000, 0x000000008b800000, 0x000000008b900000|  0%| F|  |TAMS 0x000000008b800000, 0x000000008b800000| Untracked 
| 185|0x000000008b900000, 0x000000008b900000, 0x000000008ba00000|  0%| F|  |TAMS 0x000000008b900000, 0x000000008b900000| Untracked 
| 186|0x000000008ba00000, 0x000000008ba00000, 0x000000008bb00000|  0%| F|  |TAMS 0x000000008ba00000, 0x000000008ba00000| Untracked 
| 187|0x000000008bb00000, 0x000000008bb00000, 0x000000008bc00000|  0%| F|  |TAMS 0x000000008bb00000, 0x000000008bb00000| Untracked 
| 188|0x000000008bc00000, 0x000000008bc00000, 0x000000008bd00000|  0%| F|  |TAMS 0x000000008bc00000, 0x000000008bc00000| Untracked 
| 189|0x000000008bd00000, 0x000000008bd00000, 0x000000008be00000|  0%| F|  |TAMS 0x000000008bd00000, 0x000000008bd00000| Untracked 
| 190|0x000000008be00000, 0x000000008be00000, 0x000000008bf00000|  0%| F|  |TAMS 0x000000008be00000, 0x000000008be00000| Untracked 
| 191|0x000000008bf00000, 0x000000008bf00000, 0x000000008c000000|  0%| F|  |TAMS 0x000000008bf00000, 0x000000008bf00000| Untracked 
| 192|0x000000008c000000, 0x000000008c000000, 0x000000008c100000|  0%| F|  |TAMS 0x000000008c000000, 0x000000008c000000| Untracked 
| 193|0x000000008c100000, 0x000000008c100000, 0x000000008c200000|  0%| F|  |TAMS 0x000000008c100000, 0x000000008c100000| Untracked 
| 194|0x000000008c200000, 0x000000008c200000, 0x000000008c300000|  0%| F|  |TAMS 0x000000008c200000, 0x000000008c200000| Untracked 
| 195|0x000000008c300000, 0x000000008c300000, 0x000000008c400000|  0%| F|  |TAMS 0x000000008c300000, 0x000000008c300000| Untracked 
| 196|0x000000008c400000, 0x000000008c400000, 0x000000008c500000|  0%| F|  |TAMS 0x000000008c400000, 0x000000008c400000| Untracked 
| 197|0x000000008c500000, 0x000000008c500000, 0x000000008c600000|  0%| F|  |TAMS 0x000000008c500000, 0x000000008c500000| Untracked 
| 198|0x000000008c600000, 0x000000008c600000, 0x000000008c700000|  0%| F|  |TAMS 0x000000008c600000, 0x000000008c600000| Untracked 
| 199|0x000000008c700000, 0x000000008c700000, 0x000000008c800000|  0%| F|  |TAMS 0x000000008c700000, 0x000000008c700000| Untracked 
| 200|0x000000008c800000, 0x000000008c800000, 0x000000008c900000|  0%| F|  |TAMS 0x000000008c800000, 0x000000008c800000| Untracked 
| 201|0x000000008c900000, 0x000000008c900000, 0x000000008ca00000|  0%| F|  |TAMS 0x000000008c900000, 0x000000008c900000| Untracked 
| 202|0x000000008ca00000, 0x000000008ca00000, 0x000000008cb00000|  0%| F|  |TAMS 0x000000008ca00000, 0x000000008ca00000| Untracked 
| 203|0x000000008cb00000, 0x000000008cb00000, 0x000000008cc00000|  0%| F|  |TAMS 0x000000008cb00000, 0x000000008cb00000| Untracked 
| 204|0x000000008cc00000, 0x000000008cc00000, 0x000000008cd00000|  0%| F|  |TAMS 0x000000008cc00000, 0x000000008cc00000| Untracked 
| 205|0x000000008cd00000, 0x000000008cd00000, 0x000000008ce00000|  0%| F|  |TAMS 0x000000008cd00000, 0x000000008cd00000| Untracked 
| 206|0x000000008ce00000, 0x000000008ce00000, 0x000000008cf00000|  0%| F|  |TAMS 0x000000008ce00000, 0x000000008ce00000| Untracked 
| 207|0x000000008cf00000, 0x000000008cf00000, 0x000000008d000000|  0%| F|  |TAMS 0x000000008cf00000, 0x000000008cf00000| Untracked 
| 208|0x000000008d000000, 0x000000008d000000, 0x000000008d100000|  0%| F|  |TAMS 0x000000008d000000, 0x000000008d000000| Untracked 
| 209|0x000000008d100000, 0x000000008d100000, 0x000000008d200000|  0%| F|  |TAMS 0x000000008d100000, 0x000000008d100000| Untracked 
| 210|0x000000008d200000, 0x000000008d200000, 0x000000008d300000|  0%| F|  |TAMS 0x000000008d200000, 0x000000008d200000| Untracked 
| 211|0x000000008d300000, 0x000000008d300000, 0x000000008d400000|  0%| F|  |TAMS 0x000000008d300000, 0x000000008d300000| Untracked 
| 212|0x000000008d400000, 0x000000008d400000, 0x000000008d500000|  0%| F|  |TAMS 0x000000008d400000, 0x000000008d400000| Untracked 
| 213|0x000000008d500000, 0x000000008d500000, 0x000000008d600000|  0%| F|  |TAMS 0x000000008d500000, 0x000000008d500000| Untracked 
| 214|0x000000008d600000, 0x000000008d600000, 0x000000008d700000|  0%| F|  |TAMS 0x000000008d600000, 0x000000008d600000| Untracked 
| 215|0x000000008d700000, 0x000000008d700000, 0x000000008d800000|  0%| F|  |TAMS 0x000000008d700000, 0x000000008d700000| Untracked 
| 216|0x000000008d800000, 0x000000008d800000, 0x000000008d900000|  0%| F|  |TAMS 0x000000008d800000, 0x000000008d800000| Untracked 
| 217|0x000000008d900000, 0x000000008d900000, 0x000000008da00000|  0%| F|  |TAMS 0x000000008d900000, 0x000000008d900000| Untracked 
| 218|0x000000008da00000, 0x000000008da00000, 0x000000008db00000|  0%| F|  |TAMS 0x000000008da00000, 0x000000008da00000| Untracked 
| 219|0x000000008db00000, 0x000000008db00000, 0x000000008dc00000|  0%| F|  |TAMS 0x000000008db00000, 0x000000008db00000| Untracked 
| 220|0x000000008dc00000, 0x000000008dc00000, 0x000000008dd00000|  0%| F|  |TAMS 0x000000008dc00000, 0x000000008dc00000| Untracked 
| 221|0x000000008dd00000, 0x000000008dd00000, 0x000000008de00000|  0%| F|  |TAMS 0x000000008dd00000, 0x000000008dd00000| Untracked 
| 222|0x000000008de00000, 0x000000008de00000, 0x000000008df00000|  0%| F|  |TAMS 0x000000008de00000, 0x000000008de00000| Untracked 
| 223|0x000000008df00000, 0x000000008df00000, 0x000000008e000000|  0%| F|  |TAMS 0x000000008df00000, 0x000000008df00000| Untracked 
| 224|0x000000008e000000, 0x000000008e000000, 0x000000008e100000|  0%| F|  |TAMS 0x000000008e000000, 0x000000008e000000| Untracked 
| 225|0x000000008e100000, 0x000000008e100000, 0x000000008e200000|  0%| F|  |TAMS 0x000000008e100000, 0x000000008e100000| Untracked 
| 226|0x000000008e200000, 0x000000008e200000, 0x000000008e300000|  0%| F|  |TAMS 0x000000008e200000, 0x000000008e200000| Untracked 
| 227|0x000000008e300000, 0x000000008e300000, 0x000000008e400000|  0%| F|  |TAMS 0x000000008e300000, 0x000000008e300000| Untracked 
| 228|0x000000008e400000, 0x000000008e400000, 0x000000008e500000|  0%| F|  |TAMS 0x000000008e400000, 0x000000008e400000| Untracked 
| 229|0x000000008e500000, 0x000000008e500000, 0x000000008e600000|  0%| F|  |TAMS 0x000000008e500000, 0x000000008e500000| Untracked 
| 230|0x000000008e600000, 0x000000008e600000, 0x000000008e700000|  0%| F|  |TAMS 0x000000008e600000, 0x000000008e600000| Untracked 
| 231|0x000000008e700000, 0x000000008e800000, 0x000000008e800000|100%| S|CS|TAMS 0x000000008e700000, 0x000000008e700000| Complete 
| 232|0x000000008e800000, 0x000000008e900000, 0x000000008e900000|100%| S|CS|TAMS 0x000000008e800000, 0x000000008e800000| Complete 
| 233|0x000000008e900000, 0x000000008e900000, 0x000000008ea00000|  0%| F|  |TAMS 0x000000008e900000, 0x000000008e900000| Untracked 
| 234|0x000000008ea00000, 0x000000008ea00000, 0x000000008eb00000|  0%| F|  |TAMS 0x000000008ea00000, 0x000000008ea00000| Untracked 
| 235|0x000000008eb00000, 0x000000008eb00000, 0x000000008ec00000|  0%| F|  |TAMS 0x000000008eb00000, 0x000000008eb00000| Untracked 
| 236|0x000000008ec00000, 0x000000008ec06930, 0x000000008ed00000|  2%| E|  |TAMS 0x000000008ec00000, 0x000000008ec00000| Complete 
| 237|0x000000008ed00000, 0x000000008ee00000, 0x000000008ee00000|100%| E|CS|TAMS 0x000000008ed00000, 0x000000008ed00000| Complete 
| 238|0x000000008ee00000, 0x000000008ef00000, 0x000000008ef00000|100%| E|CS|TAMS 0x000000008ee00000, 0x000000008ee00000| Complete 
| 239|0x000000008ef00000, 0x000000008f000000, 0x000000008f000000|100%| E|CS|TAMS 0x000000008ef00000, 0x000000008ef00000| Complete 

Card table byte_map: [0x000001b8e4bc0000,0x000001b8e4fc0000] _byte_map_base: 0x000001b8e47c0000

Marking Bits (Prev, Next): (CMBitMap*) 0x000001b8cc164db0, (CMBitMap*) 0x000001b8cc164d70
 Prev Bits: [0x000001b8e73c0000, 0x000001b8e93c0000)
 Next Bits: [0x000001b8e53c0000, 0x000001b8e73c0000)

Polling page: 0x000001b8d5170000

Metaspace:

Usage:
  Non-class:     72.20 MB used.
      Class:     11.62 MB used.
       Both:     83.82 MB used.

Virtual space:
  Non-class space:      128.00 MB reserved,      72.81 MB ( 57%) committed,  2 nodes.
      Class space:      416.00 MB reserved,      12.12 MB (  3%) committed,  1 nodes.
             Both:      544.00 MB reserved,      84.94 MB ( 16%) committed. 

Chunk freelists:
   Non-Class:  6.66 MB
       Class:  3.91 MB
        Both:  10.57 MB

MaxMetaspaceSize: 512.00 MB
CompressedClassSpaceSize: 416.00 MB
Initial GC threshold: 21.00 MB
Current GC threshold: 140.88 MB
CDS: on
MetaspaceReclaimPolicy: balanced
 - commit_granule_bytes: 65536.
 - commit_granule_words: 8192.
 - virtual_space_node_default_size: 8388608.
 - enlarge_chunks_in_place: 1.
 - new_chunks_are_fully_committed: 0.
 - uncommit_free_chunks: 1.
 - use_allocation_guard: 0.
 - handle_deallocations: 1.


Internal statistics:

num_allocs_failed_limit: 6.
num_arena_births: 1198.
num_arena_deaths: 0.
num_vsnodes_births: 3.
num_vsnodes_deaths: 0.
num_space_committed: 1359.
num_space_uncommitted: 0.
num_chunks_returned_to_freelist: 6.
num_chunks_taken_from_freelist: 4939.
num_chunk_merges: 6.
num_chunk_splits: 3227.
num_chunks_enlarged: 2049.
num_inconsistent_stats: 0.

CodeHeap 'non-profiled nmethods': size=120000Kb used=7472Kb max_used=7472Kb free=112527Kb
 bounds [0x000001b8dcc60000, 0x000001b8dd3b0000, 0x000001b8e4190000]
CodeHeap 'profiled nmethods': size=120000Kb used=21724Kb max_used=22064Kb free=98275Kb
 bounds [0x000001b8d5190000, 0x000001b8d6720000, 0x000001b8dc6c0000]
CodeHeap 'non-nmethods': size=5760Kb used=2395Kb max_used=2489Kb free=3364Kb
 bounds [0x000001b8dc6c0000, 0x000001b8dc940000, 0x000001b8dcc60000]
 total_blobs=12026 nmethods=11093 adapters=845
 compilation: enabled
              stopped_count=0, restarted_count=0
 full_count=0

Compilation events (20 events):
Event: 1363.307 Thread 0x000001b8eb9fa600 13177       3       org.gradle.internal.logging.text.AbstractLineChoppingStyledTextOutput$StateContext::flushLineText (113 bytes)
Event: 1363.309 Thread 0x000001b8eb9fa600 nmethod 13177 0x000001b8d5912210 code [0x000001b8d59124a0, 0x000001b8d5912e38]
Event: 1363.309 Thread 0x000001b8eb9fa600 13175       1       org.gradle.internal.serialize.Serializers$StatefulSerializerAdapter::access$000 (5 bytes)
Event: 1363.310 Thread 0x000001b8eb9fa600 nmethod 13175 0x000001b8dd3a5910 code [0x000001b8dd3a5aa0, 0x000001b8dd3a5b58]
Event: 1363.310 Thread 0x000001b8eb9fa600 13176       1       org.gradle.launcher.daemon.protocol.OutputMessage::getEvent (5 bytes)
Event: 1363.310 Thread 0x000001b8eb9fa600 nmethod 13176 0x000001b8dd3a5c10 code [0x000001b8dd3a5da0, 0x000001b8dd3a5e78]
Event: 1363.497 Thread 0x000001b8eb9fa600 13179       3       java.lang.reflect.Method::isDefault (28 bytes)
Event: 1363.498 Thread 0x000001b8eb9fa600 nmethod 13179 0x000001b8d5f9ac10 code [0x000001b8d5f9adc0, 0x000001b8d5f9afc8]
Event: 1363.499 Thread 0x000001b8eb9fa600 13180       3       org.codehaus.groovy.runtime.typehandling.DefaultTypeTransformation::castToBoolean (39 bytes)
Event: 1363.509 Thread 0x000001b8eb9fa600 nmethod 13180 0x000001b8d5fbb310 code [0x000001b8d5fbb4e0, 0x000001b8d5fbb968]
Event: 1363.509 Thread 0x000001b8eb9fa600 13181       3       org.codehaus.groovy.runtime.typehandling.DefaultTypeTransformation::booleanUnbox (5 bytes)
Event: 1363.510 Thread 0x000001b8eb9fa600 nmethod 13181 0x000001b8d5996410 code [0x000001b8d59965a0, 0x000001b8d59966a8]
Event: 1363.516 Thread 0x000001b8eb9fa600 13182       3       org.codehaus.groovy.runtime.MetaClassHelper::unwrap (36 bytes)
Event: 1363.539 Thread 0x000001b8eb9fa600 nmethod 13182 0x000001b8d5fba990 code [0x000001b8d5fbab60, 0x000001b8d5fbb1a8]
Event: 1363.581 Thread 0x000001b8eb9c6d70 nmethod 13173 0x000001b8dd3a5f10 code [0x000001b8dd3a62a0, 0x000001b8dd3a96e0]
Event: 1363.581 Thread 0x000001b8eb9c6d70 13178       4       org.codehaus.groovy.reflection.ReflectionCache::isAssignableFrom (13 bytes)
Event: 1363.584 Thread 0x000001b8eb9c6d70 nmethod 13178 0x000001b8dd3ab090 code [0x000001b8dd3ab200, 0x000001b8dd3ab318]
Event: 1365.259 Thread 0x000001b8eb9c6d70 13183       4       java.lang.StringBuilder::append (9 bytes)
Event: 1365.287 Thread 0x000001b8eb9c6d70 nmethod 13183 0x000001b8dd3ab410 code [0x000001b8dd3ab5c0, 0x000001b8dd3abdf8]
Event: 1365.699 Thread 0x000001b8eb9c6d70 13184       4       org.gradle.internal.logging.sink.OutputEventTransformer::onOutput (399 bytes)

GC Heap History (20 events):
Event: 1164.088 GC heap before
{Heap before GC invocations=60 (full 0):
 garbage-first heap   total 178176K, used 112770K [0x0000000080000000, 0x0000000100000000)
  region size 1024K, 8 young (8192K), 4 survivors (4096K)
 Metaspace       used 82369K, committed 83264K, reserved 557056K
  class space    used 11440K, committed 11840K, reserved 425984K
}
Event: 1164.111 GC heap after
{Heap after GC invocations=61 (full 0):
 garbage-first heap   total 178176K, used 110506K [0x0000000080000000, 0x0000000100000000)
  region size 1024K, 1 young (1024K), 1 survivors (1024K)
 Metaspace       used 82369K, committed 83264K, reserved 557056K
  class space    used 11440K, committed 11840K, reserved 425984K
}
Event: 1192.366 GC heap before
{Heap before GC invocations=61 (full 0):
 garbage-first heap   total 178176K, used 136106K [0x0000000080000000, 0x0000000100000000)
  region size 1024K, 28 young (28672K), 1 survivors (1024K)
 Metaspace       used 82552K, committed 83456K, reserved 557056K
  class space    used 11447K, committed 11840K, reserved 425984K
}
Event: 1192.389 GC heap after
{Heap after GC invocations=62 (full 0):
 garbage-first heap   total 178176K, used 111663K [0x0000000080000000, 0x0000000100000000)
  region size 1024K, 3 young (3072K), 3 survivors (3072K)
 Metaspace       used 82552K, committed 83456K, reserved 557056K
  class space    used 11447K, committed 11840K, reserved 425984K
}
Event: 1205.753 GC heap before
{Heap before GC invocations=63 (full 0):
 garbage-first heap   total 193536K, used 149551K [0x0000000080000000, 0x0000000100000000)
  region size 1024K, 33 young (33792K), 3 survivors (3072K)
 Metaspace       used 84111K, committed 85120K, reserved 557056K
  class space    used 11666K, committed 12096K, reserved 425984K
}
Event: 1205.791 GC heap after
{Heap after GC invocations=64 (full 0):
 garbage-first heap   total 193536K, used 127976K [0x0000000080000000, 0x0000000100000000)
  region size 1024K, 5 young (5120K), 5 survivors (5120K)
 Metaspace       used 84111K, committed 85120K, reserved 557056K
  class space    used 11666K, committed 12096K, reserved 425984K
}
Event: 1207.617 GC heap before
{Heap before GC invocations=64 (full 0):
 garbage-first heap   total 193536K, used 131048K [0x0000000080000000, 0x0000000100000000)
  region size 1024K, 9 young (9216K), 5 survivors (5120K)
 Metaspace       used 84444K, committed 85504K, reserved 557056K
  class space    used 11716K, committed 12160K, reserved 425984K
}
Event: 1207.643 GC heap after
{Heap after GC invocations=65 (full 0):
 garbage-first heap   total 193536K, used 128056K [0x0000000080000000, 0x0000000100000000)
  region size 1024K, 1 young (1024K), 1 survivors (1024K)
 Metaspace       used 84444K, committed 85504K, reserved 557056K
  class space    used 11716K, committed 12160K, reserved 425984K
}
Event: 1243.018 GC heap before
{Heap before GC invocations=65 (full 0):
 garbage-first heap   total 193536K, used 155704K [0x0000000080000000, 0x0000000100000000)
  region size 1024K, 29 young (29696K), 1 survivors (1024K)
 Metaspace       used 85186K, committed 86208K, reserved 557056K
  class space    used 11810K, committed 12224K, reserved 425984K
}
Event: 1243.033 GC heap after
{Heap after GC invocations=66 (full 0):
 garbage-first heap   total 193536K, used 130876K [0x0000000080000000, 0x0000000100000000)
  region size 1024K, 4 young (4096K), 4 survivors (4096K)
 Metaspace       used 85186K, committed 86208K, reserved 557056K
  class space    used 11810K, committed 12224K, reserved 425984K
}
Event: 1278.582 GC heap before
{Heap before GC invocations=67 (full 0):
 garbage-first heap   total 222208K, used 160572K [0x0000000080000000, 0x0000000100000000)
  region size 1024K, 29 young (29696K), 4 survivors (4096K)
 Metaspace       used 85399K, committed 86464K, reserved 557056K
  class space    used 11839K, committed 12288K, reserved 425984K
}
Event: 1278.660 GC heap after
{Heap after GC invocations=68 (full 0):
 garbage-first heap   total 222208K, used 142487K [0x0000000080000000, 0x0000000100000000)
  region size 1024K, 4 young (4096K), 4 survivors (4096K)
 Metaspace       used 85399K, committed 86464K, reserved 557056K
  class space    used 11839K, committed 12288K, reserved 425984K
}
Event: 1284.985 GC heap before
{Heap before GC invocations=68 (full 0):
 garbage-first heap   total 222208K, used 147607K [0x0000000080000000, 0x0000000100000000)
  region size 1024K, 10 young (10240K), 4 survivors (4096K)
 Metaspace       used 85419K, committed 86464K, reserved 557056K
  class space    used 11839K, committed 12288K, reserved 425984K
}
Event: 1285.015 GC heap after
{Heap after GC invocations=69 (full 0):
 garbage-first heap   total 222208K, used 143299K [0x0000000080000000, 0x0000000100000000)
  region size 1024K, 2 young (2048K), 2 survivors (2048K)
 Metaspace       used 85419K, committed 86464K, reserved 557056K
  class space    used 11839K, committed 12288K, reserved 425984K
}
Event: 1300.190 GC heap before
{Heap before GC invocations=69 (full 0):
 garbage-first heap   total 222208K, used 149443K [0x0000000080000000, 0x0000000100000000)
  region size 1024K, 9 young (9216K), 2 survivors (2048K)
 Metaspace       used 85462K, committed 86528K, reserved 557056K
  class space    used 11845K, committed 12288K, reserved 425984K
}
Event: 1300.204 GC heap after
{Heap after GC invocations=70 (full 0):
 garbage-first heap   total 222208K, used 143482K [0x0000000080000000, 0x0000000100000000)
  region size 1024K, 2 young (2048K), 2 survivors (2048K)
 Metaspace       used 85462K, committed 86528K, reserved 557056K
  class space    used 11845K, committed 12288K, reserved 425984K
}
Event: 1349.029 GC heap before
{Heap before GC invocations=71 (full 0):
 garbage-first heap   total 245760K, used 181370K [0x0000000080000000, 0x0000000100000000)
  region size 1024K, 37 young (37888K), 2 survivors (2048K)
 Metaspace       used 85637K, committed 86720K, reserved 557056K
  class space    used 11866K, committed 12352K, reserved 425984K
}
Event: 1349.080 GC heap after
{Heap after GC invocations=72 (full 0):
 garbage-first heap   total 245760K, used 150295K [0x0000000080000000, 0x0000000100000000)
  region size 1024K, 5 young (5120K), 5 survivors (5120K)
 Metaspace       used 85637K, committed 86720K, reserved 557056K
  class space    used 11866K, committed 12352K, reserved 425984K
}
Event: 1355.720 GC heap before
{Heap before GC invocations=72 (full 0):
 garbage-first heap   total 245760K, used 158487K [0x0000000080000000, 0x0000000100000000)
  region size 1024K, 12 young (12288K), 5 survivors (5120K)
 Metaspace       used 85640K, committed 86720K, reserved 557056K
  class space    used 11866K, committed 12352K, reserved 425984K
}
Event: 1355.797 GC heap after
{Heap after GC invocations=73 (full 0):
 garbage-first heap   total 245760K, used 154712K [0x0000000080000000, 0x0000000100000000)
  region size 1024K, 2 young (2048K), 2 survivors (2048K)
 Metaspace       used 85640K, committed 86720K, reserved 557056K
  class space    used 11866K, committed 12352K, reserved 425984K
}

Deoptimization events (20 events):
Event: 1363.058 Thread 0x000001b8ebcee400 Uncommon trap: trap_request=0xffffffde fr.pc=0x000001b8dd2a747c relative=0x0000000000002efc
Event: 1363.058 Thread 0x000001b8ebcee400 Uncommon trap: reason=class_check action=maybe_recompile pc=0x000001b8dd2a747c method=org.gradle.internal.logging.sink.OutputEventTransformer.onOutput(Lorg/gradle/internal/logging/events/OutputEvent;)V @ 225 c2
Event: 1363.058 Thread 0x000001b8ebcee400 DEOPT PACKING pc=0x000001b8dd2a747c sp=0x00000085e12f8310
Event: 1363.059 Thread 0x000001b8ebcee400 DEOPT UNPACKING pc=0x000001b8dc7123a3 sp=0x00000085e12f8308 mode 2
Event: 1363.061 Thread 0x000001b8ebcee400 Uncommon trap: trap_request=0xffffffc6 fr.pc=0x000001b8dd28c7fc relative=0x000000000000039c
Event: 1363.061 Thread 0x000001b8ebcee400 Uncommon trap: reason=bimorphic_or_optimized_type_check action=maybe_recompile pc=0x000001b8dd28c7fc method=org.gradle.internal.logging.sink.OutputEventRenderer.onOutput(Lorg/gradle/internal/logging/events/OutputEvent;)V @ 1 c2
Event: 1363.061 Thread 0x000001b8ebcee400 DEOPT PACKING pc=0x000001b8dd28c7fc sp=0x00000085e12f8450
Event: 1363.061 Thread 0x000001b8ebcee400 DEOPT UNPACKING pc=0x000001b8dc7123a3 sp=0x00000085e12f83a8 mode 2
Event: 1363.062 Thread 0x000001b8ebcee400 Uncommon trap: trap_request=0xffffffde fr.pc=0x000001b8dd2a747c relative=0x0000000000002efc
Event: 1363.062 Thread 0x000001b8ebcee400 Uncommon trap: reason=class_check action=maybe_recompile pc=0x000001b8dd2a747c method=org.gradle.internal.logging.sink.OutputEventTransformer.onOutput(Lorg/gradle/internal/logging/events/OutputEvent;)V @ 225 c2
Event: 1363.062 Thread 0x000001b8ebcee400 DEOPT PACKING pc=0x000001b8dd2a747c sp=0x00000085e12f8310
Event: 1363.062 Thread 0x000001b8ebcee400 DEOPT UNPACKING pc=0x000001b8dc7123a3 sp=0x00000085e12f8308 mode 2
Event: 1363.072 Thread 0x000001b8ebcee400 Uncommon trap: trap_request=0xffffffc6 fr.pc=0x000001b8dd28b4e8 relative=0x00000000000002a8
Event: 1363.073 Thread 0x000001b8ebcee400 Uncommon trap: reason=bimorphic_or_optimized_type_check action=maybe_recompile pc=0x000001b8dd28b4e8 method=org.gradle.internal.logging.sink.OutputEventRenderer.onOutput(Lorg/gradle/internal/logging/events/OutputEvent;)V @ 1 c2
Event: 1363.074 Thread 0x000001b8ebcee400 DEOPT PACKING pc=0x000001b8dd28b4e8 sp=0x00000085e12f83f0
Event: 1363.074 Thread 0x000001b8ebcee400 DEOPT UNPACKING pc=0x000001b8dc7123a3 sp=0x00000085e12f83a8 mode 2
Event: 1364.723 Thread 0x000001b8ebcee400 Uncommon trap: trap_request=0xffffff45 fr.pc=0x000001b8dd2060a4 relative=0x0000000000000204
Event: 1364.723 Thread 0x000001b8ebcee400 Uncommon trap: reason=unstable_if action=reinterpret pc=0x000001b8dd2060a4 method=java.lang.StringLatin1.lastIndexOf([BI[BII)I @ 111 c2
Event: 1364.723 Thread 0x000001b8ebcee400 DEOPT PACKING pc=0x000001b8dd2060a4 sp=0x00000085e12f93f0
Event: 1364.724 Thread 0x000001b8ebcee400 DEOPT UNPACKING pc=0x000001b8dc7123a3 sp=0x00000085e12f9348 mode 2

Classes unloaded (0 events):
No events

Classes redefined (0 events):
No events

Internal exceptions (20 events):
Event: 1346.923 Thread 0x000001b8ebcee400 Exception <a 'java/lang/ClassNotFoundException'{0x000000008cc0d2d8}: build_b2be4knhqqse4y7pe0915lqi1BeanInfo> (0x000000008cc0d2d8) 
thrown [s\open\src\hotspot\share\classfile\systemDictionary.cpp, line 256]
Event: 1346.924 Thread 0x000001b8ebcee400 Exception <a 'java/lang/ClassNotFoundException'{0x000000008cc13af8}: build_b2be4knhqqse4y7pe0915lqi1Customizer> (0x000000008cc13af8) 
thrown [s\open\src\hotspot\share\classfile\systemDictionary.cpp, line 256]
Event: 1355.077 Thread 0x000001b8ebcee400 Exception <a 'java/lang/ClassNotFoundException'{0x000000008eac6408}: org/gradle/api/internal/plugins/DefaultPluginContainerBeanInfo> (0x000000008eac6408) 
thrown [s\open\src\hotspot\share\classfile\systemDictionary.cpp, line 256]
Event: 1355.470 Thread 0x000001b8ebcee400 Exception <a 'java/lang/ClassNotFoundException'{0x000000008eadc718}: org/gradle/api/internal/plugins/DefaultPluginCollectionBeanInfo> (0x000000008eadc718) 
thrown [s\open\src\hotspot\share\classfile\systemDictionary.cpp, line 256]
Event: 1355.480 Thread 0x000001b8ebcee400 Exception <a 'java/lang/ClassNotFoundException'{0x000000008eaf2440}: org/gradle/api/internal/DefaultDomainObjectSetBeanInfo> (0x000000008eaf2440) 
thrown [s\open\src\hotspot\share\classfile\systemDictionary.cpp, line 256]
Event: 1355.500 Thread 0x000001b8ebcee400 Exception <a 'java/lang/ClassNotFoundException'{0x000000008e97e2a8}: org/gradle/api/internal/DefaultDomainObjectSetCustomizer> (0x000000008e97e2a8) 
thrown [s\open\src\hotspot\share\classfile\systemDictionary.cpp, line 256]
Event: 1355.516 Thread 0x000001b8ebcee400 Exception <a 'java/lang/ClassNotFoundException'{0x000000008e9a1ee8}: org/gradle/api/internal/plugins/DefaultPluginCollectionCustomizer> (0x000000008e9a1ee8) 
thrown [s\open\src\hotspot\share\classfile\systemDictionary.cpp, line 256]
Event: 1355.717 Thread 0x000001b8ebcee400 Exception <a 'java/lang/ClassNotFoundException'{0x000000008e9e3860}: org/gradle/api/internal/plugins/DefaultPluginContainerCustomizer> (0x000000008e9e3860) 
thrown [s\open\src\hotspot\share\classfile\systemDictionary.cpp, line 256]
Event: 1357.940 Thread 0x000001b8ebcee400 Exception <a 'java/lang/ClassNotFoundException'{0x000000008ee28528}: org/gradle/internal/io/LinePerThreadBufferingOutputStreamBeanInfo> (0x000000008ee28528) 
thrown [s\open\src\hotspot\share\classfile\systemDictionary.cpp, line 256]
Event: 1358.496 Thread 0x000001b8ebcee400 Exception <a 'java/lang/ClassNotFoundException'{0x000000008ee30b98}: java/io/PrintStreamBeanInfo> (0x000000008ee30b98) 
thrown [s\open\src\hotspot\share\classfile\systemDictionary.cpp, line 256]
Event: 1358.509 Thread 0x000001b8ebcee400 Exception <a 'java/lang/ClassNotFoundException'{0x000000008ee392b8}: java/io/FilterOutputStreamBeanInfo> (0x000000008ee392b8) 
thrown [s\open\src\hotspot\share\classfile\systemDictionary.cpp, line 256]
Event: 1359.370 Thread 0x000001b8ebcee400 Exception <a 'java/lang/ClassNotFoundException'{0x000000008ee41918}: java/io/OutputStreamBeanInfo> (0x000000008ee41918) 
thrown [s\open\src\hotspot\share\classfile\systemDictionary.cpp, line 256]
Event: 1359.372 Thread 0x000001b8ebcee400 Exception <a 'java/lang/ClassNotFoundException'{0x000000008ee49f68}: java/io/OutputStreamCustomizer> (0x000000008ee49f68) 
thrown [s\open\src\hotspot\share\classfile\systemDictionary.cpp, line 256]
Event: 1359.376 Thread 0x000001b8ebcee400 Exception <a 'java/lang/ClassNotFoundException'{0x000000008ee56260}: java/io/FilterOutputStreamCustomizer> (0x000000008ee56260) 
thrown [s\open\src\hotspot\share\classfile\systemDictionary.cpp, line 256]
Event: 1359.381 Thread 0x000001b8ebcee400 Exception <a 'java/lang/ClassNotFoundException'{0x000000008ee63bb8}: java/io/PrintStreamCustomizer> (0x000000008ee63bb8) 
thrown [s\open\src\hotspot\share\classfile\systemDictionary.cpp, line 256]
Event: 1359.392 Thread 0x000001b8ebcee400 Exception <a 'java/lang/ClassNotFoundException'{0x000000008ee8b540}: org/gradle/internal/io/LinePerThreadBufferingOutputStreamCustomizer> (0x000000008ee8b540) 
thrown [s\open\src\hotspot\share\classfile\systemDictionary.cpp, line 256]
Event: 1364.440 Thread 0x000001b8ebcee400 Exception <a 'java/lang/ClassNotFoundException'{0x000000008ed19ad8}: org/gradle/api/internal/artifacts/dsl/DefaultArtifactHandler_DecoratedBeanInfo> (0x000000008ed19ad8) 
thrown [s\open\src\hotspot\share\classfile\systemDictionary.cpp, line 256]
Event: 1364.676 Thread 0x000001b8ebcee400 Exception <a 'java/lang/ClassNotFoundException'{0x000000008ed2fe90}: org/gradle/api/internal/artifacts/dsl/DefaultArtifactHandlerBeanInfo> (0x000000008ed2fe90) 
thrown [s\open\src\hotspot\share\classfile\systemDictionary.cpp, line 256]
Event: 1364.703 Thread 0x000001b8ebcee400 Exception <a 'java/lang/ClassNotFoundException'{0x000000008ed46848}: org/gradle/api/internal/artifacts/dsl/DefaultArtifactHandlerCustomizer> (0x000000008ed46848) 
thrown [s\open\src\hotspot\share\classfile\systemDictionary.cpp, line 256]
Event: 1364.709 Thread 0x000001b8ebcee400 Exception <a 'java/lang/ClassNotFoundException'{0x000000008ed61da8}: org/gradle/api/internal/artifacts/dsl/DefaultArtifactHandler_DecoratedCustomizer> (0x000000008ed61da8) 
thrown [s\open\src\hotspot\share\classfile\systemDictionary.cpp, line 256]

VM Operations (20 events):
Event: 1347.093 Executing VM operation: Cleanup
Event: 1347.113 Executing VM operation: Cleanup done
Event: 1348.120 Executing VM operation: Cleanup
Event: 1348.436 Executing VM operation: Cleanup done
Event: 1349.029 Executing VM operation: G1CollectForAllocation
Event: 1349.080 Executing VM operation: G1CollectForAllocation done
Event: 1350.087 Executing VM operation: Cleanup
Event: 1351.360 Executing VM operation: Cleanup done
Event: 1353.367 Executing VM operation: Cleanup
Event: 1353.460 Executing VM operation: Cleanup done
Event: 1355.720 Executing VM operation: G1CollectForAllocation
Event: 1355.797 Executing VM operation: G1CollectForAllocation done
Event: 1356.802 Executing VM operation: Cleanup
Event: 1357.391 Executing VM operation: Cleanup done
Event: 1358.394 Executing VM operation: Cleanup
Event: 1358.477 Executing VM operation: Cleanup done
Event: 1363.522 Executing VM operation: Cleanup
Event: 1363.540 Executing VM operation: Cleanup done
Event: 1365.550 Executing VM operation: Cleanup
Event: 1365.699 Executing VM operation: Cleanup done

Events (20 events):
Event: 1358.502 loading class java/io/FilterOutputStreamBeanInfo
Event: 1358.502 loading class java/io/FilterOutputStreamBeanInfo done
Event: 1358.509 loading class java/io/FilterOutputStreamBeanInfo
Event: 1358.509 loading class java/io/FilterOutputStreamBeanInfo done
Event: 1359.369 loading class java/io/OutputStreamBeanInfo
Event: 1359.369 loading class java/io/OutputStreamBeanInfo done
Event: 1359.370 loading class java/io/OutputStreamBeanInfo
Event: 1359.370 loading class java/io/OutputStreamBeanInfo done
Event: 1359.371 loading class java/io/OutputStreamCustomizer
Event: 1359.371 loading class java/io/OutputStreamCustomizer done
Event: 1359.372 loading class java/io/OutputStreamCustomizer
Event: 1359.372 loading class java/io/OutputStreamCustomizer done
Event: 1359.374 loading class java/io/FilterOutputStreamCustomizer
Event: 1359.374 loading class java/io/FilterOutputStreamCustomizer done
Event: 1359.376 loading class java/io/FilterOutputStreamCustomizer
Event: 1359.376 loading class java/io/FilterOutputStreamCustomizer done
Event: 1359.380 loading class java/io/PrintStreamCustomizer
Event: 1359.380 loading class java/io/PrintStreamCustomizer done
Event: 1359.381 loading class java/io/PrintStreamCustomizer
Event: 1359.381 loading class java/io/PrintStreamCustomizer done


Dynamic libraries:
0x00007ff77fe90000 - 0x00007ff77fea0000 	C:\Program Files\Java\jdk-17\bin\java.exe
0x00007ff98b3b0000 - 0x00007ff98b5a8000 	C:\Windows\SYSTEM32\ntdll.dll
0x00007ff98ac80000 - 0x00007ff98ad3d000 	C:\Windows\System32\KERNEL32.DLL
0x00007ff988c50000 - 0x00007ff988f46000 	C:\Windows\System32\KERNELBASE.dll
0x00007ff988f50000 - 0x00007ff989050000 	C:\Windows\System32\ucrtbase.dll
0x00007ff982660000 - 0x00007ff982679000 	C:\Program Files\Java\jdk-17\bin\jli.dll
0x00007ff98a610000 - 0x00007ff98a6c0000 	C:\Windows\System32\ADVAPI32.dll
0x00007ff989520000 - 0x00007ff9895be000 	C:\Windows\System32\msvcrt.dll
0x00007ff98a1f0000 - 0x00007ff98a290000 	C:\Windows\System32\sechost.dll
0x00007ff9895c0000 - 0x00007ff9896e3000 	C:\Windows\System32\RPCRT4.dll
0x00007ff988a60000 - 0x00007ff988a87000 	C:\Windows\System32\bcrypt.dll
0x00007ff98a330000 - 0x00007ff98a4cf000 	C:\Windows\System32\USER32.dll
0x00007ff988ae0000 - 0x00007ff988b02000 	C:\Windows\System32\win32u.dll
0x00007ff98a2f0000 - 0x00007ff98a31b000 	C:\Windows\System32\GDI32.dll
0x00007ff989050000 - 0x00007ff989167000 	C:\Windows\System32\gdi32full.dll
0x00007ff989170000 - 0x00007ff98920d000 	C:\Windows\System32\msvcp_win.dll
0x00007ff9825a0000 - 0x00007ff9825bb000 	C:\Program Files\Java\jdk-17\bin\VCRUNTIME140.dll
0x00007ff97a370000 - 0x00007ff97a60a000 	C:\Windows\WinSxS\amd64_microsoft.windows.common-controls_6595b64144ccf1df_6.0.19041.3636_none_60b6a03d71f818d5\COMCTL32.dll
0x00007ff97e860000 - 0x00007ff97e86a000 	C:\Windows\SYSTEM32\VERSION.dll
0x00007ff989e60000 - 0x00007ff989e92000 	C:\Windows\System32\IMM32.DLL
0x00007ff982850000 - 0x00007ff98285c000 	C:\Program Files\Java\jdk-17\bin\vcruntime140_1.dll
0x00007ff95fdd0000 - 0x00007ff95fe5e000 	C:\Program Files\Java\jdk-17\bin\msvcp140.dll
0x00007ff950610000 - 0x00007ff9511ef000 	C:\Program Files\Java\jdk-17\bin\server\jvm.dll
0x00007ff98a770000 - 0x00007ff98a778000 	C:\Windows\System32\PSAPI.DLL
0x00007ff96f410000 - 0x00007ff96f419000 	C:\Windows\SYSTEM32\WSOCK32.dll
0x00007ff98abf0000 - 0x00007ff98ac5b000 	C:\Windows\System32\WS2_32.dll
0x00007ff96f290000 - 0x00007ff96f2b7000 	C:\Windows\SYSTEM32\WINMM.dll
0x00007ff987280000 - 0x00007ff987292000 	C:\Windows\SYSTEM32\kernel.appcore.dll
0x00007ff982700000 - 0x00007ff98270a000 	C:\Program Files\Java\jdk-17\bin\jimage.dll
0x00007ff987070000 - 0x00007ff987254000 	C:\Windows\SYSTEM32\DBGHELP.DLL
0x00007ff97ade0000 - 0x00007ff97ae14000 	C:\Windows\SYSTEM32\dbgcore.DLL
0x00007ff988b10000 - 0x00007ff988b92000 	C:\Windows\System32\bcryptPrimitives.dll
0x00007ff95fcf0000 - 0x00007ff95fd15000 	C:\Program Files\Java\jdk-17\bin\java.dll
0x00007ff959510000 - 0x00007ff9595e7000 	C:\Program Files\Java\jdk-17\bin\jsvml.dll
0x00007ff9896f0000 - 0x00007ff989e5b000 	C:\Windows\System32\SHELL32.dll
0x00007ff986800000 - 0x00007ff986f9e000 	C:\Windows\SYSTEM32\windows.storage.dll
0x00007ff98ad40000 - 0x00007ff98b093000 	C:\Windows\System32\combase.dll
0x00007ff988490000 - 0x00007ff9884be000 	C:\Windows\SYSTEM32\Wldp.dll
0x00007ff9893f0000 - 0x00007ff9894bd000 	C:\Windows\System32\OLEAUT32.dll
0x00007ff98a560000 - 0x00007ff98a60d000 	C:\Windows\System32\SHCORE.dll
0x00007ff989ea0000 - 0x00007ff989ef5000 	C:\Windows\System32\shlwapi.dll
0x00007ff988990000 - 0x00007ff9889b3000 	C:\Windows\SYSTEM32\profapi.dll
0x00007ff982300000 - 0x00007ff982319000 	C:\Program Files\Java\jdk-17\bin\net.dll
0x00007ff97a9c0000 - 0x00007ff97aaca000 	C:\Windows\SYSTEM32\WINHTTP.dll
0x00007ff9881f0000 - 0x00007ff98825a000 	C:\Windows\system32\mswsock.dll
0x00007ff979b70000 - 0x00007ff979b86000 	C:\Program Files\Java\jdk-17\bin\nio.dll
0x00007ff9691d0000 - 0x00007ff9691e8000 	C:\Program Files\Java\jdk-17\bin\zip.dll
0x00007ff97a8e0000 - 0x00007ff97a8f0000 	C:\Program Files\Java\jdk-17\bin\verify.dll
0x00007ff9828d0000 - 0x00007ff9828f7000 	C:\Users\Admin\.gradle\native\68d5fa5c4cc2d200863cafc0d521ce42e7d3e7ee720ec0a83991735586a16f82\windows-amd64\native-platform.dll
0x00007ff95c3a0000 - 0x00007ff95c4e4000 	C:\Users\Admin\.gradle\native\e376f236ea51e6404a007f0833ffe2c6e607c4080706a723a18a27aeea778392\windows-amd64\native-platform-file-events.dll
0x00007ff982750000 - 0x00007ff98275a000 	C:\Program Files\Java\jdk-17\bin\management.dll
0x00007ff982740000 - 0x00007ff98274b000 	C:\Program Files\Java\jdk-17\bin\management_ext.dll
0x00007ff9883e0000 - 0x00007ff9883f8000 	C:\Windows\SYSTEM32\CRYPTSP.dll
0x00007ff987aa0000 - 0x00007ff987ad4000 	C:\Windows\system32\rsaenh.dll
0x00007ff988910000 - 0x00007ff98893e000 	C:\Windows\SYSTEM32\USERENV.dll
0x00007ff988400000 - 0x00007ff98840c000 	C:\Windows\SYSTEM32\CRYPTBASE.dll
0x00007ff987e80000 - 0x00007ff987ebb000 	C:\Windows\SYSTEM32\IPHLPAPI.DLL
0x00007ff9893e0000 - 0x00007ff9893e8000 	C:\Windows\System32\NSI.dll
0x00007ff97fad0000 - 0x00007ff97fae7000 	C:\Windows\SYSTEM32\dhcpcsvc6.DLL
0x00007ff97fd50000 - 0x00007ff97fd6d000 	C:\Windows\SYSTEM32\dhcpcsvc.DLL
0x00007ff987ed0000 - 0x00007ff987f9b000 	C:\Windows\SYSTEM32\DNSAPI.dll
0x00007ff982730000 - 0x00007ff98273e000 	C:\Program Files\Java\jdk-17\bin\sunmscapi.dll
0x00007ff989210000 - 0x00007ff98936e000 	C:\Windows\System32\CRYPT32.dll
0x00007ff988500000 - 0x00007ff988528000 	C:\Windows\SYSTEM32\ncrypt.dll
0x00007ff9884c0000 - 0x00007ff9884fb000 	C:\Windows\SYSTEM32\NTASN1.dll
0x00007ff977c50000 - 0x00007ff977c57000 	C:\Windows\system32\wshunix.dll

dbghelp: loaded successfully - version: 4.0.5 - missing functions: none
symbol engine: initialized successfully - sym options: 0x614 - pdb path: .;C:\Program Files\Java\jdk-17\bin;C:\Windows\SYSTEM32;C:\Windows\WinSxS\amd64_microsoft.windows.common-controls_6595b64144ccf1df_6.0.19041.3636_none_60b6a03d71f818d5;C:\Program Files\Java\jdk-17\bin\server;C:\Users\Admin\.gradle\native\68d5fa5c4cc2d200863cafc0d521ce42e7d3e7ee720ec0a83991735586a16f82\windows-amd64;C:\Users\Admin\.gradle\native\e376f236ea51e6404a007f0833ffe2c6e607c4080706a723a18a27aeea778392\windows-amd64

VM Arguments:
jvm_args: -XX:MaxMetaspaceSize=512m --add-opens=java.base/java.util=ALL-UNNAMED --add-opens=java.base/java.lang=ALL-UNNAMED --add-opens=java.base/java.lang.invoke=ALL-UNNAMED --add-opens=java.prefs/java.util.prefs=ALL-UNNAMED --add-opens=java.base/java.nio.charset=ALL-UNNAMED --add-opens=java.base/java.net=ALL-UNNAMED --add-opens=java.base/java.util.concurrent.atomic=ALL-UNNAMED -Xmx2048m -Dfile.encoding=windows-1252 -Duser.country=US -Duser.language=en -Duser.variant 
java_command: org.gradle.launcher.daemon.bootstrap.GradleDaemon 8.0.1
java_class_path (initial): C:\Users\Admin\.gradle\wrapper\dists\gradle-8.0.1-all\aro4hu1c3oeioove7l0i4i14o\gradle-8.0.1\lib\gradle-launcher-8.0.1.jar
Launcher Type: SUN_STANDARD

[Global flags]
     intx CICompilerCount                          = 3                                         {product} {ergonomic}
   size_t CompressedClassSpaceSize                 = 436207616                                 {product} {ergonomic}
     uint ConcGCThreads                            = 1                                         {product} {ergonomic}
     uint G1ConcRefinementThreads                  = 4                                         {product} {ergonomic}
   size_t G1HeapRegionSize                         = 1048576                                   {product} {ergonomic}
    uintx GCDrainStackTargetSize                   = 64                                        {product} {ergonomic}
   size_t InitialHeapSize                          = 134217728                                 {product} {ergonomic}
   size_t MarkStackSize                            = 4194304                                   {product} {ergonomic}
   size_t MaxHeapSize                              = 2147483648                                {product} {command line}
   size_t MaxMetaspaceSize                         = 536870912                                 {product} {command line}
   size_t MaxNewSize                               = 1287651328                                {product} {ergonomic}
   size_t MinHeapDeltaBytes                        = 1048576                                   {product} {ergonomic}
   size_t MinHeapSize                              = 8388608                                   {product} {ergonomic}
    uintx NonNMethodCodeHeapSize                   = 5832780                                {pd product} {ergonomic}
    uintx NonProfiledCodeHeapSize                  = 122912730                              {pd product} {ergonomic}
    uintx ProfiledCodeHeapSize                     = 122912730                              {pd product} {ergonomic}
    uintx ReservedCodeCacheSize                    = 251658240                              {pd product} {ergonomic}
     bool SegmentedCodeCache                       = true                                      {product} {ergonomic}
   size_t SoftMaxHeapSize                          = 2147483648                             {manageable} {ergonomic}
     bool UseCompressedClassPointers               = true                           {product lp64_product} {ergonomic}
     bool UseCompressedOops                        = true                           {product lp64_product} {ergonomic}
     bool UseG1GC                                  = true                                      {product} {ergonomic}
     bool UseLargePagesIndividualAllocation        = false                                  {pd product} {ergonomic}

Logging:
Log output configuration:
 #0: stdout all=warning uptime,level,tags
 #1: stderr all=off uptime,level,tags

Environment Variables:
JAVA_HOME=C:\Program Files\Java\jdk-17
CLASSPATH=D:\pilotapp-main\android\\gradle\wrapper\gradle-wrapper.jar
PATH=D:\pilotapp-main\node_modules\.bin;D:\pilotapp-main\node_modules\.bin;D:\node_modules\.bin;C:\Program Files\nodejs\node_modules\npm\node_modules\@npmcli\run-script\lib\node-gyp-bin;D:\pilotapp-main\node_modules\.bin;D:\node_modules\.bin;C:\Program Files\nodejs\node_modules\npm\node_modules\@npmcli\run-script\lib\node-gyp-bin;C:\Program Files\Common Files\Oracle\Java\javapath;%LOCALAPPDATA%\Android\Sdk\platform-tools;C:\Windows\system32;C:\Windows;C:\Windows\System32\Wbem;C:\Windows\System32\WindowsPowerShell\v1.0\;C:\Windows\System32\OpenSSH\;C:\Program Files\nodejs\;C:\Program Files\Java\jdk-17;C:\Users\Admin\AppData\Local\Android\Sdk;C:\Program Files (x86)\Microsoft SQL Server\160\DTS\Binn\;C:\Program Files\Azure Data Studio\bin;C:\Program Files\gradle-8.2.1-bin\gradle-8.2.1\bin;c:\Program Files (x86)\Intel\Intel(R) Management Engine Components\DAL;c:\Program Files\Intel\Intel(R) Management Engine Components\DAL;C:\Program Files\Git\cmd;C:\Program Files (x86)\Windows Kits\10\Windows Performance Toolkit\;C:\Users\Admin\AppData\Local\Programs\Python\Python313\Scripts\;C:\Users\Admin\AppData\Local\Programs\Python\Python313\;C:\Users\Admin\AppData\Local\Programs\Python\Launcher\;C:\Program Files\MySQL\MySQL Shell 8.0\bin\;C:\Users\Admin\.console-ninja\.bin;C:\Users\Admin\AppData\Local\jdk-11.0.2\bin;C:\Users\Admin\AppData\Local\jdk-11.0.2\bin;C:\Users\Admin\AppData\Local\Microsoft\WindowsApps;C:\Users\Admin\AppData\Local\Programs\Microsoft VS Code\bin;C:\Users\Admin\AppData\Roaming\npm;C:\Users\Admin\AppData\Local\Android\Sdk\platform-tools
USERNAME=Admin
LANG=en_US.UTF-8
OS=Windows_NT
PROCESSOR_IDENTIFIER=Intel64 Family 6 Model 142 Stepping 9, GenuineIntel



---------------  S Y S T E M  ---------------

OS:
 Windows 10 , 64 bit Build 19041 (10.0.19041.3636)
OS uptime: 4 days 2:05 hours

CPU: total 4 (initial active 4) (2 cores per cpu, 2 threads per core) family 6 model 142 stepping 9 microcode 0xea, cx8, cmov, fxsr, ht, mmx, 3dnowpref, sse, sse2, sse3, ssse3, sse4.1, sse4.2, popcnt, lzcnt, tsc, tscinvbit, avx, avx2, aes, erms, clmul, bmi1, bmi2, rtm, adx, fma, vzeroupper, clflush, clflushopt

Memory: 4k page, system-wide physical 8067M (345M free)
TotalPageFile size 24874M (AvailPageFile size 1M)
current process WorkingSet (physical memory assigned to process): 187M, peak: 345M
current process commit charge ("private bytes"): 521M, peak: 533M

vm_info: Java HotSpot(TM) 64-Bit Server VM (17.0.10+11-LTS-240) for windows-amd64 JRE (17.0.10+11-LTS-240), built on Dec 19 2023 21:47:25 by "mach5one" with MS VC++ 17.1 (VS2022)

END.
