#
# There is insufficient memory for the Java Runtime Environment to continue.
# Native memory allocation (malloc) failed to allocate 1101776 bytes for Chunk::new
# Possible reasons:
#   The system is out of physical RAM or swap space
#   The process is running with CompressedOops enabled, and the Java Heap may be blocking the growth of the native heap
# Possible solutions:
#   Reduce memory load on the system
#   Increase physical memory or swap space
#   Check if swap backing store is full
#   Decrease Java heap size (-Xmx/-Xms)
#   Decrease number of Java threads
#   Decrease Java thread stack sizes (-Xss)
#   Set larger code cache with -XX:ReservedCodeCacheSize=
#   JVM is running with Unscaled Compressed Oops mode in which the Java heap is
#     placed in the first 4GB address space. The Java Heap base address is the
#     maximum limit for the native heap growth. Please use -XX:HeapBaseMinAddress
#     to set the Java Heap base and to place the Java Heap above 4GB virtual address.
# This output file may be truncated or incomplete.
#
#  Out of Memory Error (arena.cpp:189), pid=6708, tid=16908
#
# JRE version: Java(TM) SE Runtime Environment (17.0.10+11) (build 17.0.10+11-LTS-240)
# Java VM: Java HotSpot(TM) 64-Bit Server VM (17.0.10+11-LTS-240, mixed mode, sharing, tiered, compressed oops, compressed class ptrs, g1 gc, windows-amd64)
# No core dump will be written. Minidumps are not enabled by default on client versions of Windows
#

---------------  S U M M A R Y ------------

Command Line: -XX:MaxMetaspaceSize=512m --add-opens=java.base/java.util=ALL-UNNAMED --add-opens=java.base/java.lang=ALL-UNNAMED --add-opens=java.base/java.lang.invoke=ALL-UNNAMED --add-opens=java.prefs/java.util.prefs=ALL-UNNAMED --add-opens=java.base/java.nio.charset=ALL-UNNAMED --add-opens=java.base/java.net=ALL-UNNAMED --add-opens=java.base/java.util.concurrent.atomic=ALL-UNNAMED -Xmx2048m -Dfile.encoding=windows-1252 -Duser.country=US -Duser.language=en -Duser.variant org.gradle.launcher.daemon.bootstrap.GradleDaemon 8.0.1

Host: Intel(R) Core(TM) i5-7300U CPU @ 2.60GHz, 4 cores, 7G,  Windows 10 , 64 bit Build 19041 (10.0.19041.3636)
Time: Thu Apr 18 13:57:17 2024 India Standard Time elapsed time: 1373.554208 seconds (0d 0h 22m 53s)

---------------  T H R E A D  ---------------

Current thread (0x0000020e5ca775a0):  JavaThread "C2 CompilerThread0" daemon [_thread_in_native, id=16908, stack(0x0000001b35f00000,0x0000001b36000000)]


Current CompileTask:
C2:1373554 14233       4       org.gradle.internal.logging.sink.OutputEventTransformer::onOutput (399 bytes)

Stack: [0x0000001b35f00000,0x0000001b36000000]
Native frames: (J=compiled Java code, j=interpreted, Vv=VM code, C=native code)
V  [jvm.dll+0x677a5a]
V  [jvm.dll+0x7d8b2d]
V  [jvm.dll+0x7da48e]
V  [jvm.dll+0x7daaf3]
V  [jvm.dll+0x2455ff]
V  [jvm.dll+0xaaafb]
V  [jvm.dll+0xab09c]
V  [jvm.dll+0x361bae]
V  [jvm.dll+0x32c211]
V  [jvm.dll+0x32b6aa]
V  [jvm.dll+0x21794f]
V  [jvm.dll+0x216d81]
V  [jvm.dll+0x1a3410]
V  [jvm.dll+0x226aeb]
V  [jvm.dll+0x224cab]
V  [jvm.dll+0x78e45c]
V  [jvm.dll+0x78888a]
V  [jvm.dll+0x676935]
C  [ucrtbase.dll+0x21bb2]
C  [KERNEL32.DLL+0x17344]
C  [ntdll.dll+0x526b1]


---------------  P R O C E S S  ---------------

Threads class SMR info:
_java_thread_list=0x0000020e07f30ac0, length=86, elements={
0x0000020e3f119f10, 0x0000020e5ca5a510, 0x0000020e5ca5d2b0, 0x0000020e5ca6f850,
0x0000020e5ca70320, 0x0000020e5ca73000, 0x0000020e5ca768f0, 0x0000020e5ca775a0,
0x0000020e5cae3a30, 0x0000020e5cae4760, 0x0000020e5cc4c430, 0x0000020e5cc4d0b0,
0x0000020e7cab8030, 0x0000020e7d5b74a0, 0x0000020e5ccc24b0, 0x0000020e5cdb6750,
0x0000020e7cd12e80, 0x0000020e7d9cc010, 0x0000020e7c36e810, 0x0000020e7c36b570,
0x0000020e7c36c9b0, 0x0000020e7c36ddf0, 0x0000020e7c36bf90, 0x0000020e7c36e300,
0x0000020e7c36d8e0, 0x0000020e7c36b060, 0x0000020e7c36d3d0, 0x0000020e7d8c9b10,
0x0000020e7d8c8be0, 0x0000020e7d8c9600, 0x0000020e7d8c81c0, 0x0000020e7d8c86d0,
0x0000020e7d8c7cb0, 0x0000020e7d8c90f0, 0x0000020e7d484810, 0x0000020e7d4829b0,
0x0000020e7d485c50, 0x0000020e7d482ec0, 0x0000020e7d484d20, 0x0000020e7d4884d0,
0x0000020e7d485740, 0x0000020e7d485230, 0x0000020e7d4875a0, 0x0000020e7d486160,
0x0000020e7d486670, 0x0000020e7d4833d0, 0x0000020e7d486b80, 0x0000020e7d481060,
0x0000020e7d487090, 0x0000020e7d487ab0, 0x0000020e7d4889e0, 0x0000020e7d481570,
0x0000020e7d481a80, 0x0000020e7d483df0, 0x0000020e7d481f90, 0x0000020e7d4824a0,
0x0000020e7d4838e0, 0x0000020e7c36cec0, 0x0000020e7c36ba80, 0x0000020e7f5759b0,
0x0000020e7f575ec0, 0x0000020e7f577300, 0x0000020e7f577810, 0x0000020e7f574570,
0x0000020e7f5763d0, 0x0000020e7f5768e0, 0x0000020e7f578740, 0x0000020e7f579b80,
0x0000020e7f57aab0, 0x0000020e7f57a090, 0x0000020e7f57a5a0, 0x0000020e7f574060,
0x0000020e7f57b9e0, 0x0000020e7f574a80, 0x0000020e7f574f90, 0x0000020e7f5754a0,
0x0000020e7d487fc0, 0x0000020e7f61d900, 0x0000020e7f616eb0, 0x0000020e7f61de10,
0x0000020e7f617de0, 0x0000020e7f61bfb0, 0x0000020e7f61a150, 0x0000020e7f61e320,
0x0000020e7f61d3f0, 0x0000020e7f61cee0
}

Java Threads: ( => current thread )
  0x0000020e3f119f10 JavaThread "main" [_thread_blocked, id=10396, stack(0x0000001b35100000,0x0000001b35200000)]
  0x0000020e5ca5a510 JavaThread "Reference Handler" daemon [_thread_blocked, id=16376, stack(0x0000001b35900000,0x0000001b35a00000)]
  0x0000020e5ca5d2b0 JavaThread "Finalizer" daemon [_thread_blocked, id=16296, stack(0x0000001b35a00000,0x0000001b35b00000)]
  0x0000020e5ca6f850 JavaThread "Signal Dispatcher" daemon [_thread_blocked, id=15344, stack(0x0000001b35b00000,0x0000001b35c00000)]
  0x0000020e5ca70320 JavaThread "Attach Listener" daemon [_thread_blocked, id=9384, stack(0x0000001b35c00000,0x0000001b35d00000)]
  0x0000020e5ca73000 JavaThread "Service Thread" daemon [_thread_blocked, id=15068, stack(0x0000001b35d00000,0x0000001b35e00000)]
  0x0000020e5ca768f0 JavaThread "Monitor Deflation Thread" daemon [_thread_blocked, id=15932, stack(0x0000001b35e00000,0x0000001b35f00000)]
=>0x0000020e5ca775a0 JavaThread "C2 CompilerThread0" daemon [_thread_in_native, id=16908, stack(0x0000001b35f00000,0x0000001b36000000)]
  0x0000020e5cae3a30 JavaThread "C1 CompilerThread0" daemon [_thread_blocked, id=12128, stack(0x0000001b36000000,0x0000001b36100000)]
  0x0000020e5cae4760 JavaThread "Sweeper thread" daemon [_thread_blocked, id=11520, stack(0x0000001b36100000,0x0000001b36200000)]
  0x0000020e5cc4c430 JavaThread "Common-Cleaner" daemon [_thread_blocked, id=1540, stack(0x0000001b36200000,0x0000001b36300000)]
  0x0000020e5cc4d0b0 JavaThread "Notification Thread" daemon [_thread_blocked, id=12456, stack(0x0000001b36300000,0x0000001b36400000)]
  0x0000020e7cab8030 JavaThread "Daemon health stats" [_thread_blocked, id=21132, stack(0x0000001b36800000,0x0000001b36900000)]
  0x0000020e7d5b74a0 JavaThread "Incoming local TCP Connector on port 50143" [_thread_in_native, id=21444, stack(0x0000001b36900000,0x0000001b36a00000)]
  0x0000020e5ccc24b0 JavaThread "Daemon periodic checks" [_thread_blocked, id=21460, stack(0x0000001b36a00000,0x0000001b36b00000)]
  0x0000020e5cdb6750 JavaThread "Daemon" [_thread_blocked, id=21488, stack(0x0000001b36b00000,0x0000001b36c00000)]
  0x0000020e7cd12e80 JavaThread "Handler for socket connection from /127.0.0.1:50143 to /127.0.0.1:50144" [_thread_in_native, id=13644, stack(0x0000001b36c00000,0x0000001b36d00000)]
  0x0000020e7d9cc010 JavaThread "Cancel handler" [_thread_blocked, id=6468, stack(0x0000001b36d00000,0x0000001b36e00000)]
  0x0000020e7c36e810 JavaThread "Daemon worker" [_thread_in_Java, id=18988, stack(0x0000001b36e00000,0x0000001b36f00000)]
  0x0000020e7c36b570 JavaThread "Asynchronous log dispatcher for DefaultDaemonConnection: socket connection from /127.0.0.1:50143 to /127.0.0.1:50144" [_thread_in_vm, id=18968, stack(0x0000001b36f00000,0x0000001b37000000)]
  0x0000020e7c36c9b0 JavaThread "Daemon client event forwarder" [_thread_blocked, id=8064, stack(0x0000001b37100000,0x0000001b37200000)]
  0x0000020e7c36ddf0 JavaThread "Cache worker for journal cache (C:\Users\Admin\.gradle\caches\journal-1)" [_thread_blocked, id=6996, stack(0x0000001b37200000,0x0000001b37300000)]
  0x0000020e7c36bf90 JavaThread "File lock request listener" [_thread_in_native, id=2508, stack(0x0000001b37300000,0x0000001b37400000)]
  0x0000020e7c36e300 JavaThread "Cache worker for file hash cache (C:\Users\Admin\.gradle\caches\8.0.1\fileHashes)" [_thread_blocked, id=9456, stack(0x0000001b37400000,0x0000001b37500000)]
  0x0000020e7c36d8e0 JavaThread "File watcher server" daemon [_thread_in_native, id=15532, stack(0x0000001b37600000,0x0000001b37700000)]
  0x0000020e7c36b060 JavaThread "File watcher consumer" daemon [_thread_blocked, id=10924, stack(0x0000001b37700000,0x0000001b37800000)]
  0x0000020e7c36d3d0 JavaThread "Cache worker for checksums cache (D:\pilotapp-main\android\.gradle\8.0.1\checksums)" [_thread_blocked, id=19620, stack(0x0000001b37800000,0x0000001b37900000)]
  0x0000020e7d8c9b10 JavaThread "Cache worker for cache directory md-rule (C:\Users\Admin\.gradle\caches\8.0.1\md-rule)" [_thread_blocked, id=21224, stack(0x0000001b37b00000,0x0000001b37c00000)]
  0x0000020e7d8c8be0 JavaThread "Cache worker for file content cache (C:\Users\Admin\.gradle\caches\8.0.1\fileContent)" [_thread_blocked, id=20088, stack(0x0000001b37c00000,0x0000001b37d00000)]
  0x0000020e7d8c9600 JavaThread "Cache worker for file hash cache (D:\pilotapp-main\android\.gradle\8.0.1\fileHashes)" [_thread_blocked, id=21188, stack(0x0000001b37d00000,0x0000001b37e00000)]
  0x0000020e7d8c81c0 JavaThread "Cache worker for cache directory md-supplier (C:\Users\Admin\.gradle\caches\8.0.1\md-supplier)" [_thread_blocked, id=5444, stack(0x0000001b37f00000,0x0000001b38000000)]
  0x0000020e7d8c86d0 JavaThread "Cache worker for execution history cache (C:\Users\Admin\.gradle\caches\8.0.1\executionHistory)" [_thread_blocked, id=21544, stack(0x0000001b38000000,0x0000001b38100000)]
  0x0000020e7d8c7cb0 JavaThread "jar transforms" [_thread_blocked, id=22288, stack(0x0000001b35000000,0x0000001b35100000)]
  0x0000020e7d8c90f0 JavaThread "jar transforms Thread 2" [_thread_blocked, id=22364, stack(0x0000001b35200000,0x0000001b35300000)]
  0x0000020e7d484810 JavaThread "jar transforms Thread 3" [_thread_blocked, id=11724, stack(0x0000001b38100000,0x0000001b38200000)]
  0x0000020e7d4829b0 JavaThread "jar transforms Thread 4" [_thread_blocked, id=2328, stack(0x0000001b38200000,0x0000001b38300000)]
  0x0000020e7d485c50 JavaThread "Cache worker for kotlin-dsl (C:\Users\Admin\.gradle\caches\8.0.1\kotlin-dsl)" [_thread_blocked, id=12464, stack(0x0000001b37000000,0x0000001b37100000)]
  0x0000020e7d482ec0 JavaThread "Cache worker for dependencies-accessors (D:\pilotapp-main\android\.gradle\8.0.1\dependencies-accessors)" [_thread_blocked, id=12024, stack(0x0000001b37900000,0x0000001b37a00000)]
  0x0000020e7d484d20 JavaThread "Cache worker for Build Output Cleanup Cache (D:\pilotapp-main\node_modules\@react-native\gradle-plugin\.gradle\buildOutputCleanup)" [_thread_blocked, id=12880, stack(0x0000001b37a00000,0x0000001b37b00000)]
  0x0000020e7d4884d0 JavaThread "Unconstrained build operations" [_thread_blocked, id=22548, stack(0x0000001b38300000,0x0000001b38400000)]
  0x0000020e7d485740 JavaThread "Unconstrained build operations Thread 2" [_thread_blocked, id=11992, stack(0x0000001b38400000,0x0000001b38500000)]
  0x0000020e7d485230 JavaThread "Unconstrained build operations Thread 3" [_thread_blocked, id=22596, stack(0x0000001b38500000,0x0000001b38600000)]
  0x0000020e7d4875a0 JavaThread "Unconstrained build operations Thread 4" [_thread_blocked, id=21336, stack(0x0000001b38600000,0x0000001b38700000)]
  0x0000020e7d486160 JavaThread "Unconstrained build operations Thread 5" [_thread_blocked, id=22396, stack(0x0000001b38700000,0x0000001b38800000)]
  0x0000020e7d486670 JavaThread "Unconstrained build operations Thread 6" [_thread_blocked, id=22592, stack(0x0000001b38800000,0x0000001b38900000)]
  0x0000020e7d4833d0 JavaThread "Unconstrained build operations Thread 7" [_thread_blocked, id=19696, stack(0x0000001b38900000,0x0000001b38a00000)]
  0x0000020e7d486b80 JavaThread "Unconstrained build operations Thread 8" [_thread_blocked, id=2564, stack(0x0000001b38a00000,0x0000001b38b00000)]
  0x0000020e7d481060 JavaThread "Unconstrained build operations Thread 9" [_thread_blocked, id=22560, stack(0x0000001b38b00000,0x0000001b38c00000)]
  0x0000020e7d487090 JavaThread "Unconstrained build operations Thread 10" [_thread_blocked, id=22620, stack(0x0000001b38c00000,0x0000001b38d00000)]
  0x0000020e7d487ab0 JavaThread "Unconstrained build operations Thread 11" [_thread_blocked, id=22624, stack(0x0000001b38d00000,0x0000001b38e00000)]
  0x0000020e7d4889e0 JavaThread "Unconstrained build operations Thread 12" [_thread_blocked, id=22628, stack(0x0000001b38e00000,0x0000001b38f00000)]
  0x0000020e7d481570 JavaThread "Unconstrained build operations Thread 13" [_thread_blocked, id=22632, stack(0x0000001b38f00000,0x0000001b39000000)]
  0x0000020e7d481a80 JavaThread "Unconstrained build operations Thread 14" [_thread_blocked, id=17364, stack(0x0000001b39000000,0x0000001b39100000)]
  0x0000020e7d483df0 JavaThread "Unconstrained build operations Thread 15" [_thread_blocked, id=22564, stack(0x0000001b39100000,0x0000001b39200000)]
  0x0000020e7d481f90 JavaThread "Unconstrained build operations Thread 16" [_thread_blocked, id=14404, stack(0x0000001b39200000,0x0000001b39300000)]
  0x0000020e7d4824a0 JavaThread "Unconstrained build operations Thread 17" [_thread_blocked, id=22616, stack(0x0000001b39300000,0x0000001b39400000)]
  0x0000020e7d4838e0 JavaThread "Unconstrained build operations Thread 18" [_thread_blocked, id=8564, stack(0x0000001b39400000,0x0000001b39500000)]
  0x0000020e7c36cec0 JavaThread "Unconstrained build operations Thread 19" [_thread_blocked, id=21116, stack(0x0000001b39500000,0x0000001b39600000)]
  0x0000020e7c36ba80 JavaThread "Unconstrained build operations Thread 20" [_thread_blocked, id=6660, stack(0x0000001b39600000,0x0000001b39700000)]
  0x0000020e7f5759b0 JavaThread "Unconstrained build operations Thread 21" [_thread_blocked, id=7732, stack(0x0000001b39700000,0x0000001b39800000)]
  0x0000020e7f575ec0 JavaThread "Unconstrained build operations Thread 22" [_thread_blocked, id=22644, stack(0x0000001b39800000,0x0000001b39900000)]
  0x0000020e7f577300 JavaThread "Unconstrained build operations Thread 23" [_thread_blocked, id=22664, stack(0x0000001b39900000,0x0000001b39a00000)]
  0x0000020e7f577810 JavaThread "Unconstrained build operations Thread 24" [_thread_blocked, id=22668, stack(0x0000001b39a00000,0x0000001b39b00000)]
  0x0000020e7f574570 JavaThread "Unconstrained build operations Thread 25" [_thread_blocked, id=22672, stack(0x0000001b39b00000,0x0000001b39c00000)]
  0x0000020e7f5763d0 JavaThread "Unconstrained build operations Thread 26" [_thread_blocked, id=22676, stack(0x0000001b39c00000,0x0000001b39d00000)]
  0x0000020e7f5768e0 JavaThread "Memory manager" [_thread_blocked, id=23048, stack(0x0000001b39d00000,0x0000001b39e00000)]
  0x0000020e7f578740 JavaThread "Cache worker for Build Output Cleanup Cache (D:\pilotapp-main\android\.gradle\buildOutputCleanup)" [_thread_blocked, id=3332, stack(0x0000001b39e00000,0x0000001b39f00000)]
  0x0000020e7f579b80 JavaThread "Execution worker" [_thread_blocked, id=1500, stack(0x0000001b3a000000,0x0000001b3a100000)]
  0x0000020e7f57aab0 JavaThread "Execution worker Thread 2" [_thread_blocked, id=24496, stack(0x0000001b3a100000,0x0000001b3a200000)]
  0x0000020e7f57a090 JavaThread "Execution worker Thread 3" [_thread_blocked, id=6744, stack(0x0000001b3a200000,0x0000001b3a300000)]
  0x0000020e7f57a5a0 JavaThread "Cache worker for execution history cache (D:\pilotapp-main\node_modules\@react-native\gradle-plugin\.gradle\8.0.1\executionHistory)" [_thread_blocked, id=20120, stack(0x0000001b3a300000,0x0000001b3a400000)]
  0x0000020e7f574060 JavaThread "Unconstrained build operations Thread 27" [_thread_blocked, id=20528, stack(0x0000001b3a400000,0x0000001b3a500000)]
  0x0000020e7f57b9e0 JavaThread "Unconstrained build operations Thread 28" [_thread_blocked, id=23712, stack(0x0000001b3a500000,0x0000001b3a600000)]
  0x0000020e7f574a80 JavaThread "Unconstrained build operations Thread 29" [_thread_blocked, id=18972, stack(0x0000001b3a600000,0x0000001b3a700000)]
  0x0000020e7f574f90 JavaThread "Unconstrained build operations Thread 30" [_thread_blocked, id=23844, stack(0x0000001b3a700000,0x0000001b3a800000)]
  0x0000020e7f5754a0 JavaThread "Unconstrained build operations Thread 31" [_thread_blocked, id=17508, stack(0x0000001b3a800000,0x0000001b3a900000)]
  0x0000020e7d487fc0 JavaThread "Unconstrained build operations Thread 32" [_thread_blocked, id=24488, stack(0x0000001b3a900000,0x0000001b3aa00000)]
  0x0000020e7f61d900 JavaThread "Unconstrained build operations Thread 33" [_thread_blocked, id=21300, stack(0x0000001b3aa00000,0x0000001b3ab00000)]
  0x0000020e7f616eb0 JavaThread "Unconstrained build operations Thread 34" [_thread_blocked, id=14092, stack(0x0000001b3ab00000,0x0000001b3ac00000)]
  0x0000020e7f61de10 JavaThread "Unconstrained build operations Thread 35" [_thread_blocked, id=5584, stack(0x0000001b3ac00000,0x0000001b3ad00000)]
  0x0000020e7f617de0 JavaThread "Unconstrained build operations Thread 36" [_thread_blocked, id=14108, stack(0x0000001b3ad00000,0x0000001b3ae00000)]
  0x0000020e7f61bfb0 JavaThread "Unconstrained build operations Thread 37" [_thread_blocked, id=10380, stack(0x0000001b3ae00000,0x0000001b3af00000)]
  0x0000020e7f61a150 JavaThread "Unconstrained build operations Thread 38" [_thread_blocked, id=16084, stack(0x0000001b3af00000,0x0000001b3b000000)]
  0x0000020e7f61e320 JavaThread "Unconstrained build operations Thread 39" [_thread_blocked, id=17168, stack(0x0000001b3b000000,0x0000001b3b100000)]
  0x0000020e7f61d3f0 JavaThread "Unconstrained build operations Thread 40" [_thread_blocked, id=14328, stack(0x0000001b3b100000,0x0000001b3b200000)]
  0x0000020e7f61cee0 JavaThread "File lock release action executor Thread 7" [_thread_blocked, id=8744, stack(0x0000001b37500000,0x0000001b37600000)]

Other Threads:
  0x0000020e5ca559a0 VMThread "VM Thread" [stack: 0x0000001b35800000,0x0000001b35900000] [id=14292]
  0x0000020e5cc4f5a0 WatcherThread [stack: 0x0000001b36400000,0x0000001b36500000] [id=2856]
  0x0000020e3f174840 GCTaskThread "GC Thread#0" [stack: 0x0000001b35300000,0x0000001b35400000] [id=16256]
  0x0000020e7c43c700 GCTaskThread "GC Thread#1" [stack: 0x0000001b36500000,0x0000001b36600000] [id=20228]
  0x0000020e7c4ecae0 GCTaskThread "GC Thread#2" [stack: 0x0000001b36600000,0x0000001b36700000] [id=20232]
  0x0000020e7c9f8d00 GCTaskThread "GC Thread#3" [stack: 0x0000001b36700000,0x0000001b36800000] [id=19808]
  0x0000020e3f1856a0 ConcurrentGCThread "G1 Main Marker" [stack: 0x0000001b35400000,0x0000001b35500000] [id=4608]
  0x0000020e3f185fc0 ConcurrentGCThread "G1 Conc#0" [stack: 0x0000001b35500000,0x0000001b35600000] [id=15696]
  0x0000020e5c910090 ConcurrentGCThread "G1 Refine#0" [stack: 0x0000001b35600000,0x0000001b35700000] [id=10796]
  0x0000020e7d7119a0 ConcurrentGCThread "G1 Refine#1" [stack: 0x0000001b37e00000,0x0000001b37f00000] [id=19920]
  0x0000020e5c9109d0 ConcurrentGCThread "G1 Service" [stack: 0x0000001b35700000,0x0000001b35800000] [id=5060]

Threads with active compile tasks:
C2 CompilerThread0  1373656 14233       4       org.gradle.internal.logging.sink.OutputEventTransformer::onOutput (399 bytes)

VM state: not at safepoint (normal execution)

VM Mutex/Monitor currently owned by a thread: None

Heap address: 0x0000000080000000, size: 2048 MB, Compressed Oops mode: 32-bit

CDS archive(s) mapped at: [0x0000020e5d000000-0x0000020e5dbd0000-0x0000020e5dbd0000), size 12386304, SharedBaseAddress: 0x0000020e5d000000, ArchiveRelocationMode: 1.
Compressed class space mapped at: 0x0000020e5e000000-0x0000020e78000000, reserved size: 436207616
Narrow klass base: 0x0000020e5d000000, Narrow klass shift: 0, Narrow klass range: 0x100000000

GC Precious Log:
 CPUs: 4 total, 4 available
 Memory: 8067M
 Large Page Support: Disabled
 NUMA Support: Disabled
 Compressed Oops: Enabled (32-bit)
 Heap Region Size: 1M
 Heap Min Capacity: 8M
 Heap Initial Capacity: 128M
 Heap Max Capacity: 2G
 Pre-touch: Disabled
 Parallel Workers: 4
 Concurrent Workers: 1
 Concurrent Refinement Workers: 4
 Periodic GC: Disabled

Heap:
 garbage-first heap   total 311296K, used 221449K [0x0000000080000000, 0x0000000100000000)
  region size 1024K, 35 young (35840K), 2 survivors (2048K)
 Metaspace       used 90975K, committed 92352K, reserved 557056K
  class space    used 12568K, committed 13184K, reserved 425984K

Heap Regions: E=young(eden), S=young(survivor), O=old, HS=humongous(starts), HC=humongous(continues), CS=collection set, F=free, OA=open archive, CA=closed archive, TAMS=top-at-mark-start (previous, next)
|   0|0x0000000080000000, 0x0000000080100000, 0x0000000080100000|100%| O|  |TAMS 0x0000000080100000, 0x0000000080000000| Untracked 
|   1|0x0000000080100000, 0x0000000080200000, 0x0000000080200000|100%| O|  |TAMS 0x0000000080200000, 0x0000000080100000| Untracked 
|   2|0x0000000080200000, 0x0000000080300000, 0x0000000080300000|100%|HS|  |TAMS 0x0000000080300000, 0x0000000080200000| Complete 
|   3|0x0000000080300000, 0x0000000080400000, 0x0000000080400000|100%|HC|  |TAMS 0x0000000080400000, 0x0000000080300000| Complete 
|   4|0x0000000080400000, 0x0000000080500000, 0x0000000080500000|100%|HC|  |TAMS 0x0000000080500000, 0x0000000080400000| Complete 
|   5|0x0000000080500000, 0x0000000080600000, 0x0000000080600000|100%|HC|  |TAMS 0x0000000080600000, 0x0000000080500000| Complete 
|   6|0x0000000080600000, 0x0000000080700000, 0x0000000080700000|100%| O|  |TAMS 0x0000000080700000, 0x0000000080600000| Untracked 
|   7|0x0000000080700000, 0x0000000080800000, 0x0000000080800000|100%| O|  |TAMS 0x0000000080800000, 0x0000000080700000| Untracked 
|   8|0x0000000080800000, 0x0000000080900000, 0x0000000080900000|100%| O|  |TAMS 0x0000000080900000, 0x0000000080800000| Untracked 
|   9|0x0000000080900000, 0x0000000080a00000, 0x0000000080a00000|100%| O|  |TAMS 0x0000000080a00000, 0x0000000080900000| Untracked 
|  10|0x0000000080a00000, 0x0000000080b00000, 0x0000000080b00000|100%| O|  |TAMS 0x0000000080b00000, 0x0000000080a00000| Untracked 
|  11|0x0000000080b00000, 0x0000000080c00000, 0x0000000080c00000|100%| O|  |TAMS 0x0000000080c00000, 0x0000000080b00000| Untracked 
|  12|0x0000000080c00000, 0x0000000080d00000, 0x0000000080d00000|100%| O|  |TAMS 0x0000000080d00000, 0x0000000080c00000| Untracked 
|  13|0x0000000080d00000, 0x0000000080e00000, 0x0000000080e00000|100%| O|  |TAMS 0x0000000080e00000, 0x0000000080d00000| Untracked 
|  14|0x0000000080e00000, 0x0000000080f00000, 0x0000000080f00000|100%| O|  |TAMS 0x0000000080f00000, 0x0000000080e00000| Untracked 
|  15|0x0000000080f00000, 0x0000000081000000, 0x0000000081000000|100%| O|  |TAMS 0x0000000081000000, 0x0000000080f00000| Untracked 
|  16|0x0000000081000000, 0x0000000081100000, 0x0000000081100000|100%| O|  |TAMS 0x0000000081100000, 0x0000000081000000| Untracked 
|  17|0x0000000081100000, 0x0000000081200000, 0x0000000081200000|100%| O|  |TAMS 0x0000000081200000, 0x0000000081100000| Untracked 
|  18|0x0000000081200000, 0x0000000081300000, 0x0000000081300000|100%| O|  |TAMS 0x0000000081300000, 0x0000000081200000| Untracked 
|  19|0x0000000081300000, 0x0000000081400000, 0x0000000081400000|100%| O|  |TAMS 0x0000000081400000, 0x0000000081300000| Untracked 
|  20|0x0000000081400000, 0x0000000081500000, 0x0000000081500000|100%| O|  |TAMS 0x0000000081500000, 0x0000000081400000| Untracked 
|  21|0x0000000081500000, 0x0000000081600000, 0x0000000081600000|100%| O|  |TAMS 0x0000000081600000, 0x0000000081500000| Untracked 
|  22|0x0000000081600000, 0x0000000081700000, 0x0000000081700000|100%| O|  |TAMS 0x0000000081700000, 0x0000000081600000| Untracked 
|  23|0x0000000081700000, 0x0000000081800000, 0x0000000081800000|100%| O|  |TAMS 0x0000000081800000, 0x0000000081700000| Untracked 
|  24|0x0000000081800000, 0x0000000081900000, 0x0000000081900000|100%| O|  |TAMS 0x0000000081900000, 0x0000000081800000| Untracked 
|  25|0x0000000081900000, 0x0000000081a00000, 0x0000000081a00000|100%| O|  |TAMS 0x0000000081a00000, 0x0000000081900000| Untracked 
|  26|0x0000000081a00000, 0x0000000081b00000, 0x0000000081b00000|100%| O|  |TAMS 0x0000000081b00000, 0x0000000081a00000| Untracked 
|  27|0x0000000081b00000, 0x0000000081c00000, 0x0000000081c00000|100%| O|  |TAMS 0x0000000081c00000, 0x0000000081b00000| Untracked 
|  28|0x0000000081c00000, 0x0000000081d00000, 0x0000000081d00000|100%| O|  |TAMS 0x0000000081d00000, 0x0000000081c00000| Untracked 
|  29|0x0000000081d00000, 0x0000000081e00000, 0x0000000081e00000|100%| O|  |TAMS 0x0000000081e00000, 0x0000000081d00000| Untracked 
|  30|0x0000000081e00000, 0x0000000081f00000, 0x0000000081f00000|100%| O|  |TAMS 0x0000000081f00000, 0x0000000081e00000| Untracked 
|  31|0x0000000081f00000, 0x0000000082000000, 0x0000000082000000|100%| O|  |TAMS 0x0000000082000000, 0x0000000081f00000| Untracked 
|  32|0x0000000082000000, 0x0000000082100000, 0x0000000082100000|100%| O|  |TAMS 0x0000000082100000, 0x0000000082000000| Untracked 
|  33|0x0000000082100000, 0x0000000082200000, 0x0000000082200000|100%| O|  |TAMS 0x0000000082200000, 0x0000000082100000| Untracked 
|  34|0x0000000082200000, 0x0000000082300000, 0x0000000082300000|100%| O|  |TAMS 0x0000000082300000, 0x0000000082200000| Untracked 
|  35|0x0000000082300000, 0x0000000082400000, 0x0000000082400000|100%| O|  |TAMS 0x0000000082400000, 0x0000000082300000| Untracked 
|  36|0x0000000082400000, 0x0000000082500000, 0x0000000082500000|100%|HS|  |TAMS 0x0000000082500000, 0x0000000082400000| Complete 
|  37|0x0000000082500000, 0x0000000082600000, 0x0000000082600000|100%|HC|  |TAMS 0x0000000082600000, 0x0000000082500000| Complete 
|  38|0x0000000082600000, 0x0000000082700000, 0x0000000082700000|100%|HS|  |TAMS 0x0000000082700000, 0x0000000082600000| Complete 
|  39|0x0000000082700000, 0x0000000082800000, 0x0000000082800000|100%|HC|  |TAMS 0x0000000082800000, 0x0000000082700000| Complete 
|  40|0x0000000082800000, 0x0000000082900000, 0x0000000082900000|100%|HC|  |TAMS 0x0000000082900000, 0x0000000082800000| Complete 
|  41|0x0000000082900000, 0x0000000082a00000, 0x0000000082a00000|100%|HC|  |TAMS 0x0000000082a00000, 0x0000000082900000| Complete 
|  42|0x0000000082a00000, 0x0000000082b00000, 0x0000000082b00000|100%| O|  |TAMS 0x0000000082b00000, 0x0000000082a00000| Untracked 
|  43|0x0000000082b00000, 0x0000000082c00000, 0x0000000082c00000|100%| O|  |TAMS 0x0000000082c00000, 0x0000000082b00000| Untracked 
|  44|0x0000000082c00000, 0x0000000082d00000, 0x0000000082d00000|100%| O|  |TAMS 0x0000000082d00000, 0x0000000082c00000| Untracked 
|  45|0x0000000082d00000, 0x0000000082e00000, 0x0000000082e00000|100%| O|  |TAMS 0x0000000082e00000, 0x0000000082d00000| Untracked 
|  46|0x0000000082e00000, 0x0000000082f00000, 0x0000000082f00000|100%| O|  |TAMS 0x0000000082f00000, 0x0000000082e00000| Untracked 
|  47|0x0000000082f00000, 0x0000000083000000, 0x0000000083000000|100%| O|  |TAMS 0x0000000083000000, 0x0000000082f00000| Untracked 
|  48|0x0000000083000000, 0x0000000083100000, 0x0000000083100000|100%| O|  |TAMS 0x0000000083100000, 0x0000000083000000| Untracked 
|  49|0x0000000083100000, 0x0000000083200000, 0x0000000083200000|100%| O|  |TAMS 0x0000000083200000, 0x0000000083100000| Untracked 
|  50|0x0000000083200000, 0x0000000083300000, 0x0000000083300000|100%| O|  |TAMS 0x0000000083300000, 0x0000000083200000| Untracked 
|  51|0x0000000083300000, 0x0000000083400000, 0x0000000083400000|100%| O|  |TAMS 0x0000000083400000, 0x0000000083300000| Untracked 
|  52|0x0000000083400000, 0x0000000083500000, 0x0000000083500000|100%| O|  |TAMS 0x0000000083500000, 0x0000000083400000| Untracked 
|  53|0x0000000083500000, 0x0000000083600000, 0x0000000083600000|100%| O|  |TAMS 0x0000000083600000, 0x0000000083500000| Untracked 
|  54|0x0000000083600000, 0x0000000083700000, 0x0000000083700000|100%| O|  |TAMS 0x0000000083700000, 0x0000000083600000| Untracked 
|  55|0x0000000083700000, 0x0000000083800000, 0x0000000083800000|100%| O|  |TAMS 0x0000000083800000, 0x0000000083700000| Untracked 
|  56|0x0000000083800000, 0x0000000083900000, 0x0000000083900000|100%| O|  |TAMS 0x0000000083900000, 0x0000000083800000| Untracked 
|  57|0x0000000083900000, 0x0000000083a00000, 0x0000000083a00000|100%| O|  |TAMS 0x0000000083a00000, 0x0000000083900000| Untracked 
|  58|0x0000000083a00000, 0x0000000083b00000, 0x0000000083b00000|100%|HS|  |TAMS 0x0000000083b00000, 0x0000000083a00000| Complete 
|  59|0x0000000083b00000, 0x0000000083c00000, 0x0000000083c00000|100%| O|  |TAMS 0x0000000083c00000, 0x0000000083b00000| Untracked 
|  60|0x0000000083c00000, 0x0000000083d00000, 0x0000000083d00000|100%|HS|  |TAMS 0x0000000083d00000, 0x0000000083c00000| Complete 
|  61|0x0000000083d00000, 0x0000000083e00000, 0x0000000083e00000|100%| O|  |TAMS 0x0000000083e00000, 0x0000000083d00000| Untracked 
|  62|0x0000000083e00000, 0x0000000083f00000, 0x0000000083f00000|100%| O|  |TAMS 0x0000000083f00000, 0x0000000083e00000| Untracked 
|  63|0x0000000083f00000, 0x0000000084000000, 0x0000000084000000|100%| O|  |TAMS 0x0000000084000000, 0x0000000083f00000| Untracked 
|  64|0x0000000084000000, 0x0000000084100000, 0x0000000084100000|100%| O|  |TAMS 0x0000000084100000, 0x0000000084000000| Untracked 
|  65|0x0000000084100000, 0x0000000084200000, 0x0000000084200000|100%| O|  |TAMS 0x0000000084200000, 0x0000000084100000| Untracked 
|  66|0x0000000084200000, 0x0000000084300000, 0x0000000084300000|100%| O|  |TAMS 0x0000000084300000, 0x0000000084200000| Untracked 
|  67|0x0000000084300000, 0x0000000084400000, 0x0000000084400000|100%| O|  |TAMS 0x0000000084400000, 0x0000000084300000| Untracked 
|  68|0x0000000084400000, 0x0000000084500000, 0x0000000084500000|100%| O|  |TAMS 0x0000000084500000, 0x0000000084400000| Untracked 
|  69|0x0000000084500000, 0x0000000084600000, 0x0000000084600000|100%| O|  |TAMS 0x0000000084600000, 0x0000000084500000| Untracked 
|  70|0x0000000084600000, 0x0000000084700000, 0x0000000084700000|100%| O|  |TAMS 0x0000000084700000, 0x0000000084600000| Untracked 
|  71|0x0000000084700000, 0x0000000084800000, 0x0000000084800000|100%| O|  |TAMS 0x0000000084800000, 0x0000000084700000| Untracked 
|  72|0x0000000084800000, 0x0000000084900000, 0x0000000084900000|100%| O|  |TAMS 0x0000000084900000, 0x0000000084800000| Untracked 
|  73|0x0000000084900000, 0x0000000084a00000, 0x0000000084a00000|100%| O|  |TAMS 0x0000000084a00000, 0x0000000084900000| Untracked 
|  74|0x0000000084a00000, 0x0000000084b00000, 0x0000000084b00000|100%| O|  |TAMS 0x0000000084b00000, 0x0000000084a00000| Untracked 
|  75|0x0000000084b00000, 0x0000000084c00000, 0x0000000084c00000|100%| O|  |TAMS 0x0000000084c00000, 0x0000000084b00000| Untracked 
|  76|0x0000000084c00000, 0x0000000084d00000, 0x0000000084d00000|100%| O|  |TAMS 0x0000000084d00000, 0x0000000084c00000| Untracked 
|  77|0x0000000084d00000, 0x0000000084e00000, 0x0000000084e00000|100%| O|  |TAMS 0x0000000084e00000, 0x0000000084d00000| Untracked 
|  78|0x0000000084e00000, 0x0000000084f00000, 0x0000000084f00000|100%| O|  |TAMS 0x0000000084f00000, 0x0000000084e00000| Untracked 
|  79|0x0000000084f00000, 0x0000000085000000, 0x0000000085000000|100%| O|  |TAMS 0x0000000085000000, 0x0000000084f00000| Untracked 
|  80|0x0000000085000000, 0x0000000085100000, 0x0000000085100000|100%| O|  |TAMS 0x0000000085100000, 0x0000000085000000| Untracked 
|  81|0x0000000085100000, 0x0000000085200000, 0x0000000085200000|100%|HS|  |TAMS 0x0000000085200000, 0x0000000085100000| Complete 
|  82|0x0000000085200000, 0x0000000085300000, 0x0000000085300000|100%|HC|  |TAMS 0x0000000085300000, 0x0000000085200000| Complete 
|  83|0x0000000085300000, 0x0000000085400000, 0x0000000085400000|100%|HS|  |TAMS 0x0000000085400000, 0x0000000085300000| Complete 
|  84|0x0000000085400000, 0x0000000085500000, 0x0000000085500000|100%|HC|  |TAMS 0x0000000085500000, 0x0000000085400000| Complete 
|  85|0x0000000085500000, 0x0000000085600000, 0x0000000085600000|100%|HC|  |TAMS 0x0000000085600000, 0x0000000085500000| Complete 
|  86|0x0000000085600000, 0x0000000085700000, 0x0000000085700000|100%|HC|  |TAMS 0x0000000085700000, 0x0000000085600000| Complete 
|  87|0x0000000085700000, 0x0000000085800000, 0x0000000085800000|100%| O|  |TAMS 0x0000000085800000, 0x0000000085700000| Untracked 
|  88|0x0000000085800000, 0x0000000085900000, 0x0000000085900000|100%| O|  |TAMS 0x0000000085900000, 0x0000000085800000| Untracked 
|  89|0x0000000085900000, 0x0000000085a00000, 0x0000000085a00000|100%| O|  |TAMS 0x0000000085a00000, 0x0000000085900000| Untracked 
|  90|0x0000000085a00000, 0x0000000085b00000, 0x0000000085b00000|100%| O|  |TAMS 0x0000000085b00000, 0x0000000085a00000| Untracked 
|  91|0x0000000085b00000, 0x0000000085c00000, 0x0000000085c00000|100%| O|  |TAMS 0x0000000085c00000, 0x0000000085b00000| Untracked 
|  92|0x0000000085c00000, 0x0000000085d00000, 0x0000000085d00000|100%| O|  |TAMS 0x0000000085d00000, 0x0000000085c00000| Untracked 
|  93|0x0000000085d00000, 0x0000000085e00000, 0x0000000085e00000|100%| O|  |TAMS 0x0000000085e00000, 0x0000000085d00000| Untracked 
|  94|0x0000000085e00000, 0x0000000085f00000, 0x0000000085f00000|100%| O|  |TAMS 0x0000000085f00000, 0x0000000085e00000| Untracked 
|  95|0x0000000085f00000, 0x0000000086000000, 0x0000000086000000|100%|HS|  |TAMS 0x0000000086000000, 0x0000000085f00000| Complete 
|  96|0x0000000086000000, 0x0000000086100000, 0x0000000086100000|100%| O|  |TAMS 0x0000000086100000, 0x0000000086000000| Untracked 
|  97|0x0000000086100000, 0x0000000086200000, 0x0000000086200000|100%| O|  |TAMS 0x0000000086200000, 0x0000000086100000| Untracked 
|  98|0x0000000086200000, 0x0000000086300000, 0x0000000086300000|100%|HS|  |TAMS 0x0000000086300000, 0x0000000086200000| Complete 
|  99|0x0000000086300000, 0x0000000086400000, 0x0000000086400000|100%| O|  |TAMS 0x0000000086400000, 0x0000000086300000| Untracked 
| 100|0x0000000086400000, 0x0000000086500000, 0x0000000086500000|100%| O|  |TAMS 0x0000000086500000, 0x0000000086400000| Untracked 
| 101|0x0000000086500000, 0x0000000086600000, 0x0000000086600000|100%| O|  |TAMS 0x0000000086600000, 0x0000000086500000| Untracked 
| 102|0x0000000086600000, 0x0000000086600000, 0x0000000086700000|  0%| F|  |TAMS 0x0000000086600000, 0x0000000086600000| Untracked 
| 103|0x0000000086700000, 0x0000000086800000, 0x0000000086800000|100%| O|  |TAMS 0x0000000086800000, 0x0000000086700000| Untracked 
| 104|0x0000000086800000, 0x0000000086900000, 0x0000000086900000|100%| O|  |TAMS 0x0000000086900000, 0x0000000086800000| Untracked 
| 105|0x0000000086900000, 0x0000000086a00000, 0x0000000086a00000|100%| O|  |TAMS 0x0000000086a00000, 0x0000000086900000| Untracked 
| 106|0x0000000086a00000, 0x0000000086b00000, 0x0000000086b00000|100%| O|  |TAMS 0x0000000086b00000, 0x0000000086a00000| Untracked 
| 107|0x0000000086b00000, 0x0000000086c00000, 0x0000000086c00000|100%| O|  |TAMS 0x0000000086c00000, 0x0000000086b00000| Untracked 
| 108|0x0000000086c00000, 0x0000000086d00000, 0x0000000086d00000|100%|HS|  |TAMS 0x0000000086d00000, 0x0000000086c00000| Complete 
| 109|0x0000000086d00000, 0x0000000086e00000, 0x0000000086e00000|100%|HS|  |TAMS 0x0000000086e00000, 0x0000000086d00000| Complete 
| 110|0x0000000086e00000, 0x0000000086f00000, 0x0000000086f00000|100%|HS|  |TAMS 0x0000000086f00000, 0x0000000086e00000| Complete 
| 111|0x0000000086f00000, 0x0000000087000000, 0x0000000087000000|100%|HC|  |TAMS 0x0000000087000000, 0x0000000086f00000| Complete 
| 112|0x0000000087000000, 0x0000000087100000, 0x0000000087100000|100%|HC|  |TAMS 0x0000000087100000, 0x0000000087000000| Complete 
| 113|0x0000000087100000, 0x0000000087200000, 0x0000000087200000|100%|HS|  |TAMS 0x0000000087200000, 0x0000000087100000| Complete 
| 114|0x0000000087200000, 0x0000000087300000, 0x0000000087300000|100%|HC|  |TAMS 0x0000000087300000, 0x0000000087200000| Complete 
| 115|0x0000000087300000, 0x0000000087400000, 0x0000000087400000|100%| O|  |TAMS 0x0000000087400000, 0x0000000087300000| Untracked 
| 116|0x0000000087400000, 0x0000000087500000, 0x0000000087500000|100%| O|  |TAMS 0x0000000087500000, 0x0000000087400000| Untracked 
| 117|0x0000000087500000, 0x0000000087600000, 0x0000000087600000|100%| O|  |TAMS 0x0000000087600000, 0x0000000087500000| Untracked 
| 118|0x0000000087600000, 0x0000000087700000, 0x0000000087700000|100%| O|  |TAMS 0x0000000087700000, 0x0000000087600000| Untracked 
| 119|0x0000000087700000, 0x0000000087800000, 0x0000000087800000|100%| O|  |TAMS 0x0000000087800000, 0x0000000087700000| Untracked 
| 120|0x0000000087800000, 0x0000000087900000, 0x0000000087900000|100%| O|  |TAMS 0x0000000087900000, 0x0000000087800000| Untracked 
| 121|0x0000000087900000, 0x0000000087a00000, 0x0000000087a00000|100%| O|  |TAMS 0x0000000087a00000, 0x0000000087900000| Untracked 
| 122|0x0000000087a00000, 0x0000000087b00000, 0x0000000087b00000|100%| O|  |TAMS 0x0000000087b00000, 0x0000000087a00000| Untracked 
| 123|0x0000000087b00000, 0x0000000087c00000, 0x0000000087c00000|100%| O|  |TAMS 0x0000000087c00000, 0x0000000087b00000| Untracked 
| 124|0x0000000087c00000, 0x0000000087d00000, 0x0000000087d00000|100%| O|  |TAMS 0x0000000087d00000, 0x0000000087c00000| Untracked 
| 125|0x0000000087d00000, 0x0000000087e00000, 0x0000000087e00000|100%| O|  |TAMS 0x0000000087e00000, 0x0000000087d00000| Untracked 
| 126|0x0000000087e00000, 0x0000000087f00000, 0x0000000087f00000|100%| O|  |TAMS 0x0000000087f00000, 0x0000000087e00000| Untracked 
| 127|0x0000000087f00000, 0x0000000088000000, 0x0000000088000000|100%| O|  |TAMS 0x0000000088000000, 0x0000000087f00000| Untracked 
| 128|0x0000000088000000, 0x0000000088100000, 0x0000000088100000|100%|HS|  |TAMS 0x0000000088100000, 0x0000000088000000| Complete 
| 129|0x0000000088100000, 0x0000000088200000, 0x0000000088200000|100%|HC|  |TAMS 0x0000000088200000, 0x0000000088100000| Complete 
| 130|0x0000000088200000, 0x0000000088300000, 0x0000000088300000|100%|HC|  |TAMS 0x0000000088300000, 0x0000000088200000| Complete 
| 131|0x0000000088300000, 0x0000000088400000, 0x0000000088400000|100%|HS|  |TAMS 0x0000000088400000, 0x0000000088300000| Complete 
| 132|0x0000000088400000, 0x0000000088500000, 0x0000000088500000|100%|HC|  |TAMS 0x0000000088500000, 0x0000000088400000| Complete 
| 133|0x0000000088500000, 0x0000000088600000, 0x0000000088600000|100%| O|  |TAMS 0x0000000088600000, 0x0000000088500000| Untracked 
| 134|0x0000000088600000, 0x0000000088700000, 0x0000000088700000|100%| O|  |TAMS 0x0000000088700000, 0x0000000088600000| Untracked 
| 135|0x0000000088700000, 0x0000000088800000, 0x0000000088800000|100%| O|  |TAMS 0x0000000088800000, 0x0000000088700000| Untracked 
| 136|0x0000000088800000, 0x0000000088900000, 0x0000000088900000|100%| O|  |TAMS 0x0000000088900000, 0x0000000088800000| Untracked 
| 137|0x0000000088900000, 0x0000000088a00000, 0x0000000088a00000|100%| O|  |TAMS 0x0000000088a00000, 0x0000000088900000| Untracked 
| 138|0x0000000088a00000, 0x0000000088b00000, 0x0000000088b00000|100%| O|  |TAMS 0x0000000088b00000, 0x0000000088a00000| Untracked 
| 139|0x0000000088b00000, 0x0000000088c00000, 0x0000000088c00000|100%| O|  |TAMS 0x0000000088c00000, 0x0000000088b00000| Untracked 
| 140|0x0000000088c00000, 0x0000000088c00000, 0x0000000088d00000|  0%| F|  |TAMS 0x0000000088c00000, 0x0000000088c00000| Untracked 
| 141|0x0000000088d00000, 0x0000000088e00000, 0x0000000088e00000|100%|HS|  |TAMS 0x0000000088e00000, 0x0000000088d00000| Complete 
| 142|0x0000000088e00000, 0x0000000088f00000, 0x0000000088f00000|100%|HC|  |TAMS 0x0000000088f00000, 0x0000000088e00000| Complete 
| 143|0x0000000088f00000, 0x0000000089000000, 0x0000000089000000|100%| O|  |TAMS 0x0000000089000000, 0x0000000088f00000| Untracked 
| 144|0x0000000089000000, 0x0000000089100000, 0x0000000089100000|100%| O|  |TAMS 0x0000000089100000, 0x0000000089000000| Untracked 
| 145|0x0000000089100000, 0x0000000089200000, 0x0000000089200000|100%| O|  |TAMS 0x0000000089200000, 0x0000000089100000| Untracked 
| 146|0x0000000089200000, 0x0000000089300000, 0x0000000089300000|100%| O|  |TAMS 0x0000000089300000, 0x0000000089200000| Untracked 
| 147|0x0000000089300000, 0x0000000089400000, 0x0000000089400000|100%|HS|  |TAMS 0x0000000089400000, 0x0000000089300000| Complete 
| 148|0x0000000089400000, 0x0000000089500000, 0x0000000089500000|100%|HS|  |TAMS 0x0000000089500000, 0x0000000089400000| Complete 
| 149|0x0000000089500000, 0x0000000089600000, 0x0000000089600000|100%| O|  |TAMS 0x0000000089600000, 0x0000000089500000| Untracked 
| 150|0x0000000089600000, 0x0000000089700000, 0x0000000089700000|100%|HS|  |TAMS 0x0000000089700000, 0x0000000089600000| Complete 
| 151|0x0000000089700000, 0x0000000089800000, 0x0000000089800000|100%|HS|  |TAMS 0x0000000089800000, 0x0000000089700000| Complete 
| 152|0x0000000089800000, 0x0000000089900000, 0x0000000089900000|100%|HC|  |TAMS 0x0000000089900000, 0x0000000089800000| Complete 
| 153|0x0000000089900000, 0x0000000089a00000, 0x0000000089a00000|100%|HC|  |TAMS 0x0000000089a00000, 0x0000000089900000| Complete 
| 154|0x0000000089a00000, 0x0000000089b00000, 0x0000000089b00000|100%| O|  |TAMS 0x0000000089b00000, 0x0000000089a00000| Untracked 
| 155|0x0000000089b00000, 0x0000000089c00000, 0x0000000089c00000|100%| O|  |TAMS 0x0000000089c00000, 0x0000000089b00000| Untracked 
| 156|0x0000000089c00000, 0x0000000089c00000, 0x0000000089d00000|  0%| F|  |TAMS 0x0000000089c00000, 0x0000000089c00000| Untracked 
| 157|0x0000000089d00000, 0x0000000089e00000, 0x0000000089e00000|100%| O|  |TAMS 0x0000000089e00000, 0x0000000089d00000| Untracked 
| 158|0x0000000089e00000, 0x0000000089f00000, 0x0000000089f00000|100%| O|  |TAMS 0x0000000089f00000, 0x0000000089e00000| Untracked 
| 159|0x0000000089f00000, 0x000000008a000000, 0x000000008a000000|100%| O|  |TAMS 0x000000008a000000, 0x0000000089f00000| Untracked 
| 160|0x000000008a000000, 0x000000008a100000, 0x000000008a100000|100%| O|  |TAMS 0x000000008a100000, 0x000000008a000000| Untracked 
| 161|0x000000008a100000, 0x000000008a200000, 0x000000008a200000|100%| O|  |TAMS 0x000000008a200000, 0x000000008a100000| Untracked 
| 162|0x000000008a200000, 0x000000008a300000, 0x000000008a300000|100%| O|  |TAMS 0x000000008a300000, 0x000000008a200000| Untracked 
| 163|0x000000008a300000, 0x000000008a400000, 0x000000008a400000|100%| O|  |TAMS 0x000000008a400000, 0x000000008a300000| Untracked 
| 164|0x000000008a400000, 0x000000008a500000, 0x000000008a500000|100%| O|  |TAMS 0x000000008a500000, 0x000000008a400000| Untracked 
| 165|0x000000008a500000, 0x000000008a600000, 0x000000008a600000|100%| O|  |TAMS 0x000000008a600000, 0x000000008a500000| Untracked 
| 166|0x000000008a600000, 0x000000008a700000, 0x000000008a700000|100%| O|  |TAMS 0x000000008a700000, 0x000000008a600000| Untracked 
| 167|0x000000008a700000, 0x000000008a800000, 0x000000008a800000|100%| O|  |TAMS 0x000000008a737c00, 0x000000008a700000| Untracked 
| 168|0x000000008a800000, 0x000000008a900000, 0x000000008a900000|100%| O|  |TAMS 0x000000008a800000, 0x000000008a800000| Untracked 
| 169|0x000000008a900000, 0x000000008aa00000, 0x000000008aa00000|100%| O|  |TAMS 0x000000008a900000, 0x000000008a900000| Untracked 
| 170|0x000000008aa00000, 0x000000008ab00000, 0x000000008ab00000|100%| O|  |TAMS 0x000000008aa00000, 0x000000008aa00000| Untracked 
| 171|0x000000008ab00000, 0x000000008ac00000, 0x000000008ac00000|100%| O|  |TAMS 0x000000008ab00000, 0x000000008ab00000| Untracked 
| 172|0x000000008ac00000, 0x000000008ad00000, 0x000000008ad00000|100%| O|  |TAMS 0x000000008ac00000, 0x000000008ac00000| Untracked 
| 173|0x000000008ad00000, 0x000000008ae00000, 0x000000008ae00000|100%|HS|  |TAMS 0x000000008ad00000, 0x000000008ad00000| Complete 
| 174|0x000000008ae00000, 0x000000008af00000, 0x000000008af00000|100%|HC|  |TAMS 0x000000008ae00000, 0x000000008ae00000| Complete 
| 175|0x000000008af00000, 0x000000008b000000, 0x000000008b000000|100%|HS|  |TAMS 0x000000008af00000, 0x000000008af00000| Complete 
| 176|0x000000008b000000, 0x000000008b100000, 0x000000008b100000|100%|HS|  |TAMS 0x000000008b000000, 0x000000008b000000| Complete 
| 177|0x000000008b100000, 0x000000008b200000, 0x000000008b200000|100%| O|  |TAMS 0x000000008b100000, 0x000000008b100000| Untracked 
| 178|0x000000008b200000, 0x000000008b300000, 0x000000008b300000|100%| O|  |TAMS 0x000000008b200000, 0x000000008b200000| Untracked 
| 179|0x000000008b300000, 0x000000008b400000, 0x000000008b400000|100%| O|  |TAMS 0x000000008b300000, 0x000000008b300000| Untracked 
| 180|0x000000008b400000, 0x000000008b500000, 0x000000008b500000|100%| O|  |TAMS 0x000000008b400000, 0x000000008b400000| Untracked 
| 181|0x000000008b500000, 0x000000008b600000, 0x000000008b600000|100%| O|  |TAMS 0x000000008b500000, 0x000000008b500000| Untracked 
| 182|0x000000008b600000, 0x000000008b700000, 0x000000008b700000|100%| O|  |TAMS 0x000000008b600000, 0x000000008b600000| Untracked 
| 183|0x000000008b700000, 0x000000008b800000, 0x000000008b800000|100%| O|  |TAMS 0x000000008b700000, 0x000000008b700000| Untracked 
| 184|0x000000008b800000, 0x000000008b900000, 0x000000008b900000|100%| O|  |TAMS 0x000000008b800000, 0x000000008b800000| Untracked 
| 185|0x000000008b900000, 0x000000008ba00000, 0x000000008ba00000|100%| O|  |TAMS 0x000000008b900000, 0x000000008b900000| Untracked 
| 186|0x000000008ba00000, 0x000000008ba23000, 0x000000008bb00000| 13%| O|  |TAMS 0x000000008ba00000, 0x000000008ba00000| Untracked 
| 187|0x000000008bb00000, 0x000000008bb00000, 0x000000008bc00000|  0%| F|  |TAMS 0x000000008bb00000, 0x000000008bb00000| Untracked 
| 188|0x000000008bc00000, 0x000000008bc00000, 0x000000008bd00000|  0%| F|  |TAMS 0x000000008bc00000, 0x000000008bc00000| Untracked 
| 189|0x000000008bd00000, 0x000000008bd00000, 0x000000008be00000|  0%| F|  |TAMS 0x000000008bd00000, 0x000000008bd00000| Untracked 
| 190|0x000000008be00000, 0x000000008be00000, 0x000000008bf00000|  0%| F|  |TAMS 0x000000008be00000, 0x000000008be00000| Untracked 
| 191|0x000000008bf00000, 0x000000008bf00000, 0x000000008c000000|  0%| F|  |TAMS 0x000000008bf00000, 0x000000008bf00000| Untracked 
| 192|0x000000008c000000, 0x000000008c000000, 0x000000008c100000|  0%| F|  |TAMS 0x000000008c000000, 0x000000008c000000| Untracked 
| 193|0x000000008c100000, 0x000000008c100000, 0x000000008c200000|  0%| F|  |TAMS 0x000000008c100000, 0x000000008c100000| Untracked 
| 194|0x000000008c200000, 0x000000008c200000, 0x000000008c300000|  0%| F|  |TAMS 0x000000008c200000, 0x000000008c200000| Untracked 
| 195|0x000000008c300000, 0x000000008c300000, 0x000000008c400000|  0%| F|  |TAMS 0x000000008c300000, 0x000000008c300000| Untracked 
| 196|0x000000008c400000, 0x000000008c400000, 0x000000008c500000|  0%| F|  |TAMS 0x000000008c400000, 0x000000008c400000| Untracked 
| 197|0x000000008c500000, 0x000000008c500000, 0x000000008c600000|  0%| F|  |TAMS 0x000000008c500000, 0x000000008c500000| Untracked 
| 198|0x000000008c600000, 0x000000008c600000, 0x000000008c700000|  0%| F|  |TAMS 0x000000008c600000, 0x000000008c600000| Untracked 
| 199|0x000000008c700000, 0x000000008c700000, 0x000000008c800000|  0%| F|  |TAMS 0x000000008c700000, 0x000000008c700000| Untracked 
| 200|0x000000008c800000, 0x000000008c800000, 0x000000008c900000|  0%| F|  |TAMS 0x000000008c800000, 0x000000008c800000| Untracked 
| 201|0x000000008c900000, 0x000000008c900000, 0x000000008ca00000|  0%| F|  |TAMS 0x000000008c900000, 0x000000008c900000| Untracked 
| 202|0x000000008ca00000, 0x000000008ca00000, 0x000000008cb00000|  0%| F|  |TAMS 0x000000008ca00000, 0x000000008ca00000| Untracked 
| 203|0x000000008cb00000, 0x000000008cb00000, 0x000000008cc00000|  0%| F|  |TAMS 0x000000008cb00000, 0x000000008cb00000| Untracked 
| 204|0x000000008cc00000, 0x000000008cc00000, 0x000000008cd00000|  0%| F|  |TAMS 0x000000008cc00000, 0x000000008cc00000| Untracked 
| 205|0x000000008cd00000, 0x000000008cd00000, 0x000000008ce00000|  0%| F|  |TAMS 0x000000008cd00000, 0x000000008cd00000| Untracked 
| 206|0x000000008ce00000, 0x000000008ce00000, 0x000000008cf00000|  0%| F|  |TAMS 0x000000008ce00000, 0x000000008ce00000| Untracked 
| 207|0x000000008cf00000, 0x000000008cf00000, 0x000000008d000000|  0%| F|  |TAMS 0x000000008cf00000, 0x000000008cf00000| Untracked 
| 208|0x000000008d000000, 0x000000008d000000, 0x000000008d100000|  0%| F|  |TAMS 0x000000008d000000, 0x000000008d000000| Untracked 
| 209|0x000000008d100000, 0x000000008d100000, 0x000000008d200000|  0%| F|  |TAMS 0x000000008d100000, 0x000000008d100000| Untracked 
| 210|0x000000008d200000, 0x000000008d200000, 0x000000008d300000|  0%| F|  |TAMS 0x000000008d200000, 0x000000008d200000| Untracked 
| 211|0x000000008d300000, 0x000000008d300000, 0x000000008d400000|  0%| F|  |TAMS 0x000000008d300000, 0x000000008d300000| Untracked 
| 212|0x000000008d400000, 0x000000008d400000, 0x000000008d500000|  0%| F|  |TAMS 0x000000008d400000, 0x000000008d400000| Untracked 
| 213|0x000000008d500000, 0x000000008d500000, 0x000000008d600000|  0%| F|  |TAMS 0x000000008d500000, 0x000000008d500000| Untracked 
| 214|0x000000008d600000, 0x000000008d600000, 0x000000008d700000|  0%| F|  |TAMS 0x000000008d600000, 0x000000008d600000| Untracked 
| 215|0x000000008d700000, 0x000000008d700000, 0x000000008d800000|  0%| F|  |TAMS 0x000000008d700000, 0x000000008d700000| Untracked 
| 216|0x000000008d800000, 0x000000008d800000, 0x000000008d900000|  0%| F|  |TAMS 0x000000008d800000, 0x000000008d800000| Untracked 
| 217|0x000000008d900000, 0x000000008d900000, 0x000000008da00000|  0%| F|  |TAMS 0x000000008d900000, 0x000000008d900000| Untracked 
| 218|0x000000008da00000, 0x000000008da00000, 0x000000008db00000|  0%| F|  |TAMS 0x000000008da00000, 0x000000008da00000| Untracked 
| 219|0x000000008db00000, 0x000000008db00000, 0x000000008dc00000|  0%| F|  |TAMS 0x000000008db00000, 0x000000008db00000| Untracked 
| 220|0x000000008dc00000, 0x000000008dc00000, 0x000000008dd00000|  0%| F|  |TAMS 0x000000008dc00000, 0x000000008dc00000| Untracked 
| 221|0x000000008dd00000, 0x000000008dd00000, 0x000000008de00000|  0%| F|  |TAMS 0x000000008dd00000, 0x000000008dd00000| Untracked 
| 222|0x000000008de00000, 0x000000008de00000, 0x000000008df00000|  0%| F|  |TAMS 0x000000008de00000, 0x000000008de00000| Untracked 
| 223|0x000000008df00000, 0x000000008df00000, 0x000000008e000000|  0%| F|  |TAMS 0x000000008df00000, 0x000000008df00000| Untracked 
| 224|0x000000008e000000, 0x000000008e000000, 0x000000008e100000|  0%| F|  |TAMS 0x000000008e000000, 0x000000008e000000| Untracked 
| 225|0x000000008e100000, 0x000000008e100000, 0x000000008e200000|  0%| F|  |TAMS 0x000000008e100000, 0x000000008e100000| Untracked 
| 226|0x000000008e200000, 0x000000008e200000, 0x000000008e300000|  0%| F|  |TAMS 0x000000008e200000, 0x000000008e200000| Untracked 
| 227|0x000000008e300000, 0x000000008e300000, 0x000000008e400000|  0%| F|  |TAMS 0x000000008e300000, 0x000000008e300000| Untracked 
| 228|0x000000008e400000, 0x000000008e400000, 0x000000008e500000|  0%| F|  |TAMS 0x000000008e400000, 0x000000008e400000| Untracked 
| 229|0x000000008e500000, 0x000000008e500000, 0x000000008e600000|  0%| F|  |TAMS 0x000000008e500000, 0x000000008e500000| Untracked 
| 230|0x000000008e600000, 0x000000008e600000, 0x000000008e700000|  0%| F|  |TAMS 0x000000008e600000, 0x000000008e600000| Untracked 
| 231|0x000000008e700000, 0x000000008e700000, 0x000000008e800000|  0%| F|  |TAMS 0x000000008e700000, 0x000000008e700000| Untracked 
| 232|0x000000008e800000, 0x000000008e800000, 0x000000008e900000|  0%| F|  |TAMS 0x000000008e800000, 0x000000008e800000| Untracked 
| 233|0x000000008e900000, 0x000000008e900000, 0x000000008ea00000|  0%| F|  |TAMS 0x000000008e900000, 0x000000008e900000| Untracked 
| 234|0x000000008ea00000, 0x000000008ea00000, 0x000000008eb00000|  0%| F|  |TAMS 0x000000008ea00000, 0x000000008ea00000| Untracked 
| 235|0x000000008eb00000, 0x000000008eb00000, 0x000000008ec00000|  0%| F|  |TAMS 0x000000008eb00000, 0x000000008eb00000| Untracked 
| 236|0x000000008ec00000, 0x000000008ec00000, 0x000000008ed00000|  0%| F|  |TAMS 0x000000008ec00000, 0x000000008ec00000| Untracked 
| 237|0x000000008ed00000, 0x000000008ed00000, 0x000000008ee00000|  0%| F|  |TAMS 0x000000008ed00000, 0x000000008ed00000| Untracked 
| 238|0x000000008ee00000, 0x000000008ee00000, 0x000000008ef00000|  0%| F|  |TAMS 0x000000008ee00000, 0x000000008ee00000| Untracked 
| 239|0x000000008ef00000, 0x000000008ef00000, 0x000000008f000000|  0%| F|  |TAMS 0x000000008ef00000, 0x000000008ef00000| Untracked 
| 240|0x000000008f000000, 0x000000008f000000, 0x000000008f100000|  0%| F|  |TAMS 0x000000008f000000, 0x000000008f000000| Untracked 
| 241|0x000000008f100000, 0x000000008f100000, 0x000000008f200000|  0%| F|  |TAMS 0x000000008f100000, 0x000000008f100000| Untracked 
| 242|0x000000008f200000, 0x000000008f200000, 0x000000008f300000|  0%| F|  |TAMS 0x000000008f200000, 0x000000008f200000| Untracked 
| 243|0x000000008f300000, 0x000000008f300000, 0x000000008f400000|  0%| F|  |TAMS 0x000000008f300000, 0x000000008f300000| Untracked 
| 244|0x000000008f400000, 0x000000008f400000, 0x000000008f500000|  0%| F|  |TAMS 0x000000008f400000, 0x000000008f400000| Untracked 
| 245|0x000000008f500000, 0x000000008f500000, 0x000000008f600000|  0%| F|  |TAMS 0x000000008f500000, 0x000000008f500000| Untracked 
| 246|0x000000008f600000, 0x000000008f600000, 0x000000008f700000|  0%| F|  |TAMS 0x000000008f600000, 0x000000008f600000| Untracked 
| 247|0x000000008f700000, 0x000000008f700000, 0x000000008f800000|  0%| F|  |TAMS 0x000000008f700000, 0x000000008f700000| Untracked 
| 248|0x000000008f800000, 0x000000008f800000, 0x000000008f900000|  0%| F|  |TAMS 0x000000008f800000, 0x000000008f800000| Untracked 
| 249|0x000000008f900000, 0x000000008f900000, 0x000000008fa00000|  0%| F|  |TAMS 0x000000008f900000, 0x000000008f900000| Untracked 
| 250|0x000000008fa00000, 0x000000008fa00000, 0x000000008fb00000|  0%| F|  |TAMS 0x000000008fa00000, 0x000000008fa00000| Untracked 
| 251|0x000000008fb00000, 0x000000008fb00000, 0x000000008fc00000|  0%| F|  |TAMS 0x000000008fb00000, 0x000000008fb00000| Untracked 
| 252|0x000000008fc00000, 0x000000008fc00000, 0x000000008fd00000|  0%| F|  |TAMS 0x000000008fc00000, 0x000000008fc00000| Untracked 
| 253|0x000000008fd00000, 0x000000008fd00000, 0x000000008fe00000|  0%| F|  |TAMS 0x000000008fd00000, 0x000000008fd00000| Untracked 
| 254|0x000000008fe00000, 0x000000008fe00000, 0x000000008ff00000|  0%| F|  |TAMS 0x000000008fe00000, 0x000000008fe00000| Untracked 
| 255|0x000000008ff00000, 0x000000008ff00000, 0x0000000090000000|  0%| F|  |TAMS 0x000000008ff00000, 0x000000008ff00000| Untracked 
| 256|0x0000000090000000, 0x0000000090000000, 0x0000000090100000|  0%| F|  |TAMS 0x0000000090000000, 0x0000000090000000| Untracked 
| 257|0x0000000090100000, 0x0000000090100000, 0x0000000090200000|  0%| F|  |TAMS 0x0000000090100000, 0x0000000090100000| Untracked 
| 258|0x0000000090200000, 0x0000000090200000, 0x0000000090300000|  0%| F|  |TAMS 0x0000000090200000, 0x0000000090200000| Untracked 
| 259|0x0000000090300000, 0x0000000090300000, 0x0000000090400000|  0%| F|  |TAMS 0x0000000090300000, 0x0000000090300000| Untracked 
| 260|0x0000000090400000, 0x0000000090400000, 0x0000000090500000|  0%| F|  |TAMS 0x0000000090400000, 0x0000000090400000| Untracked 
| 261|0x0000000090500000, 0x0000000090500000, 0x0000000090600000|  0%| F|  |TAMS 0x0000000090500000, 0x0000000090500000| Untracked 
| 262|0x0000000090600000, 0x0000000090600000, 0x0000000090700000|  0%| F|  |TAMS 0x0000000090600000, 0x0000000090600000| Untracked 
| 263|0x0000000090700000, 0x0000000090700000, 0x0000000090800000|  0%| F|  |TAMS 0x0000000090700000, 0x0000000090700000| Untracked 
| 264|0x0000000090800000, 0x0000000090800000, 0x0000000090900000|  0%| F|  |TAMS 0x0000000090800000, 0x0000000090800000| Untracked 
| 265|0x0000000090900000, 0x0000000090900000, 0x0000000090a00000|  0%| F|  |TAMS 0x0000000090900000, 0x0000000090900000| Untracked 
| 266|0x0000000090a00000, 0x0000000090a00000, 0x0000000090b00000|  0%| F|  |TAMS 0x0000000090a00000, 0x0000000090a00000| Untracked 
| 267|0x0000000090b00000, 0x0000000090b00000, 0x0000000090c00000|  0%| F|  |TAMS 0x0000000090b00000, 0x0000000090b00000| Untracked 
| 268|0x0000000090c00000, 0x0000000090c00000, 0x0000000090d00000|  0%| F|  |TAMS 0x0000000090c00000, 0x0000000090c00000| Untracked 
| 269|0x0000000090d00000, 0x0000000090d84a68, 0x0000000090e00000| 51%| E|  |TAMS 0x0000000090d00000, 0x0000000090d00000| Complete 
| 270|0x0000000090e00000, 0x0000000090f00000, 0x0000000090f00000|100%| E|CS|TAMS 0x0000000090e00000, 0x0000000090e00000| Complete 
| 271|0x0000000090f00000, 0x0000000091000000, 0x0000000091000000|100%| E|CS|TAMS 0x0000000090f00000, 0x0000000090f00000| Complete 
| 272|0x0000000091000000, 0x0000000091100000, 0x0000000091100000|100%| E|CS|TAMS 0x0000000091000000, 0x0000000091000000| Complete 
| 273|0x0000000091100000, 0x0000000091200000, 0x0000000091200000|100%| E|CS|TAMS 0x0000000091100000, 0x0000000091100000| Complete 
| 274|0x0000000091200000, 0x0000000091300000, 0x0000000091300000|100%| E|CS|TAMS 0x0000000091200000, 0x0000000091200000| Complete 
| 275|0x0000000091300000, 0x0000000091400000, 0x0000000091400000|100%| E|CS|TAMS 0x0000000091300000, 0x0000000091300000| Complete 
| 276|0x0000000091400000, 0x0000000091500000, 0x0000000091500000|100%| E|CS|TAMS 0x0000000091400000, 0x0000000091400000| Complete 
| 277|0x0000000091500000, 0x0000000091600000, 0x0000000091600000|100%| E|CS|TAMS 0x0000000091500000, 0x0000000091500000| Complete 
| 278|0x0000000091600000, 0x0000000091700000, 0x0000000091700000|100%| E|CS|TAMS 0x0000000091600000, 0x0000000091600000| Complete 
| 279|0x0000000091700000, 0x0000000091800000, 0x0000000091800000|100%| E|CS|TAMS 0x0000000091700000, 0x0000000091700000| Complete 
| 280|0x0000000091800000, 0x0000000091900000, 0x0000000091900000|100%| E|CS|TAMS 0x0000000091800000, 0x0000000091800000| Complete 
| 281|0x0000000091900000, 0x0000000091a00000, 0x0000000091a00000|100%| E|CS|TAMS 0x0000000091900000, 0x0000000091900000| Complete 
| 282|0x0000000091a00000, 0x0000000091b00000, 0x0000000091b00000|100%| E|CS|TAMS 0x0000000091a00000, 0x0000000091a00000| Complete 
| 283|0x0000000091b00000, 0x0000000091c00000, 0x0000000091c00000|100%| E|CS|TAMS 0x0000000091b00000, 0x0000000091b00000| Complete 
| 284|0x0000000091c00000, 0x0000000091d00000, 0x0000000091d00000|100%| E|CS|TAMS 0x0000000091c00000, 0x0000000091c00000| Complete 
| 285|0x0000000091d00000, 0x0000000091e00000, 0x0000000091e00000|100%| E|CS|TAMS 0x0000000091d00000, 0x0000000091d00000| Complete 
| 286|0x0000000091e00000, 0x0000000091f00000, 0x0000000091f00000|100%| E|CS|TAMS 0x0000000091e00000, 0x0000000091e00000| Complete 
| 287|0x0000000091f00000, 0x0000000092000000, 0x0000000092000000|100%| E|CS|TAMS 0x0000000091f00000, 0x0000000091f00000| Complete 
| 288|0x0000000092000000, 0x0000000092100000, 0x0000000092100000|100%| E|CS|TAMS 0x0000000092000000, 0x0000000092000000| Complete 
| 289|0x0000000092100000, 0x0000000092200000, 0x0000000092200000|100%| E|CS|TAMS 0x0000000092100000, 0x0000000092100000| Complete 
| 290|0x0000000092200000, 0x0000000092300000, 0x0000000092300000|100%| E|CS|TAMS 0x0000000092200000, 0x0000000092200000| Complete 
| 291|0x0000000092300000, 0x0000000092400000, 0x0000000092400000|100%| E|CS|TAMS 0x0000000092300000, 0x0000000092300000| Complete 
| 292|0x0000000092400000, 0x000000009241f5c0, 0x0000000092500000| 12%| S|CS|TAMS 0x0000000092400000, 0x0000000092400000| Complete 
| 293|0x0000000092500000, 0x0000000092600000, 0x0000000092600000|100%| S|CS|TAMS 0x0000000092500000, 0x0000000092500000| Complete 
| 294|0x0000000092600000, 0x0000000092700000, 0x0000000092700000|100%| E|CS|TAMS 0x0000000092600000, 0x0000000092600000| Complete 
| 295|0x0000000092700000, 0x0000000092800000, 0x0000000092800000|100%| E|CS|TAMS 0x0000000092700000, 0x0000000092700000| Complete 
| 296|0x0000000092800000, 0x0000000092900000, 0x0000000092900000|100%| E|CS|TAMS 0x0000000092800000, 0x0000000092800000| Complete 
| 297|0x0000000092900000, 0x0000000092a00000, 0x0000000092a00000|100%| E|CS|TAMS 0x0000000092900000, 0x0000000092900000| Complete 
| 298|0x0000000092a00000, 0x0000000092b00000, 0x0000000092b00000|100%| E|CS|TAMS 0x0000000092a00000, 0x0000000092a00000| Complete 
| 299|0x0000000092b00000, 0x0000000092c00000, 0x0000000092c00000|100%| E|CS|TAMS 0x0000000092b00000, 0x0000000092b00000| Complete 
| 300|0x0000000092c00000, 0x0000000092d00000, 0x0000000092d00000|100%| E|CS|TAMS 0x0000000092c00000, 0x0000000092c00000| Complete 
| 301|0x0000000092d00000, 0x0000000092e00000, 0x0000000092e00000|100%| E|CS|TAMS 0x0000000092d00000, 0x0000000092d00000| Complete 
| 302|0x0000000092e00000, 0x0000000092f00000, 0x0000000092f00000|100%| E|CS|TAMS 0x0000000092e00000, 0x0000000092e00000| Complete 
| 303|0x0000000092f00000, 0x0000000093000000, 0x0000000093000000|100%| E|CS|TAMS 0x0000000092f00000, 0x0000000092f00000| Complete 

Card table byte_map: [0x0000020e55dd0000,0x0000020e561d0000] _byte_map_base: 0x0000020e559d0000

Marking Bits (Prev, Next): (CMBitMap*) 0x0000020e3f174d70, (CMBitMap*) 0x0000020e3f174db0
 Prev Bits: [0x0000020e565d0000, 0x0000020e585d0000)
 Next Bits: [0x0000020e585d0000, 0x0000020e5a5d0000)

Polling page: 0x0000020e3e8f0000

Metaspace:

Usage:
  Non-class:     76.57 MB used.
      Class:     12.27 MB used.
       Both:     88.84 MB used.

Virtual space:
  Non-class space:      128.00 MB reserved,      77.31 MB ( 60%) committed,  2 nodes.
      Class space:      416.00 MB reserved,      12.88 MB (  3%) committed,  1 nodes.
             Both:      544.00 MB reserved,      90.19 MB ( 17%) committed. 

Chunk freelists:
   Non-Class:  2.32 MB
       Class:  3.16 MB
        Both:  5.47 MB

MaxMetaspaceSize: 512.00 MB
CompressedClassSpaceSize: 416.00 MB
Initial GC threshold: 21.00 MB
Current GC threshold: 149.31 MB
CDS: on
MetaspaceReclaimPolicy: balanced
 - commit_granule_bytes: 65536.
 - commit_granule_words: 8192.
 - virtual_space_node_default_size: 8388608.
 - enlarge_chunks_in_place: 1.
 - new_chunks_are_fully_committed: 0.
 - uncommit_free_chunks: 1.
 - use_allocation_guard: 0.
 - handle_deallocations: 1.


Internal statistics:

num_allocs_failed_limit: 6.
num_arena_births: 1458.
num_arena_deaths: 0.
num_vsnodes_births: 3.
num_vsnodes_deaths: 0.
num_space_committed: 1443.
num_space_uncommitted: 0.
num_chunks_returned_to_freelist: 6.
num_chunks_taken_from_freelist: 5535.
num_chunk_merges: 6.
num_chunk_splits: 3564.
num_chunks_enlarged: 2215.
num_inconsistent_stats: 0.

CodeHeap 'non-profiled nmethods': size=120000Kb used=8858Kb max_used=8858Kb free=111142Kb
 bounds [0x0000020e4e4a0000, 0x0000020e4ed50000, 0x0000020e559d0000]
CodeHeap 'profiled nmethods': size=120000Kb used=23874Kb max_used=23874Kb free=96125Kb
 bounds [0x0000020e469d0000, 0x0000020e48130000, 0x0000020e4df00000]
CodeHeap 'non-nmethods': size=5760Kb used=2396Kb max_used=2496Kb free=3363Kb
 bounds [0x0000020e4df00000, 0x0000020e4e180000, 0x0000020e4e4a0000]
 total_blobs=13092 nmethods=12159 adapters=845
 compilation: enabled
              stopped_count=0, restarted_count=0
 full_count=0

Compilation events (20 events):
Event: 1372.758 Thread 0x0000020e5cae3a30 14228       3       java.util.ArrayDeque::circularClear (43 bytes)
Event: 1372.759 Thread 0x0000020e5cae3a30 nmethod 14228 0x0000020e48121790 code [0x0000020e48121960, 0x0000020e48121db8]
Event: 1372.759 Thread 0x0000020e5cae3a30 14227       3       java.util.ArrayDeque::clear (26 bytes)
Event: 1372.760 Thread 0x0000020e5cae3a30 nmethod 14227 0x0000020e46d2b190 code [0x0000020e46d2b320, 0x0000020e46d2b488]
Event: 1372.760 Thread 0x0000020e5cae3a30 14229       3       java.util.ArrayDeque$$Lambda$582/0x0000020e5e4e0be0::accept (9 bytes)
Event: 1372.760 Thread 0x0000020e5cae3a30 nmethod 14229 0x0000020e48121f90 code [0x0000020e48122140, 0x0000020e481222a8]
Event: 1372.767 Thread 0x0000020e5ca775a0 nmethod 14226 0x0000020e4ed40510 code [0x0000020e4ed406c0, 0x0000020e4ed40aa8]
Event: 1372.773 Thread 0x0000020e5cae3a30 14230       1       org.gradle.execution.plan.Node::getIndex (5 bytes)
Event: 1372.773 Thread 0x0000020e5cae3a30 nmethod 14230 0x0000020e4ed40d90 code [0x0000020e4ed40f20, 0x0000020e4ed40ff8]
Event: 1372.773 Thread 0x0000020e5cae3a30 14231       1       org.gradle.invocation.DefaultGradle::getServices (5 bytes)
Event: 1372.773 Thread 0x0000020e5cae3a30 nmethod 14231 0x0000020e4ed41090 code [0x0000020e4ed41220, 0x0000020e4ed412f8]
Event: 1372.979 Thread 0x0000020e5ca775a0 14232       4       org.gradle.internal.logging.text.AbstractLineChoppingStyledTextOutput::doAppend (43 bytes)
Event: 1373.015 Thread 0x0000020e5cae3a30 14234       3       org.gradle.api.internal.file.CompositeFileCollection::<init> (6 bytes)
Event: 1373.016 Thread 0x0000020e5cae3a30 nmethod 14234 0x0000020e48122390 code [0x0000020e48122540, 0x0000020e48122898]
Event: 1373.017 Thread 0x0000020e5cae3a30 14235       3       java.lang.Class::asSubclass (22 bytes)
Event: 1373.018 Thread 0x0000020e5cae3a30 nmethod 14235 0x0000020e48122a10 code [0x0000020e48122be0, 0x0000020e48122e68]
Event: 1373.054 Thread 0x0000020e5cae3a30 14236       1       org.gradle.internal.ImmutableActionSet$SetWithFewActions::isEmpty (2 bytes)
Event: 1373.054 Thread 0x0000020e5cae3a30 nmethod 14236 0x0000020e4ed41390 code [0x0000020e4ed41520, 0x0000020e4ed415f8]
Event: 1373.368 Thread 0x0000020e5ca775a0 nmethod 14232 0x0000020e4ed41690 code [0x0000020e4ed41a20, 0x0000020e4ed44e20]
Event: 1373.368 Thread 0x0000020e5ca775a0 14233       4       org.gradle.internal.logging.sink.OutputEventTransformer::onOutput (399 bytes)

GC Heap History (20 events):
Event: 1112.910 GC heap before
{Heap before GC invocations=67 (full 0):
 garbage-first heap   total 224256K, used 149395K [0x0000000080000000, 0x0000000100000000)
  region size 1024K, 10 young (10240K), 3 survivors (3072K)
 Metaspace       used 85468K, committed 86528K, reserved 557056K
  class space    used 11827K, committed 12288K, reserved 425984K
}
Event: 1112.930 GC heap after
{Heap after GC invocations=68 (full 0):
 garbage-first heap   total 224256K, used 143589K [0x0000000080000000, 0x0000000100000000)
  region size 1024K, 2 young (2048K), 2 survivors (2048K)
 Metaspace       used 85468K, committed 86528K, reserved 557056K
  class space    used 11827K, committed 12288K, reserved 425984K
}
Event: 1178.487 GC heap before
{Heap before GC invocations=68 (full 0):
 garbage-first heap   total 224256K, used 178405K [0x0000000080000000, 0x0000000100000000)
  region size 1024K, 35 young (35840K), 2 survivors (2048K)
 Metaspace       used 85626K, committed 86720K, reserved 557056K
  class space    used 11851K, committed 12352K, reserved 425984K
}
Event: 1178.549 GC heap after
{Heap after GC invocations=69 (full 0):
 garbage-first heap   total 224256K, used 150362K [0x0000000080000000, 0x0000000100000000)
  region size 1024K, 5 young (5120K), 5 survivors (5120K)
 Metaspace       used 85626K, committed 86720K, reserved 557056K
  class space    used 11851K, committed 12352K, reserved 425984K
}
Event: 1188.931 GC heap before
{Heap before GC invocations=69 (full 0):
 garbage-first heap   total 224256K, used 161626K [0x0000000080000000, 0x0000000100000000)
  region size 1024K, 18 young (18432K), 5 survivors (5120K)
 Metaspace       used 85689K, committed 86784K, reserved 557056K
  class space    used 11858K, committed 12352K, reserved 425984K
}
Event: 1188.992 GC heap after
{Heap after GC invocations=70 (full 0):
 garbage-first heap   total 224256K, used 150784K [0x0000000080000000, 0x0000000100000000)
  region size 1024K, 1 young (1024K), 1 survivors (1024K)
 Metaspace       used 85689K, committed 86784K, reserved 557056K
  class space    used 11858K, committed 12352K, reserved 425984K
}
Event: 1210.138 GC heap before
{Heap before GC invocations=71 (full 0):
 garbage-first heap   total 263168K, used 190720K [0x0000000080000000, 0x0000000100000000)
  region size 1024K, 33 young (33792K), 1 survivors (1024K)
 Metaspace       used 86043K, committed 87232K, reserved 557056K
  class space    used 11918K, committed 12416K, reserved 425984K
}
Event: 1210.169 GC heap after
{Heap after GC invocations=72 (full 0):
 garbage-first heap   total 263168K, used 163061K [0x0000000080000000, 0x0000000100000000)
  region size 1024K, 5 young (5120K), 5 survivors (5120K)
 Metaspace       used 86043K, committed 87232K, reserved 557056K
  class space    used 11918K, committed 12416K, reserved 425984K
}
Event: 1214.419 GC heap before
{Heap before GC invocations=72 (full 0):
 garbage-first heap   total 263168K, used 169205K [0x0000000080000000, 0x0000000100000000)
  region size 1024K, 12 young (12288K), 5 survivors (5120K)
 Metaspace       used 86988K, committed 88128K, reserved 557056K
  class space    used 12043K, committed 12544K, reserved 425984K
}
Event: 1214.458 GC heap after
{Heap after GC invocations=73 (full 0):
 garbage-first heap   total 263168K, used 162194K [0x0000000080000000, 0x0000000100000000)
  region size 1024K, 1 young (1024K), 1 survivors (1024K)
 Metaspace       used 86988K, committed 88128K, reserved 557056K
  class space    used 12043K, committed 12544K, reserved 425984K
}
Event: 1253.951 GC heap before
{Heap before GC invocations=73 (full 0):
 garbage-first heap   total 263168K, used 208274K [0x0000000080000000, 0x0000000100000000)
  region size 1024K, 46 young (47104K), 1 survivors (1024K)
 Metaspace       used 88080K, committed 89280K, reserved 557056K
  class space    used 12181K, committed 12672K, reserved 425984K
}
Event: 1254.003 GC heap after
{Heap after GC invocations=74 (full 0):
 garbage-first heap   total 263168K, used 170379K [0x0000000080000000, 0x0000000100000000)
  region size 1024K, 6 young (6144K), 6 survivors (6144K)
 Metaspace       used 88080K, committed 89280K, reserved 557056K
  class space    used 12181K, committed 12672K, reserved 425984K
}
Event: 1277.273 GC heap before
{Heap before GC invocations=74 (full 0):
 garbage-first heap   total 263168K, used 212363K [0x0000000080000000, 0x0000000100000000)
  region size 1024K, 47 young (48128K), 6 survivors (6144K)
 Metaspace       used 90258K, committed 91456K, reserved 557056K
  class space    used 12466K, committed 12992K, reserved 425984K
}
Event: 1277.426 GC heap after
{Heap after GC invocations=75 (full 0):
 garbage-first heap   total 263168K, used 177375K [0x0000000080000000, 0x0000000100000000)
  region size 1024K, 6 young (6144K), 6 survivors (6144K)
 Metaspace       used 90258K, committed 91456K, reserved 557056K
  class space    used 12466K, committed 12992K, reserved 425984K
}
Event: 1281.110 GC heap before
{Heap before GC invocations=75 (full 0):
 garbage-first heap   total 263168K, used 181471K [0x0000000080000000, 0x0000000100000000)
  region size 1024K, 11 young (11264K), 6 survivors (6144K)
 Metaspace       used 90396K, committed 91648K, reserved 557056K
  class space    used 12488K, committed 13056K, reserved 425984K
}
Event: 1281.192 GC heap after
{Heap after GC invocations=76 (full 0):
 garbage-first heap   total 263168K, used 177761K [0x0000000080000000, 0x0000000100000000)
  region size 1024K, 2 young (2048K), 2 survivors (2048K)
 Metaspace       used 90396K, committed 91648K, reserved 557056K
  class space    used 12488K, committed 13056K, reserved 425984K
}
Event: 1315.502 GC heap before
{Heap before GC invocations=77 (full 0):
 garbage-first heap   total 311296K, used 216673K [0x0000000080000000, 0x0000000100000000)
  region size 1024K, 37 young (37888K), 2 survivors (2048K)
 Metaspace       used 90624K, committed 91968K, reserved 557056K
  class space    used 12526K, committed 13120K, reserved 425984K
}
Event: 1315.534 GC heap after
{Heap after GC invocations=78 (full 0):
 garbage-first heap   total 311296K, used 188373K [0x0000000080000000, 0x0000000100000000)
  region size 1024K, 5 young (5120K), 5 survivors (5120K)
 Metaspace       used 90624K, committed 91968K, reserved 557056K
  class space    used 12526K, committed 13120K, reserved 425984K
}
Event: 1336.758 GC heap before
{Heap before GC invocations=78 (full 0):
 garbage-first heap   total 311296K, used 197589K [0x0000000080000000, 0x0000000100000000)
  region size 1024K, 15 young (15360K), 5 survivors (5120K)
 Metaspace       used 90636K, committed 91968K, reserved 557056K
  class space    used 12526K, committed 13120K, reserved 425984K
}
Event: 1336.851 GC heap after
{Heap after GC invocations=79 (full 0):
 garbage-first heap   total 311296K, used 188681K [0x0000000080000000, 0x0000000100000000)
  region size 1024K, 2 young (2048K), 2 survivors (2048K)
 Metaspace       used 90636K, committed 91968K, reserved 557056K
  class space    used 12526K, committed 13120K, reserved 425984K
}

Deoptimization events (20 events):
Event: 1371.335 Thread 0x0000020e7c36e810 Uncommon trap: trap_request=0xfffffff4 fr.pc=0x0000020e4e7b6f34 relative=0x0000000000001994
Event: 1371.336 Thread 0x0000020e7c36e810 Uncommon trap: reason=null_check action=make_not_entrant pc=0x0000020e4e7b6f34 method=org.gradle.internal.instantiation.generator.AbstractClassGenerator.isLazyAttachProperty(Lorg/gradle/internal/instantiation/generator/AbstractClassGenerator$PropertyMetad
Event: 1371.336 Thread 0x0000020e7c36e810 DEOPT PACKING pc=0x0000020e4e7b6f34 sp=0x0000001b36ef9a50
Event: 1371.337 Thread 0x0000020e7c36e810 DEOPT UNPACKING pc=0x0000020e4df523a3 sp=0x0000001b36ef9a80 mode 2
Event: 1372.726 Thread 0x0000020e7c36e810 Uncommon trap: trap_request=0xffffff76 fr.pc=0x0000020e4ec29c2c relative=0x000000000000008c
Event: 1372.726 Thread 0x0000020e7c36e810 Uncommon trap: reason=predicate action=maybe_recompile pc=0x0000020e4ec29c2c method=java.util.TimSort.binarySort([Ljava/lang/Object;IIILjava/util/Comparator;)V @ 34 c2
Event: 1372.726 Thread 0x0000020e7c36e810 DEOPT PACKING pc=0x0000020e4ec29c2c sp=0x0000001b36ef9b50
Event: 1372.726 Thread 0x0000020e7c36e810 DEOPT UNPACKING pc=0x0000020e4df523a3 sp=0x0000001b36ef9b00 mode 2
Event: 1372.787 Thread 0x0000020e7c36e810 Uncommon trap: trap_request=0xffffff45 fr.pc=0x0000020e4e92bd1c relative=0x000000000000007c
Event: 1372.787 Thread 0x0000020e7c36e810 Uncommon trap: reason=unstable_if action=reinterpret pc=0x0000020e4e92bd1c method=org.gradle.internal.logging.slf4j.OutputEventListenerBackedLogger.isLevelAtMost(Lorg/gradle/api/logging/LogLevel;)Z @ 11 c2
Event: 1372.787 Thread 0x0000020e7c36e810 DEOPT PACKING pc=0x0000020e4e92bd1c sp=0x0000001b36efa920
Event: 1372.787 Thread 0x0000020e7c36e810 DEOPT UNPACKING pc=0x0000020e4df523a3 sp=0x0000001b36efa8c0 mode 2
Event: 1372.973 Thread 0x0000020e7c36e810 Uncommon trap: trap_request=0xffffffde fr.pc=0x0000020e4ebcce60 relative=0x0000000000003460
Event: 1372.973 Thread 0x0000020e7c36e810 Uncommon trap: reason=class_check action=maybe_recompile pc=0x0000020e4ebcce60 method=org.gradle.internal.logging.sink.OutputEventTransformer.onOutput(Lorg/gradle/internal/logging/events/OutputEvent;)V @ 328 c2
Event: 1372.973 Thread 0x0000020e7c36e810 DEOPT PACKING pc=0x0000020e4ebcce60 sp=0x0000001b36efa790
Event: 1372.974 Thread 0x0000020e7c36e810 DEOPT UNPACKING pc=0x0000020e4df523a3 sp=0x0000001b36efa768 mode 2
Event: 1372.998 Thread 0x0000020e7c36e810 Uncommon trap: trap_request=0xffffffde fr.pc=0x0000020e4ebcce60 relative=0x0000000000003460
Event: 1372.999 Thread 0x0000020e7c36e810 Uncommon trap: reason=class_check action=maybe_recompile pc=0x0000020e4ebcce60 method=org.gradle.internal.logging.sink.OutputEventTransformer.onOutput(Lorg/gradle/internal/logging/events/OutputEvent;)V @ 328 c2
Event: 1372.999 Thread 0x0000020e7c36e810 DEOPT PACKING pc=0x0000020e4ebcce60 sp=0x0000001b36efa790
Event: 1372.999 Thread 0x0000020e7c36e810 DEOPT UNPACKING pc=0x0000020e4df523a3 sp=0x0000001b36efa768 mode 2

Classes unloaded (0 events):
No events

Classes redefined (0 events):
No events

Internal exceptions (20 events):
Event: 1282.627 Thread 0x0000020e7c36e810 Exception <a 'java/lang/ClassNotFoundException'{0x000000008fec6400}: build_7nd6tp7wqglzdmzu31ietkl2w$_run_closure1BeanInfo> (0x000000008fec6400) 
thrown [s\open\src\hotspot\share\classfile\systemDictionary.cpp, line 256]
Event: 1282.629 Thread 0x0000020e7c36e810 Exception <a 'java/lang/ClassNotFoundException'{0x000000008fed18d8}: build_7nd6tp7wqglzdmzu31ietkl2w$_run_closure1Customizer> (0x000000008fed18d8) 
thrown [s\open\src\hotspot\share\classfile\systemDictionary.cpp, line 256]
Event: 1283.066 Thread 0x0000020e7c36e810 Exception <a 'java/lang/NoClassDefFoundError'{0x0000000092f18a30}: org/jetbrains/kotlin/gradle/plugin/KotlinBasePluginWrapper> (0x0000000092f18a30) 
thrown [s\open\src\hotspot\share\oops\constantPool.cpp, line 835]
Event: 1294.422 Thread 0x0000020e7c36e810 Exception <a 'java/lang/ClassNotFoundException'{0x0000000092eb3920}: build_9x3srk19llr63uiurt9rqtztsBeanInfo> (0x0000000092eb3920) 
thrown [s\open\src\hotspot\share\classfile\systemDictionary.cpp, line 256]
Event: 1294.438 Thread 0x0000020e7c36e810 Exception <a 'java/lang/ClassNotFoundException'{0x0000000092d1ae80}: build_9x3srk19llr63uiurt9rqtztsCustomizer> (0x0000000092d1ae80) 
thrown [s\open\src\hotspot\share\classfile\systemDictionary.cpp, line 256]
Event: 1310.655 Thread 0x0000020e7c36e810 Exception <a 'java/lang/ClassNotFoundException'{0x0000000091c50f48}: build_9x3srk19llr63uiurt9rqtztsBeanInfo> (0x0000000091c50f48) 
thrown [s\open\src\hotspot\share\classfile\systemDictionary.cpp, line 256]
Event: 1310.656 Thread 0x0000020e7c36e810 Exception <a 'java/lang/ClassNotFoundException'{0x0000000091c57720}: build_9x3srk19llr63uiurt9rqtztsCustomizer> (0x0000000091c57720) 
thrown [s\open\src\hotspot\share\classfile\systemDictionary.cpp, line 256]
Event: 1312.564 Thread 0x0000020e7c36e810 Exception <a 'java/lang/ClassNotFoundException'{0x000000009161abc8}: build_9x3srk19llr63uiurt9rqtzts$_run_closure1BeanInfo> (0x000000009161abc8) 
thrown [s\open\src\hotspot\share\classfile\systemDictionary.cpp, line 256]
Event: 1312.566 Thread 0x0000020e7c36e810 Exception <a 'java/lang/ClassNotFoundException'{0x0000000091626560}: build_9x3srk19llr63uiurt9rqtzts$_run_closure1Customizer> (0x0000000091626560) 
thrown [s\open\src\hotspot\share\classfile\systemDictionary.cpp, line 256]
Event: 1313.086 Thread 0x0000020e7c36e810 Exception <a 'java/lang/NoClassDefFoundError'{0x0000000091459da0}: org/jetbrains/kotlin/gradle/plugin/KotlinBasePluginWrapper> (0x0000000091459da0) 
thrown [s\open\src\hotspot\share\oops\constantPool.cpp, line 835]
Event: 1313.862 Thread 0x0000020e7c36e810 Exception <a 'java/lang/ClassNotFoundException'{0x0000000091386558}: build_32noyfxtklhv6je9v8q96gwg5BeanInfo> (0x0000000091386558) 
thrown [s\open\src\hotspot\share\classfile\systemDictionary.cpp, line 256]
Event: 1313.863 Thread 0x0000020e7c36e810 Exception <a 'java/lang/ClassNotFoundException'{0x000000009138cd90}: build_32noyfxtklhv6je9v8q96gwg5Customizer> (0x000000009138cd90) 
thrown [s\open\src\hotspot\share\classfile\systemDictionary.cpp, line 256]
Event: 1346.698 Thread 0x0000020e7c36e810 Exception <a 'java/lang/ClassNotFoundException'{0x0000000092c0ec00}: build_32noyfxtklhv6je9v8q96gwg5BeanInfo> (0x0000000092c0ec00) 
thrown [s\open\src\hotspot\share\classfile\systemDictionary.cpp, line 256]
Event: 1346.699 Thread 0x0000020e7c36e810 Exception <a 'java/lang/ClassNotFoundException'{0x0000000092c153d8}: build_32noyfxtklhv6je9v8q96gwg5Customizer> (0x0000000092c153d8) 
thrown [s\open\src\hotspot\share\classfile\systemDictionary.cpp, line 256]
Event: 1348.385 Thread 0x0000020e7c36e810 Exception <a 'java/lang/ClassNotFoundException'{0x0000000092975710}: build_32noyfxtklhv6je9v8q96gwg5$_run_closure2BeanInfo> (0x0000000092975710) 
thrown [s\open\src\hotspot\share\classfile\systemDictionary.cpp, line 256]
Event: 1348.389 Thread 0x0000020e7c36e810 Exception <a 'java/lang/ClassNotFoundException'{0x0000000092980970}: build_32noyfxtklhv6je9v8q96gwg5$_run_closure2Customizer> (0x0000000092980970) 
thrown [s\open\src\hotspot\share\classfile\systemDictionary.cpp, line 256]
Event: 1348.538 Thread 0x0000020e7c36e810 Exception <a 'java/lang/ClassNotFoundException'{0x00000000929bc338}: build_32noyfxtklhv6je9v8q96gwg5$_run_closure2$_closure5BeanInfo> (0x00000000929bc338) 
thrown [s\open\src\hotspot\share\classfile\systemDictionary.cpp, line 256]
Event: 1348.542 Thread 0x0000020e7c36e810 Exception <a 'java/lang/ClassNotFoundException'{0x00000000929c80d8}: build_32noyfxtklhv6je9v8q96gwg5$_run_closure2$_closure5Customizer> (0x00000000929c80d8) 
thrown [s\open\src\hotspot\share\classfile\systemDictionary.cpp, line 256]
Event: 1348.930 Thread 0x0000020e7c36e810 Exception <a 'java/lang/NoClassDefFoundError'{0x00000000927cc538}: org/jetbrains/kotlin/gradle/plugin/KotlinBasePluginWrapper> (0x00000000927cc538) 
thrown [s\open\src\hotspot\share\oops\constantPool.cpp, line 835]
Event: 1371.335 Thread 0x0000020e7c36e810 Implicit null exception at 0x0000020e4e7b5620 to 0x0000020e4e7b6f20

VM Operations (20 events):
Event: 1361.559 Executing VM operation: Cleanup
Event: 1361.685 Executing VM operation: Cleanup done
Event: 1362.700 Executing VM operation: Cleanup
Event: 1363.031 Executing VM operation: Cleanup done
Event: 1364.041 Executing VM operation: Cleanup
Event: 1364.165 Executing VM operation: Cleanup done
Event: 1365.177 Executing VM operation: Cleanup
Event: 1366.022 Executing VM operation: Cleanup done
Event: 1367.026 Executing VM operation: Cleanup
Event: 1367.668 Executing VM operation: Cleanup done
Event: 1367.682 Executing VM operation: HandshakeAllThreads
Event: 1367.686 Executing VM operation: HandshakeAllThreads done
Event: 1368.701 Executing VM operation: Cleanup
Event: 1368.748 Executing VM operation: Cleanup done
Event: 1369.752 Executing VM operation: Cleanup
Event: 1370.010 Executing VM operation: Cleanup done
Event: 1371.012 Executing VM operation: Cleanup
Event: 1371.012 Executing VM operation: Cleanup done
Event: 1373.024 Executing VM operation: Cleanup
Event: 1373.043 Executing VM operation: Cleanup done

Events (20 events):
Event: 1194.625 loading class java/io/OutputStreamBeanInfo done
Event: 1194.625 loading class java/io/OutputStreamCustomizer
Event: 1194.625 loading class java/io/OutputStreamCustomizer done
Event: 1194.626 loading class java/io/OutputStreamCustomizer
Event: 1194.626 loading class java/io/OutputStreamCustomizer done
Event: 1194.627 loading class java/io/FilterOutputStreamCustomizer
Event: 1194.627 loading class java/io/FilterOutputStreamCustomizer done
Event: 1194.628 loading class java/io/FilterOutputStreamCustomizer
Event: 1194.628 loading class java/io/FilterOutputStreamCustomizer done
Event: 1194.629 loading class java/io/PrintStreamCustomizer
Event: 1194.629 loading class java/io/PrintStreamCustomizer done
Event: 1194.630 loading class java/io/PrintStreamCustomizer
Event: 1194.630 loading class java/io/PrintStreamCustomizer done
Event: 1355.143 loading class java/util/AbstractList$ListItr
Event: 1355.145 loading class java/util/AbstractList$ListItr done
Event: 1359.652 Thread 0x0000020e00da1620 Thread added: 0x0000020e00da1620
Event: 1360.018 Thread 0x0000020e00da1620 Thread exited: 0x0000020e00da1620
Event: 1367.849 Thread 0x0000020e5cae4760 flushing nmethod 0x0000020e46d2ae90
Event: 1367.849 Thread 0x0000020e5cae4760 flushing nmethod 0x0000020e46d2ba10
Event: 1367.885 Thread 0x0000020e5cae4760 flushing nmethod 0x0000020e46f94f10


Dynamic libraries:
0x00007ff77fe90000 - 0x00007ff77fea0000 	C:\Program Files\Java\jdk-17\bin\java.exe
0x00007ff98b3b0000 - 0x00007ff98b5a8000 	C:\Windows\SYSTEM32\ntdll.dll
0x00007ff98ac80000 - 0x00007ff98ad3d000 	C:\Windows\System32\KERNEL32.DLL
0x00007ff988c50000 - 0x00007ff988f46000 	C:\Windows\System32\KERNELBASE.dll
0x00007ff988f50000 - 0x00007ff989050000 	C:\Windows\System32\ucrtbase.dll
0x00007ff982660000 - 0x00007ff982679000 	C:\Program Files\Java\jdk-17\bin\jli.dll
0x00007ff98a610000 - 0x00007ff98a6c0000 	C:\Windows\System32\ADVAPI32.dll
0x00007ff989520000 - 0x00007ff9895be000 	C:\Windows\System32\msvcrt.dll
0x00007ff98a1f0000 - 0x00007ff98a290000 	C:\Windows\System32\sechost.dll
0x00007ff9895c0000 - 0x00007ff9896e3000 	C:\Windows\System32\RPCRT4.dll
0x00007ff988a60000 - 0x00007ff988a87000 	C:\Windows\System32\bcrypt.dll
0x00007ff98a330000 - 0x00007ff98a4cf000 	C:\Windows\System32\USER32.dll
0x00007ff988ae0000 - 0x00007ff988b02000 	C:\Windows\System32\win32u.dll
0x00007ff98a2f0000 - 0x00007ff98a31b000 	C:\Windows\System32\GDI32.dll
0x00007ff989050000 - 0x00007ff989167000 	C:\Windows\System32\gdi32full.dll
0x00007ff989170000 - 0x00007ff98920d000 	C:\Windows\System32\msvcp_win.dll
0x00007ff9825a0000 - 0x00007ff9825bb000 	C:\Program Files\Java\jdk-17\bin\VCRUNTIME140.dll
0x00007ff97a370000 - 0x00007ff97a60a000 	C:\Windows\WinSxS\amd64_microsoft.windows.common-controls_6595b64144ccf1df_6.0.19041.3636_none_60b6a03d71f818d5\COMCTL32.dll
0x00007ff97e860000 - 0x00007ff97e86a000 	C:\Windows\SYSTEM32\VERSION.dll
0x00007ff989e60000 - 0x00007ff989e92000 	C:\Windows\System32\IMM32.DLL
0x00007ff982850000 - 0x00007ff98285c000 	C:\Program Files\Java\jdk-17\bin\vcruntime140_1.dll
0x00007ff95fdd0000 - 0x00007ff95fe5e000 	C:\Program Files\Java\jdk-17\bin\msvcp140.dll
0x00007ff950610000 - 0x00007ff9511ef000 	C:\Program Files\Java\jdk-17\bin\server\jvm.dll
0x00007ff98a770000 - 0x00007ff98a778000 	C:\Windows\System32\PSAPI.DLL
0x00007ff96f410000 - 0x00007ff96f419000 	C:\Windows\SYSTEM32\WSOCK32.dll
0x00007ff98abf0000 - 0x00007ff98ac5b000 	C:\Windows\System32\WS2_32.dll
0x00007ff96f290000 - 0x00007ff96f2b7000 	C:\Windows\SYSTEM32\WINMM.dll
0x00007ff987280000 - 0x00007ff987292000 	C:\Windows\SYSTEM32\kernel.appcore.dll
0x00007ff982700000 - 0x00007ff98270a000 	C:\Program Files\Java\jdk-17\bin\jimage.dll
0x00007ff987070000 - 0x00007ff987254000 	C:\Windows\SYSTEM32\DBGHELP.DLL
0x00007ff97ade0000 - 0x00007ff97ae14000 	C:\Windows\SYSTEM32\dbgcore.DLL
0x00007ff988b10000 - 0x00007ff988b92000 	C:\Windows\System32\bcryptPrimitives.dll
0x00007ff95fcf0000 - 0x00007ff95fd15000 	C:\Program Files\Java\jdk-17\bin\java.dll
0x00007ff959510000 - 0x00007ff9595e7000 	C:\Program Files\Java\jdk-17\bin\jsvml.dll
0x00007ff9896f0000 - 0x00007ff989e5b000 	C:\Windows\System32\SHELL32.dll
0x00007ff986800000 - 0x00007ff986f9e000 	C:\Windows\SYSTEM32\windows.storage.dll
0x00007ff98ad40000 - 0x00007ff98b093000 	C:\Windows\System32\combase.dll
0x00007ff988490000 - 0x00007ff9884be000 	C:\Windows\SYSTEM32\Wldp.dll
0x00007ff9893f0000 - 0x00007ff9894bd000 	C:\Windows\System32\OLEAUT32.dll
0x00007ff98a560000 - 0x00007ff98a60d000 	C:\Windows\System32\SHCORE.dll
0x00007ff989ea0000 - 0x00007ff989ef5000 	C:\Windows\System32\shlwapi.dll
0x00007ff988990000 - 0x00007ff9889b3000 	C:\Windows\SYSTEM32\profapi.dll
0x00007ff982300000 - 0x00007ff982319000 	C:\Program Files\Java\jdk-17\bin\net.dll
0x00007ff97a9c0000 - 0x00007ff97aaca000 	C:\Windows\SYSTEM32\WINHTTP.dll
0x00007ff9881f0000 - 0x00007ff98825a000 	C:\Windows\system32\mswsock.dll
0x00007ff979b70000 - 0x00007ff979b86000 	C:\Program Files\Java\jdk-17\bin\nio.dll
0x00007ff9691d0000 - 0x00007ff9691e8000 	C:\Program Files\Java\jdk-17\bin\zip.dll
0x00007ff97a8e0000 - 0x00007ff97a8f0000 	C:\Program Files\Java\jdk-17\bin\verify.dll
0x00007ff9828d0000 - 0x00007ff9828f7000 	C:\Users\Admin\.gradle\native\68d5fa5c4cc2d200863cafc0d521ce42e7d3e7ee720ec0a83991735586a16f82\windows-amd64\native-platform.dll
0x00007ff95c3a0000 - 0x00007ff95c4e4000 	C:\Users\Admin\.gradle\native\e376f236ea51e6404a007f0833ffe2c6e607c4080706a723a18a27aeea778392\windows-amd64\native-platform-file-events.dll
0x00007ff982750000 - 0x00007ff98275a000 	C:\Program Files\Java\jdk-17\bin\management.dll
0x00007ff982740000 - 0x00007ff98274b000 	C:\Program Files\Java\jdk-17\bin\management_ext.dll
0x00007ff9883e0000 - 0x00007ff9883f8000 	C:\Windows\SYSTEM32\CRYPTSP.dll
0x00007ff987aa0000 - 0x00007ff987ad4000 	C:\Windows\system32\rsaenh.dll
0x00007ff988910000 - 0x00007ff98893e000 	C:\Windows\SYSTEM32\USERENV.dll
0x00007ff988400000 - 0x00007ff98840c000 	C:\Windows\SYSTEM32\CRYPTBASE.dll
0x00007ff987e80000 - 0x00007ff987ebb000 	C:\Windows\SYSTEM32\IPHLPAPI.DLL
0x00007ff9893e0000 - 0x00007ff9893e8000 	C:\Windows\System32\NSI.dll
0x00007ff97fad0000 - 0x00007ff97fae7000 	C:\Windows\SYSTEM32\dhcpcsvc6.DLL
0x00007ff97fd50000 - 0x00007ff97fd6d000 	C:\Windows\SYSTEM32\dhcpcsvc.DLL
0x00007ff987ed0000 - 0x00007ff987f9b000 	C:\Windows\SYSTEM32\DNSAPI.dll
0x00007ff982730000 - 0x00007ff98273e000 	C:\Program Files\Java\jdk-17\bin\sunmscapi.dll
0x00007ff989210000 - 0x00007ff98936e000 	C:\Windows\System32\CRYPT32.dll
0x00007ff988500000 - 0x00007ff988528000 	C:\Windows\SYSTEM32\ncrypt.dll
0x00007ff9884c0000 - 0x00007ff9884fb000 	C:\Windows\SYSTEM32\NTASN1.dll
0x00007ff977c50000 - 0x00007ff977c57000 	C:\Windows\system32\wshunix.dll

dbghelp: loaded successfully - version: 4.0.5 - missing functions: none
symbol engine: initialized successfully - sym options: 0x614 - pdb path: .;C:\Program Files\Java\jdk-17\bin;C:\Windows\SYSTEM32;C:\Windows\WinSxS\amd64_microsoft.windows.common-controls_6595b64144ccf1df_6.0.19041.3636_none_60b6a03d71f818d5;C:\Program Files\Java\jdk-17\bin\server;C:\Users\Admin\.gradle\native\68d5fa5c4cc2d200863cafc0d521ce42e7d3e7ee720ec0a83991735586a16f82\windows-amd64;C:\Users\Admin\.gradle\native\e376f236ea51e6404a007f0833ffe2c6e607c4080706a723a18a27aeea778392\windows-amd64

VM Arguments:
jvm_args: -XX:MaxMetaspaceSize=512m --add-opens=java.base/java.util=ALL-UNNAMED --add-opens=java.base/java.lang=ALL-UNNAMED --add-opens=java.base/java.lang.invoke=ALL-UNNAMED --add-opens=java.prefs/java.util.prefs=ALL-UNNAMED --add-opens=java.base/java.nio.charset=ALL-UNNAMED --add-opens=java.base/java.net=ALL-UNNAMED --add-opens=java.base/java.util.concurrent.atomic=ALL-UNNAMED -Xmx2048m -Dfile.encoding=windows-1252 -Duser.country=US -Duser.language=en -Duser.variant 
java_command: org.gradle.launcher.daemon.bootstrap.GradleDaemon 8.0.1
java_class_path (initial): C:\Users\Admin\.gradle\wrapper\dists\gradle-8.0.1-all\aro4hu1c3oeioove7l0i4i14o\gradle-8.0.1\lib\gradle-launcher-8.0.1.jar
Launcher Type: SUN_STANDARD

[Global flags]
     intx CICompilerCount                          = 3                                         {product} {ergonomic}
   size_t CompressedClassSpaceSize                 = 436207616                                 {product} {ergonomic}
     uint ConcGCThreads                            = 1                                         {product} {ergonomic}
     uint G1ConcRefinementThreads                  = 4                                         {product} {ergonomic}
   size_t G1HeapRegionSize                         = 1048576                                   {product} {ergonomic}
    uintx GCDrainStackTargetSize                   = 64                                        {product} {ergonomic}
   size_t InitialHeapSize                          = 134217728                                 {product} {ergonomic}
   size_t MarkStackSize                            = 4194304                                   {product} {ergonomic}
   size_t MaxHeapSize                              = 2147483648                                {product} {command line}
   size_t MaxMetaspaceSize                         = 536870912                                 {product} {command line}
   size_t MaxNewSize                               = 1287651328                                {product} {ergonomic}
   size_t MinHeapDeltaBytes                        = 1048576                                   {product} {ergonomic}
   size_t MinHeapSize                              = 8388608                                   {product} {ergonomic}
    uintx NonNMethodCodeHeapSize                   = 5832780                                {pd product} {ergonomic}
    uintx NonProfiledCodeHeapSize                  = 122912730                              {pd product} {ergonomic}
    uintx ProfiledCodeHeapSize                     = 122912730                              {pd product} {ergonomic}
    uintx ReservedCodeCacheSize                    = 251658240                              {pd product} {ergonomic}
     bool SegmentedCodeCache                       = true                                      {product} {ergonomic}
   size_t SoftMaxHeapSize                          = 2147483648                             {manageable} {ergonomic}
     bool UseCompressedClassPointers               = true                           {product lp64_product} {ergonomic}
     bool UseCompressedOops                        = true                           {product lp64_product} {ergonomic}
     bool UseG1GC                                  = true                                      {product} {ergonomic}
     bool UseLargePagesIndividualAllocation        = false                                  {pd product} {ergonomic}

Logging:
Log output configuration:
 #0: stdout all=warning uptime,level,tags
 #1: stderr all=off uptime,level,tags

Environment Variables:
JAVA_HOME=C:\Program Files\Java\jdk-17
CLASSPATH=D:\pilotapp-main\android\\gradle\wrapper\gradle-wrapper.jar
PATH=D:\pilotapp-main\node_modules\.bin;D:\pilotapp-main\node_modules\.bin;D:\node_modules\.bin;C:\Program Files\nodejs\node_modules\npm\node_modules\@npmcli\run-script\lib\node-gyp-bin;D:\pilotapp-main\node_modules\.bin;D:\node_modules\.bin;C:\Program Files\nodejs\node_modules\npm\node_modules\@npmcli\run-script\lib\node-gyp-bin;C:\Program Files\Common Files\Oracle\Java\javapath;%LOCALAPPDATA%\Android\Sdk\platform-tools;C:\Windows\system32;C:\Windows;C:\Windows\System32\Wbem;C:\Windows\System32\WindowsPowerShell\v1.0\;C:\Windows\System32\OpenSSH\;C:\Program Files\nodejs\;C:\Program Files\Java\jdk-17;C:\Users\Admin\AppData\Local\Android\Sdk;C:\Program Files (x86)\Microsoft SQL Server\160\DTS\Binn\;C:\Program Files\Azure Data Studio\bin;C:\Program Files\gradle-8.2.1-bin\gradle-8.2.1\bin;c:\Program Files (x86)\Intel\Intel(R) Management Engine Components\DAL;c:\Program Files\Intel\Intel(R) Management Engine Components\DAL;C:\Program Files\Git\cmd;C:\Program Files (x86)\Windows Kits\10\Windows Performance Toolkit\;C:\Users\Admin\AppData\Local\Programs\Python\Python313\Scripts\;C:\Users\Admin\AppData\Local\Programs\Python\Python313\;C:\Users\Admin\AppData\Local\Programs\Python\Launcher\;C:\Program Files\MySQL\MySQL Shell 8.0\bin\;C:\Users\Admin\.console-ninja\.bin;C:\Users\Admin\AppData\Local\jdk-11.0.2\bin;C:\Users\Admin\AppData\Local\jdk-11.0.2\bin;C:\Users\Admin\AppData\Local\Microsoft\WindowsApps;C:\Users\Admin\AppData\Local\Programs\Microsoft VS Code\bin;C:\Users\Admin\AppData\Roaming\npm;C:\Users\Admin\AppData\Local\Android\Sdk\platform-tools
USERNAME=Admin
LANG=en_US.UTF-8
OS=Windows_NT
PROCESSOR_IDENTIFIER=Intel64 Family 6 Model 142 Stepping 9, GenuineIntel



---------------  S Y S T E M  ---------------

OS:
 Windows 10 , 64 bit Build 19041 (10.0.19041.3636)
OS uptime: 4 days 2:05 hours

CPU: total 4 (initial active 4) (2 cores per cpu, 2 threads per core) family 6 model 142 stepping 9 microcode 0xea, cx8, cmov, fxsr, ht, mmx, 3dnowpref, sse, sse2, sse3, ssse3, sse4.1, sse4.2, popcnt, lzcnt, tsc, tscinvbit, avx, avx2, aes, erms, clmul, bmi1, bmi2, rtm, adx, fma, vzeroupper, clflush, clflushopt

Memory: 4k page, system-wide physical 8067M (363M free)
TotalPageFile size 24874M (AvailPageFile size 5M)
current process WorkingSet (physical memory assigned to process): 232M, peak: 352M
current process commit charge ("private bytes"): 619M, peak: 640M

vm_info: Java HotSpot(TM) 64-Bit Server VM (17.0.10+11-LTS-240) for windows-amd64 JRE (17.0.10+11-LTS-240), built on Dec 19 2023 21:47:25 by "mach5one" with MS VC++ 17.1 (VS2022)

END.
